    5.7660   0.6706  40.0000   0.1892   1.8093  0.30063E+02  0.30054E+02  0.87351E-02  0.00000E+00  0.51101E+02  0.17601E+00  0.77806E+01  0.43144E+02  0.10036E+01
    5.7660   0.6806  40.0000   0.1924   1.8362  0.29719E+02  0.29711E+02  0.84095E-02  0.00000E+00  0.49989E+02  0.15457E+00  0.74409E+01  0.42394E+02  0.10036E+01
    5.7660   0.6906  40.0000   0.1956   1.8632  0.29378E+02  0.29370E+02  0.80874E-02  0.00000E+00  0.48897E+02  0.13548E+00  0.71164E+01  0.41646E+02  0.10036E+01
    5.7660   0.7006  40.0000   0.1989   1.8902  0.29039E+02  0.29031E+02  0.77691E-02  0.00000E+00  0.47827E+02  0.11853E+00  0.68069E+01  0.40901E+02  0.10036E+01
    5.7660   0.7106  40.0000   0.2021   1.9172  0.28701E+02  0.28694E+02  0.74547E-02  0.00000E+00  0.46777E+02  0.10351E+00  0.65113E+01  0.40162E+02  0.10036E+01
    5.7660   0.7206  40.0000   0.2053   1.9442  0.28366E+02  0.28358E+02  0.71444E-02  0.00000E+00  0.45745E+02  0.90213E-01  0.62290E+01  0.39426E+02  0.10037E+01
    5.7660   0.7306  40.0000   0.2086   1.9711  0.28032E+02  0.28025E+02  0.68385E-02  0.00000E+00  0.44736E+02  0.78473E-01  0.59593E+01  0.38698E+02  0.10037E+01
    5.7660   0.7406  40.0000   0.2119   1.9981  0.27700E+02  0.27693E+02  0.65371E-02  0.00000E+00  0.43750E+02  0.68129E-01  0.57017E+01  0.37980E+02  0.10037E+01
    5.7660   0.7506  40.0000   0.2152   2.0251  0.27370E+02  0.27363E+02  0.62404E-02  0.00000E+00  0.42791E+02  0.59036E-01  0.54556E+01  0.37276E+02  0.10037E+01
    5.7660   0.7606  40.0000   0.2185   2.0521  0.27041E+02  0.27035E+02  0.59486E-02  0.00000E+00  0.41856E+02  0.51059E-01  0.52203E+01  0.36584E+02  0.10037E+01
    5.7660   0.7706  40.0000   0.2218   2.0791  0.26714E+02  0.26709E+02  0.56617E-02  0.00000E+00  0.40945E+02  0.44077E-01  0.49954E+01  0.35906E+02  0.10038E+01
    5.7660   0.7806  40.0000   0.2251   2.1060  0.26389E+02  0.26384E+02  0.53800E-02  0.00000E+00  0.40057E+02  0.37982E-01  0.47804E+01  0.35238E+02  0.10038E+01
    5.7660   0.7906  40.0000   0.2285   2.1330  0.26066E+02  0.26061E+02  0.51035E-02  0.00000E+00  0.39190E+02  0.32671E-01  0.45749E+01  0.34583E+02  0.10038E+01
    5.7660   0.8006  40.0000   0.2318   2.1600  0.25744E+02  0.25739E+02  0.48324E-02  0.00000E+00  0.38346E+02  0.28054E-01  0.43783E+01  0.33940E+02  0.10038E+01
    5.7660   0.8106  40.0000   0.2352   2.1870  0.25423E+02  0.25419E+02  0.45668E-02  0.00000E+00  0.37521E+02  0.24050E-01  0.41903E+01  0.33307E+02  0.10039E+01
    5.7660   0.8206  40.0000   0.2386   2.2140  0.25104E+02  0.25100E+02  0.43068E-02  0.00000E+00  0.36716E+02  0.20584E-01  0.40105E+01  0.32685E+02  0.10039E+01
    5.7660   0.8306  40.0000   0.2420   2.2409  0.24787E+02  0.24783E+02  0.40524E-02  0.00000E+00  0.35929E+02  0.17592E-01  0.38385E+01  0.32073E+02  0.10039E+01
    5.7660   0.8406  40.0000   0.2454   2.2679  0.24471E+02  0.24467E+02  0.38039E-02  0.00000E+00  0.35161E+02  0.15013E-01  0.36739E+01  0.31472E+02  0.10039E+01
    5.7660   0.8506  40.0000   0.2488   2.2949  0.24156E+02  0.24153E+02  0.35611E-02  0.00000E+00  0.34411E+02  0.12796E-01  0.35164E+01  0.30882E+02  0.10040E+01
    5.7660   0.8606  40.0000   0.2522   2.3219  0.23843E+02  0.23840E+02  0.33244E-02  0.00000E+00  0.33678E+02  0.10894E-01  0.33658E+01  0.30301E+02  0.10040E+01
    5.7660   0.8706  40.0000   0.2557   2.3489  0.23532E+02  0.23529E+02  0.30936E-02  0.00000E+00  0.32960E+02  0.92649E-02  0.32217E+01  0.29729E+02  0.10040E+01
    5.7660   0.8806  40.0000   0.2592   2.3758  0.23221E+02  0.23218E+02  0.28689E-02  0.00000E+00  0.32258E+02  0.78726E-02  0.30837E+01  0.29167E+02  0.10041E+01
    5.7660   0.8906  40.0000   0.2626   2.4028  0.22912E+02  0.22910E+02  0.26503E-02  0.00000E+00  0.31574E+02  0.66848E-02  0.29516E+01  0.28615E+02  0.10041E+01
    5.7660   0.9006  40.0000   0.2661   2.4298  0.22605E+02  0.22602E+02  0.24379E-02  0.00000E+00  0.30904E+02  0.56733E-02  0.28253E+01  0.28073E+02  0.10041E+01
    5.7660   0.9106  40.0000   0.2696   2.4568  0.22299E+02  0.22296E+02  0.22318E-02  0.00000E+00  0.30248E+02  0.48134E-02  0.27043E+01  0.27538E+02  0.10042E+01
    5.7660   0.9206  40.0000   0.2732   2.4838  0.21994E+02  0.21992E+02  0.20320E-02  0.00000E+00  0.29606E+02  0.40834E-02  0.25885E+01  0.27013E+02  0.10042E+01
    5.7660   0.9306  40.0000   0.2767   2.5107  0.21690E+02  0.21688E+02  0.18385E-02  0.00000E+00  0.28977E+02  0.34647E-02  0.24777E+01  0.26495E+02  0.10042E+01
    5.7660   0.9406  40.0000   0.2803   2.5377  0.21388E+02  0.21386E+02  0.16514E-02  0.00000E+00  0.28361E+02  0.29410E-02  0.23717E+01  0.25987E+02  0.10043E+01
    5.7660   0.9506  40.0000   0.2838   2.5647  0.21087E+02  0.21086E+02  0.14708E-02  0.00000E+00  0.27759E+02  0.24984E-02  0.22701E+01  0.25487E+02  0.10043E+01
    5.7660   0.9606  40.0000   0.2874   2.5917  0.20788E+02  0.20787E+02  0.12967E-02  0.00000E+00  0.27169E+02  0.21248E-02  0.21729E+01  0.24994E+02  0.10044E+01
    5.7660   0.9706  40.0000   0.2910   2.6187  0.20490E+02  0.20489E+02  0.11291E-02  0.00000E+00  0.26591E+02  0.18099E-02  0.20797E+01  0.24510E+02  0.10044E+01
    5.7660   0.9806  40.0000   0.2946   2.6456  0.20193E+02  0.20192E+02  0.96802E-03  0.00000E+00  0.26025E+02  0.15448E-02  0.19906E+01  0.24033E+02  0.10044E+01
    5.7660   0.9906  40.0000   0.2982   2.6726  0.19898E+02  0.19897E+02  0.81356E-03  0.00000E+00  0.25470E+02  0.13217E-02  0.19052E+01  0.23564E+02  0.10045E+01
    5.7660   1.0006  40.0000   0.3019   2.6996  0.19604E+02  0.19604E+02  0.66575E-03  0.00000E+00  0.24912E+02  0.11344E-02  0.18236E+01  0.23088E+02  0.10045E+01
    5.7660   1.0106  40.0000   0.3055   2.7266  0.19312E+02  0.19311E+02  0.52459E-03  0.00000E+00  0.24394E+02  0.97721E-03  0.17454E+01  0.22648E+02  0.10046E+01
    5.7660   1.0206  40.0000   0.3092   2.7536  0.19021E+02  0.19020E+02  0.39014E-03  0.00000E+00  0.23872E+02  0.84542E-03  0.16705E+01  0.22201E+02  0.10046E+01
    5.7660   1.0306  40.0000   0.3129   2.7805  0.18731E+02  0.18731E+02  0.26241E-03  0.00000E+00  0.23362E+02  0.73500E-03  0.15988E+01  0.21762E+02  0.10046E+01
    5.7660   1.0406  40.0000   0.3166   2.8075  0.18445E+02  0.18445E+02  0.14144E-03  0.00000E+00  0.22862E+02  0.64253E-03  0.15301E+01  0.21331E+02  0.10046E+01
    5.7660   1.0506  40.0000   0.3203   2.8345  0.18170E+02  0.18170E+02  0.27248E-04  0.00000E+00  0.22379E+02  0.56512E-03  0.14644E+01  0.20914E+02  0.10046E+01
    5.7660   1.0606  40.0000   0.3241   2.8615  0.17896E+02  0.17896E+02 -0.24103E-04  0.00000E+00  0.21909E+02  0.50029E-03  0.14056E+01  0.20503E+02  0.10046E+01
    5.7660   1.0706  40.0000   0.3278   2.8885  0.17624E+02  0.17624E+02 -0.54836E-04  0.00000E+00  0.21440E+02  0.44596E-03  0.13413E+01  0.20098E+02  0.10046E+01
    5.7660   1.0806  40.0000   0.3316   2.9154  0.17352E+02  0.17353E+02 -0.84015E-04  0.00000E+00  0.20983E+02  0.40035E-03  0.12836E+01  0.19699E+02  0.10047E+01
    5.7660   1.0906  40.0000   0.3354   2.9424  0.17082E+02  0.17082E+02 -0.11157E-03  0.00000E+00  0.20535E+02  0.36196E-03  0.12285E+01  0.19306E+02  0.10047E+01
    5.7660   1.1006  40.0000   0.3392   2.9694  0.16813E+02  0.16813E+02 -0.13744E-03  0.00000E+00  0.20094E+02  0.32952E-03  0.11756E+01  0.18918E+02  0.10048E+01
    5.7660   1.1106  40.0000   0.3430   2.9964  0.16546E+02  0.16546E+02 -0.16155E-03  0.00000E+00  0.19662E+02  0.30201E-03  0.11250E+01  0.18537E+02  0.10048E+01
    5.7660   1.1206  40.0000   0.3468   3.0234  0.16279E+02  0.16279E+02 -0.18384E-03  0.00000E+00  0.19237E+02  0.27851E-03  0.10766E+01  0.18161E+02  0.10049E+01
    5.7660   1.1306  40.0000   0.3507   3.0503  0.16014E+02  0.16015E+02 -0.20423E-03  0.00000E+00  0.18821E+02  0.25828E-03  0.10303E+01  0.17790E+02  0.10049E+01
    5.7660   1.1406  40.0000   0.3545   3.0773  0.15751E+02  0.15751E+02 -0.22268E-03  0.00000E+00  0.18405E+02  0.24073E-03  0.98595E+00  0.17418E+02  0.10050E+01
    5.7660   1.1506  40.0000   0.3584   3.1043  0.15489E+02  0.15489E+02 -0.23909E-03  0.00000E+00  0.18010E+02  0.22519E-03  0.94348E+00  0.17066E+02  0.10050E+01
    5.7660   1.1606  40.0000   0.3623   3.1313  0.15228E+02  0.15229E+02 -0.25342E-03  0.00000E+00  0.17615E+02  0.21148E-03  0.90283E+00  0.16712E+02  0.10051E+01
    5.7660   1.1706  40.0000   0.3662   3.1583  0.14969E+02  0.14969E+02 -0.26559E-03  0.00000E+00  0.17227E+02  0.19919E-03  0.86393E+00  0.16363E+02  0.10051E+01
    5.7660   1.1806  40.0000   0.3702   3.1852  0.14712E+02  0.14712E+02 -0.27554E-03  0.00000E+00  0.16847E+02  0.18806E-03  0.82672E+00  0.16020E+02  0.10052E+01
    5.7660   1.1906  40.0000   0.3741   3.2122  0.14456E+02  0.14456E+02 -0.28319E-03  0.00000E+00  0.16472E+02  0.17784E-03  0.79105E+00  0.15681E+02  0.10053E+01
    5.7660   1.2006  40.0000   0.3781   3.2392  0.14201E+02  0.14202E+02 -0.28847E-03  0.00000E+00  0.16104E+02  0.16839E-03  0.75694E+00  0.15347E+02  0.10053E+01
    5.7660   1.2106  40.0000   0.3821   3.2662  0.13949E+02  0.13949E+02 -0.29133E-03  0.00000E+00  0.15743E+02  0.15954E-03  0.72428E+00  0.15018E+02  0.10054E+01
    5.7660   1.2206  40.0000   0.3861   3.2931  0.13698E+02  0.13698E+02 -0.29170E-03  0.00000E+00  0.15388E+02  0.15120E-03  0.69304E+00  0.14694E+02  0.10054E+01
    5.7660   1.2306  40.0000   0.3901   3.3201  0.13449E+02  0.13449E+02 -0.28949E-03  0.00000E+00  0.15039E+02  0.14327E-03  0.66313E+00  0.14375E+02  0.10055E+01
    5.7660   1.2406  40.0000   0.3941   3.3471  0.13202E+02  0.13202E+02 -0.28465E-03  0.00000E+00  0.14696E+02  0.13570E-03  0.63451E+00  0.14062E+02  0.10055E+01
    5.7660   1.2506  40.0000   0.3982   3.3741  0.12956E+02  0.12957E+02 -0.27710E-03  0.00000E+00  0.14360E+02  0.12843E-03  0.60712E+00  0.13752E+02  0.10056E+01
    5.7660   1.2606  40.0000   0.4023   3.4011  0.12713E+02  0.12713E+02 -0.26678E-03  0.00000E+00  0.14029E+02  0.12144E-03  0.58092E+00  0.13448E+02  0.10056E+01
    5.7660   1.2706  40.0000   0.4064   3.4280  0.12472E+02  0.12472E+02 -0.25361E-03  0.00000E+00  0.13704E+02  0.11470E-03  0.55584E+00  0.13148E+02  0.10057E+01
    5.7660   1.2806  40.0000   0.4105   3.4550  0.12232E+02  0.12233E+02 -0.23752E-03  0.00000E+00  0.13385E+02  0.10819E-03  0.53185E+00  0.12853E+02  0.10058E+01
    5.7660   1.2906  40.0000   0.4146   3.4820  0.11995E+02  0.11996E+02 -0.21845E-03  0.00000E+00  0.13071E+02  0.10191E-03  0.50890E+00  0.12562E+02  0.10058E+01
    5.7660   1.3006  40.0000   0.4188   3.5090  0.11760E+02  0.11760E+02 -0.19631E-03  0.00000E+00  0.12763E+02  0.95834E-04  0.48694E+00  0.12276E+02  0.10059E+01
    5.7660   1.3106  40.0000   0.4229   3.5360  0.11527E+02  0.11527E+02 -0.17104E-03  0.00000E+00  0.12461E+02  0.89977E-04  0.46594E+00  0.11995E+02  0.10059E+01
    5.7660   1.3206  40.0000   0.4271   3.5629  0.11296E+02  0.11297E+02 -0.14256E-03  0.00000E+00  0.12163E+02  0.84336E-04  0.44586E+00  0.11717E+02  0.10060E+01
    5.7660   1.3306  40.0000   0.4313   3.5899  0.11068E+02  0.11068E+02 -0.11080E-03  0.00000E+00  0.11871E+02  0.78906E-04  0.42665E+00  0.11444E+02  0.10061E+01
    5.7660   1.3406  40.0000   0.4355   3.6169  0.10841E+02  0.10841E+02 -0.75692E-04  0.00000E+00  0.11584E+02  0.73693E-04  0.40827E+00  0.11176E+02  0.10061E+01
    5.7660   1.3506  40.0000   0.4398   3.6439  0.10617E+02  0.10617E+02 -0.37151E-04  0.00000E+00  0.11302E+02  0.68696E-04  0.39070E+00  0.10912E+02  0.10062E+01
    5.7660   1.3606  40.0000   0.4440   3.6709  0.10395E+02  0.10395E+02  0.12905E-04  0.00000E+00  0.11025E+02  0.63921E-04  0.37397E+00  0.10651E+02  0.10062E+01
    5.7660   1.3706  40.0000   0.4483   3.6978  0.10175E+02  0.10175E+02  0.13231E-03  0.00000E+00  0.10753E+02  0.59360E-04  0.35790E+00  0.10395E+02  0.10063E+01
    5.7660   1.3806  40.0000   0.4526   3.7248  0.99578E+01  0.99576E+01  0.25970E-03  0.00000E+00  0.10486E+02  0.55021E-04  0.34264E+00  0.10143E+02  0.10064E+01
    5.7660   1.3906  40.0000   0.4569   3.7518  0.97428E+01  0.97424E+01  0.39513E-03  0.00000E+00  0.10224E+02  0.50900E-04  0.32805E+00  0.98958E+01  0.10064E+01
    5.7660   1.4006  40.0000   0.4613   3.7788  0.95301E+01  0.95296E+01  0.53865E-03  0.00000E+00  0.99661E+01  0.46998E-04  0.31411E+00  0.96519E+01  0.10065E+01
    5.7660   1.4106  40.0000   0.4656   3.8058  0.93198E+01  0.93191E+01  0.69033E-03  0.00000E+00  0.97129E+01  0.43309E-04  0.30073E+00  0.94121E+01  0.10066E+01
    5.7660   1.4206  40.0000   0.4700   3.8327  0.91120E+01  0.91112E+01  0.85022E-03  0.00000E+00  0.94639E+01  0.39832E-04  0.28761E+00  0.91763E+01  0.10066E+01
    5.7660   1.4306  40.0000   0.4744   3.8597  0.89068E+01  0.89058E+01  0.10184E-02  0.00000E+00  0.92198E+01  0.36562E-04  0.27511E+00  0.89447E+01  0.10067E+01
    5.7660   1.4406  40.0000   0.4788   3.8867  0.87039E+01  0.87027E+01  0.11949E-02  0.00000E+00  0.89799E+01  0.33494E-04  0.26318E+00  0.87167E+01  0.10068E+01
    5.7660   1.4506  40.0000   0.4833   3.9137  0.85034E+01  0.85020E+01  0.13799E-02  0.00000E+00  0.87444E+01  0.30623E-04  0.25179E+00  0.84926E+01  0.10068E+01
    5.7660   1.4606  40.0000   0.4877   3.9407  0.83053E+01  0.83038E+01  0.15733E-02  0.00000E+00  0.85133E+01  0.27943E-04  0.24091E+00  0.82724E+01  0.10069E+01
    5.7660   1.4706  40.0000   0.4922   3.9676  0.81101E+01  0.81083E+01  0.17753E-02  0.00000E+00  0.82866E+01  0.25447E-04  0.23052E+00  0.80561E+01  0.10070E+01
    5.7660   1.4806  40.0000   0.4967   3.9946  0.79171E+01  0.79151E+01  0.19858E-02  0.00000E+00  0.80640E+01  0.23127E-04  0.22057E+00  0.78434E+01  0.10070E+01
    5.7660   1.4906  40.0000   0.5013   4.0216  0.77271E+01  0.77249E+01  0.22052E-02  0.00000E+00  0.78459E+01  0.20977E-04  0.21115E+00  0.76347E+01  0.10071E+01
    5.7660   1.5006  40.0000   0.5058   4.0486  0.75390E+01  0.75365E+01  0.24332E-02  0.00000E+00  0.76313E+01  0.18988E-04  0.20217E+00  0.74291E+01  0.10072E+01
    5.7660   1.5106  40.0000   0.5104   4.0756  0.73540E+01  0.73513E+01  0.26702E-02  0.00000E+00  0.74210E+01  0.17152E-04  0.19358E+00  0.72274E+01  0.10073E+01
    5.7660   1.5206  40.0000   0.5150   4.1025  0.71710E+01  0.71681E+01  0.29160E-02  0.00000E+00  0.72149E+01  0.15462E-04  0.18542E+00  0.70295E+01  0.10073E+01
    5.7660   1.5306  40.0000   0.5196   4.1295  0.69909E+01  0.69877E+01  0.31709E-02  0.00000E+00  0.70127E+01  0.13910E-04  0.17763E+00  0.68350E+01  0.10074E+01
    5.7660   1.5406  40.0000   0.5242   4.1565  0.68129E+01  0.68095E+01  0.34349E-02  0.00000E+00  0.68142E+01  0.12488E-04  0.17024E+00  0.66439E+01  0.10075E+01
    5.7660   1.5506  40.0000   0.5289   4.1835  0.66378E+01  0.66341E+01  0.37080E-02  0.00000E+00  0.66197E+01  0.11187E-04  0.16318E+00  0.64565E+01  0.10076E+01
    5.7660   1.5606  40.0000   0.5335   4.2105  0.64652E+01  0.64612E+01  0.39904E-02  0.00000E+00  0.64289E+01  0.10001E-04  0.15644E+00  0.62725E+01  0.10077E+01
    5.7660   1.5706  40.0000   0.5382   4.2374  0.62948E+01  0.62905E+01  0.42820E-02  0.00000E+00  0.62418E+01  0.89204E-05  0.15011E+00  0.60917E+01  0.10078E+01
    5.7660   1.5806  40.0000   0.5430   4.2644  0.61276E+01  0.61230E+01  0.45831E-02  0.00000E+00  0.60587E+01  0.79395E-05  0.14404E+00  0.59147E+01  0.10078E+01
    5.7660   1.5906  40.0000   0.5477   4.2914  0.59627E+01  0.59578E+01  0.48937E-02  0.00000E+00  0.58792E+01  0.70508E-05  0.13819E+00  0.57410E+01  0.10080E+01
    5.7660   1.6006  40.0000   0.5525   4.3184  0.58001E+01  0.57949E+01  0.52141E-02  0.00000E+00  0.57028E+01  0.62475E-05  0.13244E+00  0.55704E+01  0.10080E+01
    5.7660   1.6106  40.0000   0.5573   4.3454  0.56404E+01  0.56348E+01  0.55441E-02  0.00000E+00  0.55308E+01  0.55229E-05  0.12747E+00  0.54033E+01  0.10081E+01
    5.7660   1.6206  40.0000   0.5621   4.3723  0.54832E+01  0.54773E+01  0.58837E-02  0.00000E+00  0.53621E+01  0.48710E-05  0.12252E+00  0.52396E+01  0.10082E+01
    5.7660   1.6306  40.0000   0.5669   4.3993  0.53290E+01  0.53228E+01  0.62332E-02  0.00000E+00  0.51972E+01  0.42859E-05  0.11780E+00  0.50793E+01  0.10083E+01
    5.7660   1.6406  40.0000   0.5718   4.4263  0.51767E+01  0.51701E+01  0.65928E-02  0.00000E+00  0.50353E+01  0.37617E-05  0.11332E+00  0.49219E+01  0.10084E+01
    5.7660   1.6506  40.0000   0.5766   4.4533  0.50273E+01  0.50203E+01  0.69621E-02  0.00000E+00  0.48770E+01  0.32936E-05  0.10907E+00  0.47679E+01  0.10085E+01
    5.7660   1.6606  40.0000   0.5815   4.4803  0.48805E+01  0.48732E+01  0.73415E-02  0.00000E+00  0.47222E+01  0.28770E-05  0.10506E+00  0.46171E+01  0.10086E+01
    5.7660   1.6706  40.0000   0.5865   4.5072  0.47365E+01  0.47287E+01  0.77317E-02  0.00000E+00  0.45709E+01  0.25057E-05  0.10126E+00  0.44697E+01  0.10086E+01
    5.7660   1.6806  40.0000   0.5914   4.5342  0.45945E+01  0.45864E+01  0.81308E-02  0.00000E+00  0.44226E+01  0.21769E-05  0.97602E-01  0.43250E+01  0.10088E+01
    5.7660   1.6906  40.0000   0.5964   4.5612  0.44557E+01  0.44472E+01  0.85417E-02  0.00000E+00  0.42781E+01  0.18863E-05  0.94222E-01  0.41838E+01  0.10089E+01
    5.7660   1.7006  40.0000   0.6014   4.5882  0.43197E+01  0.43108E+01  0.89627E-02  0.00000E+00  0.41369E+01  0.16300E-05  0.90992E-01  0.40459E+01  0.10089E+01
    5.7660   1.7106  40.0000   0.6064   4.6152  0.41854E+01  0.41760E+01  0.93933E-02  0.00000E+00  0.39983E+01  0.14045E-05  0.87924E-01  0.39104E+01  0.10091E+01
    5.7660   1.7206  40.0000   0.6115   4.6421  0.40545E+01  0.40446E+01  0.98357E-02  0.00000E+00  0.38636E+01  0.12068E-05  0.85050E-01  0.37785E+01  0.10091E+01
    5.7660   1.7306  40.0000   0.6166   4.6691  0.39258E+01  0.39155E+01  0.10288E-01  0.00000E+00  0.37317E+01  0.10337E-05  0.82314E-01  0.36494E+01  0.10092E+01
    5.7660   1.7406  40.0000   0.6217   4.6961  0.37995E+01  0.37888E+01  0.10750E-01  0.00000E+00  0.36030E+01  0.88298E-06  0.79733E-01  0.35233E+01  0.10094E+01
    5.7660   1.7506  40.0000   0.6268   4.7231  0.36763E+01  0.36651E+01  0.11223E-01  0.00000E+00  0.34777E+01  0.75195E-06  0.77288E-01  0.34004E+01  0.10095E+01
    5.7660   1.7606  40.0000   0.6320   4.7501  0.35560E+01  0.35443E+01  0.11708E-01  0.00000E+00  0.33556E+01  0.63837E-06  0.74993E-01  0.32807E+01  0.10096E+01
    5.7660   1.7706  40.0000   0.6371   4.7770  0.34376E+01  0.34254E+01  0.12201E-01  0.00000E+00  0.32363E+01  0.54019E-06  0.72836E-01  0.31635E+01  0.10098E+01
    5.7660   1.7806  40.0000   0.6423   4.8040  0.33223E+01  0.33096E+01  0.12708E-01  0.00000E+00  0.31203E+01  0.45563E-06  0.70801E-01  0.30495E+01  0.10098E+01
    5.7660   1.7906  40.0000   0.6476   4.8310  0.32100E+01  0.31967E+01  0.13225E-01  0.00000E+00  0.30075E+01  0.38305E-06  0.68871E-01  0.29387E+01  0.10098E+01
    5.7660   1.8006  40.0000   0.6528   4.8580  0.30992E+01  0.30854E+01  0.13752E-01  0.00000E+00  0.28971E+01  0.32093E-06  0.67059E-01  0.28300E+01  0.10100E+01
    5.7660   1.8106  40.0000   0.6581   4.8850  0.29917E+01  0.29774E+01  0.14292E-01  0.00000E+00  0.27901E+01  0.26799E-06  0.65372E-01  0.27247E+01  0.10099E+01
    5.7660   1.8206  40.0000   0.6634   4.9119  0.28863E+01  0.28714E+01  0.14837E-01  0.00000E+00  0.26856E+01  0.22300E-06  0.63794E-01  0.26218E+01  0.10102E+01
    5.7660   1.8306  40.0000   0.6688   4.9389  0.27842E+01  0.27688E+01  0.15397E-01  0.00000E+00  0.25846E+01  0.18491E-06  0.62317E-01  0.25223E+01  0.10103E+01
    5.7660   1.8406  40.0000   0.6741   4.9659  0.26844E+01  0.26685E+01  0.15966E-01  0.00000E+00  0.24863E+01  0.15277E-06  0.60928E-01  0.24253E+01  0.10104E+01
    5.7660   1.8506  40.0000   0.6795   4.9929  0.25874E+01  0.25709E+01  0.16545E-01  0.00000E+00  0.23909E+01  0.12574E-06  0.59643E-01  0.23313E+01  0.10105E+01
    5.7660   1.8606  40.0000   0.6850   5.0199  0.24924E+01  0.24753E+01  0.17136E-01  0.00000E+00  0.22979E+01  0.10313E-06  0.58423E-01  0.22395E+01  0.10106E+01
    5.7660   1.8706  40.0000   0.6904   5.0468  0.24004E+01  0.23826E+01  0.17735E-01  0.00000E+00  0.22080E+01  0.84260E-07  0.57319E-01  0.21507E+01  0.10107E+01
    5.7660   1.8806  40.0000   0.6959   5.0738  0.23115E+01  0.22931E+01  0.18346E-01  0.00000E+00  0.21212E+01  0.68574E-07  0.56283E-01  0.20649E+01  0.10108E+01
    5.7660   1.8906  40.0000   0.7014   5.1008  0.22250E+01  0.22061E+01  0.18968E-01  0.00000E+00  0.20370E+01  0.55587E-07  0.55310E-01  0.19817E+01  0.10108E+01
    5.7660   1.9006  40.0000   0.7069   5.1278  0.21417E+01  0.21221E+01  0.19600E-01  0.00000E+00  0.19557E+01  0.44878E-07  0.54430E-01  0.19013E+01  0.10107E+01
    5.7660   1.9106  40.0000   0.7125   5.1548  0.20597E+01  0.20395E+01  0.20236E-01  0.00000E+00  0.18763E+01  0.36080E-07  0.53599E-01  0.18227E+01  0.10110E+01
    5.7660   1.9206  40.0000   0.7181   5.1817  0.19802E+01  0.19593E+01  0.20881E-01  0.00000E+00  0.17994E+01  0.28882E-07  0.52823E-01  0.17465E+01  0.10112E+01
    5.7660   1.9306  40.0000   0.7237   5.2087  0.19022E+01  0.18807E+01  0.21537E-01  0.00000E+00  0.17244E+01  0.23017E-07  0.52146E-01  0.16722E+01  0.10113E+01
    5.7660   1.9406  40.0000   0.7293   5.2357  0.18261E+01  0.18039E+01  0.22198E-01  0.00000E+00  0.16515E+01  0.18256E-07  0.51510E-01  0.16000E+01  0.10116E+01
    5.7660   1.9506  40.0000   0.7350   5.2627  0.17523E+01  0.17295E+01  0.22870E-01  0.00000E+00  0.15810E+01  0.14385E-07  0.50925E-01  0.15300E+01  0.10117E+01
    5.7660   1.9606  40.0000   0.7407   5.2897  0.16809E+01  0.16573E+01  0.23546E-01  0.00000E+00  0.15127E+01  0.11313E-07  0.50385E-01  0.14623E+01  0.10119E+01
    5.7660   1.9706  40.0000   0.7465   5.3166  0.16107E+01  0.15865E+01  0.24229E-01  0.00000E+00  0.14462E+01  0.88323E-08  0.49896E-01  0.13963E+01  0.10121E+01
    5.7660   1.9806  40.0000   0.7522   5.3436  0.15423E+01  0.15174E+01  0.24922E-01  0.00000E+00  0.13816E+01  0.68541E-08  0.49463E-01  0.13321E+01  0.10122E+01
    5.7660   1.9906  40.0000   0.7580   5.3706  0.14765E+01  0.14509E+01  0.25610E-01  0.00000E+00  0.13194E+01  0.52844E-08  0.49071E-01  0.12704E+01  0.10127E+01
    5.7660   2.0006  40.0000   0.7639   5.3976  0.14123E+01  0.13860E+01  0.26319E-01  0.00000E+00  0.12592E+01  0.40454E-08  0.48716E-01  0.12105E+01  0.10125E+01
    5.7660   2.0106  40.0000   0.7697   5.4246  0.13502E+01  0.13232E+01  0.27028E-01  0.00000E+00  0.12009E+01  0.30729E-08  0.48396E-01  0.11525E+01  0.10125E+01
    5.7660   2.0206  40.0000   0.7756   5.4515  0.12894E+01  0.12617E+01  0.27729E-01  0.00000E+00  0.11443E+01  0.23149E-08  0.48106E-01  0.10962E+01  0.10129E+01
    5.7660   2.0306  40.0000   0.7816   5.4785  0.12310E+01  0.12025E+01  0.28437E-01  0.00000E+00  0.10899E+01  0.17279E-08  0.47844E-01  0.10420E+01  0.10131E+01
    5.7660   2.0406  40.0000   0.7875   5.5055  0.11738E+01  0.11446E+01  0.29146E-01  0.00000E+00  0.10370E+01  0.12772E-08  0.47603E-01  0.98942E+00  0.10134E+01
    5.7660   2.0506  40.0000   0.7935   5.5325  0.11192E+01  0.10893E+01  0.29869E-01  0.00000E+00  0.98648E+00  0.93451E-09  0.47413E-01  0.93907E+00  0.10132E+01
    5.7660   2.0606  40.0000   0.7995   5.5594  0.10658E+01  0.10352E+01  0.30584E-01  0.00000E+00  0.93744E+00  0.67694E-09  0.47242E-01  0.89020E+00  0.10133E+01
    5.7660   2.0706  40.0000   0.8056   5.5864  0.10143E+01  0.98306E+00  0.31290E-01  0.00000E+00  0.89023E+00  0.48590E-09  0.47071E-01  0.84316E+00  0.10135E+01
    5.7660   2.0806  40.0000   0.8117   5.6134  0.96487E+00  0.93287E+00  0.31999E-01  0.00000E+00  0.84495E+00  0.34655E-09  0.46936E-01  0.79801E+00  0.10136E+01
    5.7660   2.0906  40.0000   0.8178   5.6404  0.91676E+00  0.88407E+00  0.32692E-01  0.00000E+00  0.80117E+00  0.24691E-09  0.46816E-01  0.75435E+00  0.10141E+01
    5.7660   2.1006  40.0000   0.8239   5.6674  0.87064E+00  0.83725E+00  0.33389E-01  0.00000E+00  0.75926E+00  0.17739E-09  0.46707E-01  0.71256E+00  0.10142E+01
    5.7660   2.1106  40.0000   0.8301   5.6943  0.82622E+00  0.79214E+00  0.34080E-01  0.00000E+00  0.71902E+00  0.13034E-09  0.46605E-01  0.67242E+00  0.10143E+01
    5.7660   2.1206  40.0000   0.8364   5.7213  0.78328E+00  0.74853E+00  0.34749E-01  0.00000E+00  0.68031E+00  0.99661E-10  0.46510E-01  0.63380E+00  0.10147E+01
    5.7660   2.1306  40.0000   0.8426   5.7483  0.74205E+00  0.70664E+00  0.35410E-01  0.00000E+00  0.64323E+00  0.80521E-10  0.46424E-01  0.59680E+00  0.10151E+01
    5.7660   2.1406  40.0000   0.8489   5.7753  0.70251E+00  0.66646E+00  0.36055E-01  0.00000E+00  0.60776E+00  0.69128E-10  0.46339E-01  0.56142E+00  0.10155E+01
    5.7660   2.1506  40.0000   0.8552   5.8023  0.66468E+00  0.62797E+00  0.36706E-01  0.00000E+00  0.57389E+00  0.62529E-10  0.46251E-01  0.52764E+00  0.10153E+01
    5.7660   2.1606  40.0000   0.8616   5.8292  0.62843E+00  0.59109E+00  0.37334E-01  0.00000E+00  0.54154E+00  0.58471E-10  0.46157E-01  0.49538E+00  0.10153E+01
    5.7660   2.1706  40.0000   0.8680   5.8562  0.59356E+00  0.55562E+00  0.37937E-01  0.00000E+00  0.51053E+00  0.55278E-10  0.46052E-01  0.46448E+00  0.10155E+01
    5.7660   2.1806  40.0000   0.8744   5.8832  0.56017E+00  0.52165E+00  0.38512E-01  0.00000E+00  0.48094E+00  0.51751E-10  0.45938E-01  0.43500E+00  0.10157E+01
    5.7660   2.1906  40.0000   0.8809   5.9102  0.52847E+00  0.48941E+00  0.39056E-01  0.00000E+00  0.45287E+00  0.47097E-10  0.45818E-01  0.40705E+00  0.10162E+01
    5.7660   2.2006  40.0000   0.8874   5.9372  0.49825E+00  0.45866E+00  0.39596E-01  0.00000E+00  0.42618E+00  0.40849E-10  0.45682E-01  0.38050E+00  0.10159E+01
    5.7660   2.2106  40.0000   0.8939   5.9641  0.46928E+00  0.42919E+00  0.40084E-01  0.00000E+00  0.40068E+00  0.32820E-10  0.45525E-01  0.35515E+00  0.10163E+01
    5.7660   2.2206  40.0000   0.9005   5.9911  0.44178E+00  0.40123E+00  0.40548E-01  0.00000E+00  0.37653E+00  0.23041E-10  0.45346E-01  0.33118E+00  0.10163E+01
    5.7660   2.2306  40.0000   0.9071   6.0181  0.41543E+00  0.37448E+00  0.40955E-01  0.00000E+00  0.35347E+00  0.16683E-10  0.45137E-01  0.30834E+00  0.10168E+01
    5.7660   2.2406  40.0000   0.9138   6.0451  0.39061E+00  0.34928E+00  0.41333E-01  0.00000E+00  0.33175E+00  0.12519E-10  0.44901E-01  0.28685E+00  0.10170E+01
    5.7660   2.2506  40.0000   0.9204   6.0721  0.36701E+00  0.32533E+00  0.41673E-01  0.00000E+00  0.31115E+00  0.93644E-11  0.44632E-01  0.26651E+00  0.10169E+01
    5.7660   2.2606  40.0000   0.9272   6.0990  0.34453E+00  0.30260E+00  0.41935E-01  0.00000E+00  0.29158E+00  0.69815E-11  0.44326E-01  0.24726E+00  0.10176E+01
    5.7660   2.2706  40.0000   0.9339   6.1260  0.32326E+00  0.28109E+00  0.42172E-01  0.00000E+00  0.27310E+00  0.51877E-11  0.43975E-01  0.22912E+00  0.10174E+01
    5.7660   2.2806  40.0000   0.9407   6.1530  0.30319E+00  0.26085E+00  0.42339E-01  0.00000E+00  0.25567E+00  0.38419E-11  0.43580E-01  0.21209E+00  0.10175E+01
    5.7660   2.2906  40.0000   0.9476   6.1800  0.28415E+00  0.24171E+00  0.42435E-01  0.00000E+00  0.23917E+00  0.28356E-11  0.43141E-01  0.19603E+00  0.10178E+01
    5.7660   2.3006  40.0000   0.9545   6.2070  0.26612E+00  0.22367E+00  0.42457E-01  0.00000E+00  0.22359E+00  0.20858E-11  0.42651E-01  0.18094E+00  0.10181E+01
    5.7660   2.3106  40.0000   0.9614   6.2339  0.24916E+00  0.20674E+00  0.42425E-01  0.00000E+00  0.20895E+00  0.15290E-11  0.42107E-01  0.16684E+00  0.10180E+01
    5.7660   2.3206  40.0000   0.9684   6.2609  0.23310E+00  0.19080E+00  0.42295E-01  0.00000E+00  0.19510E+00  0.11169E-11  0.41504E-01  0.15359E+00  0.10182E+01
    5.7660   2.3306  40.0000   0.9754   6.2879  0.21786E+00  0.17579E+00  0.42068E-01  0.00000E+00  0.18200E+00  0.81304E-12  0.40841E-01  0.14116E+00  0.10188E+01
    5.7660   2.3406  40.0000   0.9824   6.3149  0.20358E+00  0.16179E+00  0.41796E-01  0.00000E+00  0.16973E+00  0.58976E-12  0.40116E-01  0.12961E+00  0.10183E+01
    5.7660   2.3506  40.0000   0.9895   6.3419  0.18995E+00  0.14856E+00  0.41391E-01  0.00000E+00  0.15807E+00  0.42627E-12  0.39327E-01  0.11875E+00  0.10189E+01
    5.7660   2.3606  40.0000   0.9966   6.3688  0.17720E+00  0.13627E+00  0.40925E-01  0.00000E+00  0.14717E+00  0.30700E-12  0.38472E-01  0.10870E+00  0.10185E+01
    5.7660   2.3706  40.0000   1.0038   6.3958  0.16515E+00  0.12480E+00  0.40345E-01  0.00000E+00  0.13690E+00  0.22029E-12  0.37553E-01  0.99344E-01  0.10187E+01
    5.7660   2.3806  40.0000   1.0110   6.4228  0.15402E+00  0.11436E+00  0.39650E-01  0.00000E+00  0.12738E+00  0.15750E-12  0.36573E-01  0.90803E-01  0.10192E+01
    5.7660   2.3906  40.0000   1.0183   6.4498  0.14346E+00  0.10459E+00  0.38873E-01  0.00000E+00  0.11838E+00  0.11219E-12  0.35532E-01  0.82843E-01  0.10195E+01
    5.7660   2.4006  40.0000   1.0256   6.4768  0.13355E+00  0.95529E-01  0.38016E-01  0.00000E+00  0.10993E+00  0.79616E-13  0.34433E-01  0.75493E-01  0.10193E+01
    5.7660   2.4106  40.0000   1.0329   6.5037  0.12414E+00  0.87091E-01  0.37052E-01  0.00000E+00  0.10194E+00  0.56287E-13  0.33281E-01  0.68662E-01  0.10196E+01
    5.7660   2.4206  40.0000   1.0403   6.5307  0.11527E+00  0.79282E-01  0.35992E-01  0.00000E+00  0.94431E-01  0.39644E-13  0.32082E-01  0.62348E-01  0.10203E+01
    5.7660   2.4306  40.0000   1.0477   6.5577  0.10693E+00  0.72052E-01  0.34875E-01  0.00000E+00  0.87382E-01  0.27815E-13  0.30843E-01  0.56539E-01  0.10203E+01
    5.7660   2.4406  40.0000   1.0552   6.5847  0.99073E-01  0.65363E-01  0.33710E-01  0.00000E+00  0.80763E-01  0.19439E-13  0.29570E-01  0.51192E-01  0.10198E+01
    5.7660   2.4506  40.0000   1.0627   6.6117  0.91601E-01  0.59176E-01  0.32425E-01  0.00000E+00  0.74502E-01  0.13533E-13  0.28274E-01  0.46228E-01  0.10212E+01
    5.7660   2.4606  40.0000   1.0703   6.6386  0.84616E-01  0.53486E-01  0.31130E-01  0.00000E+00  0.68658E-01  0.93844E-14  0.26960E-01  0.41697E-01  0.10215E+01
    5.7660   2.4706  40.0000   1.0779   6.6656  0.78112E-01  0.48298E-01  0.29814E-01  0.00000E+00  0.63222E-01  0.64816E-14  0.25641E-01  0.37581E-01  0.10213E+01
    5.7660   2.4806  40.0000   1.0855   6.6926  0.71970E-01  0.43508E-01  0.28461E-01  0.00000E+00  0.58111E-01  0.44588E-14  0.24324E-01  0.33788E-01  0.10215E+01
    5.7660   2.4906  40.0000   1.0932   6.7196  0.66236E-01  0.39149E-01  0.27087E-01  0.00000E+00  0.53351E-01  0.30548E-14  0.23017E-01  0.30334E-01  0.10223E+01
    5.7660   2.5006  40.0000   1.1010   6.7466  0.60866E-01  0.35144E-01  0.25722E-01  0.00000E+00  0.48907E-01  0.20844E-14  0.21727E-01  0.27179E-01  0.10227E+01
    5.7660   2.5106  40.0000   1.1088   6.7735  0.55881E-01  0.31499E-01  0.24382E-01  0.00000E+00  0.44788E-01  0.14164E-14  0.20464E-01  0.24324E-01  0.10228E+01
    5.7660   2.5206  40.0000   1.1166   6.8005  0.51221E-01  0.28160E-01  0.23061E-01  0.00000E+00  0.40950E-01  0.95852E-15  0.19228E-01  0.21721E-01  0.10229E+01
    5.7660   2.5306  40.0000   1.1245   6.8275  0.46886E-01  0.25123E-01  0.21763E-01  0.00000E+00  0.37386E-01  0.64592E-15  0.18023E-01  0.19363E-01  0.10236E+01
    5.7660   2.5406  40.0000   1.1325   6.8545  0.42887E-01  0.22381E-01  0.20505E-01  0.00000E+00  0.34099E-01  0.43343E-15  0.16844E-01  0.17255E-01  0.10242E+01
    5.7660   2.5506  40.0000   1.1405   6.8815  0.39205E-01  0.19904E-01  0.19302E-01  0.00000E+00  0.31063E-01  0.28960E-15  0.15726E-01  0.15337E-01  0.10245E+01
    5.7660   2.5606  40.0000   1.1485   6.9084  0.35958E-01  0.19275E-01  0.16683E-01  0.00000E+00  0.28358E-01  0.19267E-15  0.13735E-01  0.14623E-01  0.10265E+01
    5.7660   2.5706  40.0000   1.1566   6.9354  0.32433E-01  0.17020E-01  0.15413E-01  0.00000E+00  0.25534E-01  0.12762E-15  0.12661E-01  0.12874E-01  0.10272E+01
    5.7660   2.5806  40.0000   1.1647   6.9624  0.29214E-01  0.14997E-01  0.14218E-01  0.00000E+00  0.22960E-01  0.84166E-16  0.11648E-01  0.11312E-01  0.10272E+01
    5.7660   2.5906  40.0000   1.1729   6.9894  0.26250E-01  0.13170E-01  0.13080E-01  0.00000E+00  0.20600E-01  0.55261E-16  0.10698E-01  0.99020E-02  0.10280E+01
    5.7660   2.6006  40.0000   1.1812   7.0164  0.23552E-01  0.11548E-01  0.12004E-01  0.00000E+00  0.18456E-01  0.36121E-16  0.98100E-02  0.86457E-02  0.10294E+01
    5.7660   2.6106  40.0000   1.1895   7.0433  0.21107E-01  0.10085E-01  0.11022E-01  0.00000E+00  0.16516E-01  0.23504E-16  0.89838E-02  0.75324E-02  0.10286E+01
    5.7660   2.6206  40.0000   1.1978   7.0703  0.18868E-01  0.87759E-02  0.10092E-01  0.00000E+00  0.14747E-01  0.15225E-16  0.82173E-02  0.65295E-02  0.10293E+01
    5.7660   2.6306  40.0000   1.2063   7.0973  0.16843E-01  0.76080E-02  0.92347E-02  0.00000E+00  0.13150E-01  0.98165E-17  0.75084E-02  0.56421E-02  0.10293E+01
    5.7660   2.6406  40.0000   1.2147   7.1243  0.15006E-01  0.65692E-02  0.84365E-02  0.00000E+00  0.11707E-01  0.63002E-17  0.68545E-02  0.48524E-02  0.10300E+01
    5.7660   2.6506  40.0000   1.2232   7.1513  0.13331E-01  0.56361E-02  0.76952E-02  0.00000E+00  0.10398E-01  0.40245E-17  0.62528E-02  0.41449E-02  0.10313E+01
    5.7660   2.6606  40.0000   1.2318   7.1782  0.11831E-01  0.48084E-02  0.70226E-02  0.00000E+00  0.92268E-02  0.25588E-17  0.57002E-02  0.35265E-02  0.10312E+01
    5.7660   2.6706  40.0000   1.2404   7.2052  0.10496E-01  0.40897E-02  0.64062E-02  0.00000E+00  0.81858E-02  0.16191E-17  0.51938E-02  0.29920E-02  0.10309E+01
    5.7660   2.6806  40.0000   1.2491   7.2322  0.93133E-02  0.34764E-02  0.58369E-02  0.00000E+00  0.72637E-02  0.10196E-17  0.47304E-02  0.25333E-02  0.10313E+01
    5.7660   2.6906  40.0000   1.2578   7.2592  0.82656E-02  0.29458E-02  0.53198E-02  0.00000E+00  0.64466E-02  0.63899E-18  0.43069E-02  0.21397E-02  0.10309E+01
    5.7660   2.7006  40.0000   1.2666   7.2862  0.73328E-02  0.24900E-02  0.48428E-02  0.00000E+00  0.57197E-02  0.39850E-18  0.39203E-02  0.17994E-02  0.10314E+01
    5.7660   2.7106  40.0000   1.2755   7.3131  0.65070E-02  0.20957E-02  0.44113E-02  0.00000E+00  0.50762E-02  0.24729E-18  0.35679E-02  0.15083E-02  0.10310E+01
    5.7660   2.7206  40.0000   1.2844   7.3401  0.57755E-02  0.17584E-02  0.40171E-02  0.00000E+00  0.45063E-02  0.15270E-18  0.32468E-02  0.12594E-02  0.10307E+01
    5.7660   2.7306  40.0000   1.2934   7.3671  0.51238E-02  0.14665E-02  0.36573E-02  0.00000E+00  0.39992E-02  0.93816E-19  0.29545E-02  0.10446E-02  0.10305E+01
    5.7660   2.7406  40.0000   1.3024   7.3941  0.45423E-02  0.12142E-02  0.33281E-02  0.00000E+00  0.35472E-02  0.57348E-19  0.26886E-02  0.85859E-03  0.10308E+01
    5.7660   2.7506  40.0000   1.3115   7.4211  0.40323E-02  0.10020E-02  0.30303E-02  0.00000E+00  0.31503E-02  0.34877E-19  0.24468E-02  0.70350E-03  0.10305E+01
    5.7660   2.7606  40.0000   1.3206   7.4480  0.35750E-02  0.81811E-03  0.27568E-02  0.00000E+00  0.27950E-02  0.21102E-19  0.22269E-02  0.56807E-03  0.10311E+01
    5.7660   2.7706  40.0000   1.3298   7.4750  0.31742E-02  0.66219E-03  0.25120E-02  0.00000E+00  0.24831E-02  0.12701E-19  0.20271E-02  0.45602E-03  0.10302E+01
    5.7660   2.7806  40.0000   1.3391   7.5020  0.28140E-02  0.52949E-03  0.22845E-02  0.00000E+00  0.22035E-02  0.76046E-20  0.18456E-02  0.35797E-03  0.10315E+01
    5.7660   2.7906  40.0000   1.3484   7.5290  0.24954E-02  0.41503E-03  0.20804E-02  0.00000E+00  0.19564E-02  0.45291E-20  0.16806E-02  0.27578E-03  0.10315E+01
    5.7660   2.8006  40.0000   1.3578   7.5560  0.22075E-02  0.31285E-03  0.18947E-02  0.00000E+00  0.17343E-02  0.26830E-20  0.15308E-02  0.20353E-03  0.10317E+01
    5.7660   2.8106  40.0000   1.3673   7.5829  0.19469E-02  0.22212E-03  0.17248E-02  0.00000E+00  0.15347E-02  0.15809E-20  0.13947E-02  0.14002E-03  0.10325E+01
    5.7660   2.8206  40.0000   1.3768   7.6099  0.17149E-02  0.14253E-03  0.15724E-02  0.00000E+00  0.13579E-02  0.92642E-21  0.12710E-02  0.86895E-04  0.10322E+01
    5.7660   2.8306  40.0000   1.3864   7.6369  0.15152E-02  0.80410E-04  0.14348E-02  0.00000E+00  0.12055E-02  0.53992E-21  0.11586E-02  0.46887E-04  0.10311E+01
    5.7660   2.8406  40.0000   1.3960   7.6639  0.13512E-02  0.39896E-04  0.13113E-02  0.00000E+00  0.10790E-02  0.31293E-21  0.10565E-02  0.22478E-04  0.10288E+01
    5.7660   2.8506  40.0000   1.4058   7.6908  0.12153E-02  0.16980E-04  0.11983E-02  0.00000E+00  0.97281E-03  0.18036E-21  0.96368E-03  0.91314E-05  0.10268E+01
    5.7660   2.8606  40.0000   1.4156   7.7178  0.11005E-02  0.58076E-05  0.10947E-02  0.00000E+00  0.88212E-03  0.10336E-21  0.87931E-03  0.28093E-05  0.10256E+01
    5.7660   2.8706  40.0000   1.4254   7.7448  0.10012E-02  0.11915E-05  0.10000E-02  0.00000E+00  0.80304E-03  0.58903E-22  0.80258E-03  0.45761E-06  0.10246E+01
    5.7660   2.8806  40.0000   1.4353   7.7718  0.91354E-03  0.00000E+00  0.91354E-03  0.00000E+00  0.73280E-03  0.33374E-22  0.73280E-03  0.00000E+00  0.10240E+01
    5.7660   2.8906  40.0000   1.4453   7.7988  0.83443E-03  0.00000E+00  0.83443E-03  0.00000E+00  0.66932E-03  0.18800E-22  0.66932E-03  0.00000E+00  0.10239E+01
    5.7660   2.9006  40.0000   1.4554   7.8257  0.76242E-03  0.00000E+00  0.76242E-03  0.00000E+00  0.61155E-03  0.10529E-22  0.61155E-03  0.00000E+00  0.10238E+01
    5.7660   2.9106  40.0000   1.4655   7.8527  0.69687E-03  0.00000E+00  0.69687E-03  0.00000E+00  0.55896E-03  0.58620E-23  0.55896E-03  0.00000E+00  0.10237E+01
    5.7660   2.9206  40.0000   1.4757   7.8797  0.63718E-03  0.00000E+00  0.63718E-03  0.00000E+00  0.51107E-03  0.32443E-23  0.51107E-03  0.00000E+00  0.10236E+01
    5.7660   2.9306  40.0000   1.4860   7.9067  0.58281E-03  0.00000E+00  0.58281E-03  0.00000E+00  0.46745E-03  0.17848E-23  0.46745E-03  0.00000E+00  0.10235E+01
    5.7660   2.9406  40.0000   1.4963   7.9337  0.53327E-03  0.00000E+00  0.53327E-03  0.00000E+00  0.42771E-03  0.97596E-24  0.42771E-03  0.00000E+00  0.10234E+01
    5.7660   2.9506  40.0000   1.5068   7.9606  0.48811E-03  0.00000E+00  0.48811E-03  0.00000E+00  0.39148E-03  0.53042E-24  0.39148E-03  0.00000E+00  0.10233E+01
    5.7660   2.9606  40.0000   1.5173   7.9876  0.44693E-03  0.00000E+00  0.44693E-03  0.00000E+00  0.35845E-03  0.28651E-24  0.35845E-03  0.00000E+00  0.10232E+01
    5.7660   2.9706  40.0000   1.5278   8.0146  0.40937E-03  0.00000E+00  0.40937E-03  0.00000E+00  0.32832E-03  0.15380E-24  0.32832E-03  0.00000E+00  0.10231E+01
    5.7660   2.9806  40.0000   1.5385   8.0416  0.37509E-03  0.00000E+00  0.37509E-03  0.00000E+00  0.30082E-03  0.82040E-25  0.30082E-03  0.00000E+00  0.10229E+01
    5.7660   2.9906  40.0000   1.5492   8.0686  0.34381E-03  0.00000E+00  0.34381E-03  0.00000E+00  0.27573E-03  0.43488E-25  0.27573E-03  0.00000E+00  0.10228E+01
    5.7660   3.0006  40.0000   1.5600   8.0955  0.31524E-03  0.00000E+00  0.31524E-03  0.00000E+00  0.25281E-03  0.22905E-25  0.25281E-03  0.00000E+00  0.10227E+01
    5.7660   3.0106  40.0000   1.5709   8.1225  0.28915E-03  0.00000E+00  0.28915E-03  0.00000E+00  0.23188E-03  0.11987E-25  0.23188E-03  0.00000E+00  0.10226E+01
    5.7660   3.0206  40.0000   1.5818   8.1495  0.26531E-03  0.00000E+00  0.26531E-03  0.00000E+00  0.21276E-03  0.62324E-26  0.21276E-03  0.00000E+00  0.10225E+01
    5.7660   3.0306  40.0000   1.5929   8.1765  0.24352E-03  0.00000E+00  0.24352E-03  0.00000E+00  0.19527E-03  0.32193E-26  0.19527E-03  0.00000E+00  0.10224E+01
    5.7660   3.0406  40.0000   1.6040   8.2035  0.22359E-03  0.00000E+00  0.22359E-03  0.00000E+00  0.17929E-03  0.16519E-26  0.17929E-03  0.00000E+00  0.10223E+01
    5.7660   3.0506  40.0000   1.6152   8.2304  0.20535E-03  0.00000E+00  0.20535E-03  0.00000E+00  0.16466E-03  0.84203E-27  0.16466E-03  0.00000E+00  0.10222E+01
    5.7660   3.0606  40.0000   1.6265   8.2574  0.18867E-03  0.00000E+00  0.18867E-03  0.00000E+00  0.15128E-03  0.42633E-27  0.15128E-03  0.00000E+00  0.10221E+01
    5.7660   3.0706  40.0000   1.6379   8.2844  0.17340E-03  0.00000E+00  0.17340E-03  0.00000E+00  0.13903E-03  0.21439E-27  0.13903E-03  0.00000E+00  0.10220E+01
    5.7660   3.0806  40.0000   1.6493   8.3114  0.15942E-03  0.00000E+00  0.15942E-03  0.00000E+00  0.12781E-03  0.10708E-27  0.12781E-03  0.00000E+00  0.10219E+01
    5.7660   3.0906  40.0000   1.6608   8.3384  0.14661E-03  0.00000E+00  0.14661E-03  0.00000E+00  0.11753E-03  0.53112E-28  0.11753E-03  0.00000E+00  0.10218E+01
    5.7660   3.1006  40.0000   1.6725   8.3653  0.13487E-03  0.00000E+00  0.13487E-03  0.00000E+00  0.10812E-03  0.26161E-28  0.10812E-03  0.00000E+00  0.10217E+01
    5.7660   3.1106  40.0000   1.6842   8.3923  0.12411E-03  0.00000E+00  0.12411E-03  0.00000E+00  0.99486E-04  0.12796E-28  0.99486E-04  0.00000E+00  0.10216E+01
    5.7660   3.1206  40.0000   1.6960   8.4193  0.11424E-03  0.00000E+00  0.11424E-03  0.00000E+00  0.91570E-04  0.62143E-29  0.91570E-04  0.00000E+00  0.10215E+01
    5.7660   3.1306  40.0000   1.7079   8.4463  0.10519E-03  0.00000E+00  0.10519E-03  0.00000E+00  0.84310E-04  0.29965E-29  0.84310E-04  0.00000E+00  0.10214E+01
    5.7660   3.1406  40.0000   1.7199   8.4733  0.96880E-04  0.00000E+00  0.96880E-04  0.00000E+00  0.77647E-04  0.14345E-29  0.77647E-04  0.00000E+00  0.10213E+01
    5.7660   3.1506  40.0000   1.7319   8.5002  0.89255E-04  0.00000E+00  0.89255E-04  0.00000E+00  0.71532E-04  0.68176E-30  0.71532E-04  0.00000E+00  0.10213E+01
    5.7660   3.1606  40.0000   1.7441   8.5272  0.82254E-04  0.00000E+00  0.82254E-04  0.00000E+00  0.65916E-04  0.32164E-30  0.65916E-04  0.00000E+00  0.10212E+01
    5.7660   3.1706  40.0000   1.7564   8.5542  0.75824E-04  0.00000E+00  0.75824E-04  0.00000E+00  0.60759E-04  0.15062E-30  0.60759E-04  0.00000E+00  0.10211E+01
    5.7660   3.1806  40.0000   1.7687   8.5812  0.69916E-04  0.00000E+00  0.69916E-04  0.00000E+00  0.56021E-04  0.70011E-31  0.56021E-04  0.00000E+00  0.10210E+01
    5.7660   3.1906  40.0000   1.7812   8.6082  0.64485E-04  0.00000E+00  0.64485E-04  0.00000E+00  0.51666E-04  0.32298E-31  0.51666E-04  0.00000E+00  0.10209E+01
    5.7660   3.2006  40.0000   1.7937   8.6351  0.59493E-04  0.00000E+00  0.59493E-04  0.00000E+00  0.47662E-04  0.14787E-31  0.47662E-04  0.00000E+00  0.10208E+01
    5.7660   3.2106  40.0000   1.8064   8.6621  0.54901E-04  0.00000E+00  0.54901E-04  0.00000E+00  0.43980E-04  0.67179E-32  0.43980E-04  0.00000E+00  0.10207E+01
    5.7660   3.2206  40.0000   1.8191   8.6891  0.50677E-04  0.00000E+00  0.50677E-04  0.00000E+00  0.40593E-04  0.30286E-32  0.40593E-04  0.00000E+00  0.10207E+01
    5.7660   3.2306  40.0000   1.8319   8.7161  0.46790E-04  0.00000E+00  0.46790E-04  0.00000E+00  0.37476E-04  0.13547E-32  0.37476E-04  0.00000E+00  0.10206E+01
    5.7660   3.2406  40.0000   1.8449   8.7431  0.43212E-04  0.00000E+00  0.43212E-04  0.00000E+00  0.34607E-04  0.60124E-33  0.34607E-04  0.00000E+00  0.10205E+01
    5.7660   3.2506  40.0000   1.8579   8.7700  0.39917E-04  0.00000E+00  0.39917E-04  0.00000E+00  0.31966E-04  0.26472E-33  0.31966E-04  0.00000E+00  0.10204E+01
    5.7660   3.2606  40.0000   1.8711   8.7970  0.36883E-04  0.00000E+00  0.36883E-04  0.00000E+00  0.29533E-04  0.11563E-33  0.29533E-04  0.00000E+00  0.10203E+01
    5.7660   3.2706  40.0000   1.8844   8.8240  0.34087E-04  0.00000E+00  0.34087E-04  0.00000E+00  0.27292E-04  0.50098E-34  0.27292E-04  0.00000E+00  0.10203E+01
    5.7660   3.2806  40.0000   1.8977   8.8510  0.31511E-04  0.00000E+00  0.31511E-04  0.00000E+00  0.25228E-04  0.21530E-34  0.25228E-04  0.00000E+00  0.10202E+01
    5.7660   3.2906  40.0000   1.9112   8.8780  0.29137E-04  0.00000E+00  0.29137E-04  0.00000E+00  0.23324E-04  0.91767E-35  0.23324E-04  0.00000E+00  0.10201E+01
    5.7660   3.3006  40.0000   1.9248   8.9049  0.26947E-04  0.00000E+00  0.26947E-04  0.00000E+00  0.21569E-04  0.38791E-35  0.21569E-04  0.00000E+00  0.10200E+01
    5.7660   3.3106  40.0000   1.9385   8.9319  0.24928E-04  0.00000E+00  0.24928E-04  0.00000E+00  0.19951E-04  0.16261E-35  0.19951E-04  0.00000E+00  0.10199E+01
    5.7660   3.3206  40.0000   1.9523   8.9589  0.23065E-04  0.00000E+00  0.23065E-04  0.00000E+00  0.18458E-04  0.67592E-36  0.18458E-04  0.00000E+00  0.10199E+01
    5.7660   3.3306  40.0000   1.9662   8.9859  0.21346E-04  0.00000E+00  0.21346E-04  0.00000E+00  0.17081E-04  0.27858E-36  0.17081E-04  0.00000E+00  0.10198E+01
    5.7660   3.3406  40.0000   1.9802   9.0129  0.19759E-04  0.00000E+00  0.19759E-04  0.00000E+00  0.15810E-04  0.11384E-36  0.15810E-04  0.00000E+00  0.10197E+01
    5.7660   3.3506  40.0000   1.9944   9.0398  0.18294E-04  0.00000E+00  0.18294E-04  0.00000E+00  0.14636E-04  0.46115E-37  0.14636E-04  0.00000E+00  0.10197E+01
    5.7660   3.3606  40.0000   2.0087   9.0668  0.16941E-04  0.00000E+00  0.16941E-04  0.00000E+00  0.13552E-04  0.18519E-37  0.13552E-04  0.00000E+00  0.10196E+01
    5.7660   3.3706  40.0000   2.0230   9.0938  0.15692E-04  0.00000E+00  0.15692E-04  0.00000E+00  0.12552E-04  0.73715E-38  0.12552E-04  0.00000E+00  0.10195E+01
    5.7660   3.3806  40.0000   2.0375   9.1208  0.14537E-04  0.00000E+00  0.14537E-04  0.00000E+00  0.11627E-04  0.29083E-38  0.11627E-04  0.00000E+00  0.10194E+01
    5.7660   3.3906  40.0000   2.0522   9.1478  0.13470E-04  0.00000E+00  0.13470E-04  0.00000E+00  0.10773E-04  0.11372E-38  0.10773E-04  0.00000E+00  0.10194E+01
    5.7660   3.4006  40.0000   2.0669   9.1747  0.12484E-04  0.00000E+00  0.12484E-04  0.00000E+00  0.99831E-05  0.44068E-39  0.99831E-05  0.00000E+00  0.10193E+01
    5.7660   3.4106  40.0000   2.0818   9.2017  0.11572E-04  0.00000E+00  0.11572E-04  0.00000E+00  0.92531E-05  0.16922E-39  0.92531E-05  0.00000E+00  0.10192E+01
    5.7660   3.4206  40.0000   2.0968   9.2287  0.10729E-04  0.00000E+00  0.10729E-04  0.00000E+00  0.85781E-05  0.64364E-40  0.85781E-05  0.00000E+00  0.10192E+01
    5.7660   3.4306  40.0000   2.1120   9.2557  0.99492E-05  0.00000E+00  0.99492E-05  0.00000E+00  0.79539E-05  0.24238E-40  0.79539E-05  0.00000E+00  0.10191E+01
    5.7660   3.4406  40.0000   2.1272   9.2827  0.92277E-05  0.00000E+00  0.92277E-05  0.00000E+00  0.73764E-05  0.90664E-41  0.73764E-05  0.00000E+00  0.10191E+01
    5.7660   3.4506  40.0000   2.1426   9.3096  0.85600E-05  0.00000E+00  0.85600E-05  0.00000E+00  0.68421E-05  0.33211E-41  0.68421E-05  0.00000E+00  0.10190E+01
    5.7660   3.4606  40.0000   2.1581   9.3366  0.79421E-05  0.00000E+00  0.79421E-05  0.00000E+00  0.63477E-05  0.12570E-41  0.63477E-05  0.00000E+00  0.10189E+01
    5.7660   3.4706  40.0000   2.1738   9.3636  0.73700E-05  0.00000E+00  0.73700E-05  0.00000E+00  0.58900E-05  0.44842E-42  0.58900E-05  0.00000E+00  0.10189E+01
    5.7660   3.4806  40.0000   2.1896   9.3906  0.68403E-05  0.00000E+00  0.68403E-05  0.00000E+00  0.54662E-05  0.17937E-42  0.54662E-05  0.00000E+00  0.10188E+01
    5.7660   3.4906  40.0000   2.2056   9.4176  0.63497E-05  0.00000E+00  0.63497E-05  0.00000E+00  0.50738E-05  0.89683E-43  0.50738E-05  0.00000E+00  0.10187E+01
    5.7660   3.5006  40.0000   2.2216   9.4445  0.58953E-05  0.00000E+00  0.58953E-05  0.00000E+00  0.47104E-05  0.00000E+00  0.47104E-05  0.00000E+00  0.10187E+01
    5.7660   3.5106  40.0000   2.2379   9.4715  0.54742E-05  0.00000E+00  0.54742E-05  0.00000E+00  0.43738E-05  0.00000E+00  0.43738E-05  0.00000E+00  0.10186E+01
    5.7660   3.5206  40.0000   2.2542   9.4985  0.50841E-05  0.00000E+00  0.50841E-05  0.00000E+00  0.40618E-05  0.00000E+00  0.40618E-05  0.00000E+00  0.10186E+01
    5.7660   3.5306  40.0000   2.2707   9.5255  0.47225E-05  0.00000E+00  0.47225E-05  0.00000E+00  0.37727E-05  0.00000E+00  0.37727E-05  0.00000E+00  0.10185E+01
    5.7660   3.5406  40.0000   2.2874   9.5525  0.43873E-05  0.00000E+00  0.43873E-05  0.00000E+00  0.35048E-05  0.00000E+00  0.35048E-05  0.00000E+00  0.10185E+01
    5.7660   3.5506  40.0000   2.3042   9.5794  0.40765E-05  0.00000E+00  0.40765E-05  0.00000E+00  0.32564E-05  0.00000E+00  0.32564E-05  0.00000E+00  0.10184E+01
    5.7660   3.5606  40.0000   2.3212   9.6064  0.37883E-05  0.00000E+00  0.37883E-05  0.00000E+00  0.30261E-05  0.00000E+00  0.30261E-05  0.00000E+00  0.10183E+01
    5.7660   3.5706  40.0000   2.3383   9.6334  0.35210E-05  0.00000E+00  0.35210E-05  0.00000E+00  0.28125E-05  0.00000E+00  0.28125E-05  0.00000E+00  0.10183E+01
    5.7660   3.5806  40.0000   2.3556   9.6604  0.32730E-05  0.00000E+00  0.32730E-05  0.00000E+00  0.26144E-05  0.00000E+00  0.26144E-05  0.00000E+00  0.10182E+01
    5.7660   3.5906  40.0000   2.3730   9.6874  0.30429E-05  0.00000E+00  0.30429E-05  0.00000E+00  0.24306E-05  0.00000E+00  0.24306E-05  0.00000E+00  0.10182E+01
    5.7660   3.6006  40.0000   2.3906   9.7143  0.28294E-05  0.00000E+00  0.28294E-05  0.00000E+00  0.22601E-05  0.00000E+00  0.22601E-05  0.00000E+00  0.10181E+01
    5.7660   3.6106  40.0000   2.4084   9.7413  0.26312E-05  0.00000E+00  0.26312E-05  0.00000E+00  0.21019E-05  0.00000E+00  0.21019E-05  0.00000E+00  0.10181E+01
    5.7660   3.6206  40.0000   2.4263   9.7683  0.24472E-05  0.00000E+00  0.24472E-05  0.00000E+00  0.19550E-05  0.00000E+00  0.19550E-05  0.00000E+00  0.10180E+01
    5.7660   3.6306  40.0000   2.4444   9.7953  0.22764E-05  0.00000E+00  0.22764E-05  0.00000E+00  0.18186E-05  0.00000E+00  0.18186E-05  0.00000E+00  0.10180E+01
    5.7660   3.6406  40.0000   2.4627   9.8223  0.21178E-05  0.00000E+00  0.21178E-05  0.00000E+00  0.16921E-05  0.00000E+00  0.16921E-05  0.00000E+00  0.10179E+01
    5.7660   3.6506  40.0000   2.4811   9.8492  0.19705E-05  0.00000E+00  0.19705E-05  0.00000E+00  0.15745E-05  0.00000E+00  0.15745E-05  0.00000E+00  0.10179E+01
    5.7660   3.6606  40.0000   2.4997   9.8762  0.18337E-05  0.00000E+00  0.18337E-05  0.00000E+00  0.14653E-05  0.00000E+00  0.14653E-05  0.00000E+00  0.10178E+01
    5.7660   3.6706  40.0000   2.5185   9.9032  0.17066E-05  0.00000E+00  0.17066E-05  0.00000E+00  0.13639E-05  0.00000E+00  0.13639E-05  0.00000E+00  0.10178E+01
    5.7660   3.6806  40.0000   2.5375   9.9302  0.15885E-05  0.00000E+00  0.15885E-05  0.00000E+00  0.12698E-05  0.00000E+00  0.12698E-05  0.00000E+00  0.10177E+01
    5.7660   3.6906  40.0000   2.5566   9.9571  0.14788E-05  0.00000E+00  0.14788E-05  0.00000E+00  0.11822E-05  0.00000E+00  0.11822E-05  0.00000E+00  0.10177E+01
    5.7660   3.7006  40.0000   2.5760   9.9841  0.13768E-05  0.00000E+00  0.13768E-05  0.00000E+00  0.11009E-05  0.00000E+00  0.11009E-05  0.00000E+00  0.10176E+01
    5.7660   3.7106  40.0000   2.5955  10.0111  0.12819E-05  0.00000E+00  0.12819E-05  0.00000E+00  0.10253E-05  0.00000E+00  0.10253E-05  0.00000E+00  0.10176E+01
    5.7660   3.7206  40.0000   2.6152  10.0381  0.11938E-05  0.00000E+00  0.11938E-05  0.00000E+00  0.95507E-06  0.00000E+00  0.95507E-06  0.00000E+00  0.10175E+01
    5.7660   3.7306  40.0000   2.6351  10.0651  0.11118E-05  0.00000E+00  0.11118E-05  0.00000E+00  0.88977E-06  0.00000E+00  0.88977E-06  0.00000E+00  0.10175E+01
