 Enter the input file name (in INP directory)
 filename=INP/clasFe56.inp                                                     
input files for EXTERNAL: runplan/target/output                         
RUNPLAN/clas_kin.inp                                                            
TARG/targ.Fe56                                                                  
OUT/clasFe56_details.out                                                        
 got here
 Reading parameters for Ioana's model
 Pauli suppression factors
  1.00 0.05 1.00 0.63 1.00 0.61 0.83 0.68 0.63 1.00 0.61 0.83
 Pauli suppression factors
  1.00 0.10 1.00 0.83 1.00 0.79 0.92 0.84 0.83 1.00 0.79 0.92
 Pauli suppression factors
  1.00 0.15 1.00 0.94 1.00 0.87 0.96 0.91 0.94 1.00 0.87 0.96
 Pauli suppression factors
  1.00 0.20 1.00 0.99 1.00 0.89 0.97 0.94 0.99 1.00 0.89 0.97
 Pauli suppression factors
  1.00 0.25 1.00 1.00 1.00 1.00 0.98 0.96 1.00 1.00 1.00 0.98
 Pauli suppression factors
  2.00 0.05 1.00 0.63 1.00 0.62 0.83 0.68 0.63 1.00 0.62 0.83
 Pauli suppression factors
  2.00 0.10 1.00 0.83 1.00 0.80 0.92 0.84 0.83 1.00 0.80 0.92
 Pauli suppression factors
  2.00 0.15 1.00 0.94 1.00 0.90 0.96 0.91 0.94 1.00 0.90 0.96
 Pauli suppression factors
  2.00 0.20 1.00 0.99 1.00 0.94 0.97 0.94 0.99 1.00 0.94 0.97
 Pauli suppression factors
  2.00 0.25 1.00 1.00 1.00 1.00 0.98 0.96 1.00 1.00 1.00 0.98
 Pauli suppression factors
  3.00 0.05 1.00 0.63 1.00 0.62 0.83 0.68 0.63 1.00 0.62 0.83
 Pauli suppression factors
  3.00 0.10 1.00 0.83 1.00 0.81 0.92 0.84 0.83 1.00 0.81 0.92
 Pauli suppression factors
  3.00 0.15 1.00 0.94 1.00 0.91 0.96 0.91 0.94 1.00 0.91 0.96
 Pauli suppression factors
  3.00 0.20 1.00 0.99 1.00 0.95 0.97 0.94 0.99 1.00 0.95 0.97
 Pauli suppression factors
  3.00 0.25 1.00 1.00 1.00 1.00 0.98 0.96 1.00 1.00 1.00 0.98
 Pauli suppression factors
  4.00 0.05 1.00 0.63 1.00 0.62 0.83 0.68 0.63 1.00 0.62 0.83
 Pauli suppression factors
  4.00 0.10 1.00 0.83 1.00 0.81 0.92 0.84 0.83 1.00 0.81 0.92
 Pauli suppression factors
  4.00 0.15 1.00 0.94 1.00 0.91 0.96 0.91 0.94 1.00 0.91 0.96
 Pauli suppression factors
  4.00 0.20 1.00 0.99 1.00 0.96 0.97 0.94 0.99 1.00 0.96 0.97
 Pauli suppression factors
  4.00 0.25 1.00 1.00 1.00 1.00 0.98 0.96 1.00 1.00 1.00 0.98
 Pauli suppression factors
  5.00 0.05 1.00 0.63 1.00 0.62 0.83 0.68 0.63 1.00 0.62 0.83
 Pauli suppression factors
  5.00 0.10 1.00 0.83 1.00 0.81 0.92 0.84 0.83 1.00 0.81 0.92
 Pauli suppression factors
  5.00 0.15 1.00 0.94 1.00 0.92 0.96 0.91 0.94 1.00 0.92 0.96
 Pauli suppression factors
  5.00 0.20 1.00 0.99 1.00 0.97 0.97 0.94 0.99 1.00 0.97 0.97
 Pauli suppression factors
  5.00 0.25 1.00 1.00 1.00 1.00 0.98 0.96 1.00 1.00 1.00 0.98
 e,ep,th,sigb,sigqe=    5.01    1.06   26.12  0.7814E+03  0.5454E+00
   5.014 26.124  1.09   12.51   15.12   23.28    9.37    0.17   32.82  0.620
   1.062  0.147  7.21    0.00    0.00 -100.00    0.00    0.00 -100.00 7.819E+02

    5.0140   1.0620  26.1236   0.1467   1.0879  0.77850E+03  0.77796E+03  0.54304E+00  0.10386E+04  0.13518E+01  0.73237E+02  0.96399E+03  0.10044E+01
 e,ep,th,sigb,sigqe=    5.01    1.67   21.03  0.1549E+04  0.1262E+01
   5.014 21.034  1.12    5.66    5.96   13.37    4.14    0.02   17.53  0.694
   1.675  0.179  6.03    0.00    0.00 -100.00    0.00    0.00 -100.00 1.550E+03

    5.0140   1.6750  21.0341   0.1786   1.1192  0.15452E+04  0.15440E+04  0.12579E+01  0.18215E+04  0.25205E+00  0.64174E+02  0.17571E+04  0.10030E+01
 e,ep,th,sigb,sigqe=    5.01    2.28   18.03  0.2756E+04  0.2208E+01
   5.014 18.032  1.12    3.29    3.22    7.04    2.44    0.00    9.48  0.758
   2.281  0.219  4.89    0.00    0.00 -100.00    0.00    0.00 -100.00 2.758E+03

    5.0140   2.2810  18.0323   0.2191   1.1235  0.27505E+04  0.27483E+04  0.22019E+01  0.30193E+04  0.10465E+00  0.67181E+02  0.29520E+04  0.10026E+01
 e,ep,th,sigb,sigqe=    5.01    2.60   17.08  0.3440E+04  0.1601E+01
   5.014 17.085  1.15    2.61    2.51    3.73    1.96    0.00    5.69  0.782
   2.604  0.255  4.25    0.00    0.00 -100.00    0.00    0.00 -100.00 3.442E+03

    5.0140   2.6040  17.0850   0.2548   1.1524  0.34316E+04  0.34300E+04  0.15963E+01  0.36374E+04  0.61666E-01  0.67508E+02  0.35699E+04  0.10029E+01
 e,ep,th,sigb,sigqe=    5.01    2.72   17.23  0.3262E+04  0.1746E+00
   5.014 17.226  1.22    2.34    2.23    1.85    1.76    0.00    3.61  0.789
   2.723  0.285  3.95    0.00    0.00 -100.00    0.00    0.00 -100.00 3.262E+03

    5.0140   2.7230  17.2255   0.2849   1.2248  0.32501E+04  0.32499E+04  0.17399E+00  0.33797E+04  0.29026E-01  0.57420E+02  0.33222E+04  0.10036E+01
 e,ep,th,sigb,sigqe=    5.01    0.63   37.03  0.2820E+03  0.1562E+00
   5.014 37.028  1.28   23.46   32.28   31.19   18.66    0.27   50.12  0.578
   0.631  0.155  7.83    0.00    0.00 -100.00    0.00    0.00 -100.00 2.822E+02

    5.0140   0.6310  37.0276   0.1551   1.2760  0.27938E+03  0.27923E+03  0.15464E+00  0.42358E+03  0.75194E+00  0.52651E+02  0.37017E+03  0.10100E+01
 e,ep,th,sigb,sigqe=    5.01    1.09   28.81  0.5298E+03  0.3009E+00
   5.014 28.810  1.35   10.26   12.03   19.62    7.75    0.03   27.39  0.644
   1.085  0.183  6.91    0.00    0.00 -100.00    0.00    0.00 -100.00 5.301E+02

    5.0140   1.0850  28.8103   0.1827   1.3468  0.52685E+03  0.52656E+03  0.29901E+00  0.67532E+03  0.16135E+00  0.41073E+02  0.63409E+03  0.10062E+01
 e,ep,th,sigb,sigqe=    5.01    1.68   23.27  0.1006E+04  0.5555E+00
   5.014 23.274  1.37    4.72    4.84   10.55    3.47    0.01   14.03  0.718
   1.678  0.219  5.77    0.00    0.00 -100.00    0.00    0.00 -100.00 1.007E+03

    5.0140   1.6780  23.2744   0.2187   1.3693  0.10020E+04  0.10015E+04  0.55301E+00  0.11478E+04  0.73651E-01  0.34952E+02  0.11127E+04  0.10045E+01
 e,ep,th,sigb,sigqe=    5.01    2.20   20.25  0.1631E+04  0.5712E+00
   5.014 20.251  1.37    2.91    2.80    5.29    2.15    0.00    7.44  0.766
   2.205  0.259  4.78    0.00    0.00 -100.00    0.00    0.00 -100.00 1.632E+03

    5.0140   2.2050  20.2512   0.2593   1.3669  0.16248E+04  0.16242E+04  0.56878E+00  0.17529E+04  0.39041E-01  0.35025E+02  0.17178E+04  0.10042E+01
 e,ep,th,sigb,sigqe=    5.01    2.49   19.23  0.1953E+04 -0.5842E-02
   5.014 19.227  1.39    2.36    2.24    2.40    1.76    0.00    4.16  0.785
   2.493  0.295  4.22    0.00    0.00 -100.00    0.00    0.00 -100.00 1.953E+03

    5.0140   2.4930  19.2269   0.2948   1.3944  0.19442E+04  0.19442E+04 -0.58160E-02  0.20342E+04  0.16039E-01  0.34296E+02  0.19998E+04  0.10045E+01
 e,ep,th,sigb,sigqe=    5.01    2.60   19.38  0.1806E+04 -0.3894E+00
   5.014 19.382  1.47    2.15    2.02    0.74    1.63    0.00    2.36  0.804
   2.595  0.325  3.95    0.00    0.00 -100.00    0.00    0.00 -100.00 1.806E+03

    5.0140   2.5950  19.3817   0.3249   1.4747  0.17963E+04  0.17967E+04 -0.38731E+00  0.18487E+04  0.52477E-02  0.29363E+02  0.18194E+04  0.10054E+01
 e,ep,th,sigb,sigqe=    5.01    0.80   36.00  0.2660E+03  0.1184E+00
   5.014 35.995  1.54   14.99   18.97   24.00   11.71    0.04   35.75  0.617
   0.803  0.195  7.25    0.00    0.00 -100.00    0.00    0.00 -100.00 2.661E+02

    5.0140   0.8030  35.9955   0.1946   1.5375  0.26350E+03  0.26338E+03  0.11724E+00  0.36125E+03  0.10180E+00  0.31154E+02  0.32999E+03  0.10100E+01
 e,ep,th,sigb,sigqe=    5.01    1.13   30.93  0.3827E+03  0.1514E+00
   5.014 30.927  1.61    8.34    9.44   15.80    6.32    0.01   22.14  0.670
   1.128  0.221  6.56    0.00    0.00 -100.00    0.00    0.00 -100.00 3.828E+02

    5.0140   1.1280  30.9266   0.2205   1.6082  0.37986E+03  0.37971E+03  0.15024E+00  0.46762E+03  0.56581E-01  0.24215E+02  0.44334E+03  0.10079E+01
 e,ep,th,sigb,sigqe=    5.01    1.68   25.36  0.6752E+03  0.1861E+00
   5.014 25.360  1.62    4.06    4.05    8.09    2.99    0.00   11.08  0.737
   1.678  0.259  5.52    0.00    0.00 -100.00    0.00    0.00 -100.00 6.754E+02

    5.0140   1.6780  25.3598   0.2590   1.6215  0.67125E+03  0.67107E+03  0.18497E+00  0.75029E+03  0.27148E-01  0.20175E+02  0.73009E+03  0.10062E+01
 e,ep,th,sigb,sigqe=    5.01    2.13   22.45  0.9929E+03  0.1150E-01
   5.014 22.451  1.62    2.67    2.52    3.72    1.95    0.00    5.68  0.774
   2.131  0.299  4.67    0.00    0.00 -100.00    0.00    0.00 -100.00 9.929E+02

    5.0140   2.1310  22.4511   0.2994   1.6197  0.98703E+03  0.98702E+03  0.11434E-01  0.10493E+04  0.93786E-02  0.19372E+02  0.10299E+04  0.10060E+01
 e,ep,th,sigb,sigqe=    5.01    2.38   21.38  0.1143E+04 -0.2041E+00
   5.014 21.377  1.64    2.22    2.07    1.26    1.65    0.00    2.91  0.800
   2.384  0.333  4.17    0.00    0.00 -100.00    0.00    0.00 -100.00 1.143E+03

    5.0140   2.3840  21.3773   0.3333   1.6448  0.11360E+04  0.11362E+04 -0.20281E+00  0.11765E+04  0.27608E-02  0.18914E+02  0.11576E+04  0.10064E+01
 e,ep,th,sigb,sigqe=    5.01    0.86   37.86  0.2029E+03  0.5995E-01
   5.014 37.858  1.81   12.06   14.68   19.44    9.45    0.02   28.92  0.644
   0.857  0.232  6.87    0.00    0.00 -100.00    0.00    0.00 -100.00 2.030E+02

    5.0140   0.8570  37.8581   0.2319   1.8088  0.20064E+03  0.20058E+03  0.59248E-01  0.26171E+03  0.40776E-01  0.19189E+02  0.24248E+03  0.10118E+01
 e,ep,th,sigb,sigqe=    5.01    1.17   32.73  0.2841E+03  0.6065E-01
   5.014 32.727  1.87    6.87    7.50   12.36    5.22    0.01   17.58  0.695
   1.174  0.259  6.22    0.00    0.00 -100.00    0.00    0.00 -100.00 2.842E+02

    5.0140   1.1740  32.7272   0.2594   1.8689  0.28141E+03  0.28135E+03  0.60066E-01  0.33412E+03  0.20459E-01  0.14832E+02  0.31926E+03  0.10097E+01
 e,ep,th,sigb,sigqe=    5.01    1.68   27.23  0.4684E+03  0.1970E-01
   5.014 27.232  1.87    3.58    3.48    5.92    2.62    0.00    8.55  0.754
   1.682  0.299  5.26    0.00    0.00 -100.00    0.00    0.00 -100.00 4.684E+02

    5.0140   1.6820  27.2317   0.2990   1.8695  0.46458E+03  0.46456E+03  0.19537E-01  0.50842E+03  0.64821E-02  0.12288E+02  0.49613E+03  0.10082E+01
 e,ep,th,sigb,sigqe=    5.01    2.08   24.48  0.6328E+03 -0.7660E-01
   5.014 24.483  1.87    2.48    2.31    2.25    1.83    0.00    4.08  0.791
   2.075  0.339  4.52    0.00    0.00 -100.00    0.00    0.00 -100.00 6.327E+02

    5.0140   2.0750  24.4825   0.3392   1.8709  0.62766E+03  0.62773E+03 -0.75994E-01  0.65851E+03  0.14714E-02  0.11564E+02  0.64695E+03  0.10080E+01
 e,ep,th,sigb,sigqe=    5.01    2.27   23.62  0.6768E+03 -0.1310E+00
   5.014 23.617  1.91    2.14    1.97    0.27    1.60    0.00    1.87  0.812
   2.272  0.371  4.12    0.00    0.00 -100.00    0.00    0.00 -100.00 6.766E+02

    5.0140   2.2720  23.6167   0.3709   1.9082  0.67087E+03  0.67100E+03 -0.12991E+00  0.68926E+03  0.45132E-03  0.10837E+02  0.67842E+03  0.10086E+01
 e,ep,th,sigb,sigqe=    5.01    0.89   39.91  0.1525E+03  0.2296E-01
   5.014 39.914  2.08   10.23   12.09   15.84    8.06    0.01   23.91  0.667
   0.890  0.269  6.54    0.00    0.00 -100.00    0.00    0.00 -100.00 1.525E+02

    5.0140   0.8900  39.9139   0.2687   2.0794  0.15037E+03  0.15034E+03  0.22636E-01  0.18895E+03  0.13396E-01  0.12293E+02  0.17665E+03  0.10142E+01
 e,ep,th,sigb,sigqe=    5.01    1.23   34.16  0.2165E+03  0.1077E-01
   5.014 34.161  2.12    5.73    6.02    9.26    4.34    0.00   13.60  0.720
   1.227  0.299  5.86    0.00    0.00 -100.00    0.00    0.00 -100.00 2.165E+02

    5.0140   1.2270  34.1606   0.2987   2.1229  0.21395E+03  0.21394E+03  0.10643E-01  0.24591E+03  0.47542E-02  0.93870E+01  0.23652E+03  0.10118E+01
 e,ep,th,sigb,sigqe=    5.01    1.68   29.01  0.3277E+03 -0.2084E-01
   5.014 29.011  2.12    3.22    3.07    4.01    2.37    0.00    6.38  0.772
   1.684  0.339  5.01    0.00    0.00 -100.00    0.00    0.00 -100.00 3.277E+02

    5.0140   1.6840  29.0107   0.3391   2.1188  0.32434E+03  0.32436E+03 -0.20626E-01  0.34861E+03  0.10140E-02  0.77694E+01  0.34084E+03  0.10103E+01
 e,ep,th,sigb,sigqe=    5.01    2.03   26.38  0.4146E+03 -0.5777E-01
   5.014 26.378  2.12    2.35    2.16    0.87    1.74    0.00    2.60  0.806
   2.033  0.379  4.35    0.00    0.00 -100.00    0.00    0.00 -100.00 4.145E+02

    5.0140   2.0330  26.3778   0.3794   2.1226  0.41031E+03  0.41037E+03 -0.57186E-01  0.42530E+03  0.27755E-03  0.72007E+01  0.41810E+03  0.10102E+01
 e,ep,th,sigb,sigqe=    5.01    2.16   25.98  0.4035E+03 -0.3396E-01
   5.014 25.980  2.18    2.12    1.93   -0.58    1.58    0.00    1.00  0.820
   2.156  0.407  4.06    0.00    0.00 -100.00    0.00    0.00 -100.00 4.035E+02

    5.0140   2.1560  25.9796   0.4074   2.1847  0.39913E+03  0.39916E+03 -0.33593E-01  0.40751E+03  0.18220E-03  0.63946E+01  0.40112E+03  0.10109E+01
 e,ep,th,sigb,sigqe=    5.01    0.92   41.80  0.1157E+03  0.3551E-02
   5.014 41.804  2.34    8.91   10.23   12.73    7.04    0.00   19.78  0.689
   0.918  0.305  6.22    0.00    0.00 -100.00    0.00    0.00 -100.00 1.157E+02

    5.0140   0.9180  41.8036   0.3049   2.3435  0.11374E+03  0.11374E+03  0.34927E-02  0.13853E+03  0.30528E-02  0.81459E+01  0.13038E+03  0.10168E+01
 e,ep,th,sigb,sigqe=    5.01    1.29   35.31  0.1669E+03 -0.5196E-02
   5.014 35.306  2.37    4.82    4.89    6.49    3.64    0.00   10.13  0.745
   1.286  0.339  5.50    0.00    0.00 -100.00    0.00    0.00 -100.00 1.669E+02

    5.0140   1.2860  35.3059   0.3390   2.3719  0.16462E+03  0.16463E+03 -0.51238E-02  0.18384E+03  0.73553E-03  0.60790E+01  0.17776E+03  0.10140E+01
 e,ep,th,sigb,sigqe=    5.01    1.68   30.78  0.2283E+03 -0.2028E-01
   5.014 30.782  2.37    2.98    2.78    2.33    2.20    0.00    4.53  0.789
   1.680  0.379  4.76    0.00    0.00 -100.00    0.00    0.00 -100.00 2.283E+02

    5.0140   1.6800  30.7819   0.3793   2.3734  0.22538E+03  0.22540E+03 -0.20026E-01  0.23860E+03  0.21235E-03  0.50168E+01  0.23358E+03  0.10128E+01
 e,ep,th,sigb,sigqe=    5.01    1.97   28.42  0.2698E+03 -0.1181E-01
   5.014 28.417  2.38    2.29    2.09   -0.22    1.70    0.00    1.49  0.815
   1.970  0.417  4.21    0.00    0.00 -100.00    0.00    0.00 -100.00 2.698E+02

    5.0140   1.9700  28.4174   0.4167   2.3804  0.26643E+03  0.26644E+03 -0.11665E-01  0.27378E+03  0.13407E-03  0.45921E+01  0.26919E+03  0.10125E+01
 e,ep,th,sigb,sigqe=    5.01    2.05   28.40  0.2434E+03  0.5114E-01
   5.014 28.404  2.47    2.13    1.92   -1.47    1.61    0.00    0.14  0.837
   2.050  0.445  3.97    0.00    0.00 -100.00    0.00    0.00 -100.00 2.434E+02

    5.0140   2.0500  28.4042   0.4449   2.4748  0.24023E+03  0.24018E+03  0.50462E-01  0.24379E+03  0.77299E-04  0.39212E+01  0.23987E+03  0.10134E+01
 e,ep,th,sigb,sigqe=    5.01    0.74   48.69  0.7337E+02  0.4793E-03
   5.014 48.687  2.53   12.23   14.99   15.51   10.00    0.00   25.51  0.667
   0.741  0.315  6.37    0.00    0.00 -100.00    0.00    0.00 -100.00 7.337E+01

    5.0140   0.7410  48.6865   0.3149   2.5251  0.71770E+02  0.71770E+02  0.46884E-03  0.92085E+02  0.17881E-02  0.73376E+01  0.84746E+02  0.10222E+01
 e,ep,th,sigb,sigqe=    5.01    0.96   43.20  0.8962E+02 -0.1564E-02
   5.014 43.198  2.60    7.68    8.54    9.73    6.09    0.00   15.82  0.713
   0.958  0.342  5.89    0.00    0.00 -100.00    0.00    0.00 -100.00 8.962E+01

    5.0140   0.9580  43.1976   0.3421   2.6035  0.87907E+02  0.87909E+02 -0.15339E-02  0.10380E+03  0.52252E-03  0.54548E+01  0.98340E+02  0.10195E+01
 e,ep,th,sigb,sigqe=    5.01    1.33   36.58  0.1260E+03 -0.6701E-02
   5.014 36.581  2.62    4.23    4.16    4.26    3.20    0.00    7.46  0.767
   1.327  0.379  5.18    0.00    0.00 -100.00    0.00    0.00 -100.00 1.260E+02

    5.0140   1.3270  36.5807   0.3789   2.6213  0.12397E+03  0.12398E+03 -0.65923E-02  0.13541E+03  0.17319E-03  0.40270E+01  0.13138E+03  0.10164E+01
 e,ep,th,sigb,sigqe=    5.01    1.68   32.37  0.1619E+03 -0.5669E-02
   5.014 32.371  2.62    2.78    2.56    0.82    2.07    0.00    2.88  0.805
   1.682  0.419  4.51    0.00    0.00 -100.00    0.00    0.00 -100.00 1.619E+02

    5.0140   1.6820  32.3706   0.4192   2.6211  0.15947E+03  0.15948E+03 -0.55842E-02  0.16655E+03  0.10146E-03  0.33435E+01  0.16321E+03  0.10151E+01
 e,ep,th,sigb,sigqe=    5.01    1.88   30.68  0.1748E+03  0.3630E-01
   5.014 30.678  2.64    2.32    2.10   -1.06    1.74    0.00    0.68  0.830
   1.884  0.450  4.11    0.00    0.00 -100.00    0.00    0.00 -100.00 1.748E+02

    5.0140   1.8840  30.6781   0.4502   2.6441  0.17219E+03  0.17215E+03  0.35760E-01  0.17599E+03  0.54818E-04  0.30415E+01  0.17295E+03  0.10152E+01
 e,ep,th,sigb,sigqe=    5.01    0.79   49.83  0.5762E+02 -0.8811E-03
   5.014 49.835  2.80   10.38   12.28   11.87    8.52    0.00   20.39  0.694
   0.787  0.353  6.01    0.00    0.00 -100.00    0.00    0.00 -100.00 5.762E+01

    5.0140   0.7870  49.8348   0.3532   2.8017  0.56205E+02  0.56206E+02 -0.85942E-03  0.69373E+02  0.30839E-03  0.49119E+01  0.64461E+02  0.10252E+01
 e,ep,th,sigb,sigqe=    5.01    0.98   44.88  0.6756E+02 -0.1978E-02
   5.014 44.878  2.87    6.88    7.46    7.28    5.49    0.00   12.77  0.735
   0.982  0.379  5.58    0.00    0.00 -100.00    0.00    0.00 -100.00 6.756E+01

    5.0140   0.9820  44.8778   0.3792   2.8694  0.66067E+02  0.66069E+02 -0.19348E-02  0.76180E+02  0.14893E-03  0.37059E+01  0.72474E+02  0.10225E+01
 e,ep,th,sigb,sigqe=    5.01    1.36   37.90  0.9371E+02 -0.2671E-02
   5.014 37.895  2.87    3.80    3.66    2.36    2.88    0.00    5.24  0.788
   1.359  0.419  4.87    0.00    0.00 -100.00    0.00    0.00 -100.00 9.370E+01

    5.0140   1.3590  37.8950   0.4190   2.8736  0.91956E+02  0.91959E+02 -0.26208E-02  0.98615E+02  0.80627E-04  0.27012E+01  0.95913E+02  0.10190E+01
 e,ep,th,sigb,sigqe=    5.01    1.67   34.03  0.1134E+03  0.2572E-01
   5.014 34.035  2.88    2.65    2.42   -0.58    2.00    0.00    1.42  0.824
   1.674  0.459  4.27    0.00    0.00 -100.00    0.00    0.00 -100.00 1.134E+02

    5.0140   1.6740  34.0348   0.4588   2.8756  0.11145E+03  0.11143E+03  0.25271E-01  0.11506E+03  0.31024E-04  0.22667E+01  0.11279E+03  0.10178E+01
 e,ep,th,sigb,sigqe=    5.01    1.77   33.54  0.1063E+03  0.6740E-01
   5.014 33.545  2.95    2.41    2.18   -1.82    1.85    0.00    0.03  0.850
   1.769  0.485  4.02    0.00    0.00 -100.00    0.00    0.00 -100.00 1.063E+02

    5.0140   1.7690  33.5447   0.4852   2.9544  0.10441E+03  0.10434E+03  0.66183E-01  0.10635E+03  0.63942E-05  0.19674E+01  0.10438E+03  0.10183E+01
 e,ep,th,sigb,sigqe=    5.01    0.87   49.29  0.4907E+02 -0.1129E-02
   5.014 49.292  3.04    8.24    9.27    8.08    6.74    0.00   14.82  0.727
   0.872  0.391  5.61    0.00    0.00 -100.00    0.00    0.00 -100.00 4.907E+01

    5.0140   0.8720  49.2916   0.3913   3.0412  0.47790E+02  0.47791E+02 -0.10991E-02  0.56346E+02  0.11392E-03  0.33070E+01  0.53038E+02  0.10268E+01
 e,ep,th,sigb,sigqe=    5.01    1.02   45.92  0.5218E+02 -0.1028E-02
   5.014 45.920  3.13    6.02    6.34    4.83    4.81    0.00    9.64  0.760
   1.025  0.418  5.24    0.00    0.00 -100.00    0.00    0.00 -100.00 5.218E+01

    5.0140   1.0250  45.9196   0.4179   3.1281  0.50894E+02  0.50895E+02 -0.10030E-02  0.57215E+02  0.67899E-04  0.25118E+01  0.54703E+02  0.10253E+01
 e,ep,th,sigb,sigqe=    5.01    1.38   39.20  0.6924E+02  0.1010E-01
   5.014 39.205  3.12    3.49    3.30    0.68    2.68    0.00    3.36  0.811
   1.384  0.459  4.57    0.00    0.00 -100.00    0.00    0.00 -100.00 6.925E+01

    5.0140   1.3840  39.2048   0.4586   3.1242  0.67781E+02  0.67771E+02  0.98882E-02  0.71574E+02  0.22400E-04  0.18558E+01  0.69719E+02  0.10217E+01
 e,ep,th,sigb,sigqe=    5.01    1.61   36.30  0.7686E+02  0.4780E-01
   5.014 36.297  3.14    2.69    2.46   -1.49    2.07    0.00    0.58  0.843
   1.613  0.492  4.12    0.00    0.00 -100.00    0.00    0.00 -100.00 7.691E+01

    5.0140   1.6130  36.2968   0.4918   3.1386  0.75343E+02  0.75296E+02  0.46824E-01  0.77359E+02  0.14238E-05  0.15931E+01  0.75765E+02  0.10208E+01
 e,ep,th,sigb,sigqe=    5.01    0.94   49.28  0.3983E+02 -0.3184E-03
   5.014 49.278  3.29    6.78    7.31    5.00    5.54    0.00   10.54  0.758
   0.945  0.431  5.22    0.00    0.00 -100.00    0.00    0.00 -100.00 3.983E+01

    5.0140   0.9450  49.2783   0.4314   3.2942  0.38710E+02  0.38710E+02 -0.30945E-03  0.44028E+02  0.44529E-04  0.22066E+01  0.41821E+02  0.10290E+01
 e,ep,th,sigb,sigqe=    5.01    1.07   46.79  0.4012E+02  0.3495E-02
   5.014 46.788  3.39    5.29    5.41    2.60    4.25    0.00    6.86  0.786
   1.071  0.458  4.89    0.00    0.00 -100.00    0.00    0.00 -100.00 4.012E+01

    5.0140   1.0710  46.7880   0.4577   3.3863  0.39027E+02  0.39023E+02  0.33995E-02  0.42872E+02  0.16834E-04  0.17071E+01  0.41165E+02  0.10281E+01
 e,ep,th,sigb,sigqe=    5.01    1.41   40.40  0.5084E+02  0.3043E-01
   5.014 40.404  3.38    3.23    3.01   -0.96    2.52    0.00    1.56  0.836
   1.412  0.500  4.26    0.00    0.00 -100.00    0.00    0.00 -100.00 5.087E+01

    5.0140   1.4120  40.4038   0.4996   3.3771  0.49656E+02  0.49626E+02  0.29705E-01  0.51661E+02  0.17936E-06  0.12824E+01  0.50379E+02  0.10244E+01
 e,ep,th,sigb,sigqe=    5.01    1.51   39.50  0.4813E+02  0.5451E-01
   5.014 39.496  3.45    2.87    2.64   -2.28    2.27    0.00   -0.00  0.862
   1.508  0.525  4.01    0.00    0.00 -100.00    0.00    0.00 -100.00 4.818E+01

    5.0140   1.5080  39.4964   0.5248   3.4529  0.47001E+02  0.46948E+02  0.53171E-01  0.48181E+02  0.55787E-07  0.10944E+01  0.47087E+02  0.10252E+01
 e,ep,th,sigb,sigqe=    5.01    1.01   49.51  0.3169E+02  0.4972E-02
   5.014 49.512  3.54    5.78    6.02    2.52    4.74    0.00    7.26  0.788
   1.007  0.471  4.86    0.00    0.00 -100.00    0.00    0.00 -100.00 3.169E+01

    5.0140   1.0070  49.5122   0.4710   3.5416  0.30729E+02  0.30724E+02  0.48210E-02  0.33991E+02  0.66707E-05  0.15030E+01  0.32488E+02  0.10313E+01
 e,ep,th,sigb,sigqe=    5.01    1.16   46.33  0.3263E+02  0.1533E-01
   5.014 46.333  3.62    4.38    4.29    0.17    3.54    0.00    3.70  0.824
   1.165  0.501  4.49    0.00    0.00 -100.00    0.00    0.00 -100.00 3.265E+01

    5.0140   1.1650  46.3335   0.5007   3.6162  0.31695E+02  0.31680E+02  0.14883E-01  0.33856E+02  0.12875E-06  0.11546E+01  0.32701E+02  0.10300E+01
 e,ep,th,sigb,sigqe=    5.01    1.36   42.86  0.3547E+02  0.3782E-01
   5.014 42.859  3.64    3.33    3.12   -1.86    2.67    0.00    0.80  0.854
   1.358  0.530  4.11    0.00    0.00 -100.00    0.00    0.00 -100.00 3.551E+01

    5.0140   1.3580  42.8591   0.5299   3.6356  0.34529E+02  0.34492E+02  0.36774E-01  0.35792E+02  0.35463E-07  0.94693E+00  0.34845E+02  0.10283E+01
 e,ep,th,sigb,sigqe=    5.01    1.11   48.69  0.2590E+02  0.1596E-01
   5.014 48.685  3.78    4.68    4.66   -0.10    3.87    0.00    3.77  0.830
   1.108  0.515  4.43    0.00    0.00 -100.00    0.00    0.00 -100.00 2.592E+01

    5.0140   1.1080  48.6854   0.5151   3.7756  0.25088E+02  0.25072E+02  0.15451E-01  0.26897E+02  0.57404E-07  0.10019E+01  0.25895E+02  0.10332E+01
 e,ep,th,sigb,sigqe=    5.01    1.21   47.00  0.2492E+02  0.2750E-01
   5.014 47.002  3.86    3.96    3.82   -1.62    3.26    0.00    1.65  0.854
   1.209  0.540  4.16    0.00    0.00 -100.00    0.00    0.00 -100.00 2.495E+01

    5.0140   1.2090  47.0024   0.5400   3.8558  0.24149E+02  0.24122E+02  0.26619E-01  0.25360E+02  0.17449E-07  0.81439E+00  0.24546E+02  0.10331E+01
