 Enter the input file name (in INP directory)
 filename=INP/clasC12.inp                                                      
input files for EXTERNAL: runplan/target/output                         
RUNPLAN/clas_kin.inp                                                            
TARG/targ.C12                                                                   
OUT/clasC12_details.out                                                         
 got here
 Reading parameters for Ioana's model
 Pauli suppression factors
  1.00 0.05 1.00 0.63 1.00 0.61 0.83 0.68 0.63 1.00 0.61 0.83
 Pauli suppression factors
  1.00 0.10 1.00 0.83 1.00 0.79 0.92 0.84 0.83 1.00 0.79 0.92
 Pauli suppression factors
  1.00 0.15 1.00 0.94 1.00 0.87 0.96 0.91 0.94 1.00 0.87 0.96
 Pauli suppression factors
  1.00 0.20 1.00 0.99 1.00 0.89 0.97 0.94 0.99 1.00 0.89 0.97
 Pauli suppression factors
  1.00 0.25 1.00 1.00 1.00 1.00 0.98 0.96 1.00 1.00 1.00 0.98
 Pauli suppression factors
  2.00 0.05 1.00 0.63 1.00 0.62 0.83 0.68 0.63 1.00 0.62 0.83
 Pauli suppression factors
  2.00 0.10 1.00 0.83 1.00 0.80 0.92 0.84 0.83 1.00 0.80 0.92
 Pauli suppression factors
  2.00 0.15 1.00 0.94 1.00 0.90 0.96 0.91 0.94 1.00 0.90 0.96
 Pauli suppression factors
  2.00 0.20 1.00 0.99 1.00 0.94 0.97 0.94 0.99 1.00 0.94 0.97
 Pauli suppression factors
  2.00 0.25 1.00 1.00 1.00 1.00 0.98 0.96 1.00 1.00 1.00 0.98
 Pauli suppression factors
  3.00 0.05 1.00 0.63 1.00 0.62 0.83 0.68 0.63 1.00 0.62 0.83
 Pauli suppression factors
  3.00 0.10 1.00 0.83 1.00 0.81 0.92 0.84 0.83 1.00 0.81 0.92
 Pauli suppression factors
  3.00 0.15 1.00 0.94 1.00 0.91 0.96 0.91 0.94 1.00 0.91 0.96
 Pauli suppression factors
  3.00 0.20 1.00 0.99 1.00 0.95 0.97 0.94 0.99 1.00 0.95 0.97
 Pauli suppression factors
  3.00 0.25 1.00 1.00 1.00 1.00 0.98 0.96 1.00 1.00 1.00 0.98
 Pauli suppression factors
  4.00 0.05 1.00 0.63 1.00 0.62 0.83 0.68 0.63 1.00 0.62 0.83
 Pauli suppression factors
  4.00 0.10 1.00 0.83 1.00 0.81 0.92 0.84 0.83 1.00 0.81 0.92
 Pauli suppression factors
  4.00 0.15 1.00 0.94 1.00 0.91 0.96 0.91 0.94 1.00 0.91 0.96
 Pauli suppression factors
  4.00 0.20 1.00 0.99 1.00 0.96 0.97 0.94 0.99 1.00 0.96 0.97
 Pauli suppression factors
  4.00 0.25 1.00 1.00 1.00 1.00 0.98 0.96 1.00 1.00 1.00 0.98
 Pauli suppression factors
  5.00 0.05 1.00 0.63 1.00 0.62 0.83 0.68 0.63 1.00 0.62 0.83
 Pauli suppression factors
  5.00 0.10 1.00 0.83 1.00 0.81 0.92 0.84 0.83 1.00 0.81 0.92
 Pauli suppression factors
  5.00 0.15 1.00 0.94 1.00 0.92 0.96 0.91 0.94 1.00 0.92 0.96
 Pauli suppression factors
  5.00 0.20 1.00 0.99 1.00 0.97 0.97 0.94 0.99 1.00 0.97 0.97
 Pauli suppression factors
  5.00 0.25 1.00 1.00 1.00 1.00 0.98 0.96 1.00 1.00 1.00 0.98
 e,ep,th,sigb,sigqe=    5.01    1.05   26.23  0.1620E+03  0.1113E+00
   5.014 26.226  1.09   13.58   16.42   23.98   10.24    0.76   34.98  0.623
   1.055  0.147  7.22    0.00    0.00 -100.00    0.00    0.00 -100.00 1.621E+02

    5.0140   1.0550  26.2256   0.1466   1.0890  0.16192E+03  0.16181E+03  0.11117E+00  0.21884E+03  0.12291E+01  0.16597E+02  0.20101E+03  0.10013E+01
 e,ep,th,sigb,sigqe=    5.01    1.67   21.07  0.3217E+03  0.2602E+00
   5.014 21.068  1.12    6.11    6.42   13.98    4.47    0.13   18.59  0.697
   1.671  0.179  6.03    0.00    0.00 -100.00    0.00    0.00 -100.00 3.220E+02

    5.0140   1.6710  21.0676   0.1785   1.1201  0.32168E+03  0.32142E+03  0.26001E+00  0.38181E+03  0.42085E+00  0.14407E+02  0.36699E+03  0.10009E+01
 e,ep,th,sigb,sigqe=    5.01    2.27   18.09  0.5655E+03  0.4521E+00
   5.014 18.093  1.13    3.54    3.47    7.68    2.63    0.02   10.33  0.758
   2.272  0.219  4.90    0.00    0.00 -100.00    0.00    0.00 -100.00 5.659E+02

    5.0140   2.2720  18.0929   0.2189   1.1266  0.56551E+03  0.56506E+03  0.45173E+00  0.62439E+03  0.12344E+00  0.14876E+02  0.60939E+03  0.10008E+01
 e,ep,th,sigb,sigqe=    5.01    2.60   17.12  0.7085E+03  0.3302E+00
   5.014 17.121  1.16    2.80    2.69    4.39    2.11    0.01    6.50  0.784
   2.599  0.255  4.26    0.00    0.00 -100.00    0.00    0.00 -100.00 7.089E+02

    5.0140   2.5990  17.1214   0.2549   1.1550  0.70827E+03  0.70794E+03  0.32993E+00  0.75495E+03  0.38707E-01  0.14945E+02  0.73996E+03  0.10008E+01
 e,ep,th,sigb,sigqe=    5.01    2.72   17.23  0.6801E+03  0.3654E-01
   5.014 17.226  1.22    2.50    2.38    2.56    1.89    0.00    4.45  0.791
   2.723  0.285  3.95    0.00    0.00 -100.00    0.00    0.00 -100.00 6.802E+02

    5.0140   2.7230  17.2255   0.2849   1.2248  0.67946E+03  0.67942E+03  0.36507E-01  0.71044E+03  0.12730E-01  0.12827E+02  0.69760E+03  0.10010E+01
 e,ep,th,sigb,sigqe=    5.01    0.63   37.03  0.5973E+02  0.3234E-01
   5.014 37.028  1.28   25.04   34.44   31.98   20.23    1.35   53.56  0.588
   0.631  0.155  7.83    0.00    0.00 -100.00    0.00    0.00 -100.00 5.976E+01

    5.0140   0.6310  37.0276   0.1551   1.2760  0.59582E+02  0.59550E+02  0.32249E-01  0.91767E+02  0.80377E+00  0.12091E+02  0.78873E+02  0.10030E+01
 e,ep,th,sigb,sigqe=    5.01    1.08   28.92  0.1106E+03  0.6160E-01
   5.014 28.922  1.35   11.03   12.94   20.54    8.40    0.25   29.19  0.649
   1.078  0.183  6.92    0.00    0.00 -100.00    0.00    0.00 -100.00 1.106E+02

    5.0140   1.0780  28.9216   0.1825   1.3482  0.11043E+03  0.11036E+03  0.61485E-01  0.14292E+03  0.27875E+00  0.92882E+01  0.13335E+03  0.10018E+01
 e,ep,th,sigb,sigqe=    5.01    1.68   23.28  0.2115E+03  0.1156E+00
   5.014 23.276  1.37    5.02    5.14   11.24    3.71    0.04   14.98  0.721
   1.678  0.219  5.77    0.00    0.00 -100.00    0.00    0.00 -100.00 2.116E+02

    5.0140   1.6780  23.2763   0.2188   1.3695  0.21134E+03  0.21122E+03  0.11547E+00  0.24332E+03  0.81284E-01  0.78421E+01  0.23540E+03  0.10013E+01
 e,ep,th,sigb,sigqe=    5.01    2.20   20.25  0.3418E+03  0.1192E+00
   5.014 20.252  1.37    3.10    2.98    5.97    2.29    0.01    8.26  0.769
   2.205  0.259  4.78    0.00    0.00 -100.00    0.00    0.00 -100.00 3.419E+02

    5.0140   2.2050  20.2523   0.2593   1.3670  0.34149E+03  0.34137E+03  0.11903E+00  0.37016E+03  0.21979E-01  0.78271E+01  0.36231E+03  0.10012E+01
 e,ep,th,sigb,sigqe=    5.01    2.49   19.24  0.4083E+03  0.5963E-03
   5.014 19.242  1.39    2.52    2.38    3.18    1.87    0.00    5.05  0.787
   2.489  0.294  4.22    0.00    0.00 -100.00    0.00    0.00 -100.00 4.083E+02

    5.0140   2.4890  19.2420   0.2943   1.3944  0.40776E+03  0.40776E+03  0.59555E-03  0.42893E+03  0.65434E-02  0.76479E+01  0.42127E+03  0.10013E+01
 e,ep,th,sigb,sigqe=    5.01    2.60   19.38  0.3803E+03 -0.8170E-01
   5.014 19.382  1.47    2.27    2.14    1.54    1.72    0.00    3.26  0.806
   2.595  0.325  3.95    0.00    0.00 -100.00    0.00    0.00 -100.00 3.803E+02

    5.0140   2.5950  19.3817   0.3249   1.4747  0.37965E+03  0.37973E+03 -0.81568E-01  0.39266E+03  0.21198E-02  0.65472E+01  0.38611E+03  0.10016E+01
 e,ep,th,sigb,sigqe=    5.01    0.80   36.02  0.5646E+02  0.2457E-01
   5.014 36.017  1.54   15.89   20.11   25.10   12.55    0.29   37.95  0.624
   0.802  0.195  7.25    0.00    0.00 -100.00    0.00    0.00 -100.00 5.648E+01

    5.0140   0.8020  36.0173   0.1945   1.5374  0.56314E+02  0.56289E+02  0.24494E-01  0.77914E+02  0.16385E+00  0.70890E+01  0.70661E+02  0.10030E+01
 e,ep,th,sigb,sigqe=    5.01    1.12   30.99  0.8075E+02  0.3132E-01
   5.014 30.991  1.61    8.85   10.02   16.84    6.77    0.07   23.68  0.676
   1.124  0.220  6.57    0.00    0.00 -100.00    0.00    0.00 -100.00 8.079E+01

    5.0140   1.1240  30.9906   0.2204   1.6090  0.80597E+02  0.80565E+02  0.31243E-01  0.99917E+02  0.57439E-01  0.54680E+01  0.94391E+02  0.10024E+01
 e,ep,th,sigb,sigqe=    5.01    1.67   25.41  0.1419E+03  0.3865E-01
   5.014 25.409  1.62    4.31    4.29    8.96    3.18    0.01   12.15  0.740
   1.673  0.259  5.53    0.00    0.00 -100.00    0.00    0.00 -100.00 1.420E+02

    5.0140   1.6730  25.4091   0.2588   1.6229  0.14172E+03  0.14168E+03  0.38582E-01  0.15924E+03  0.14692E-01  0.45128E+01  0.15471E+03  0.10018E+01
 e,ep,th,sigb,sigqe=    5.01    2.13   22.43  0.2105E+03  0.2388E-02
   5.014 22.432  1.62    2.81    2.65    4.53    2.06    0.00    6.59  0.777
   2.133  0.299  4.67    0.00    0.00 -100.00    0.00    0.00 -100.00 2.105E+02

    5.0140   2.1330  22.4321   0.2994   1.6185  0.21015E+03  0.21015E+03  0.23843E-02  0.22439E+03  0.36655E-02  0.43379E+01  0.22005E+03  0.10017E+01
 e,ep,th,sigb,sigqe=    5.01    2.38   21.37  0.2424E+03 -0.4301E-01
   5.014 21.371  1.64    2.33    2.17    2.10    1.74    0.00    3.84  0.803
   2.385  0.333  4.17    0.00    0.00 -100.00    0.00    0.00 -100.00 2.423E+02

    5.0140   2.3850  21.3709   0.3333   1.6445  0.24186E+03  0.24191E+03 -0.42928E-01  0.25162E+03  0.12442E-02  0.42195E+01  0.24740E+03  0.10019E+01
 e,ep,th,sigb,sigqe=    5.01    0.86   37.77  0.4362E+02  0.1259E-01
   5.014 37.773  1.81   12.59   15.31   20.69    9.98    0.08   30.75  0.652
   0.860  0.232  6.87    0.00    0.00 -100.00    0.00    0.00 -100.00 4.364E+01

    5.0140   0.8600  37.7732   0.2318   1.8072  0.43483E+02  0.43470E+02  0.12547E-01  0.57052E+02  0.33816E-01  0.43555E+01  0.52663E+02  0.10035E+01
 e,ep,th,sigb,sigqe=    5.01    1.17   32.72  0.6068E+02  0.1269E-01
   5.014 32.722  1.87    7.20    7.85   13.51    5.51    0.02   19.03  0.702
   1.174  0.259  6.22    0.00    0.00 -100.00    0.00    0.00 -100.00 6.070E+01

    5.0140   1.1740  32.7215   0.2593   1.8683  0.60520E+02  0.60508E+02  0.12656E-01  0.72249E+02  0.10716E-01  0.33446E+01  0.68894E+02  0.10029E+01
 e,ep,th,sigb,sigqe=    5.01    1.68   27.25  0.9954E+02  0.3969E-02
   5.014 27.245  1.87    3.74    3.63    6.88    2.75    0.00    9.63  0.757
   1.682  0.299  5.26    0.00    0.00 -100.00    0.00    0.00 -100.00 9.954E+01

    5.0140   1.6820  27.2450   0.2993   1.8713  0.99300E+02  0.99296E+02  0.39596E-02  0.10913E+03  0.25078E-02  0.27396E+01  0.10639E+03  0.10024E+01
 e,ep,th,sigb,sigqe=    5.01    2.07   24.54  0.1337E+03 -0.1574E-01
   5.014 24.538  1.87    2.60    2.42    3.22    1.92    0.00    5.14  0.793
   2.069  0.339  4.53    0.00    0.00 -100.00    0.00    0.00 -100.00 1.337E+02

    5.0140   2.0690  24.5378   0.3391   1.8738  0.13341E+03  0.13343E+03 -0.15705E-01  0.14060E+03  0.77386E-03  0.25640E+01  0.13804E+03  0.10024E+01
 e,ep,th,sigb,sigqe=    5.01    2.27   23.64  0.1443E+03 -0.2739E-01
   5.014 23.635  1.91    2.23    2.05    1.25    1.67    0.00    2.91  0.815
   2.270  0.371  4.12    0.00    0.00 -100.00    0.00    0.00 -100.00 1.443E+02

    5.0140   2.2700  23.6354   0.3708   1.9095  0.14395E+03  0.14398E+03 -0.27324E-01  0.14851E+03  0.45106E-03  0.24060E+01  0.14610E+03  0.10024E+01
 e,ep,th,sigb,sigqe=    5.01    0.89   39.77  0.3306E+02  0.4855E-02
   5.014 39.771  2.08   10.57   12.45   17.28    8.42    0.02   25.72  0.676
   0.895  0.269  6.53    0.00    0.00 -100.00    0.00    0.00 -100.00 3.307E+01

    5.0140   0.8950  39.7713   0.2687   2.0768  0.32932E+02  0.32927E+02  0.48347E-02  0.41575E+02  0.66175E-02  0.27839E+01  0.38784E+02  0.10042E+01
 e,ep,th,sigb,sigqe=    5.01    1.23   34.08  0.4674E+02  0.2213E-02
   5.014 34.084  2.12    5.90    6.20   10.49    4.50    0.00   15.00  0.727
   1.232  0.299  5.86    0.00    0.00 -100.00    0.00    0.00 -100.00 4.675E+01

    5.0140   1.2320  34.0843   0.2990   2.1223  0.46584E+02  0.46582E+02  0.22050E-02  0.53758E+02  0.18935E-02  0.21053E+01  0.51651E+02  0.10035E+01
 e,ep,th,sigb,sigqe=    5.01    1.68   29.02  0.7032E+02 -0.4354E-02
   5.014 29.020  2.12    3.34    3.18    5.13    2.47    0.00    7.60  0.776
   1.683  0.339  5.01    0.00    0.00 -100.00    0.00    0.00 -100.00 7.031E+01

    5.0140   1.6830  29.0196   0.3390   2.1189  0.70101E+02  0.70106E+02 -0.43412E-02  0.75659E+02  0.58288E-03  0.17353E+01  0.73923E+02  0.10030E+01
 e,ep,th,sigb,sigqe=    5.01    2.03   26.43  0.8874E+02 -0.1203E-01
   5.014 26.428  2.12    2.43    2.23    1.97    1.80    0.00    3.78  0.808
   2.027  0.379  4.36    0.00    0.00 -100.00    0.00    0.00 -100.00 8.873E+01

    5.0140   2.0270  26.4278   0.3790   2.1242  0.88462E+02  0.88474E+02 -0.11991E-01  0.92076E+02  0.33451E-03  0.15993E+01  0.90477E+02  0.10030E+01
 e,ep,th,sigb,sigqe=    5.01    2.15   26.00  0.8695E+02 -0.7083E-02
   5.014 26.004  2.19    2.18    1.98    0.51    1.64    0.00    2.14  0.825
   2.154  0.407  4.06    0.00    0.00 -100.00    0.00    0.00 -100.00 8.694E+01

    5.0140   2.1540  26.0044   0.4075   2.1868  0.86663E+02  0.86670E+02 -0.70600E-02  0.88803E+02  0.25866E-03  0.14216E+01  0.87382E+02  0.10032E+01
 e,ep,th,sigb,sigqe=    5.01    0.93   41.62  0.2521E+02  0.7014E-03
   5.014 41.620  2.34    9.06   10.36   14.31    7.25    0.01   21.57  0.699
   0.926  0.306  6.21    0.00    0.00 -100.00    0.00    0.00 -100.00 2.521E+01

    5.0140   0.9260  41.6201   0.3056   2.3441  0.25088E+02  0.25087E+02  0.69796E-03  0.30648E+02  0.13392E-02  0.18268E+01  0.28820E+02  0.10049E+01
 e,ep,th,sigb,sigqe=    5.01    1.29   35.19  0.3643E+02 -0.1127E-02
   5.014 35.190  2.37    4.91    4.97    7.84    3.74    0.00   11.58  0.752
   1.293  0.339  5.49    0.00    0.00 -100.00    0.00    0.00 -100.00 3.643E+01

    5.0140   1.2930  35.1899   0.3394   2.3696  0.36276E+02  0.36277E+02 -0.11220E-02  0.40644E+02  0.46965E-03  0.13611E+01  0.39283E+02  0.10041E+01
 e,ep,th,sigb,sigqe=    5.01    1.68   30.79  0.4950E+02 -0.4268E-02
   5.014 30.785  2.37    3.05    2.86    3.60    2.26    0.00    5.86  0.793
   1.679  0.379  4.77    0.00    0.00 -100.00    0.00    0.00 -100.00 4.950E+01

    5.0140   1.6790  30.7852   0.3791   2.3725  0.49315E+02  0.49319E+02 -0.42520E-02  0.52400E+02  0.26967E-03  0.11204E+01  0.51279E+02  0.10037E+01
 e,ep,th,sigb,sigqe=    5.01    1.97   28.41  0.5887E+02 -0.2614E-02
   5.014 28.412  2.38    2.34    2.13    0.99    1.75    0.00    2.74  0.820
   1.969  0.416  4.22    0.00    0.00 -100.00    0.00    0.00 -100.00 5.886E+01

    5.0140   1.9690  28.4115   0.4162   2.3782  0.58648E+02  0.58651E+02 -0.26048E-02  0.60477E+02  0.20264E-03  0.10287E+01  0.59448E+02  0.10037E+01
 e,ep,th,sigb,sigqe=    5.01    2.05   28.40  0.5327E+02  0.1079E-01
   5.014 28.404  2.47    2.16    1.95   -0.23    1.64    0.00    1.41  0.842
   2.050  0.445  3.97    0.00    0.00 -100.00    0.00    0.00 -100.00 5.328E+01

    5.0140   2.0500  28.4042   0.4449   2.4748  0.53079E+02  0.53069E+02  0.10752E-01  0.54031E+02  0.14508E-03  0.87388E+00  0.53157E+02  0.10038E+01
 e,ep,th,sigb,sigqe=    5.01    0.74   48.69  0.1591E+02  0.9896E-04
   5.014 48.690  2.53   12.57   15.41   17.76   10.46    0.01   28.23  0.679
   0.741  0.315  6.37    0.00    0.00 -100.00    0.00    0.00 -100.00 1.591E+01

    5.0140   0.7410  48.6897   0.3149   2.5254  0.15802E+02  0.15802E+02  0.98309E-04  0.20396E+02  0.11242E-02  0.16638E+01  0.18731E+02  0.10066E+01
 e,ep,th,sigb,sigqe=    5.01    0.95   43.35  0.1931E+02 -0.3185E-03
   5.014 43.353  2.60    7.95    8.85   11.79    6.38    0.00   18.17  0.721
   0.952  0.342  5.90    0.00    0.00 -100.00    0.00    0.00 -100.00 1.931E+01

    5.0140   0.9520  43.3532   0.3417   2.6049  0.19203E+02  0.19203E+02 -0.31664E-03  0.22823E+02  0.41874E-03  0.12330E+01  0.21590E+02  0.10058E+01
 e,ep,th,sigb,sigqe=    5.01    1.33   36.49  0.2761E+02 -0.1431E-02
   5.014 36.493  2.62    4.27    4.20    5.76    3.25    0.00    9.01  0.773
   1.333  0.379  5.17    0.00    0.00 -100.00    0.00    0.00 -100.00 2.761E+01

    5.0140   1.3330  36.4932   0.3794   2.6210  0.27480E+02  0.27481E+02 -0.14241E-02  0.30099E+02  0.22962E-03  0.89706E+00  0.29202E+02  0.10048E+01
 e,ep,th,sigb,sigqe=    5.01    1.68   32.36  0.3553E+02 -0.1231E-02
   5.014 32.356  2.62    2.82    2.60    2.20    2.10    0.00    4.30  0.808
   1.682  0.419  4.51    0.00    0.00 -100.00    0.00    0.00 -100.00 3.553E+01

    5.0140   1.6820  32.3563   0.4188   2.6188  0.35376E+02  0.35377E+02 -0.12254E-02  0.37062E+02  0.16172E-03  0.74676E+00  0.36315E+02  0.10044E+01
 e,ep,th,sigb,sigqe=    5.01    1.88   30.71  0.3818E+02  0.7817E-02
   5.014 30.709  2.65    2.34    2.11    0.27    1.77    0.00    2.03  0.836
   1.883  0.451  4.11    0.00    0.00 -100.00    0.00    0.00 -100.00 3.819E+01

    5.0140   1.8830  30.7090   0.4507   2.6479  0.38017E+02  0.38009E+02  0.77816E-02  0.38964E+02  0.11616E-03  0.67435E+00  0.38290E+02  0.10045E+01
 e,ep,th,sigb,sigqe=    5.01    0.78   50.08  0.1243E+02 -0.1803E-03
   5.014 50.078  2.81   10.66   12.70   14.46    8.95    0.00   23.41  0.705
   0.781  0.353  6.02    0.00    0.00 -100.00    0.00    0.00 -100.00 1.243E+01

    5.0140   0.7810  50.0777   0.3532   2.8058  0.12336E+02  0.12336E+02 -0.17900E-03  0.15338E+02  0.36632E-03  0.11127E+01  0.14225E+02  0.10075E+01
 e,ep,th,sigb,sigqe=    5.01    0.97   45.18  0.1452E+02 -0.4007E-03
   5.014 45.184  2.88    7.10    7.72    9.55    5.74    0.00   15.29  0.743
   0.972  0.379  5.59    0.00    0.00 -100.00    0.00    0.00 -100.00 1.452E+01

    5.0140   0.9720  45.1838   0.3793   2.8770  0.14420E+02  0.14420E+02 -0.39807E-03  0.16735E+02  0.21549E-03  0.83272E+00  0.15902E+02  0.10067E+01
 e,ep,th,sigb,sigqe=    5.01    1.37   37.77  0.2080E+02 -0.5627E-03
   5.014 37.773  2.87    3.80    3.65    3.98    2.90    0.00    6.88  0.793
   1.366  0.419  4.86    0.00    0.00 -100.00    0.00    0.00 -100.00 2.080E+01

    5.0140   1.3660  37.7727   0.4193   2.8705  0.20681E+02  0.20681E+02 -0.55958E-03  0.22226E+02  0.13528E-03  0.60233E+00  0.21623E+02  0.10056E+01
 e,ep,th,sigb,sigqe=    5.01    1.67   34.06  0.2503E+02  0.5345E-02
   5.014 34.056  2.88    2.67    2.44    0.96    2.02    0.00    2.98  0.830
   1.672  0.459  4.28    0.00    0.00 -100.00    0.00    0.00 -100.00 2.504E+01

    5.0140   1.6720  34.0556   0.4585   2.8756  0.24907E+02  0.24902E+02  0.53173E-02  0.25785E+02  0.86944E-04  0.50608E+00  0.25278E+02  0.10052E+01
 e,ep,th,sigb,sigqe=    5.01    1.77   33.48  0.2377E+02  0.1443E-01
   5.014 33.482  2.95    2.40    2.16   -0.32    1.85    0.00    1.53  0.856
   1.773  0.485  4.01    0.00    0.00 -100.00    0.00    0.00 -100.00 2.378E+01

    5.0140   1.7730  33.4822   0.4851   2.9504  0.23657E+02  0.23642E+02  0.14351E-01  0.24148E+02  0.57657E-04  0.44064E+00  0.23708E+02  0.10054E+01
 e,ep,th,sigb,sigqe=    5.01    0.83   51.18  0.9673E+01 -0.1910E-03
   5.014 51.183  3.09    9.07   10.41   11.33    7.63    0.00   18.95  0.733
   0.826  0.393  5.65    0.00    0.00 -100.00    0.00    0.00 -100.00 9.673E+00

    5.0140   0.8260  51.1834   0.3933   3.0910  0.95927E+01  0.95929E+01 -0.18945E-03  0.11506E+02  0.18183E-03  0.73762E+00  0.10769E+02  0.10084E+01
 e,ep,th,sigb,sigqe=    5.01    1.01   46.38  0.1123E+02 -0.2094E-03
   5.014 46.376  3.14    6.21    6.57    7.29    5.04    0.00   12.32  0.766
   1.009  0.417  5.26    0.00    0.00 -100.00    0.00    0.00 -100.00 1.123E+01

    5.0140   1.0090  46.3759   0.4175   3.1374  0.11149E+02  0.11149E+02 -0.20782E-03  0.12617E+02  0.12380E-03  0.56568E+00  0.12052E+02  0.10075E+01
 e,ep,th,sigb,sigqe=    5.01    1.39   39.03  0.1554E+02  0.2272E-02
   5.014 39.033  3.12    3.44    3.25    2.41    2.65    0.00    5.06  0.815
   1.394  0.459  4.55    0.00    0.00 -100.00    0.00    0.00 -100.00 1.554E+01

    5.0140   1.3940  39.0333   0.4593   3.1204  0.15441E+02  0.15438E+02  0.22581E-02  0.16324E+02  0.71204E-04  0.41207E+00  0.15912E+02  0.10063E+01
 e,ep,th,sigb,sigqe=    5.01    1.61   36.30  0.1714E+02  0.1006E-01
   5.014 36.304  3.14    2.68    2.44    0.22    2.07    0.00    2.30  0.849
   1.612  0.492  4.13    0.00    0.00 -100.00    0.00    0.00 -100.00 1.715E+01

    5.0140   1.6120  36.3043   0.4915   3.1379  0.17047E+02  0.17037E+02  0.99973E-02  0.17544E+02  0.44451E-04  0.35581E+00  0.17188E+02  0.10060E+01
 e,ep,th,sigb,sigqe=    5.01    0.94   49.46  0.8770E+01 -0.6944E-04
   5.014 49.457  3.30    6.86    7.41    7.62    5.68    0.00   13.30  0.766
   0.939  0.431  5.23    0.00    0.00 -100.00    0.00    0.00 -100.00 8.770E+00

    5.0140   0.9390  49.4569   0.4310   3.2955  0.86961E+01  0.86961E+01 -0.68857E-04  0.99369E+01  0.98507E-04  0.49794E+00  0.94389E+01  0.10085E+01
 e,ep,th,sigb,sigqe=    5.01    1.09   46.19  0.9226E+01  0.8492E-03
   5.014 46.186  3.38    5.07    5.14    4.67    4.09    0.00    8.76  0.795
   1.094  0.459  4.86    0.00    0.00 -100.00    0.00    0.00 -100.00 9.226E+00

    5.0140   1.0940  46.1863   0.4589   3.3755  0.91519E+01  0.91510E+01  0.84234E-03  0.10035E+02  0.61731E-04  0.37744E+00  0.96574E+01  0.10081E+01
 e,ep,th,sigb,sigqe=    5.01    1.41   40.37  0.1146E+02  0.6382E-02
   5.014 40.373  3.37    3.20    2.98    1.00    2.51    0.00    3.52  0.843
   1.412  0.499  4.27    0.00    0.00 -100.00    0.00    0.00 -100.00 1.146E+01

    5.0140   1.4120  40.3726   0.4989   3.3721  0.11381E+02  0.11375E+02  0.63360E-02  0.11866E+02  0.32657E-04  0.28817E+00  0.11578E+02  0.10072E+01
 e,ep,th,sigb,sigqe=    5.01    1.51   39.44  0.1089E+02  0.1168E-01
   5.014 39.436  3.45    2.82    2.58   -0.34    2.25    0.00    1.90  0.869
   1.511  0.525  4.00    0.00    0.00 -100.00    0.00    0.00 -100.00 1.090E+01

    5.0140   1.5110  39.4359   0.5248   3.4496  0.10819E+02  0.10807E+02  0.11593E-01  0.11107E+02  0.19642E-04  0.24479E+00  0.10862E+02  0.10075E+01
 e,ep,th,sigb,sigqe=    5.01    1.00   49.77  0.7028E+01  0.9798E-03
   5.014 49.774  3.54    5.83    6.09    5.26    4.84    0.00   10.10  0.794
   0.997  0.470  4.88    0.00    0.00 -100.00    0.00    0.00 -100.00 7.029E+00

    5.0140   0.9970  49.7742   0.4698   3.5412  0.69646E+01  0.69637E+01  0.97083E-03  0.77390E+01  0.48073E-04  0.34010E+00  0.73989E+01  0.10092E+01
 e,ep,th,sigb,sigqe=    5.01    1.15   46.73  0.7201E+01  0.3028E-02
   5.014 46.733  3.62    4.42    4.36    2.73    3.60    0.00    6.33  0.825
   1.148  0.499  4.51    0.00    0.00 -100.00    0.00    0.00 -100.00 7.204E+00

    5.0140   1.1480  46.7334   0.4992   3.6218  0.71401E+01  0.71371E+01  0.30011E-02  0.76596E+01  0.27272E-04  0.25927E+00  0.74003E+01  0.10089E+01
 e,ep,th,sigb,sigqe=    5.01    1.36   42.92  0.7956E+01  0.8024E-02
   5.014 42.917  3.64    3.27    3.07    0.32    2.64    0.00    2.96  0.862
   1.356  0.530  4.11    0.00    0.00 -100.00    0.00    0.00 -100.00 7.964E+00

    5.0140   1.3560  42.9172   0.5302   3.6397  0.78974E+01  0.78895E+01  0.79573E-02  0.81993E+01  0.15163E-04  0.21059E+00  0.79887E+01  0.10084E+01
 e,ep,th,sigb,sigqe=    5.01    1.11   48.69  0.5843E+01  0.3392E-02
   5.014 48.685  3.78    4.59    4.57    2.49    3.81    0.00    6.30  0.834
   1.108  0.515  4.43    0.00    0.00 -100.00    0.00    0.00 -100.00 5.847E+00

    5.0140   1.1080  48.6854   0.5151   3.7756  0.57902E+01  0.57868E+01  0.33587E-02  0.62151E+01  0.18420E-04  0.22269E+00  0.59924E+01  0.10098E+01
 e,ep,th,sigb,sigqe=    5.01    1.21   47.07  0.5636E+01  0.5788E-02
   5.014 47.065  3.86    3.89    3.75    0.93    3.23    0.00    4.17  0.862
   1.206  0.540  4.17    0.00    0.00 -100.00    0.00    0.00 -100.00 5.641E+00

    5.0140   1.2060  47.0654   0.5396   3.8559  0.55872E+01  0.55815E+01  0.57323E-02  0.58766E+01  0.10680E-04  0.18234E+00  0.56942E+01  0.10097E+01
