 Enter the input file name (in INP directory)
 filename=INP/clasd2.inp                                                       
input files for EXTERNAL: runplan/target/output                         
RUNPLAN/clas_kin.inp                                                            
TARG/targ.D2tuna                                                                
OUT/clasd2_details.out                                                          
 got here
 Reading parameters for Ioana's model
 Pauli suppression factors
  1.00 0.05 1.00 0.63 1.00 0.61 0.83 0.68 0.63 1.00 0.61 0.83
 Pauli suppression factors
  1.00 0.10 1.00 0.83 1.00 0.79 0.92 0.84 0.83 1.00 0.79 0.92
 Pauli suppression factors
  1.00 0.15 1.00 0.94 1.00 0.87 0.96 0.91 0.94 1.00 0.87 0.96
 Pauli suppression factors
  1.00 0.20 1.00 0.99 1.00 0.89 0.97 0.94 0.99 1.00 0.89 0.97
 Pauli suppression factors
  1.00 0.25 1.00 1.00 1.00 1.00 0.98 0.96 1.00 1.00 1.00 0.98
 Pauli suppression factors
  2.00 0.05 1.00 0.63 1.00 0.62 0.83 0.68 0.63 1.00 0.62 0.83
 Pauli suppression factors
  2.00 0.10 1.00 0.83 1.00 0.80 0.92 0.84 0.83 1.00 0.80 0.92
 Pauli suppression factors
  2.00 0.15 1.00 0.94 1.00 0.90 0.96 0.91 0.94 1.00 0.90 0.96
 Pauli suppression factors
  2.00 0.20 1.00 0.99 1.00 0.94 0.97 0.94 0.99 1.00 0.94 0.97
 Pauli suppression factors
  2.00 0.25 1.00 1.00 1.00 1.00 0.98 0.96 1.00 1.00 1.00 0.98
 Pauli suppression factors
  3.00 0.05 1.00 0.63 1.00 0.62 0.83 0.68 0.63 1.00 0.62 0.83
 Pauli suppression factors
  3.00 0.10 1.00 0.83 1.00 0.81 0.92 0.84 0.83 1.00 0.81 0.92
 Pauli suppression factors
  3.00 0.15 1.00 0.94 1.00 0.91 0.96 0.91 0.94 1.00 0.91 0.96
 Pauli suppression factors
  3.00 0.20 1.00 0.99 1.00 0.95 0.97 0.94 0.99 1.00 0.95 0.97
 Pauli suppression factors
  3.00 0.25 1.00 1.00 1.00 1.00 0.98 0.96 1.00 1.00 1.00 0.98
 Pauli suppression factors
  4.00 0.05 1.00 0.63 1.00 0.62 0.83 0.68 0.63 1.00 0.62 0.83
 Pauli suppression factors
  4.00 0.10 1.00 0.83 1.00 0.81 0.92 0.84 0.83 1.00 0.81 0.92
 Pauli suppression factors
  4.00 0.15 1.00 0.94 1.00 0.91 0.96 0.91 0.94 1.00 0.91 0.96
 Pauli suppression factors
  4.00 0.20 1.00 0.99 1.00 0.96 0.97 0.94 0.99 1.00 0.96 0.97
 Pauli suppression factors
  4.00 0.25 1.00 1.00 1.00 1.00 0.98 0.96 1.00 1.00 1.00 0.98
 Pauli suppression factors
  5.00 0.05 1.00 0.63 1.00 0.62 0.83 0.68 0.63 1.00 0.62 0.83
 Pauli suppression factors
  5.00 0.10 1.00 0.83 1.00 0.81 0.92 0.84 0.83 1.00 0.81 0.92
 Pauli suppression factors
  5.00 0.15 1.00 0.94 1.00 0.92 0.96 0.91 0.94 1.00 0.92 0.96
 Pauli suppression factors
  5.00 0.20 1.00 0.99 1.00 0.97 0.97 0.94 0.99 1.00 0.97 0.97
 Pauli suppression factors
  5.00 0.25 1.00 1.00 1.00 1.00 0.98 0.96 1.00 1.00 1.00 0.98
 e,ep,th,sigb,sigqe=    5.01    1.07   26.06  0.2715E+02  0.2698E-03
   5.014 26.063  1.09   13.61   16.04   20.62   14.88    0.68   36.18  0.928
   1.066  0.147  7.20    0.00    0.00 -100.00    0.00    0.00 -100.00 2.715E+01

    5.0140   1.0660  26.0628   0.1467   1.0870  0.27146E+02  0.27145E+02  0.26980E-03  0.36967E+02  0.18507E+00  0.40404E+01  0.32742E+02  0.10000E+01
 e,ep,th,sigb,sigqe=    5.01    1.68   20.99  0.5291E+02  0.1161E-02
   5.014 20.995  1.12    6.22    6.46   12.34    6.03    0.15   18.52  0.934
   1.681  0.179  6.02    0.00    0.00 -100.00    0.00    0.00 -100.00 5.291E+01

    5.0140   1.6810  20.9946   0.1789   1.1191  0.52907E+02  0.52906E+02  0.11609E-02  0.62703E+02  0.76871E-01  0.31901E+01  0.59436E+02  0.10000E+01
 e,ep,th,sigb,sigqe=    5.01    2.29   17.99  0.9240E+02  0.5288E-02
   5.014 17.991  1.12    3.68    3.58    7.06    3.42    0.04   10.52  0.955
   2.287  0.219  4.88    0.00    0.00 -100.00    0.00    0.00 -100.00 9.241E+01

    5.0140   2.2870  17.9908   0.2191   1.1213  0.92406E+02  0.92401E+02  0.52877E-02  0.10212E+03  0.38920E-01  0.31558E+01  0.98930E+02  0.10000E+01
 e,ep,th,sigb,sigqe=    5.01    2.60   17.10  0.1138E+03  0.1258E-01
   5.014 17.100  1.15    2.92    2.79    4.03    2.70    0.02    6.75  0.967
   2.602  0.255  4.25    0.00    0.00 -100.00    0.00    0.00 -100.00 1.138E+02

    5.0140   2.6020  17.0996   0.2548   1.1534  0.11382E+03  0.11381E+03  0.12577E-01  0.12151E+03  0.22659E-01  0.30764E+01  0.11841E+03  0.10000E+01
 e,ep,th,sigb,sigqe=    5.01    2.72   17.23  0.1072E+03  0.1745E-01
   5.014 17.226  1.22    2.64    2.51    2.64    2.45    0.01    5.10  0.976
   2.723  0.285  3.95    0.00    0.00 -100.00    0.00    0.00 -100.00 1.073E+02

    5.0140   2.7230  17.2255   0.2849   1.2248  0.10726E+03  0.10724E+03  0.17454E-01  0.11273E+03  0.13658E-01  0.26269E+01  0.11009E+03  0.10000E+01
 e,ep,th,sigb,sigqe=    5.01    0.63   37.03  0.9899E+01  0.8052E-04
   5.014 37.028  1.28   25.52   34.14   27.38   31.68    1.82   60.88  0.928
   0.631  0.155  7.83    0.00    0.00 -100.00    0.00    0.00 -100.00 9.899E+00

    5.0140   0.6310  37.0276   0.1551   1.2760  0.98986E+01  0.98986E+01  0.80521E-04  0.15925E+02  0.18050E+00  0.31355E+01  0.12609E+02  0.10000E+01
 e,ep,th,sigb,sigqe=    5.01    1.09   28.75  0.1849E+02  0.2562E-03
   5.014 28.748  1.35   11.04   12.72   17.55   11.72    0.33   29.60  0.921
   1.089  0.183  6.90    0.00    0.00 -100.00    0.00    0.00 -100.00 1.850E+01

    5.0140   1.0890  28.7480   0.1827   1.3460  0.18495E+02  0.18495E+02  0.25624E-03  0.23970E+02  0.61921E-01  0.21673E+01  0.21741E+02  0.10000E+01
 e,ep,th,sigb,sigqe=    5.01    1.68   23.24  0.3459E+02  0.1037E-02
   5.014 23.235  1.37    5.13    5.21   10.06    4.90    0.08   15.04  0.941
   1.683  0.219  5.76    0.00    0.00 -100.00    0.00    0.00 -100.00 3.459E+01

    5.0140   1.6830  23.2352   0.2190   1.3689  0.34589E+02  0.34588E+02  0.10372E-02  0.39792E+02  0.26442E-01  0.16950E+01  0.38070E+02  0.10000E+01
 e,ep,th,sigb,sigqe=    5.01    2.20   20.27  0.5450E+02  0.3853E-02
   5.014 20.265  1.37    3.23    3.09    5.73    2.96    0.03    8.72  0.959
   2.204  0.259  4.79    0.00    0.00 -100.00    0.00    0.00 -100.00 5.450E+01

    5.0140   2.2040  20.2654   0.2595   1.3681  0.54503E+02  0.54499E+02  0.38529E-02  0.59254E+02  0.14069E-01  0.16152E+01  0.57625E+02  0.10000E+01
 e,ep,th,sigb,sigqe=    5.01    2.49   19.22  0.6541E+02  0.8355E-02
   5.014 19.225  1.39    2.62    2.47    3.09    2.40    0.01    5.51  0.972
   2.493  0.295  4.22    0.00    0.00 -100.00    0.00    0.00 -100.00 6.542E+01

    5.0140   2.4930  19.2248   0.2947   1.3941  0.65415E+02  0.65407E+02  0.83550E-02  0.69016E+02  0.86206E-02  0.15712E+01  0.67437E+02  0.10000E+01
 e,ep,th,sigb,sigqe=    5.01    2.60   19.38  0.6032E+02  0.1071E-01
   5.014 19.382  1.47    2.38    2.24    1.86    2.20    0.01    4.07  0.982
   2.595  0.325  3.95    0.00    0.00 -100.00    0.00    0.00 -100.00 6.033E+01

    5.0140   2.5950  19.3817   0.3249   1.4747  0.60332E+02  0.60321E+02  0.10711E-01  0.62785E+02  0.52571E-02  0.13250E+01  0.61454E+02  0.10000E+01
 e,ep,th,sigb,sigqe=    5.01    0.80   35.99  0.9345E+01  0.1143E-03
   5.014 35.987  1.54   15.98   19.92   21.18   18.19    0.54   39.90  0.913
   0.803  0.194  7.25    0.00    0.00 -100.00    0.00    0.00 -100.00 9.346E+00

    5.0140   0.8030  35.9874   0.1945   1.5368  0.93456E+01  0.93455E+01  0.11429E-03  0.13075E+02  0.50395E-01  0.16998E+01  0.11325E+02  0.10000E+01
 e,ep,th,sigb,sigqe=    5.01    1.13   30.83  0.1346E+02  0.2543E-03
   5.014 30.833  1.61    8.85    9.90   14.49    9.14    0.16   23.79  0.923
   1.134  0.221  6.55    0.00    0.00 -100.00    0.00    0.00 -100.00 1.346E+01

    5.0140   1.1340  30.8331   0.2207   1.6072  0.13463E+02  0.13463E+02  0.25430E-03  0.16666E+02  0.22125E-01  0.12302E+01  0.15414E+02  0.10000E+01
 e,ep,th,sigb,sigqe=    5.01    1.68   25.34  0.2330E+02  0.9418E-03
   5.014 25.343  1.62    4.37    4.35    8.17    4.11    0.04   12.33  0.947
   1.680  0.259  5.52    0.00    0.00 -100.00    0.00    0.00 -100.00 2.330E+01

    5.0140   1.6800  25.3428   0.2591   1.6213  0.23297E+02  0.23296E+02  0.94180E-03  0.26169E+02  0.10031E-01  0.95835E+00  0.25201E+02  0.10000E+01
 e,ep,th,sigb,sigqe=    5.01    2.13   22.44  0.3383E+02  0.2881E-02
   5.014 22.442  1.62    2.90    2.74    4.52    2.65    0.02    7.18  0.967
   2.131  0.299  4.67    0.00    0.00 -100.00    0.00    0.00 -100.00 3.383E+01

    5.0140   2.1310  22.4420   0.2991   1.6184  0.33832E+02  0.33829E+02  0.28807E-02  0.36263E+02  0.56323E-02  0.89651E+00  0.35361E+02  0.10000E+01
 e,ep,th,sigb,sigqe=    5.01    2.38   21.40  0.3853E+02  0.5482E-02
   5.014 21.400  1.65    2.42    2.26    2.36    2.20    0.01    4.57  0.976
   2.382  0.333  4.17    0.00    0.00 -100.00    0.00    0.00 -100.00 3.854E+01

    5.0140   2.3820  21.4004   0.3334   1.6469  0.38538E+02  0.38532E+02  0.54817E-02  0.40299E+02  0.35272E-02  0.84834E+00  0.39448E+02  0.10000E+01
 e,ep,th,sigb,sigqe=    5.01    0.86   37.78  0.7196E+01  0.1191E-03
   5.014 37.779  1.81   12.66   15.28   17.56   13.97    0.25   31.78  0.914
   0.860  0.232  6.87    0.00    0.00 -100.00    0.00    0.00 -100.00 7.196E+00

    5.0140   0.8600  37.7788   0.2319   1.8078  0.71964E+01  0.71963E+01  0.11910E-03  0.94834E+01  0.18254E-01  0.10051E+01  0.84601E+01  0.10000E+01
 e,ep,th,sigb,sigqe=    5.01    1.18   32.65  0.1004E+02  0.2552E-03
   5.014 32.646  1.87    7.23    7.84   11.86    7.29    0.09   19.23  0.930
   1.179  0.260  6.21    0.00    0.00 -100.00    0.00    0.00 -100.00 1.004E+01

    5.0140   1.1790  32.6460   0.2595   1.8678  0.10039E+02  0.10039E+02  0.25515E-03  0.11970E+02  0.85687E-02  0.73193E+00  0.11229E+02  0.10000E+01
 e,ep,th,sigb,sigqe=    5.01    1.69   27.20  0.1631E+02  0.8585E-03
   5.014 27.199  1.87    3.80    3.69    6.51    3.52    0.03   10.06  0.954
   1.686  0.299  5.26    0.00    0.00 -100.00    0.00    0.00 -100.00 1.631E+01

    5.0140   1.6860  27.1986   0.2993   1.8695  0.16314E+02  0.16313E+02  0.85847E-03  0.17955E+02  0.41344E-02  0.57427E+00  0.17376E+02  0.10000E+01
 e,ep,th,sigb,sigqe=    5.01    2.07   24.50  0.2195E+02  0.2229E-02
   5.014 24.495  1.87    2.64    2.46    3.21    2.39    0.01    5.61  0.969
   2.073  0.339  4.53    0.00    0.00 -100.00    0.00    0.00 -100.00 2.195E+01

    5.0140   2.0730  24.4954   0.3390   1.8710  0.21952E+02  0.21950E+02  0.22286E-02  0.23184E+02  0.23869E-02  0.52373E+00  0.22658E+02  0.10000E+01
 e,ep,th,sigb,sigqe=    5.01    2.27   23.63  0.2330E+02  0.3656E-02
   5.014 23.634  1.91    2.29    2.11    1.72    2.07    0.01    3.80  0.980
   2.269  0.370  4.12    0.00    0.00 -100.00    0.00    0.00 -100.00 2.330E+01

    5.0140   2.2690  23.6342   0.3705   1.9085  0.23304E+02  0.23300E+02  0.36557E-02  0.24189E+02  0.15426E-02  0.48244E+00  0.23705E+02  0.10000E+01
 e,ep,th,sigb,sigqe=    5.01    0.89   39.84  0.5438E+01  0.1157E-03
   5.014 39.836  2.08   10.63   12.50   14.80   11.49    0.14   26.43  0.919
   0.893  0.269  6.54    0.00    0.00 -100.00    0.00    0.00 -100.00 5.438E+00

    5.0140   0.8930  39.8356   0.2688   2.0786  0.54377E+01  0.54376E+01  0.11567E-03  0.68747E+01  0.73668E-02  0.62506E+00  0.62423E+01  0.10000E+01
 e,ep,th,sigb,sigqe=    5.01    1.23   34.08  0.7706E+01  0.2625E-03
   5.014 34.082  2.12    5.95    6.24    9.51    5.85    0.05   15.40  0.937
   1.232  0.299  5.86    0.00    0.00 -100.00    0.00    0.00 -100.00 7.706E+00

    5.0140   1.2320  34.0815   0.2990   2.1220  0.77061E+01  0.77058E+01  0.26252E-03  0.88928E+01  0.35235E-02  0.45070E+00  0.84385E+01  0.10000E+01
 e,ep,th,sigb,sigqe=    5.01    1.68   29.02  0.1150E+02  0.7793E-03
   5.014 29.018  2.12    3.38    3.22    5.11    3.10    0.02    8.23  0.962
   1.684  0.339  5.01    0.00    0.00 -100.00    0.00    0.00 -100.00 1.150E+01

    5.0140   1.6840  29.0177   0.3392   2.1198  0.11505E+02  0.11504E+02  0.77925E-03  0.12452E+02  0.18152E-02  0.35678E+00  0.12093E+02  0.10000E+01
 e,ep,th,sigb,sigqe=    5.01    2.03   26.37  0.1458E+02  0.1836E-02
   5.014 26.372  2.12    2.47    2.27    2.33    2.21    0.01    4.55  0.975
   2.032  0.379  4.36    0.00    0.00 -100.00    0.00    0.00 -100.00 1.458E+01

    5.0140   2.0320  26.3721   0.3790   2.1207  0.14582E+02  0.14580E+02  0.18363E-02  0.15245E+02  0.10632E-02  0.32283E+00  0.14921E+02  0.10000E+01
 e,ep,th,sigb,sigqe=    5.01    2.16   25.98  0.1426E+02  0.2446E-02
   5.014 25.979  2.18    2.21    2.02    1.10    1.98    0.00    3.09  0.982
   2.156  0.407  4.06    0.00    0.00 -100.00    0.00    0.00 -100.00 1.426E+01

    5.0140   2.1560  25.9791   0.4073   2.1847  0.14261E+02  0.14259E+02  0.24464E-02  0.14701E+02  0.70234E-03  0.28264E+00  0.14418E+02  0.10000E+01
 e,ep,th,sigb,sigqe=    5.01    0.93   41.57  0.4199E+01  0.1142E-03
   5.014 41.569  2.34    9.04   10.35   12.42    9.56    0.08   22.06  0.924
   0.927  0.305  6.21    0.00    0.00 -100.00    0.00    0.00 -100.00 4.199E+00

    5.0140   0.9270  41.5685   0.3052   2.3411  0.41993E+01  0.41992E+01  0.11423E-03  0.51256E+01  0.31969E-02  0.40151E+00  0.47209E+01  0.10000E+01
 e,ep,th,sigb,sigqe=    5.01    1.29   35.24  0.5998E+01  0.2752E-03
   5.014 35.244  2.37    4.94    5.01    7.42    4.75    0.03   12.20  0.948
   1.290  0.339  5.50    0.00    0.00 -100.00    0.00    0.00 -100.00 5.998E+00

    5.0140   1.2900  35.2443   0.3393   2.3712  0.59980E+01  0.59977E+01  0.27523E-03  0.67299E+01  0.15288E-02  0.28512E+00  0.64432E+01  0.10000E+01
 e,ep,th,sigb,sigqe=    5.01    1.68   30.76  0.8232E+01  0.7022E-03
   5.014 30.762  2.37    3.05    2.86    3.67    2.76    0.01    6.44  0.967
   1.681  0.379  4.76    0.00    0.00 -100.00    0.00    0.00 -100.00 8.233E+00

    5.0140   1.6810  30.7624   0.3792   2.3719  0.82331E+01  0.82324E+01  0.70223E-03  0.87632E+01  0.82678E-03  0.22741E+00  0.85350E+01  0.10000E+01
 e,ep,th,sigb,sigqe=    5.01    1.97   28.45  0.9615E+01  0.1421E-02
   5.014 28.446  2.38    2.37    2.16    1.57    2.11    0.01    3.69  0.977
   1.967  0.417  4.22    0.00    0.00 -100.00    0.00    0.00 -100.00 9.617E+00

    5.0140   1.9670  28.4464   0.4165   2.3815  0.96165E+01  0.96151E+01  0.14206E-02  0.99711E+01  0.50472E-03  0.20275E+00  0.97679E+01  0.10000E+01
 e,ep,th,sigb,sigqe=    5.01    2.05   28.40  0.8855E+01  0.1707E-02
   5.014 28.404  2.47    2.15    1.95    0.32    1.92    0.00    2.24  0.982
   2.050  0.445  3.97    0.00    0.00 -100.00    0.00    0.00 -100.00 8.857E+00

    5.0140   2.0500  28.4042   0.4449   2.4748  0.88571E+01  0.88553E+01  0.17071E-02  0.90554E+01  0.32969E-03  0.16962E+00  0.88855E+01  0.10000E+01
 e,ep,th,sigb,sigqe=    5.01    0.74   48.74  0.2639E+01  0.6584E-04
   5.014 48.742  2.53   12.52   15.35   14.88   14.01    0.11   29.00  0.913
   0.740  0.315  6.37    0.00    0.00 -100.00    0.00    0.00 -100.00 2.639E+00

    5.0140   0.7400  48.7416   0.3151   2.5271  0.26389E+01  0.26388E+01  0.65841E-04  0.34043E+01  0.29944E-02  0.36978E+00  0.30315E+01  0.10000E+01
 e,ep,th,sigb,sigqe=    5.01    0.96   43.17  0.3250E+01  0.1140E-03
   5.014 43.174  2.60    7.80    8.68   10.35    8.08    0.04   18.47  0.931
   0.959  0.342  5.89    0.00    0.00 -100.00    0.00    0.00 -100.00 3.251E+00

    5.0140   0.9590  43.1735   0.3421   2.6034  0.32506E+01  0.32505E+01  0.11403E-03  0.38511E+01  0.14477E-02  0.26278E+00  0.35869E+01  0.10000E+01
 e,ep,th,sigb,sigqe=    5.01    1.33   36.54  0.4587E+01  0.2803E-03
   5.014 36.537  2.62    4.27    4.21    5.75    4.02    0.02    9.79  0.955
   1.330  0.379  5.17    0.00    0.00 -100.00    0.00    0.00 -100.00 4.587E+00

    5.0140   1.3300  36.5373   0.3792   2.6212  0.45872E+01  0.45869E+01  0.28028E-03  0.50361E+01  0.70831E-03  0.18455E+00  0.48509E+01  0.10000E+01
 e,ep,th,sigb,sigqe=    5.01    1.68   32.38  0.5873E+01  0.6546E-03
   5.014 32.378  2.62    2.82    2.60    2.62    2.52    0.01    5.14  0.969
   1.682  0.419  4.51    0.00    0.00 -100.00    0.00    0.00 -100.00 5.874E+00

    5.0140   1.6820  32.3776   0.4194   2.6222  0.58740E+01  0.58733E+01  0.65463E-03  0.61762E+01  0.39039E-03  0.14819E+00  0.60276E+01  0.10000E+01
 e,ep,th,sigb,sigqe=    5.01    1.88   30.71  0.6370E+01  0.1069E-02
   5.014 30.707  2.65    2.33    2.11    0.90    2.06    0.00    2.96  0.975
   1.883  0.451  4.11    0.00    0.00 -100.00    0.00    0.00 -100.00 6.371E+00

    5.0140   1.8830  30.7068   0.4506   2.6475  0.63709E+01  0.63698E+01  0.10686E-02  0.65592E+01  0.25947E-03  0.13105E+00  0.64279E+01  0.10000E+01
 e,ep,th,sigb,sigqe=    5.01    0.80   49.49  0.2145E+01  0.6965E-04
   5.014 49.486  2.80   10.25   12.11   12.07   11.17    0.06   23.30  0.923
   0.796  0.353  6.00    0.00    0.00 -100.00    0.00    0.00 -100.00 2.145E+00

    5.0140   0.7960  49.4863   0.3533   2.7968  0.21449E+01  0.21449E+01  0.69648E-04  0.26447E+01  0.12811E-02  0.23964E+00  0.24038E+01  0.10000E+01
 e,ep,th,sigb,sigqe=    5.01    0.98   44.86  0.2485E+01  0.1105E-03
   5.014 44.857  2.87    6.88    7.47    8.59    7.02    0.03   15.65  0.940
   0.983  0.379  5.57    0.00    0.00 -100.00    0.00    0.00 -100.00 2.485E+00

    5.0140   0.9830  44.8575   0.3794   2.8699  0.24850E+01  0.24849E+01  0.11052E-03  0.28739E+01  0.68762E-03  0.17456E+00  0.26986E+01  0.10000E+01
 e,ep,th,sigb,sigqe=    5.01    1.36   37.88  0.3486E+01  0.2775E-03
   5.014 37.875  2.87    3.76    3.63    4.11    3.48    0.01    7.60  0.960
   1.360  0.419  4.86    0.00    0.00 -100.00    0.00    0.00 -100.00 3.487E+00

    5.0140   1.3600  37.8755   0.4190   2.8729  0.34865E+01  0.34862E+01  0.27749E-03  0.37516E+01  0.33819E-03  0.12148E+00  0.36298E+01  0.10000E+01
 e,ep,th,sigb,sigqe=    5.01    1.67   34.05  0.4197E+01  0.5931E-03
   5.014 34.053  2.88    2.65    2.42    1.62    2.35    0.00    3.98  0.971
   1.672  0.458  4.28    0.00    0.00 -100.00    0.00    0.00 -100.00 4.197E+00

    5.0140   1.6720  34.0527   0.4584   2.8751  0.41971E+01  0.41965E+01  0.59311E-03  0.43641E+01  0.19463E-03  0.98631E-01  0.42653E+01  0.10000E+01
 e,ep,th,sigb,sigqe=    5.01    1.77   33.50  0.3989E+01  0.7472E-03
   5.014 33.496  2.95    2.37    2.15    0.45    2.09    0.00    2.55  0.974
   1.772  0.485  4.01    0.00    0.00 -100.00    0.00    0.00 -100.00 3.990E+00

    5.0140   1.7720  33.4961   0.4851   2.9511  0.39898E+01  0.39890E+01  0.74716E-03  0.40913E+01  0.13283E-03  0.83373E-01  0.40078E+01  0.10000E+01
 e,ep,th,sigb,sigqe=    5.01    0.87   49.42  0.1809E+01  0.7818E-04
   5.014 49.424  3.04    8.24    9.31    9.48    8.69    0.03   18.20  0.933
   0.868  0.391  5.62    0.00    0.00 -100.00    0.00    0.00 -100.00 1.809E+00

    5.0140   0.8680  49.4240   0.3911   3.0425  0.18091E+01  0.18090E+01  0.78180E-04  0.21383E+01  0.57948E-03  0.15713E+00  0.19806E+01  0.10000E+01
 e,ep,th,sigb,sigqe=    5.01    1.05   45.32  0.2011E+01  0.1210E-03
   5.014 45.322  3.12    5.68    5.93    6.48    5.64    0.02   12.13  0.950
   1.049  0.420  5.20    0.00    0.00 -100.00    0.00    0.00 -100.00 2.011E+00

    5.0140   1.0490  45.3217   0.4197   3.1229  0.20111E+01  0.20109E+01  0.12095E-03  0.22551E+01  0.32311E-03  0.11338E+00  0.21414E+01  0.10000E+01
 e,ep,th,sigb,sigqe=    5.01    1.39   39.11  0.2606E+01  0.2773E-03
   5.014 39.109  3.12    3.41    3.22    2.97    3.11    0.01    6.08  0.965
   1.390  0.459  4.56    0.00    0.00 -100.00    0.00    0.00 -100.00 2.606E+00

    5.0140   1.3900  39.1093   0.4592   3.1231  0.26064E+01  0.26061E+01  0.27730E-03  0.27650E+01  0.16586E-03  0.81075E-01  0.26837E+01  0.10000E+01
 e,ep,th,sigb,sigqe=    5.01    1.61   36.33  0.2902E+01  0.4765E-03
   5.014 36.329  3.14    2.64    2.41    0.92    2.33    0.00    3.26  0.970
   1.610  0.491  4.13    0.00    0.00 -100.00    0.00    0.00 -100.00 2.902E+00

    5.0140   1.6100  36.3288   0.4913   3.1381  0.29020E+01  0.29016E+01  0.47652E-03  0.29966E+01  0.10748E-03  0.67732E-01  0.29287E+01  0.10000E+01
 e,ep,th,sigb,sigqe=    5.01    0.94   49.43  0.1504E+01  0.8704E-04
   5.014 49.429  3.29    6.70    7.26    7.20    6.86    0.02   14.08  0.945
   0.938  0.430  5.24    0.00    0.00 -100.00    0.00    0.00 -100.00 1.504E+00

    5.0140   0.9380  49.4290   0.4299   3.2885  0.15043E+01  0.15042E+01  0.87038E-04  0.17161E+01  0.27656E-03  0.10318E+00  0.16127E+01  0.10000E+01
 e,ep,th,sigb,sigqe=    5.01    1.11   45.68  0.1615E+01  0.1341E-03
   5.014 45.680  3.37    4.79    4.83    4.65    4.61    0.01    9.27  0.955
   1.114  0.460  4.83    0.00    0.00 -100.00    0.00    0.00 -100.00 1.616E+00

    5.0140   1.1140  45.6798   0.4600   3.3662  0.16156E+01  0.16155E+01  0.13415E-03  0.17654E+01  0.15697E-03  0.74549E-01  0.16907E+01  0.10000E+01
 e,ep,th,sigb,sigqe=    5.01    1.41   40.39  0.1952E+01  0.2788E-03
   5.014 40.387  3.37    3.11    2.91    1.64    2.81    0.00    4.45  0.967
   1.412  0.499  4.27    0.00    0.00 -100.00    0.00    0.00 -100.00 1.952E+00

    5.0140   1.4120  40.3871   0.4992   3.3744  0.19521E+01  0.19519E+01  0.27884E-03  0.20391E+01  0.85044E-04  0.54818E-01  0.19842E+01  0.10000E+01
 e,ep,th,sigb,sigqe=    5.01    1.51   39.41  0.1847E+01  0.3528E-03
   5.014 39.408  3.45    2.76    2.54    0.74    2.45    0.00    3.19  0.968
   1.513  0.525  4.00    0.00    0.00 -100.00    0.00    0.00 -100.00 1.847E+00

    5.0140   1.5130  39.4083   0.5251   3.4496  0.18473E+01  0.18469E+01  0.35284E-03  0.19063E+01  0.58597E-04  0.45331E-01  0.18609E+01  0.10000E+01
 e,ep,th,sigb,sigqe=    5.01    1.00   49.67  0.1208E+01  0.9643E-04
   5.014 49.667  3.54    5.62    5.87    5.28    5.58    0.01   10.87  0.951
   1.001  0.470  4.87    0.00    0.00 -100.00    0.00    0.00 -100.00 1.208E+00

    5.0140   1.0010  49.6671   0.4702   3.5411  0.12080E+01  0.12079E+01  0.96426E-04  0.13393E+01  0.13438E-03  0.67382E-01  0.12718E+01  0.10000E+01
 e,ep,th,sigb,sigqe=    5.01    1.17   46.13  0.1270E+01  0.1476E-03
   5.014 46.126  3.61    4.12    4.04    3.06    3.88    0.01    6.95  0.960
   1.174  0.501  4.47    0.00    0.00 -100.00    0.00    0.00 -100.00 1.270E+00

    5.0140   1.1740  46.1257   0.5014   3.6133  0.12702E+01  0.12701E+01  0.14758E-03  0.13585E+01  0.77107E-04  0.49256E-01  0.13091E+01  0.10000E+01
 e,ep,th,sigb,sigqe=    5.01    1.36   42.85  0.1362E+01  0.2334E-03
   5.014 42.854  3.64    3.18    2.99    1.33    2.88    0.00    4.21  0.964
   1.359  0.530  4.10    0.00    0.00 -100.00    0.00    0.00 -100.00 1.362E+00

    5.0140   1.3590  42.8543   0.5303   3.6375  0.13624E+01  0.13621E+01  0.23338E-03  0.14198E+01  0.50696E-04  0.39221E-01  0.13805E+01  0.10000E+01
 e,ep,th,sigb,sigqe=    5.01    1.11   48.69  0.1009E+01  0.1214E-03
   5.014 48.685  3.78    4.43    4.41    3.08    4.23    0.01    7.31  0.960
   1.108  0.515  4.43    0.00    0.00 -100.00    0.00    0.00 -100.00 1.009E+00

    5.0140   1.1080  48.6854   0.5151   3.7756  0.10091E+01  0.10090E+01  0.12140E-03  0.10829E+01  0.61773E-04  0.42678E-01  0.10402E+01  0.10000E+01
 e,ep,th,sigb,sigqe=    5.01    1.20   47.19  0.9577E+00  0.1531E-03
   5.014 47.188  3.86    3.79    3.66    1.98    3.52    0.00    5.50  0.961
   1.202  0.540  4.17    0.00    0.00 -100.00    0.00    0.00 -100.00 9.578E-01

    5.0140   1.2020  47.1881   0.5399   3.8621  0.95781E+00  0.95766E+00  0.15308E-03  0.10105E+01  0.42075E-04  0.33716E-01  0.97674E+00  0.10000E+01
