 Enter the input file name (in INP directory)
 filename=INP/clasFe56.inp                                                     
input files for EXTERNAL: runplan/target/output                         
RUNPLAN/clas_kin.inp                                                            
TARG/targ.Fe56                                                                  
OUT/clasFe56_details.out                                                        
 got here
 Reading parameters for Ioana's model
 Pauli suppression factors
  1.00 0.05 1.00 0.63 1.00 0.61 0.83 0.68 0.63 1.00 0.61 0.83
 Pauli suppression factors
  1.00 0.10 1.00 0.83 1.00 0.79 0.92 0.84 0.83 1.00 0.79 0.92
 Pauli suppression factors
  1.00 0.15 1.00 0.94 1.00 0.87 0.96 0.91 0.94 1.00 0.87 0.96
 Pauli suppression factors
  1.00 0.20 1.00 0.99 1.00 0.89 0.97 0.94 0.99 1.00 0.89 0.97
 Pauli suppression factors
  1.00 0.25 1.00 1.00 1.00 1.00 0.98 0.96 1.00 1.00 1.00 0.98
 Pauli suppression factors
  2.00 0.05 1.00 0.63 1.00 0.62 0.83 0.68 0.63 1.00 0.62 0.83
 Pauli suppression factors
  2.00 0.10 1.00 0.83 1.00 0.80 0.92 0.84 0.83 1.00 0.80 0.92
 Pauli suppression factors
  2.00 0.15 1.00 0.94 1.00 0.90 0.96 0.91 0.94 1.00 0.90 0.96
 Pauli suppression factors
  2.00 0.20 1.00 0.99 1.00 0.94 0.97 0.94 0.99 1.00 0.94 0.97
 Pauli suppression factors
  2.00 0.25 1.00 1.00 1.00 1.00 0.98 0.96 1.00 1.00 1.00 0.98
 Pauli suppression factors
  3.00 0.05 1.00 0.63 1.00 0.62 0.83 0.68 0.63 1.00 0.62 0.83
 Pauli suppression factors
  3.00 0.10 1.00 0.83 1.00 0.81 0.92 0.84 0.83 1.00 0.81 0.92
 Pauli suppression factors
  3.00 0.15 1.00 0.94 1.00 0.91 0.96 0.91 0.94 1.00 0.91 0.96
 Pauli suppression factors
  3.00 0.20 1.00 0.99 1.00 0.95 0.97 0.94 0.99 1.00 0.95 0.97
 Pauli suppression factors
  3.00 0.25 1.00 1.00 1.00 1.00 0.98 0.96 1.00 1.00 1.00 0.98
 Pauli suppression factors
  4.00 0.05 1.00 0.63 1.00 0.62 0.83 0.68 0.63 1.00 0.62 0.83
 Pauli suppression factors
  4.00 0.10 1.00 0.83 1.00 0.81 0.92 0.84 0.83 1.00 0.81 0.92
 Pauli suppression factors
  4.00 0.15 1.00 0.94 1.00 0.91 0.96 0.91 0.94 1.00 0.91 0.96
 Pauli suppression factors
  4.00 0.20 1.00 0.99 1.00 0.96 0.97 0.94 0.99 1.00 0.96 0.97
 Pauli suppression factors
  4.00 0.25 1.00 1.00 1.00 1.00 0.98 0.96 1.00 1.00 1.00 0.98
 Pauli suppression factors
  5.00 0.05 1.00 0.63 1.00 0.62 0.83 0.68 0.63 1.00 0.62 0.83
 Pauli suppression factors
  5.00 0.10 1.00 0.83 1.00 0.81 0.92 0.84 0.83 1.00 0.81 0.92
 Pauli suppression factors
  5.00 0.15 1.00 0.94 1.00 0.92 0.96 0.91 0.94 1.00 0.92 0.96
 Pauli suppression factors
  5.00 0.20 1.00 0.99 1.00 0.97 0.97 0.94 0.99 1.00 0.97 0.97
 Pauli suppression factors
  5.00 0.25 1.00 1.00 1.00 1.00 0.98 0.96 1.00 1.00 1.00 0.98
 e,ep,th,sigb,sigqe=    5.01    2.15   21.84  0.1139E+04  0.1136E+00
   5.014 21.840  1.55    2.74    2.60    4.20    2.01    0.00    6.21  0.772
   2.147  0.287  4.71    0.00    0.00 -100.00    0.00    0.00 -100.00 1.140E+03

    5.0140   2.1473  21.8400   0.2873   1.5455  0.11334E+04  0.11333E+04  0.11295E+00  0.12103E+04  0.15109E-01  0.22868E+02  0.11875E+04  0.10055E+01
 e,ep,th,sigb,sigqe=    5.01    1.54   27.18  0.5231E+03  0.1269E+00
   5.014 27.180  1.71    4.55    4.61    8.88    3.36    0.00   12.24  0.728
   1.540  0.262  5.69    0.00    0.00 -100.00    0.00    0.00 -100.00 5.232E+02

    5.0140   1.5398  27.1800   0.2615   1.7051  0.51956E+03  0.51943E+03  0.12605E+00  0.58731E+03  0.23112E-01  0.17585E+02  0.56970E+03  0.10071E+01
 e,ep,th,sigb,sigqe=    5.01    1.03   33.09  0.3086E+03  0.1117E+00
   5.014 33.090  1.67    9.49   11.01   17.06    7.27    0.02   24.35  0.661
   1.027  0.223  6.69    0.00    0.00 -100.00    0.00    0.00 -100.00 3.087E+02

    5.0140   1.0273  33.0900   0.2233   1.6708  0.30596E+03  0.30585E+03  0.11074E+00  0.38388E+03  0.51665E-01  0.22453E+02  0.36138E+03  0.10090E+01
