 Enter the input file name (in INP directory)
 filename=INP/clasPb208.inp                                                    
input files for EXTERNAL: runplan/target/output                         
RUNPLAN/clas_kin.inp                                                            
TARG/targ.Pb208                                                                 
OUT/clasPb208_details.out                                                       
 got here
 Reading parameters for Ioana's model
 Pauli suppression factors
  1.00 0.05 1.00 0.63 1.00 0.61 0.83 0.68 0.63 1.00 0.61 0.83
 Pauli suppression factors
  1.00 0.10 1.00 0.83 1.00 0.79 0.92 0.84 0.83 1.00 0.79 0.92
 Pauli suppression factors
  1.00 0.15 1.00 0.94 1.00 0.87 0.96 0.91 0.94 1.00 0.87 0.96
 Pauli suppression factors
  1.00 0.20 1.00 0.99 1.00 0.89 0.97 0.94 0.99 1.00 0.89 0.97
 Pauli suppression factors
  1.00 0.25 1.00 1.00 1.00 1.00 0.98 0.96 1.00 1.00 1.00 0.98
 Pauli suppression factors
  2.00 0.05 1.00 0.63 1.00 0.62 0.83 0.68 0.63 1.00 0.62 0.83
 Pauli suppression factors
  2.00 0.10 1.00 0.83 1.00 0.80 0.92 0.84 0.83 1.00 0.80 0.92
 Pauli suppression factors
  2.00 0.15 1.00 0.94 1.00 0.90 0.96 0.91 0.94 1.00 0.90 0.96
 Pauli suppression factors
  2.00 0.20 1.00 0.99 1.00 0.94 0.97 0.94 0.99 1.00 0.94 0.97
 Pauli suppression factors
  2.00 0.25 1.00 1.00 1.00 1.00 0.98 0.96 1.00 1.00 1.00 0.98
 Pauli suppression factors
  3.00 0.05 1.00 0.63 1.00 0.62 0.83 0.68 0.63 1.00 0.62 0.83
 Pauli suppression factors
  3.00 0.10 1.00 0.83 1.00 0.81 0.92 0.84 0.83 1.00 0.81 0.92
 Pauli suppression factors
  3.00 0.15 1.00 0.94 1.00 0.91 0.96 0.91 0.94 1.00 0.91 0.96
 Pauli suppression factors
  3.00 0.20 1.00 0.99 1.00 0.95 0.97 0.94 0.99 1.00 0.95 0.97
 Pauli suppression factors
  3.00 0.25 1.00 1.00 1.00 1.00 0.98 0.96 1.00 1.00 1.00 0.98
 Pauli suppression factors
  4.00 0.05 1.00 0.63 1.00 0.62 0.83 0.68 0.63 1.00 0.62 0.83
 Pauli suppression factors
  4.00 0.10 1.00 0.83 1.00 0.81 0.92 0.84 0.83 1.00 0.81 0.92
 Pauli suppression factors
  4.00 0.15 1.00 0.94 1.00 0.91 0.96 0.91 0.94 1.00 0.91 0.96
 Pauli suppression factors
  4.00 0.20 1.00 0.99 1.00 0.96 0.97 0.94 0.99 1.00 0.96 0.97
 Pauli suppression factors
  4.00 0.25 1.00 1.00 1.00 1.00 0.98 0.96 1.00 1.00 1.00 0.98
 Pauli suppression factors
  5.00 0.05 1.00 0.63 1.00 0.62 0.83 0.68 0.63 1.00 0.62 0.83
 Pauli suppression factors
  5.00 0.10 1.00 0.83 1.00 0.81 0.92 0.84 0.83 1.00 0.81 0.92
 Pauli suppression factors
  5.00 0.15 1.00 0.94 1.00 0.92 0.96 0.91 0.94 1.00 0.92 0.96
 Pauli suppression factors
  5.00 0.20 1.00 0.99 1.00 0.97 0.97 0.94 0.99 1.00 0.97 0.97
 Pauli suppression factors
  5.00 0.25 1.00 1.00 1.00 1.00 0.98 0.96 1.00 1.00 1.00 0.98
 e,ep,th,sigb,sigqe=    5.01    2.15   21.84  0.4563E+04  0.4030E+00
   5.014 21.840  1.55    2.34    2.23    3.17    1.72    0.00    4.89  0.770
   2.147  0.287  4.71    0.00    0.00 -100.00    0.00    0.00 -100.00 4.563E+03

    5.0140   2.1473  21.8400   0.2873   1.5455  0.45073E+04  0.45069E+04  0.39809E+00  0.47866E+04  0.12871E-01  0.78318E+02  0.47082E+04  0.10124E+01
 e,ep,th,sigb,sigqe=    5.01    1.54   27.18  0.2043E+04  0.4513E+00
   5.014 27.180  1.71    3.97    4.04    7.64    2.93    0.00   10.57  0.725
   1.540  0.262  5.69    0.00    0.00 -100.00    0.00    0.00 -100.00 2.043E+03

    5.0140   1.5398  27.1800   0.2615   1.7051  0.20109E+04  0.20105E+04  0.44414E+00  0.22595E+04  0.25785E-01  0.59823E+02  0.21996E+04  0.10162E+01
 e,ep,th,sigb,sigqe=    5.01    1.03   33.09  0.1188E+04  0.3983E+00
   5.014 33.090  1.67    8.33    9.69   15.33    6.37    0.01   21.70  0.657
   1.027  0.223  6.69    0.00    0.00 -100.00    0.00    0.00 -100.00 1.188E+03

    5.0140   1.0273  33.0900   0.2233   1.6708  0.11646E+04  0.11642E+04  0.39034E+00  0.14462E+04  0.12054E+00  0.75640E+02  0.13704E+04  0.10203E+01
