EXTERNAL/TSAI:  VERSION OF 8/8/96

RUNPLAN for CLAS hadronization experiment                               
 inclusive:                                                             
                                                                        
CLAS LEAD                                                               
                                                                        

----*----1----*----2----*----3----*----4----*----5----*----6----*----7--
                                                                        

TARGET (iZ,iA) = ( 82,208);   avgA = 208.000; amuM=207.964; avgM=193.719
 targ= ordina; ttarg(rl)=0.01561; twall=0.00000; tbeam=0.00000; tspec=0.00761
         Nseg  =   2
 MODELS: P elastc(ikk)=14; deut elastic=13; inelastc=206; Pauli Supresion= 1
 NUCLEAR METHOD= 1;   NUCLEAR_MODEL= 1

    E1    TH    Q2 COS_K         SMR     NUC          INT-SMR
    EP     X    W2 QE-PK  INELA  Q-ELA  ELAST   TOTAL  MODEL

   5.014 19.026  1.21    2.73    7.09    2.08    0.00    9.17  0.775
   2.200  0.228  4.95    0.00 -100.00    0.00    0.00 -100.00 8.914E+03

   5.014 22.541  1.18    5.32   14.78    4.05    0.03   18.86  0.703
   1.536  0.180  6.23    0.00 -100.00    0.00    0.00 -100.00 4.815E+03

   5.014 27.832  1.18   10.70   23.84    8.43    0.14   32.41  0.641
   1.017  0.157  7.20    0.00 -100.00    0.00    0.00 -100.00 2.467E+03

   5.014 21.601  1.53    2.31    4.62    1.75    0.00    6.37  0.792
   2.173  0.287  4.68    0.00 -100.00    0.00    0.00 -100.00 4.786E+03

   5.014 25.776  1.54    4.27   11.23    3.29    0.00   14.52  0.738
   1.544  0.237  5.85    0.00 -100.00    0.00    0.00 -100.00 2.641E+03

   5.014 31.895  1.55    8.82   19.82    7.07    0.02   26.91  0.674
   1.024  0.207  6.82    0.00 -100.00    0.00    0.00 -100.00 1.402E+03

   5.014 25.963  2.06    2.12    2.49    1.63    0.00    4.11  0.824
   2.034  0.368  4.42    0.00 -100.00    0.00    0.00 -100.00 1.782E+03

   5.014 31.734  2.31    3.21    5.89    2.49    0.00    8.38  0.798
   1.539  0.354  5.09    0.00 -100.00    0.00    0.00 -100.00 8.572E+02

   5.014 38.969  2.32    6.55   12.99    5.39    0.00   18.37  0.737
   1.040  0.311  6.02    0.00 -100.00    0.00    0.00 -100.00 5.190E+02

  0.000 0.000  0.000 .000  0.00  0.00  0.00  0.00  0.00  0.00 0.000
                           0.00  0.00  0.00  0.00  0.00  0.00 0.000E+00

