EXTERNAL/TSAI:  VERSION OF 8/8/96

RUNPLAN for CLAS hadronization experiment                               
 inclusive:                                                             
                                                                        
Stein deuterium                                                         
from Dunne 8/01                                                         

----*----1----*----2----*----3----*----4----*----5----*----6----*----7--
                                                                        

TARGET (iZ,iA) = (  1,  2);   avgA =   2.000; amuM=  2.013; avgM=  1.875
 targ=   TUNA; ttarg(rl)=0.00533; twall=0.00143; tbeam=0.00143; tspec=0.00761
         Nseg  =   4
 MODELS: P elastc(ikk)=14; deut elastic=13; inelastc=206; Pauli Supresion= 4
 NUCLEAR METHOD= 1;   NUCLEAR_MODEL= 1

    E1    TH    Q2 COS_K         SMR     NUC          INT-SMR
    EP     X    W2 QE-PK  INELA  Q-ELA  ELAST   TOTAL  MODEL

 Deut Elastic Model: ia,iamec,rsc,rscmec (1,2,3,4)=  3
 TJON DEUT ELASTIC FILESS TO BE OPEN=rscctj.tjon_input   rscqtj.tjon_input   rscmtj.tjon_input   
   5.014 19.026  1.21    3.65    7.09    3.39    0.04   10.52  0.951
   2.200  0.228  4.95    0.00 -100.00    0.00    0.00 -100.00 7.303E+01

   5.014 22.541  1.18    6.94   13.47    6.90    0.17   20.55  0.932
   1.536  0.180  6.23    0.00 -100.00    0.00    0.00 -100.00 4.106E+01

   5.014 27.832  1.18   13.71   20.85   15.19    0.62   36.65  0.924
   1.017  0.157  7.20    0.00 -100.00    0.00    0.00 -100.00 2.172E+01

   5.014 21.601  1.53    2.97    4.90    2.73    0.02    7.65  0.965
   2.173  0.287  4.68    0.00 -100.00    0.00    0.00 -100.00 4.033E+01

   5.014 25.776  1.54    5.35   10.31    5.19    0.07   15.57  0.939
   1.544  0.237  5.85    0.00 -100.00    0.00    0.00 -100.00 2.314E+01

   5.014 31.895  1.55   10.83   17.16   11.71    0.26   29.13  0.921
   1.024  0.207  6.82    0.00 -100.00    0.00    0.00 -100.00 1.266E+01

   5.014 25.963  2.06    2.52    2.89    2.28    0.01    5.18  0.972
   2.034  0.368  4.42    0.00 -100.00    0.00    0.00 -100.00 1.604E+01

   5.014 31.734  2.31    3.67    5.75    3.43    0.02    9.19  0.959
   1.539  0.354  5.09    0.00 -100.00    0.00    0.00 -100.00 8.020E+00

   5.014 38.969  2.32    7.44   11.40    7.73    0.06   19.19  0.932
   1.040  0.311  6.02    0.00 -100.00    0.00    0.00 -100.00 4.929E+00

  0.000 0.000  0.000 .000  0.00  0.00  0.00  0.00  0.00  0.00 0.000
                           0.00  0.00  0.00  0.00  0.00  0.00 0.000E+00

