EXTERNAL/TSAI:  VERSION OF 8/8/96

RUNPLAN for CLAS hadronization experiment                               
 inclusive:                                                             
                                                                        
CLAS Iron                                                               
                                                                        

----*----1----*----2----*----3----*----4----*----5----*----6----*----7--
                                                                        

TARGET (iZ,iA) = ( 26, 56);   avgA =  56.000; amuM= 55.930; avgM= 52.099
 targ= ordina; ttarg(rl)=0.01561; twall=0.00000; tbeam=0.00000; tspec=0.00761
         Nseg  =   2
 MODELS: P elastc(ikk)=14; deut elastic=13; inelastc=206; Pauli Supresion= 1
 NUCLEAR METHOD= 1;   NUCLEAR_MODEL= 1

    E1    TH    Q2 COS_K         SMR     NUC          INT-SMR
    EP     X    W2 QE-PK  INELA  Q-ELA  ELAST   TOTAL  MODEL

   5.014 19.026  1.21    3.27    7.40    2.45    0.00    9.85  0.764
   2.200  0.228  4.95    0.00 -100.00    0.00    0.00 -100.00 2.188E+03

   5.014 22.541  1.18    6.32   15.11    4.72    0.02   19.85  0.692
   1.536  0.180  6.23    0.00 -100.00    0.00    0.00 -100.00 1.204E+03

   5.014 27.832  1.18   12.59   24.24    9.72    0.10   34.06  0.629
   1.017  0.157  7.20    0.00 -100.00    0.00    0.00 -100.00 6.281E+02

   5.014 21.601  1.53    2.71    4.86    2.02    0.00    6.88  0.782
   2.173  0.287  4.68    0.00 -100.00    0.00    0.00 -100.00 1.193E+03

   5.014 25.776  1.54    4.95   11.41    3.74    0.01   15.16  0.727
   1.544  0.237  5.85    0.00 -100.00    0.00    0.00 -100.00 6.715E+02

   5.014 31.895  1.55   10.12   20.08    7.96    0.02   28.06  0.662
   1.024  0.207  6.82    0.00 -100.00    0.00    0.00 -100.00 3.627E+02

   5.014 25.963  2.06    2.40    2.65    1.81    0.00    4.45  0.814
   2.034  0.368  4.42    0.00 -100.00    0.00    0.00 -100.00 4.583E+02

   5.014 31.734  2.31    3.54    5.96    2.71    0.00    8.67  0.787
   1.539  0.354  5.09    0.00 -100.00    0.00    0.00 -100.00 2.253E+02

   5.014 38.969  2.32    7.20   13.11    5.83    0.00   18.94  0.726
   1.040  0.311  6.02    0.00 -100.00    0.00    0.00 -100.00 1.380E+02

  0.000 0.000  0.000 .000  0.00  0.00  0.00  0.00  0.00  0.00 0.000
                           0.00  0.00  0.00  0.00  0.00  0.00 0.000E+00

