EXTERNAL/TSAI:  VERSION OF 8/8/96

RUNPLAN for CLAS hadronization experiment                               
 inclusive:                                                             
                                                                        
CLAS Carbon                                                             
                                                                        

----*----1----*----2----*----3----*----4----*----5----*----6----*----7--
                                                                        

TARGET (iZ,iA) = (  6, 12);   avgA =  12.000; amuM= 12.002; avgM= 11.180
 targ= ordina; ttarg(rl)=0.01561; twall=0.00000; tbeam=0.00000; tspec=0.00761
         Nseg  =   2
 MODELS: P elastc(ikk)=14; deut elastic=13; inelastc=206; Pauli Supresion= 1
 NUCLEAR METHOD= 1;   NUCLEAR_MODEL= 1

    E1    TH    Q2 COS_K         SMR     NUC          INT-SMR
    EP     X    W2 QE-PK  INELA  Q-ELA  ELAST   TOTAL  MODEL

   5.014 19.026  1.21    3.51    7.59    2.60    0.02   10.22  0.758
   2.200  0.228  4.95    0.00 -100.00    0.00    0.00 -100.00 4.567E+02

   5.014 22.541  1.18    6.77   15.22    5.02    0.14   20.38  0.687
   1.536  0.180  6.23    0.00 -100.00    0.00    0.00 -100.00 2.522E+02

   5.014 27.832  1.18   13.49   24.15   10.35    0.59   35.08  0.626
   1.017  0.157  7.20    0.00 -100.00    0.00    0.00 -100.00 1.321E+02

   5.014 21.601  1.53    2.86    4.99    2.12    0.00    7.11  0.775
   2.173  0.287  4.68    0.00 -100.00    0.00    0.00 -100.00 2.514E+02

   5.014 25.776  1.54    5.24   11.44    3.91    0.02   15.38  0.720
   1.544  0.237  5.85    0.00 -100.00    0.00    0.00 -100.00 1.419E+02

   5.014 31.895  1.55   10.70   19.91    8.34    0.13   28.38  0.657
   1.024  0.207  6.82    0.00 -100.00    0.00    0.00 -100.00 7.697E+01

   5.014 25.963  2.06    2.48    2.60    1.85    0.00    4.45  0.803
   2.034  0.368  4.42    0.00 -100.00    0.00    0.00 -100.00 9.844E+01

   5.014 31.734  2.31    3.65    5.79    2.74    0.00    8.54  0.774
   1.539  0.354  5.09    0.00 -100.00    0.00    0.00 -100.00 4.866E+01

   5.014 38.969  2.32    7.44   12.81    5.92    0.00   18.73  0.714
   1.040  0.311  6.02    0.00 -100.00    0.00    0.00 -100.00 2.977E+01

  0.000 0.000  0.000 .000  0.00  0.00  0.00  0.00  0.00  0.00 0.000
                           0.00  0.00  0.00  0.00  0.00  0.00 0.000E+00

