 Enter the input file name (in INP directory)
 filename=INP/clasC12.inp                                                      
input files for EXTERNAL: runplan/target/output                         
RUNPLAN/clas_kin.inp                                                            
TARG/targ.C12                                                                   
OUT/clasC12_details.out                                                         
 got here
 Reading parameters for Ioana's model
 Pauli suppression factors
  1.00 0.05 1.00 0.63 1.00 0.61 0.83 0.68 0.63 1.00 0.61 0.83
 Pauli suppression factors
  1.00 0.10 1.00 0.83 1.00 0.79 0.92 0.84 0.83 1.00 0.79 0.92
 Pauli suppression factors
  1.00 0.15 1.00 0.94 1.00 0.87 0.96 0.91 0.94 1.00 0.87 0.96
 Pauli suppression factors
  1.00 0.20 1.00 0.99 1.00 0.89 0.97 0.94 0.99 1.00 0.89 0.97
 Pauli suppression factors
  1.00 0.25 1.00 1.00 1.00 1.00 0.98 0.96 1.00 1.00 1.00 0.98
 Pauli suppression factors
  2.00 0.05 1.00 0.63 1.00 0.62 0.83 0.68 0.63 1.00 0.62 0.83
 Pauli suppression factors
  2.00 0.10 1.00 0.83 1.00 0.80 0.92 0.84 0.83 1.00 0.80 0.92
 Pauli suppression factors
  2.00 0.15 1.00 0.94 1.00 0.90 0.96 0.91 0.94 1.00 0.90 0.96
 Pauli suppression factors
  2.00 0.20 1.00 0.99 1.00 0.94 0.97 0.94 0.99 1.00 0.94 0.97
 Pauli suppression factors
  2.00 0.25 1.00 1.00 1.00 1.00 0.98 0.96 1.00 1.00 1.00 0.98
 Pauli suppression factors
  3.00 0.05 1.00 0.63 1.00 0.62 0.83 0.68 0.63 1.00 0.62 0.83
 Pauli suppression factors
  3.00 0.10 1.00 0.83 1.00 0.81 0.92 0.84 0.83 1.00 0.81 0.92
 Pauli suppression factors
  3.00 0.15 1.00 0.94 1.00 0.91 0.96 0.91 0.94 1.00 0.91 0.96
 Pauli suppression factors
  3.00 0.20 1.00 0.99 1.00 0.95 0.97 0.94 0.99 1.00 0.95 0.97
 Pauli suppression factors
  3.00 0.25 1.00 1.00 1.00 1.00 0.98 0.96 1.00 1.00 1.00 0.98
 Pauli suppression factors
  4.00 0.05 1.00 0.63 1.00 0.62 0.83 0.68 0.63 1.00 0.62 0.83
 Pauli suppression factors
  4.00 0.10 1.00 0.83 1.00 0.81 0.92 0.84 0.83 1.00 0.81 0.92
 Pauli suppression factors
  4.00 0.15 1.00 0.94 1.00 0.91 0.96 0.91 0.94 1.00 0.91 0.96
 Pauli suppression factors
  4.00 0.20 1.00 0.99 1.00 0.96 0.97 0.94 0.99 1.00 0.96 0.97
 Pauli suppression factors
  4.00 0.25 1.00 1.00 1.00 1.00 0.98 0.96 1.00 1.00 1.00 0.98
 Pauli suppression factors
  5.00 0.05 1.00 0.63 1.00 0.62 0.83 0.68 0.63 1.00 0.62 0.83
 Pauli suppression factors
  5.00 0.10 1.00 0.83 1.00 0.81 0.92 0.84 0.83 1.00 0.81 0.92
 Pauli suppression factors
  5.00 0.15 1.00 0.94 1.00 0.92 0.96 0.91 0.94 1.00 0.92 0.96
 Pauli suppression factors
  5.00 0.20 1.00 0.99 1.00 0.97 0.97 0.94 0.99 1.00 0.97 0.97
 Pauli suppression factors
  5.00 0.25 1.00 1.00 1.00 1.00 0.98 0.96 1.00 1.00 1.00 0.98
 e,ep,th,sigb,sigqe=    5.01    2.39   17.27  0.6891E+03  0.5888E+00
   5.014 17.266  1.08    3.38    3.29    7.02    2.52    0.02    9.56  0.766
   2.394  0.220  4.72    0.00    0.00 -100.00    0.00    0.00 -100.00 6.897E+02

    5.0140   2.3935  17.2660   0.2199   1.0816  0.68918E+03  0.68859E+03  0.58842E+00  0.75562E+03  0.13120E+00  0.17400E+02  0.73809E+03  0.10007E+01
 e,ep,th,sigb,sigqe=    5.01    2.11   18.28  0.5477E+03  0.5138E+00
   5.014 18.277  1.07    4.25    4.24    9.90    3.13    0.05   13.08  0.737
   2.107  0.195  5.27    0.00    0.00 -100.00    0.00    0.00 -100.00 5.482E+02

    5.0140   2.1071  18.2770   0.1954   1.0660  0.54786E+03  0.54734E+03  0.51343E+00  0.61992E+03  0.27968E+00  0.17145E+02  0.60249E+03  0.10007E+01
 e,ep,th,sigb,sigqe=    5.01    1.91   19.17  0.4572E+03  0.4201E+00
   5.014 19.166  1.06    5.07    5.18   11.96    3.71    0.09   15.76  0.716
   1.910  0.182  5.64    0.00    0.00 -100.00    0.00    0.00 -100.00 4.576E+02

    5.0140   1.9095  19.1660   0.1822   1.0614  0.45729E+03  0.45687E+03  0.41977E+00  0.52972E+03  0.41702E+00  0.16976E+02  0.51233E+03  0.10007E+01
 e,ep,th,sigb,sigqe=    5.01    1.73   20.14  0.3817E+03  0.3353E+00
   5.014 20.143  1.06    6.07    6.37   14.04    4.43    0.15   18.62  0.696
   1.727  0.172  5.99    0.00    0.00 -100.00    0.00    0.00 -100.00 3.820E+02

    5.0140   1.7266  20.1430   0.1717   1.0590  0.38172E+03  0.38138E+03  0.33502E+00  0.45313E+03  0.57349E+00  0.16938E+02  0.43562E+03  0.10008E+01
 e,ep,th,sigb,sigqe=    5.01    1.55   21.25  0.3170E+03  0.2636E+00
   5.014 21.249  1.06    7.33    7.93   16.25    5.37    0.24   21.86  0.677
   1.552  0.163  6.32    0.00    0.00 -100.00    0.00    0.00 -100.00 3.173E+02

    5.0140   1.5516  21.2490   0.1628   1.0578  0.31701E+03  0.31674E+03  0.26341E+00  0.38661E+03  0.75310E+00  0.17030E+02  0.36883E+03  0.10008E+01
 e,ep,th,sigb,sigqe=    5.01    1.37   22.61  0.2580E+03  0.2017E+00
   5.014 22.610  1.06    9.07   10.16   18.85    6.68    0.38   25.91  0.657
   1.372  0.155  6.66    0.00    0.00 -100.00    0.00    0.00 -100.00 2.582E+02

    5.0140   1.3719  22.6100   0.1547   1.0574  0.25801E+03  0.25781E+03  0.20153E+00  0.32516E+03  0.97276E+00  0.17244E+02  0.30694E+03  0.10009E+01
 e,ep,th,sigb,sigqe=    5.01    1.02   26.52  0.1577E+03  0.1079E+00
   5.014 26.522  1.07   14.56   17.84   24.87   11.05    0.90   36.81  0.619
   1.016  0.143  7.31    0.00    0.00 -100.00    0.00    0.00 -100.00 1.578E+02

    5.0140   1.0163  26.5220   0.1430   1.0725  0.15759E+03  0.15748E+03  0.10778E+00  0.21588E+03  0.14155E+01  0.17430E+02  0.19704E+03  0.10013E+01
 e,ep,th,sigb,sigqe=    5.01    2.45   17.77  0.6039E+03  0.3510E+00
   5.014 17.770  1.17    3.02    2.91    5.58    2.26    0.01    7.85  0.776
   2.450  0.244  4.52    0.00    0.00 -100.00    0.00    0.00 -100.00 6.042E+02

    5.0140   2.4496  17.7700   0.2435   1.1720  0.60367E+03  0.60332E+03  0.35069E+00  0.65161E+03  0.53122E-01  0.13637E+02  0.63792E+03  0.10009E+01
 e,ep,th,sigb,sigqe=    5.01    2.11   19.11  0.4527E+03  0.3455E+00
   5.014 19.112  1.17    3.88    3.83    8.76    2.86    0.03   11.65  0.747
   2.112  0.214  5.16    0.00    0.00 -100.00    0.00    0.00 -100.00 4.531E+02

    5.0140   2.1123  19.1120   0.2144   1.1676  0.45268E+03  0.45233E+03  0.34517E+00  0.50583E+03  0.13079E+00  0.12959E+02  0.49274E+03  0.10009E+01
 e,ep,th,sigb,sigqe=    5.01    1.91   20.09  0.3764E+03  0.2946E+00
   5.014 20.087  1.17    4.62    4.67   10.76    3.40    0.05   14.21  0.727
   1.912  0.200  5.53    0.00    0.00 -100.00    0.00    0.00 -100.00 3.767E+02

    5.0140   1.9124  20.0870   0.2004   1.1665  0.37635E+03  0.37605E+03  0.29434E+00  0.43021E+03  0.20026E+00  0.12789E+02  0.41722E+03  0.10009E+01
 e,ep,th,sigb,sigqe=    5.01    1.73   21.15  0.3138E+03  0.2419E+00
   5.014 21.145  1.17    5.54    5.75   12.79    4.07    0.09   16.94  0.707
   1.728  0.189  5.88    0.00    0.00 -100.00    0.00    0.00 -100.00 3.140E+02

    5.0140   1.7276  21.1450   0.1891   1.1664  0.31372E+03  0.31348E+03  0.24170E+00  0.36721E+03  0.28240E+00  0.12769E+02  0.35416E+03  0.10009E+01
 e,ep,th,sigb,sigqe=    5.01    1.55   22.32  0.2614E+03  0.1951E+00
   5.014 22.315  1.17    6.70    7.16   14.94    4.93    0.15   20.02  0.689
   1.553  0.180  6.21    0.00    0.00 -100.00    0.00    0.00 -100.00 2.616E+02

    5.0140   1.5528  22.3150   0.1795   1.1661  0.26132E+03  0.26113E+03  0.19495E+00  0.31395E+03  0.38008E+00  0.12899E+02  0.30068E+03  0.10010E+01
 e,ep,th,sigb,sigqe=    5.01    1.37   23.75  0.2135E+03  0.1525E+00
   5.014 23.754  1.17    8.32    9.21   17.49    6.16    0.24   23.89  0.668
   1.373  0.171  6.55    0.00    0.00 -100.00    0.00    0.00 -100.00 2.136E+02

    5.0140   1.3726  23.7540   0.1706   1.1661  0.21336E+03  0.21321E+03  0.15231E+00  0.26463E+03  0.50417E+00  0.13150E+02  0.25097E+03  0.10011E+01
 e,ep,th,sigb,sigqe=    5.01    1.02   27.85  0.1316E+03  0.8400E-01
   5.014 27.852  1.18   13.41   16.24   23.67   10.19    0.58   34.44  0.627
   1.019  0.158  7.19    0.00    0.00 -100.00    0.00    0.00 -100.00 1.317E+02

    5.0140   1.0193  27.8520   0.1580   1.1841  0.13146E+03  0.13137E+03  0.83869E-01  0.17701E+03  0.76004E+00  0.13416E+02  0.16283E+03  0.10016E+01
 e,ep,th,sigb,sigqe=    5.01    2.44   18.60  0.4878E+03  0.1593E+00
   5.014 18.605  1.28    2.81    2.68    4.69    2.09    0.00    6.78  0.780
   2.437  0.264  4.44    0.00    0.00 -100.00    0.00    0.00 -100.00 4.879E+02

    5.0140   2.4373  18.6050   0.2642   1.2773  0.48742E+03  0.48726E+03  0.15914E+00  0.52102E+03  0.22305E-01  0.10211E+02  0.51079E+03  0.10010E+01
 e,ep,th,sigb,sigqe=    5.01    2.11   19.99  0.3713E+03  0.2115E+00
   5.014 19.986  1.28    3.56    3.48    7.67    2.63    0.02   10.31  0.756
   2.113  0.234  5.05    0.00    0.00 -100.00    0.00    0.00 -100.00 3.715E+02

    5.0140   2.1128  19.9860   0.2344   1.2760  0.37110E+03  0.37089E+03  0.21126E+00  0.40981E+03  0.57877E-01  0.97618E+01  0.39999E+03  0.10010E+01
 e,ep,th,sigb,sigqe=    5.01    1.91   21.02  0.3097E+03  0.1950E+00
   5.014 21.017  1.28    4.25    4.24    9.63    3.12    0.03   12.78  0.737
   1.913  0.219  5.42    0.00    0.00 -100.00    0.00    0.00 -100.00 3.099E+02

    5.0140   1.9126  21.0170   0.2192   1.2759  0.30960E+03  0.30941E+03  0.19480E+00  0.34956E+03  0.93039E-01  0.96775E+01  0.33979E+03  0.10011E+01
 e,ep,th,sigb,sigqe=    5.01    1.73   22.11  0.2600E+03  0.1689E+00
   5.014 22.115  1.28    5.09    5.22   11.61    3.75    0.05   15.41  0.718
   1.728  0.207  5.77    0.00    0.00 -100.00    0.00    0.00 -100.00 2.601E+02

    5.0140   1.7284  22.1150   0.2068   1.2751  0.25983E+03  0.25967E+03  0.16872E+00  0.30022E+03  0.13737E+00  0.97484E+01  0.29033E+03  0.10011E+01
 e,ep,th,sigb,sigqe=    5.01    1.55   23.35  0.2171E+03  0.1406E+00
   5.014 23.351  1.28    6.17    6.52   13.72    4.56    0.09   18.37  0.699
   1.553  0.196  6.10    0.00    0.00 -100.00    0.00    0.00 -100.00 2.173E+02

    5.0140   1.5531  23.3512   0.1964   1.2757  0.21700E+03  0.21686E+03  0.14045E+00  0.25717E+03  0.19043E+00  0.98995E+01  0.24708E+03  0.10012E+01
 e,ep,th,sigb,sigqe=    5.01    1.37   24.85  0.1783E+03  0.1132E+00
   5.014 24.851  1.28    7.68    8.41   16.22    5.71    0.15   22.07  0.679
   1.373  0.187  6.44    0.00    0.00 -100.00    0.00    0.00 -100.00 1.784E+02

    5.0140   1.3733  24.8510   0.1866   1.2752  0.17817E+03  0.17806E+03  0.11300E+00  0.21779E+03  0.26093E+00  0.10179E+02  0.20735E+03  0.10013E+01
 e,ep,th,sigb,sigqe=    5.01    1.02   29.18  0.1102E+03  0.6407E-01
   5.014 29.185  1.30   12.51   15.01   22.42    9.55    0.37   32.35  0.636
   1.018  0.173  7.08    0.00    0.00 -100.00    0.00    0.00 -100.00 1.103E+02

    5.0140   1.0177  29.1850   0.1728   1.2956  0.11011E+03  0.11004E+03  0.63948E-01  0.14599E+03  0.41198E+00  0.10539E+02  0.13504E+03  0.10018E+01
 e,ep,th,sigb,sigqe=    5.01    2.41   19.61  0.3791E+03  0.3466E-01
   5.014 19.613  1.40    2.64    2.50    3.86    1.95    0.00    5.82  0.783
   2.407  0.286  4.37    0.00    0.00 -100.00    0.00    0.00 -100.00 3.791E+02

    5.0140   2.4067  19.6126   0.2862   1.4002  0.37859E+03  0.37856E+03  0.34612E-01  0.40115E+03  0.84706E-02  0.74084E+01  0.39374E+03  0.10013E+01
 e,ep,th,sigb,sigqe=    5.01    2.11   20.93  0.2993E+03  0.1061E+00
   5.014 20.935  1.40    3.26    3.14    6.52    2.40    0.01    8.93  0.764
   2.114  0.257  4.92    0.00    0.00 -100.00    0.00    0.00 -100.00 2.994E+02

    5.0140   2.1138  20.9350   0.2571   1.3993  0.29898E+03  0.29887E+03  0.10601E+00  0.32608E+03  0.22310E-01  0.71904E+01  0.31887E+03  0.10013E+01
 e,ep,th,sigb,sigqe=    5.01    1.91   22.02  0.2511E+03  0.1139E+00
   5.014 22.020  1.40    3.88    3.83    8.44    2.86    0.02   11.31  0.747
   1.913  0.241  5.30    0.00    0.00 -100.00    0.00    0.00 -100.00 2.513E+02

    5.0140   1.9134  22.0200   0.2406   1.3997  0.25093E+03  0.25081E+03  0.11374E+00  0.27967E+03  0.38342E-01  0.71789E+01  0.27246E+03  0.10013E+01
 e,ep,th,sigb,sigqe=    5.01    1.73   23.18  0.2118E+03  0.1069E+00
   5.014 23.177  1.40    4.67    4.72   10.38    3.44    0.03   13.84  0.729
   1.729  0.227  5.65    0.00    0.00 -100.00    0.00    0.00 -100.00 2.119E+02

    5.0140   1.7287  23.1770   0.2269   1.3991  0.21162E+03  0.21152E+03  0.10680E+00  0.24125E+03  0.59712E-01  0.72851E+01  0.23391E+03  0.10014E+01
 e,ep,th,sigb,sigqe=    5.01    1.55   24.47  0.1780E+03  0.9393E-01
   5.014 24.469  1.40    5.66    5.90   12.43    4.19    0.05   16.67  0.710
   1.554  0.216  5.97    0.00    0.00 -100.00    0.00    0.00 -100.00 1.781E+02

    5.0140   1.5537  24.4690   0.2155   1.3994  0.17780E+03  0.17771E+03  0.93791E-01  0.20774E+03  0.86506E-01  0.74605E+01  0.20019E+03  0.10015E+01
 e,ep,th,sigb,sigqe=    5.01    1.37   26.06  0.1465E+03  0.7831E-01
   5.014 26.060  1.40    7.06    7.64   14.85    5.27    0.08   20.20  0.690
   1.373  0.205  6.31    0.00    0.00 -100.00    0.00    0.00 -100.00 1.466E+02

    5.0140   1.3732  26.0600   0.2049   1.4000  0.14637E+03  0.14629E+03  0.78185E-01  0.17621E+03  0.12244E+00  0.77213E+01  0.16837E+03  0.10016E+01
 e,ep,th,sigb,sigqe=    5.01    1.03   30.47  0.9264E+02  0.4723E-01
   5.014 30.468  1.42   11.47   13.58   20.82    8.79    0.22   29.83  0.648
   1.026  0.190  6.94    0.00    0.00 -100.00    0.00    0.00 -100.00 9.269E+01

    5.0140   1.0256  30.4680   0.1898   1.4202  0.92493E+02  0.92446E+02  0.47135E-01  0.12034E+03  0.20396E+00  0.81518E+01  0.11198E+03  0.10021E+01
 e,ep,th,sigb,sigqe=    5.01    2.37   20.71  0.2893E+03 -0.2225E-01
   5.014 20.709  1.54    2.48    2.33    3.03    1.84    0.00    4.88  0.791
   2.373  0.310  4.30    0.00    0.00 -100.00    0.00    0.00 -100.00 2.893E+02

    5.0140   2.3727  20.7090   0.3102   1.5373  0.28885E+03  0.28888E+03 -0.22219E-01  0.30343E+03  0.29610E-02  0.53300E+01  0.29810E+03  0.10016E+01
 e,ep,th,sigb,sigqe=    5.01    2.11   21.97  0.2364E+03  0.3194E-01
   5.014 21.968  1.54    2.98    2.84    5.33    2.19    0.00    7.53  0.772
   2.114  0.283  4.78    0.00    0.00 -100.00    0.00    0.00 -100.00 2.364E+02

    5.0140   2.1137  21.9680   0.2828   1.5390  0.23603E+03  0.23600E+03  0.31886E-01  0.25419E+03  0.73787E-02  0.51835E+01  0.24900E+03  0.10016E+01
 e,ep,th,sigb,sigqe=    5.01    1.91   23.10  0.2002E+03  0.5288E-01
   5.014 23.102  1.54    3.55    3.45    7.20    2.61    0.01    9.81  0.756
   1.914  0.265  5.16    0.00    0.00 -100.00    0.00    0.00 -100.00 2.003E+02

    5.0140   1.9138  23.1020   0.2645   1.5390  0.19995E+03  0.19990E+03  0.52795E-01  0.21992E+03  0.13743E-01  0.52215E+01  0.21469E+03  0.10016E+01
 e,ep,th,sigb,sigqe=    5.01    1.73   24.33  0.1697E+03  0.5822E-01
   5.014 24.327  1.54    4.26    4.25    9.09    3.14    0.01   12.24  0.740
   1.729  0.250  5.51    0.00    0.00 -100.00    0.00    0.00 -100.00 1.698E+02

    5.0140   1.7287  24.3266   0.2497   1.5392  0.16952E+03  0.16946E+03  0.58120E-01  0.19059E+03  0.22759E-01  0.53369E+01  0.18523E+03  0.10016E+01
 e,ep,th,sigb,sigqe=    5.01    1.55   25.69  0.1434E+03  0.5588E-01
   5.014 25.690  1.54    5.18    5.32   11.09    3.84    0.02   14.95  0.722
   1.553  0.237  5.83    0.00    0.00 -100.00    0.00    0.00 -100.00 1.434E+02

    5.0140   1.5533  25.6900   0.2371   1.5397  0.14319E+03  0.14313E+03  0.55780E-01  0.16488E+03  0.34776E-01  0.55088E+01  0.15934E+03  0.10017E+01
 e,ep,th,sigb,sigqe=    5.01    1.37   27.35  0.1189E+03  0.4972E-01
   5.014 27.351  1.54    6.47    6.91   13.46    4.84    0.04   18.35  0.701
   1.373  0.225  6.17    0.00    0.00 -100.00    0.00    0.00 -100.00 1.190E+02

    5.0140   1.3734  27.3510   0.2254   1.5396  0.11877E+03  0.11872E+03  0.49629E-01  0.14083E+03  0.51784E-01  0.57641E+01  0.13501E+03  0.10019E+01
 e,ep,th,sigb,sigqe=    5.01    1.03   32.03  0.7555E+02  0.3179E-01
   5.014 32.025  1.56   10.59   12.39   19.26    8.17    0.12   27.54  0.659
   1.025  0.209  6.80    0.00    0.00 -100.00    0.00    0.00 -100.00 7.558E+01

    5.0140   1.0253  32.0253   0.2090   1.5647  0.75400E+02  0.75369E+02  0.31710E-01  0.96402E+02  0.90735E-01  0.61720E+01  0.90139E+02  0.10024E+01
 e,ep,th,sigb,sigqe=    5.01    2.33   21.83  0.2205E+03 -0.3650E-01
   5.014 21.833  1.68    2.36    2.20    2.28    1.76    0.00    4.04  0.801
   2.335  0.334  4.23    0.00    0.00 -100.00    0.00    0.00 -100.00 2.205E+02

    5.0140   2.3348  21.8330   0.3340   1.6794  0.22007E+03  0.22011E+03 -0.36432E-01  0.22941E+03  0.11555E-02  0.38797E+01  0.22553E+03  0.10019E+01
 e,ep,th,sigb,sigqe=    5.01    2.11   22.99  0.1865E+03 -0.6340E-02
   5.014 22.994  1.68    2.75    2.59    4.20    2.02    0.00    6.22  0.781
   2.114  0.309  4.64    0.00    0.00 -100.00    0.00    0.00 -100.00 1.865E+02

    5.0140   2.1135  22.9940   0.3094   1.6840  0.18613E+03  0.18614E+03 -0.63284E-02  0.19808E+03  0.23625E-02  0.37706E+01  0.19431E+03  0.10019E+01
 e,ep,th,sigb,sigqe=    5.01    1.91   24.18  0.1594E+03  0.1430E-01
   5.014 24.182  1.68    3.26    3.13    6.02    2.39    0.00    8.42  0.765
   1.914  0.289  5.01    0.00    0.00 -100.00    0.00    0.00 -100.00 1.594E+02

    5.0140   1.9137  24.1820   0.2895   1.6840  0.15913E+03  0.15911E+03  0.14273E-01  0.17285E+03  0.46260E-02  0.38153E+01  0.16903E+03  0.10019E+01
 e,ep,th,sigb,sigqe=    5.01    1.73   25.46  0.1362E+03  0.2555E-01
   5.014 25.464  1.68    3.92    3.85    7.86    2.89    0.01   10.75  0.750
   1.729  0.273  5.36    0.00    0.00 -100.00    0.00    0.00 -100.00 1.363E+02

    5.0140   1.7285  25.4640   0.2731   1.6838  0.13600E+03  0.13598E+03  0.25501E-01  0.15092E+03  0.81794E-02  0.39335E+01  0.14698E+03  0.10020E+01
 e,ep,th,sigb,sigqe=    5.01    1.55   26.89  0.1159E+03  0.2936E-01
   5.014 26.889  1.68    4.76    4.83    9.80    3.53    0.01   13.35  0.732
   1.553  0.259  5.69    0.00    0.00 -100.00    0.00    0.00 -100.00 1.159E+02

    5.0140   1.5533  26.8890   0.2593   1.6841  0.11571E+03  0.11568E+03  0.29304E-01  0.13142E+03  0.13264E-01  0.40976E+01  0.12731E+03  0.10020E+01
 e,ep,th,sigb,sigqe=    5.01    1.37   28.63  0.9673E+02  0.2894E-01
   5.014 28.632  1.68    5.96    6.27   12.10    4.47    0.02   16.59  0.713
   1.374  0.247  6.03    0.00    0.00 -100.00    0.00    0.00 -100.00 9.676E+01

    5.0140   1.3737  28.6319   0.2466   1.6845  0.96547E+02  0.96518E+02  0.28872E-01  0.11281E+03  0.20756E-01  0.43238E+01  0.10847E+03  0.10022E+01
 e,ep,th,sigb,sigqe=    5.01    1.02   33.62  0.6164E+02  0.2034E-01
   5.014 33.623  1.71    9.91   11.49   17.88    7.69    0.06   25.63  0.669
   1.020  0.228  6.66    0.00    0.00 -100.00    0.00    0.00 -100.00 6.166E+01

    5.0140   1.0200  33.6230   0.2283   1.7112  0.61490E+02  0.61470E+02  0.20284E-01  0.77465E+02  0.39729E-01  0.47392E+01  0.72686E+02  0.10028E+01
 e,ep,th,sigb,sigqe=    5.01    2.28   23.36  0.1538E+03 -0.3001E-01
   5.014 23.356  1.88    2.24    2.06    1.36    1.68    0.00    3.04  0.813
   2.282  0.366  4.13    0.00    0.00 -100.00    0.00    0.00 -100.00 1.537E+02

    5.0140   2.2824  23.3560   0.3659   1.8755  0.15336E+03  0.15339E+03 -0.29940E-01  0.15840E+03  0.49488E-03  0.25766E+01  0.15582E+03  0.10024E+01
 e,ep,th,sigb,sigqe=    5.01    2.11   25.03  0.1153E+03 -0.1797E-01
   5.014 25.032  1.99    2.41    2.22    2.13    1.78    0.00    3.91  0.805
   2.109  0.365  4.34    0.00    0.00 -100.00    0.00    0.00 -100.00 1.153E+02

    5.0140   2.1094  25.0320   0.3645   1.9869  0.11501E+03  0.11503E+03 -0.17927E-01  0.11981E+03  0.44225E-03  0.20574E+01  0.11776E+03  0.10026E+01
 e,ep,th,sigb,sigqe=    5.01    1.91   26.39  0.9902E+02 -0.9825E-02
   5.014 26.388  2.00    2.80    2.62    3.76    2.06    0.00    5.82  0.788
   1.914  0.344  4.70    0.00    0.00 -100.00    0.00    0.00 -100.00 9.901E+01

    5.0140   1.9137  26.3880   0.3437   1.9996  0.98747E+02  0.98757E+02 -0.97987E-02  0.10477E+03  0.60144E-03  0.20433E+01  0.10273E+03  0.10027E+01
 e,ep,th,sigb,sigqe=    5.01    1.73   27.74  0.8696E+02 -0.3364E-02
   5.014 27.743  1.99    3.36    3.21    5.53    2.47    0.00    8.00  0.771
   1.729  0.323  5.05    0.00    0.00 -100.00    0.00    0.00 -100.00 8.696E+01

    5.0140   1.7290  27.7430   0.3233   1.9931  0.86728E+02  0.86731E+02 -0.33547E-02  0.93920E+02  0.99362E-03  0.21510E+01  0.91768E+02  0.10027E+01
 e,ep,th,sigb,sigqe=    5.01    1.55   29.31  0.7505E+02  0.6857E-03
   5.014 29.307  1.99    4.08    4.01    7.34    3.02    0.00   10.36  0.753
   1.554  0.307  5.38    0.00    0.00 -100.00    0.00    0.00 -100.00 7.505E+01

    5.0140   1.5538  29.3070   0.3071   1.9943  0.74842E+02  0.74841E+02  0.68379E-03  0.82829E+02  0.16417E-02  0.22675E+01  0.80560E+02  0.10028E+01
 e,ep,th,sigb,sigqe=    5.01    1.37   31.30  0.6271E+02  0.4368E-02
   5.014 31.297  2.00    5.09    5.20    9.43    3.82    0.00   13.26  0.735
   1.374  0.293  5.71    0.00    0.00 -100.00    0.00    0.00 -100.00 6.272E+01

    5.0140   1.3736  31.2970   0.2934   2.0044  0.62531E+02  0.62527E+02  0.43555E-02  0.71031E+02  0.26128E-02  0.23982E+01  0.68631E+02  0.10030E+01
 e,ep,th,sigb,sigqe=    5.01    1.03   36.47  0.4197E+02  0.6144E-02
   5.014 36.475  2.03    8.43    9.50   14.72    6.59    0.01   21.32  0.693
   1.032  0.271  6.33    0.00    0.00 -100.00    0.00    0.00 -100.00 4.198E+01

    5.0140   1.0318  36.4750   0.2712   2.0268  0.41827E+02  0.41820E+02  0.61221E-02  0.50926E+02  0.59580E-02  0.27645E+01  0.48156E+02  0.10036E+01
 e,ep,th,sigb,sigqe=    5.01    0.00    0.00         NaN         NaN
   5.014  0.000  0.00    0.00    0.00    0.00    0.00    0.00    0.00  1.000
   0.000  0.000 10.29    0.00    0.00    0.00    0.00    0.00    0.00       NaN

    5.0140   0.0000   0.0000   0.0000   0.0000          NaN          NaN          NaN          NaN  0.00000E+00          NaN          NaN  0.10000E+01
 e,ep,th,sigb,sigqe=    5.01    2.05   27.73  0.6290E+02  0.1817E-03
   5.014 27.731  2.36    2.21    2.01    0.36    1.66    0.00    2.02  0.827
   2.053  0.425  4.07    0.00    0.00 -100.00    0.00    0.00 -100.00 6.290E+01

    5.0140   2.0525  27.7310   0.4254   2.3641  0.62672E+02  0.62672E+02  0.18100E-03  0.64169E+02  0.19138E-03  0.10445E+01  0.63124E+02  0.10036E+01
 e,ep,th,sigb,sigqe=    5.01    1.90   29.65  0.4787E+02 -0.1458E-03
   5.014 29.652  2.50    2.39    2.18    0.95    1.79    0.00    2.73  0.821
   1.900  0.427  4.23    0.00    0.00 -100.00    0.00    0.00 -100.00 4.787E+01

    5.0140   1.9000  29.6520   0.4270   2.4951  0.47677E+02  0.47677E+02 -0.14526E-03  0.49176E+02  0.16724E-03  0.85530E+00  0.48320E+02  0.10040E+01
 e,ep,th,sigb,sigqe=    5.01    1.73   31.59  0.3922E+02 -0.1645E-02
   5.014 31.587  2.57    2.74    2.52    2.07    2.04    0.00    4.11  0.809
   1.728  0.416  4.48    0.00    0.00 -100.00    0.00    0.00 -100.00 3.921E+01

    5.0140   1.7276  31.5870   0.4162   2.5667  0.39048E+02  0.39050E+02 -0.16383E-02  0.40824E+02  0.17241E-03  0.79835E+00  0.40025E+02  0.10042E+01
 e,ep,th,sigb,sigqe=    5.01    1.55   33.33  0.3519E+02 -0.2285E-02
   5.014 33.332  2.56    3.29    3.10    3.72    2.46    0.00    6.18  0.793
   1.554  0.395  4.81    0.00    0.00 -100.00    0.00    0.00 -100.00 3.518E+01

    5.0140   1.5535  33.3319   0.3946   2.5626  0.35030E+02  0.35033E+02 -0.22748E-02  0.37357E+02  0.20676E-03  0.86583E+00  0.36491E+02  0.10044E+01
 e,ep,th,sigb,sigqe=    5.01    1.37   35.48  0.3086E+02 -0.1705E-02
   5.014 35.481  2.56    4.12    4.03    5.64    3.12    0.00    8.76  0.774
   1.374  0.375  5.15    0.00    0.00 -100.00    0.00    0.00 -100.00 3.085E+01

    5.0140   1.3743  35.4810   0.3747   2.5591  0.30715E+02  0.30716E+02 -0.16973E-02  0.33556E+02  0.24893E-03  0.96140E+00  0.32595E+02  0.10045E+01
 e,ep,th,sigb,sigqe=    5.01    1.03   41.51  0.2129E+02 -0.4856E-03
   5.014 41.510  2.60    6.88    7.44   10.29    5.45    0.00   15.74  0.733
   1.032  0.348  5.75    0.00    0.00 -100.00    0.00    0.00 -100.00 2.129E+01

    5.0140   1.0319  41.5100   0.3478   2.5990  0.21178E+02  0.21178E+02 -0.48295E-03  0.24645E+02  0.36364E-03  0.11612E+01  0.23484E+02  0.10054E+01
 e,ep,th,sigb,sigqe=    5.01    0.00    0.00         NaN         NaN
   5.014  0.000  0.00    0.00    0.00    0.00    0.00    0.00    0.00  1.000
   0.000  0.000 10.29    0.00    0.00    0.00    0.00    0.00    0.00       NaN

    5.0140   0.0000   0.0000   0.0000   0.0000          NaN          NaN          NaN          NaN  0.00000E+00          NaN          NaN  0.10000E+01
 e,ep,th,sigb,sigqe=    5.01    0.00    0.00         NaN         NaN
   5.014  0.000  0.00    0.00    0.00    0.00    0.00    0.00    0.00  1.000
   0.000  0.000 10.29    0.00    0.00    0.00    0.00    0.00    0.00       NaN

    5.0140   0.0000   0.0000   0.0000   0.0000          NaN          NaN          NaN          NaN  0.00000E+00          NaN          NaN  0.10000E+01
 e,ep,th,sigb,sigqe=    5.01    0.00    0.00         NaN         NaN
   5.014  0.000  0.00    0.00    0.00    0.00    0.00    0.00    0.00  1.000
   0.000  0.000 10.29    0.00    0.00    0.00    0.00    0.00    0.00       NaN

    5.0140   0.0000   0.0000   0.0000   0.0000          NaN          NaN          NaN          NaN  0.00000E+00          NaN          NaN  0.10000E+01
 e,ep,th,sigb,sigqe=    5.01    1.70   34.49  0.2161E+02  0.1079E-01
   5.014 34.494  3.00    2.54    2.30    0.13    1.95    0.00    2.08  0.847
   1.699  0.481  4.11    0.00    0.00 -100.00    0.00    0.00 -100.00 2.162E+01

    5.0140   1.6988  34.4940   0.4814   2.9951  0.21504E+02  0.21494E+02  0.10729E-01  0.22073E+02  0.58259E-04  0.42147E+00  0.21651E+02  0.10055E+01
 e,ep,th,sigb,sigqe=    5.01    1.55   36.89  0.1726E+02  0.6393E-02
   5.014 36.889  3.11    2.88    2.65    0.96    2.21    0.00    3.17  0.836
   1.548  0.478  4.28    0.00    0.00 -100.00    0.00    0.00 -100.00 1.727E+01

    5.0140   1.5481  36.8890   0.4779   3.1080  0.17162E+02  0.17156E+02  0.63547E-02  0.17814E+02  0.55640E-04  0.38240E+00  0.17431E+02  0.10061E+01
 e,ep,th,sigb,sigqe=    5.01    1.37   40.12  0.1330E+02  0.3338E-02
   5.014 40.115  3.23    3.46    3.27    2.10    2.69    0.00    4.79  0.823
   1.371  0.473  4.48    0.00    0.00 -100.00    0.00    0.00 -100.00 1.331E+01

    5.0140   1.3706  40.1151   0.4729   3.2333  0.13219E+02  0.13215E+02  0.33157E-02  0.13945E+02  0.54296E-04  0.35812E+00  0.13587E+02  0.10067E+01
 e,ep,th,sigb,sigqe=    5.01    1.10   45.01  0.1087E+02  0.1178E-03
   5.014 45.014  3.24    5.15    5.24    5.27    4.12    0.00    9.39  0.786
   1.102  0.441  4.98    0.00    0.00 -100.00    0.00    0.00 -100.00 1.087E+01

    5.0140   1.1024  45.0140   0.4414   3.2398  0.10792E+02  0.10792E+02  0.11693E-03  0.11894E+02  0.85308E-04  0.44772E+00  0.11447E+02  0.10075E+01
