 Enter the input file name (in INP directory)
 filename=INP/clasPb208.inp                                                    
input files for EXTERNAL: runplan/target/output                         
RUNPLAN/clas_kin.inp                                                            
TARG/targ.Pb208                                                                 
OUT/clasPb208_details.out                                                       
 got here
 Reading parameters for Ioana's model
 Pauli suppression factors
  1.00 0.05 1.00 0.63 1.00 0.61 0.83 0.68 0.63 1.00 0.61 0.83
 Pauli suppression factors
  1.00 0.10 1.00 0.83 1.00 0.79 0.92 0.84 0.83 1.00 0.79 0.92
 Pauli suppression factors
  1.00 0.15 1.00 0.94 1.00 0.87 0.96 0.91 0.94 1.00 0.87 0.96
 Pauli suppression factors
  1.00 0.20 1.00 0.99 1.00 0.89 0.97 0.94 0.99 1.00 0.89 0.97
 Pauli suppression factors
  1.00 0.25 1.00 1.00 1.00 1.00 0.98 0.96 1.00 1.00 1.00 0.98
 Pauli suppression factors
  2.00 0.05 1.00 0.63 1.00 0.62 0.83 0.68 0.63 1.00 0.62 0.83
 Pauli suppression factors
  2.00 0.10 1.00 0.83 1.00 0.80 0.92 0.84 0.83 1.00 0.80 0.92
 Pauli suppression factors
  2.00 0.15 1.00 0.94 1.00 0.90 0.96 0.91 0.94 1.00 0.90 0.96
 Pauli suppression factors
  2.00 0.20 1.00 0.99 1.00 0.94 0.97 0.94 0.99 1.00 0.94 0.97
 Pauli suppression factors
  2.00 0.25 1.00 1.00 1.00 1.00 0.98 0.96 1.00 1.00 1.00 0.98
 Pauli suppression factors
  3.00 0.05 1.00 0.63 1.00 0.62 0.83 0.68 0.63 1.00 0.62 0.83
 Pauli suppression factors
  3.00 0.10 1.00 0.83 1.00 0.81 0.92 0.84 0.83 1.00 0.81 0.92
 Pauli suppression factors
  3.00 0.15 1.00 0.94 1.00 0.91 0.96 0.91 0.94 1.00 0.91 0.96
 Pauli suppression factors
  3.00 0.20 1.00 0.99 1.00 0.95 0.97 0.94 0.99 1.00 0.95 0.97
 Pauli suppression factors
  3.00 0.25 1.00 1.00 1.00 1.00 0.98 0.96 1.00 1.00 1.00 0.98
 Pauli suppression factors
  4.00 0.05 1.00 0.63 1.00 0.62 0.83 0.68 0.63 1.00 0.62 0.83
 Pauli suppression factors
  4.00 0.10 1.00 0.83 1.00 0.81 0.92 0.84 0.83 1.00 0.81 0.92
 Pauli suppression factors
  4.00 0.15 1.00 0.94 1.00 0.91 0.96 0.91 0.94 1.00 0.91 0.96
 Pauli suppression factors
  4.00 0.20 1.00 0.99 1.00 0.96 0.97 0.94 0.99 1.00 0.96 0.97
 Pauli suppression factors
  4.00 0.25 1.00 1.00 1.00 1.00 0.98 0.96 1.00 1.00 1.00 0.98
 Pauli suppression factors
  5.00 0.05 1.00 0.63 1.00 0.62 0.83 0.68 0.63 1.00 0.62 0.83
 Pauli suppression factors
  5.00 0.10 1.00 0.83 1.00 0.81 0.92 0.84 0.83 1.00 0.81 0.92
 Pauli suppression factors
  5.00 0.15 1.00 0.94 1.00 0.92 0.96 0.91 0.94 1.00 0.92 0.96
 Pauli suppression factors
  5.00 0.20 1.00 0.99 1.00 0.97 0.97 0.94 0.99 1.00 0.97 0.97
 Pauli suppression factors
  5.00 0.25 1.00 1.00 1.00 1.00 0.98 0.96 1.00 1.00 1.00 0.98
 e,ep,th,sigb,sigqe=    5.01    2.39   17.27  0.1367E+05  0.1002E+02
   5.014 17.266  1.08    2.59    2.53    5.67    1.95    0.00    7.62  0.768
   2.394  0.220  4.72    0.00    0.00 -100.00    0.00    0.00 -100.00 1.368E+04

    5.0140   2.3935  17.2660   0.2199   1.0816  0.13607E+05  0.13597E+05  0.99639E+01  0.14725E+05  0.35393E+00  0.26624E+03  0.14458E+05  0.10055E+01
 e,ep,th,sigb,sigqe=    5.01    2.11   18.28  0.1077E+05  0.8771E+01
   5.014 18.277  1.07    3.27    3.28    8.59    2.42    0.01   11.02  0.739
   2.107  0.195  5.27    0.00    0.00 -100.00    0.00    0.00 -100.00 1.078E+04

    5.0140   2.1071  18.2770   0.1954   1.0660  0.10718E+05  0.10709E+05  0.87240E+01  0.11964E+05  0.90110E+00  0.26103E+03  0.11702E+05  0.10054E+01
 e,ep,th,sigb,sigqe=    5.01    1.91   19.17  0.8929E+04  0.7188E+01
   5.014 19.166  1.06    3.91    4.01   10.62    2.88    0.02   13.52  0.718
   1.910  0.182  5.64    0.00    0.00 -100.00    0.00    0.00 -100.00 8.936E+03

    5.0140   1.9095  19.1660   0.1822   1.0614  0.88855E+04  0.88783E+04  0.71475E+01  0.10144E+05  0.15056E+01  0.25738E+03  0.98851E+04  0.10057E+01
 e,ep,th,sigb,sigqe=    5.01    1.73   20.14  0.7409E+04  0.5749E+01
   5.014 20.143  1.06    4.69    4.94   12.63    3.45    0.03   16.11  0.698
   1.727  0.172  5.99    0.00    0.00 -100.00    0.00    0.00 -100.00 7.414E+03

    5.0140   1.7266  20.1430   0.1717   1.0590  0.73700E+04  0.73643E+04  0.57150E+01  0.86087E+04  0.22859E+01  0.25566E+03  0.83508E+04  0.10060E+01
 e,ep,th,sigb,sigqe=    5.01    1.55   21.25  0.6115E+04  0.4530E+01
   5.014 21.249  1.06    5.67    6.16   14.76    4.18    0.05   18.99  0.678
   1.552  0.163  6.32    0.00    0.00 -100.00    0.00    0.00 -100.00 6.120E+03

    5.0140   1.5516  21.2490   0.1628   1.0578  0.60803E+04  0.60758E+04  0.45008E+01  0.72824E+04  0.32786E+01  0.25588E+03  0.70232E+04  0.10065E+01
 e,ep,th,sigb,sigqe=    5.01    1.37   22.61  0.4943E+04  0.3474E+01
   5.014 22.610  1.06    7.04    7.92   17.25    5.21    0.09   22.56  0.658
   1.372  0.155  6.66    0.00    0.00 -100.00    0.00    0.00 -100.00 4.946E+03

    5.0140   1.3719  22.6100   0.1547   1.0574  0.49109E+04  0.49074E+04  0.34485E+01  0.60621E+04  0.46039E+01  0.25773E+03  0.57998E+04  0.10072E+01
 e,ep,th,sigb,sigqe=    5.01    1.02   26.52  0.2966E+04  0.1866E+01
   5.014 26.522  1.07   11.41   14.02   23.11    8.64    0.26   32.01  0.616
   1.016  0.143  7.31    0.00    0.00 -100.00    0.00    0.00 -100.00 2.968E+03

    5.0140   1.0163  26.5220   0.1430   1.0725  0.29385E+04  0.29366E+04  0.18471E+01  0.39184E+04  0.75747E+01  0.25656E+03  0.36542E+04  0.10101E+01
 e,ep,th,sigb,sigqe=    5.01    2.45   17.77  0.1193E+05  0.5964E+01
   5.014 17.770  1.17    2.33    2.26    4.12    1.75    0.00    5.87  0.776
   2.450  0.244  4.52    0.00    0.00 -100.00    0.00    0.00 -100.00 1.193E+04

    5.0140   2.4496  17.7700   0.2435   1.1720  0.11854E+05  0.11848E+05  0.59233E+01  0.12635E+05  0.12558E+00  0.20901E+03  0.12426E+05  0.10068E+01
 e,ep,th,sigb,sigqe=    5.01    2.11   19.11  0.8834E+04  0.5892E+01
   5.014 19.112  1.17    3.02    2.99    7.38    2.24    0.00    9.62  0.748
   2.112  0.214  5.16    0.00    0.00 -100.00    0.00    0.00 -100.00 8.839E+03

    5.0140   2.1123  19.1120   0.2144   1.1676  0.87803E+04  0.87744E+04  0.58523E+01  0.96901E+04  0.36292E+00  0.19766E+03  0.94921E+04  0.10067E+01
 e,ep,th,sigb,sigqe=    5.01    1.91   20.09  0.7291E+04  0.5035E+01
   5.014 20.087  1.17    3.61    3.66    9.36    2.66    0.01   12.03  0.728
   1.912  0.200  5.53    0.00    0.00 -100.00    0.00    0.00 -100.00 7.296E+03

    5.0140   1.9124  20.0870   0.2004   1.1665  0.72450E+04  0.72400E+04  0.50002E+01  0.81736E+04  0.61368E+00  0.19429E+03  0.79787E+04  0.10070E+01
 e,ep,th,sigb,sigqe=    5.01    1.73   21.15  0.6038E+04  0.4143E+01
   5.014 21.145  1.17    4.34    4.52   11.32    3.20    0.02   14.53  0.707
   1.728  0.189  5.88    0.00    0.00 -100.00    0.00    0.00 -100.00 6.042E+03

    5.0140   1.7276  21.1450   0.1891   1.1664  0.59977E+04  0.59936E+04  0.41125E+01  0.69203E+04  0.94680E+00  0.19314E+03  0.67262E+04  0.10074E+01
 e,ep,th,sigb,sigqe=    5.01    1.55   22.32  0.4999E+04  0.3348E+01
   5.014 22.315  1.17    5.26    5.64   13.38    3.88    0.03   17.29  0.688
   1.553  0.180  6.21    0.00    0.00 -100.00    0.00    0.00 -100.00 5.002E+03

    5.0140   1.5528  22.3150   0.1795   1.1661  0.49625E+04  0.49592E+04  0.33218E+01  0.58671E+04  0.13838E+01  0.19424E+03  0.56715E+04  0.10080E+01
 e,ep,th,sigb,sigqe=    5.01    1.37   23.75  0.4054E+04  0.2622E+01
   5.014 23.754  1.17    6.54    7.28   15.80    4.86    0.05   20.70  0.667
   1.373  0.171  6.55    0.00    0.00 -100.00    0.00    0.00 -100.00 4.057E+03

    5.0140   1.3726  23.7540   0.1706   1.1661  0.40209E+04  0.40183E+04  0.25986E+01  0.48964E+04  0.19877E+01  0.19698E+03  0.46974E+04  0.10089E+01
 e,ep,th,sigb,sigqe=    5.01    1.02   27.85  0.2456E+04  0.1449E+01
   5.014 27.852  1.18   10.64   12.93   21.66    8.08    0.14   29.87  0.625
   1.019  0.158  7.19    0.00    0.00 -100.00    0.00    0.00 -100.00 2.457E+03

    5.0140   1.0193  27.8520   0.1580   1.1841  0.24281E+04  0.24267E+04  0.14322E+01  0.31915E+04  0.33459E+01  0.19858E+03  0.29896E+04  0.10121E+01
 e,ep,th,sigb,sigqe=    5.01    2.44   18.60  0.9557E+04  0.2704E+01
   5.014 18.605  1.28    2.20    2.10    3.10    1.64    0.00    4.74  0.779
   2.437  0.264  4.44    0.00    0.00 -100.00    0.00    0.00 -100.00 9.559E+03

    5.0140   2.4373  18.6050   0.2642   1.2773  0.94799E+04  0.94772E+04  0.26818E+01  0.10013E+05  0.48704E-01  0.15665E+03  0.98562E+04  0.10084E+01
 e,ep,th,sigb,sigqe=    5.01    2.11   19.99  0.7187E+04  0.3603E+01
   5.014 19.986  1.28    2.80    2.75    6.20    2.07    0.00    8.27  0.755
   2.113  0.234  5.05    0.00    0.00 -100.00    0.00    0.00 -100.00 7.191E+03

    5.0140   2.1128  19.9860   0.2344   1.2760  0.71322E+04  0.71286E+04  0.35732E+01  0.77858E+04  0.14196E+00  0.14906E+03  0.76366E+04  0.10082E+01
 e,ep,th,sigb,sigqe=    5.01    1.91   21.02  0.5951E+04  0.3329E+01
   5.014 21.017  1.28    3.35    3.36    8.15    2.47    0.00   10.62  0.736
   1.913  0.219  5.42    0.00    0.00 -100.00    0.00    0.00 -100.00 5.955E+03

    5.0140   1.9126  21.0170   0.2192   1.2759  0.59049E+04  0.59016E+04  0.33011E+01  0.65874E+04  0.24809E+00  0.14728E+03  0.64398E+04  0.10084E+01
 e,ep,th,sigb,sigqe=    5.01    1.73   22.11  0.4961E+04  0.2889E+01
   5.014 22.115  1.28    4.04    4.15   10.07    2.98    0.01   13.05  0.716
   1.728  0.207  5.77    0.00    0.00 -100.00    0.00    0.00 -100.00 4.964E+03

    5.0140   1.7284  22.1150   0.2068   1.2751  0.49206E+04  0.49177E+04  0.28635E+01  0.56122E+04  0.39717E+00  0.14774E+03  0.54640E+04  0.10089E+01
 e,ep,th,sigb,sigqe=    5.01    1.55   23.35  0.4118E+04  0.2409E+01
   5.014 23.351  1.28    4.90    5.20   12.07    3.63    0.01   15.71  0.697
   1.553  0.196  6.10    0.00    0.00 -100.00    0.00    0.00 -100.00 4.120E+03

    5.0140   1.5531  23.3512   0.1964   1.2757  0.40812E+04  0.40788E+04  0.23867E+01  0.47672E+04  0.59358E+00  0.14935E+03  0.46173E+04  0.10095E+01
 e,ep,th,sigb,sigqe=    5.01    1.37   24.85  0.3358E+04  0.1942E+01
   5.014 24.851  1.28    6.12    6.73   14.43    4.55    0.03   19.00  0.676
   1.373  0.187  6.44    0.00    0.00 -100.00    0.00    0.00 -100.00 3.360E+03

    5.0140   1.3733  24.8510   0.1866   1.2752  0.33257E+04  0.33238E+04  0.19224E+01  0.39989E+04  0.87681E+00  0.15279E+03  0.38453E+04  0.10104E+01
 e,ep,th,sigb,sigqe=    5.01    1.02   29.18  0.2042E+04  0.1103E+01
   5.014 29.185  1.30   10.05   12.10   20.20    7.65    0.07   27.92  0.632
   1.018  0.173  7.08    0.00    0.00 -100.00    0.00    0.00 -100.00 2.043E+03

    5.0140   1.0177  29.1850   0.1728   1.2956  0.20145E+04  0.20134E+04  0.10882E+01  0.26130E+04  0.15293E+01  0.15627E+03  0.24552E+04  0.10140E+01
 e,ep,th,sigb,sigqe=    5.01    2.41   19.61  0.7347E+04  0.5877E+00
   5.014 19.613  1.40    2.09    1.98    2.14    1.55    0.00    3.69  0.780
   2.407  0.286  4.37    0.00    0.00 -100.00    0.00    0.00 -100.00 7.348E+03

    5.0140   2.4067  19.6126   0.2862   1.4002  0.72723E+04  0.72717E+04  0.58165E+00  0.76190E+04  0.17531E-01  0.11376E+03  0.75052E+04  0.10104E+01
 e,ep,th,sigb,sigqe=    5.01    2.11   20.93  0.5742E+04  0.1805E+01
   5.014 20.935  1.40    2.60    2.51    4.92    1.92    0.00    6.83  0.762
   2.114  0.257  4.92    0.00    0.00 -100.00    0.00    0.00 -100.00 5.743E+03

    5.0140   2.1138  20.9350   0.2571   1.3993  0.56863E+04  0.56845E+04  0.17875E+01  0.61357E+04  0.49573E-01  0.11000E+03  0.60256E+04  0.10100E+01
 e,ep,th,sigb,sigqe=    5.01    1.91   22.02  0.4783E+04  0.1941E+01
   5.014 22.020  1.40    3.11    3.07    6.83    2.29    0.00    9.12  0.744
   1.913  0.241  5.30    0.00    0.00 -100.00    0.00    0.00 -100.00 4.785E+03

    5.0140   1.9134  22.0200   0.2406   1.3997  0.47366E+04  0.47346E+04  0.19215E+01  0.52214E+04  0.90682E-01  0.10943E+03  0.51118E+04  0.10102E+01
 e,ep,th,sigb,sigqe=    5.01    1.73   23.18  0.4007E+04  0.1826E+01
   5.014 23.177  1.40    3.74    3.80    8.72    2.76    0.00   11.48  0.726
   1.729  0.227  5.65    0.00    0.00 -100.00    0.00    0.00 -100.00 4.008E+03

    5.0140   1.7287  23.1770   0.2269   1.3991  0.39663E+04  0.39645E+04  0.18070E+01  0.44686E+04  0.15084E+00  0.11061E+03  0.43578E+04  0.10106E+01
 e,ep,th,sigb,sigqe=    5.01    1.55   24.47  0.3345E+04  0.1607E+01
   5.014 24.469  1.40    4.56    4.77   10.67    3.37    0.01   14.05  0.707
   1.554  0.216  5.97    0.00    0.00 -100.00    0.00    0.00 -100.00 3.346E+03

    5.0140   1.5537  24.4690   0.2155   1.3994  0.33092E+04  0.33076E+04  0.15887E+01  0.38166E+04  0.23317E+00  0.11277E+03  0.37036E+04  0.10113E+01
 e,ep,th,sigb,sigqe=    5.01    1.37   26.06  0.2735E+04  0.1342E+01
   5.014 26.060  1.40    5.70    6.19   12.96    4.24    0.01   17.21  0.685
   1.373  0.205  6.31    0.00    0.00 -100.00    0.00    0.00 -100.00 2.737E+03

    5.0140   1.3732  26.0600   0.2049   1.4000  0.27035E+04  0.27021E+04  0.13256E+01  0.32077E+04  0.35260E+00  0.11611E+03  0.30912E+04  0.10122E+01
 e,ep,th,sigb,sigqe=    5.01    1.03   30.47  0.1702E+04  0.8119E+00
   5.014 30.468  1.42    9.33   11.09   18.42    7.11    0.04   25.57  0.642
   1.026  0.190  6.94    0.00    0.00 -100.00    0.00    0.00 -100.00 1.703E+03

    5.0140   1.0256  30.4680   0.1898   1.4202  0.16760E+04  0.16752E+04  0.79910E+00  0.21382E+04  0.64046E+00  0.12112E+03  0.20164E+04  0.10160E+01
 e,ep,th,sigb,sigqe=    5.01    2.37   20.71  0.5536E+04 -0.3753E+00
   5.014 20.709  1.54    2.00    1.88    1.14    1.48    0.00    2.62  0.788
   2.373  0.310  4.30    0.00    0.00 -100.00    0.00    0.00 -100.00 5.536E+03

    5.0140   2.3727  20.7090   0.3102   1.5373  0.54659E+04  0.54663E+04 -0.37056E+00  0.56805E+04  0.57711E-02  0.82054E+02  0.55985E+04  0.10127E+01
 e,ep,th,sigb,sigqe=    5.01    2.11   21.97  0.4488E+04  0.5422E+00
   5.014 21.968  1.54    2.41    2.30    3.55    1.77    0.00    5.32  0.768
   2.114  0.283  4.78    0.00    0.00 -100.00    0.00    0.00 -100.00 4.488E+03

    5.0140   2.1137  21.9680   0.2828   1.5390  0.44339E+04  0.44334E+04  0.53565E+00  0.47274E+04  0.15324E-01  0.79400E+02  0.46479E+04  0.10123E+01
 e,ep,th,sigb,sigqe=    5.01    1.91   23.10  0.3775E+04  0.8996E+00
   5.014 23.102  1.54    2.88    2.81    5.43    2.11    0.00    7.54  0.752
   1.914  0.265  5.16    0.00    0.00 -100.00    0.00    0.00 -100.00 3.776E+03

    5.0140   1.9138  23.1020   0.2645   1.5390  0.37298E+04  0.37289E+04  0.88860E+00  0.40608E+04  0.29726E-01  0.79723E+02  0.39811E+04  0.10124E+01
 e,ep,th,sigb,sigqe=    5.01    1.73   24.33  0.3180E+04  0.9922E+00
   5.014 24.327  1.54    3.47    3.47    7.27    2.55    0.00    9.83  0.735
   1.729  0.250  5.51    0.00    0.00 -100.00    0.00    0.00 -100.00 3.181E+03

    5.0140   1.7287  24.3266   0.2497   1.5392  0.31409E+04  0.31399E+04  0.97971E+00  0.34934E+04  0.51516E-01  0.81175E+02  0.34122E+04  0.10127E+01
 e,ep,th,sigb,sigqe=    5.01    1.55   25.69  0.2669E+04  0.9539E+00
   5.014 25.690  1.54    4.23    4.36    9.17    3.12    0.00   12.30  0.716
   1.553  0.237  5.83    0.00    0.00 -100.00    0.00    0.00 -100.00 2.670E+03

    5.0140   1.5533  25.6900   0.2371   1.5397  0.26347E+04  0.26338E+04  0.94130E+00  0.29984E+04  0.82684E-01  0.83424E+02  0.29149E+04  0.10134E+01
 e,ep,th,sigb,sigqe=    5.01    1.37   27.35  0.2200E+04  0.8502E+00
   5.014 27.351  1.54    5.30    5.68   11.39    3.95    0.01   15.34  0.695
   1.373  0.225  6.17    0.00    0.00 -100.00    0.00    0.00 -100.00 2.200E+03

    5.0140   1.3734  27.3510   0.2254   1.5396  0.21692E+04  0.21684E+04  0.83819E+00  0.25379E+04  0.12996E+00  0.86827E+02  0.24510E+04  0.10144E+01
 e,ep,th,sigb,sigqe=    5.01    1.03   32.03  0.1376E+04  0.5451E+00
   5.014 32.025  1.56    8.74   10.26   16.63    6.67    0.02   23.32  0.650
   1.025  0.209  6.80    0.00    0.00 -100.00    0.00    0.00 -100.00 1.376E+03

    5.0140   1.0253  32.0253   0.2090   1.5647  0.13511E+04  0.13506E+04  0.53522E+00  0.16970E+04  0.24338E+00  0.91850E+02  0.16049E+04  0.10185E+01
 e,ep,th,sigb,sigqe=    5.01    2.33   21.83  0.4159E+04 -0.6146E+00
   5.014 21.833  1.68    1.93    1.80    0.19    1.44    0.00    1.63  0.797
   2.335  0.334  4.23    0.00    0.00 -100.00    0.00    0.00 -100.00 4.159E+03

    5.0140   2.3348  21.8330   0.3340   1.6794  0.40952E+04  0.40958E+04 -0.60521E+00  0.42264E+04  0.18973E-02  0.59800E+02  0.41666E+04  0.10155E+01
 e,ep,th,sigb,sigqe=    5.01    2.11   22.99  0.3500E+04 -0.1069E+00
   5.014 22.994  1.68    2.26    2.13    2.21    1.65    0.00    3.87  0.776
   2.114  0.309  4.64    0.00    0.00 -100.00    0.00    0.00 -100.00 3.500E+03

    5.0140   2.1135  22.9940   0.3094   1.6840  0.34486E+04  0.34487E+04 -0.10536E+00  0.36353E+04  0.45688E-02  0.57912E+02  0.35774E+04  0.10149E+01
 e,ep,th,sigb,sigqe=    5.01    1.91   24.18  0.2974E+04  0.2428E+00
   5.014 24.182  1.68    2.69    2.58    4.06    1.96    0.00    6.02  0.759
   1.914  0.289  5.01    0.00    0.00 -100.00    0.00    0.00 -100.00 2.974E+03

    5.0140   1.9137  24.1820   0.2895   1.6840  0.29305E+04  0.29303E+04  0.23922E+00  0.31531E+04  0.94342E-02  0.58343E+02  0.30948E+04  0.10149E+01
 e,ep,th,sigb,sigqe=    5.01    1.73   25.46  0.2527E+04  0.4346E+00
   5.014 25.464  1.68    3.23    3.19    5.86    2.37    0.00    8.23  0.743
   1.729  0.273  5.36    0.00    0.00 -100.00    0.00    0.00 -100.00 2.527E+03

    5.0140   1.7285  25.4640   0.2731   1.6838  0.24893E+04  0.24888E+04  0.42807E+00  0.27349E+04  0.17236E-01  0.59922E+02  0.26749E+04  0.10151E+01
 e,ep,th,sigb,sigqe=    5.01    1.55   26.89  0.2137E+04  0.5002E+00
   5.014 26.889  1.68    3.94    4.01    7.70    2.91    0.00   10.61  0.725
   1.553  0.259  5.69    0.00    0.00 -100.00    0.00    0.00 -100.00 2.138E+03

    5.0140   1.5533  26.8890   0.2593   1.6841  0.21045E+04  0.21040E+04  0.49246E+00  0.23645E+04  0.28885E-01  0.62153E+02  0.23023E+04  0.10157E+01
 e,ep,th,sigb,sigqe=    5.01    1.37   28.63  0.1772E+04  0.4937E+00
   5.014 28.632  1.68    4.95    5.22    9.84    3.68    0.00   13.52  0.704
   1.374  0.247  6.03    0.00    0.00 -100.00    0.00    0.00 -100.00 1.773E+03

    5.0140   1.3737  28.6319   0.2466   1.6845  0.17434E+04  0.17429E+04  0.48556E+00  0.20123E+04  0.46949E-01  0.65244E+02  0.19470E+04  0.10168E+01
 e,ep,th,sigb,sigqe=    5.01    1.02   33.62  0.1112E+04  0.3480E+00
   5.014 33.623  1.71    8.29    9.64   14.99    6.35    0.01   21.34  0.658
   1.020  0.228  6.66    0.00    0.00 -100.00    0.00    0.00 -100.00 1.113E+03

    5.0140   1.0200  33.6230   0.2283   1.7112  0.10896E+04  0.10893E+04  0.34077E+00  0.13502E+04  0.94178E-01  0.70606E+02  0.12795E+04  0.10212E+01
 e,ep,th,sigb,sigqe=    5.01    2.28   23.36  0.2840E+04 -0.5041E+00
   5.014 23.356  1.88    1.88    1.73   -0.98    1.40    0.00    0.42  0.807
   2.282  0.366  4.13    0.00    0.00 -100.00    0.00    0.00 -100.00 2.839E+03

    5.0140   2.2824  23.3560   0.3659   1.8755  0.27857E+04  0.27862E+04 -0.49459E+00  0.28511E+04  0.42474E-03  0.39757E+02  0.28114E+04  0.10192E+01
 e,ep,th,sigb,sigqe=    5.01    2.11   25.03  0.2104E+04 -0.3018E+00
   5.014 25.032  1.99    2.04    1.89   -0.32    1.51    0.00    1.18  0.798
   2.109  0.365  4.34    0.00    0.00 -100.00    0.00    0.00 -100.00 2.104E+03

    5.0140   2.1094  25.0320   0.3645   1.9869  0.20604E+04  0.20607E+04 -0.29562E+00  0.21287E+04  0.37007E-03  0.31693E+02  0.20970E+04  0.10210E+01
 e,ep,th,sigb,sigqe=    5.01    1.91   26.39  0.1800E+04 -0.1652E+00
   5.014 26.388  2.00    2.39    2.23    1.32    1.74    0.00    3.06  0.780
   1.914  0.344  4.70    0.00    0.00 -100.00    0.00    0.00 -100.00 1.800E+03

    5.0140   1.9137  26.3880   0.3437   1.9996  0.17631E+04  0.17633E+04 -0.16181E+00  0.18552E+04  0.78316E-03  0.31368E+02  0.18239E+04  0.10210E+01
 e,ep,th,sigb,sigqe=    5.01    1.73   27.74  0.1576E+04 -0.5664E-01
   5.014 27.743  1.99    2.86    2.74    3.07    2.09    0.00    5.16  0.762
   1.729  0.323  5.05    0.00    0.00 -100.00    0.00    0.00 -100.00 1.576E+03

    5.0140   1.7290  27.7430   0.3233   1.9931  0.15436E+04  0.15437E+04 -0.55473E-01  0.16573E+04  0.16860E-02  0.32887E+02  0.16244E+04  0.10210E+01
 e,ep,th,sigb,sigqe=    5.01    1.55   29.31  0.1354E+04  0.1162E-01
   5.014 29.307  1.99    3.47    3.43    4.78    2.55    0.00    7.33  0.743
   1.554  0.307  5.38    0.00    0.00 -100.00    0.00    0.00 -100.00 1.354E+03

    5.0140   1.5538  29.3070   0.3071   1.9943  0.13256E+04  0.13256E+04  0.11378E-01  0.14535E+04  0.30909E-02  0.34508E+02  0.14190E+04  0.10216E+01
 e,ep,th,sigb,sigqe=    5.01    1.37   31.30  0.1126E+04  0.7416E-01
   5.014 31.297  2.00    4.35    4.46    6.66    3.22    0.00    9.89  0.723
   1.374  0.293  5.71    0.00    0.00 -100.00    0.00    0.00 -100.00 1.126E+03

    5.0140   1.3736  31.2970   0.2934   2.0044  0.11004E+04  0.11003E+04  0.72499E-01  0.12370E+04  0.51416E-02  0.36294E+02  0.12007E+04  0.10229E+01
 e,ep,th,sigb,sigqe=    5.01    1.03   36.47  0.7444E+03  0.1046E+00
   5.014 36.475  2.03    7.25    8.18   11.25    5.56    0.00   16.81  0.679
   1.032  0.271  6.33    0.00    0.00 -100.00    0.00    0.00 -100.00 7.445E+02

    5.0140   1.0318  36.4750   0.2712   2.0268  0.72449E+03  0.72439E+03  0.10176E+00  0.86966E+03  0.11981E-01  0.41375E+02  0.82827E+03  0.10276E+01
 e,ep,th,sigb,sigqe=    5.01    0.00    0.00         NaN         NaN
   5.014  0.000  0.00    0.00    0.00    0.00    0.00    0.00    0.00  1.000
   0.000  0.000 10.29    0.00    0.00    0.00    0.00    0.00    0.00       NaN

    5.0140   0.0000   0.0000   0.0000   0.0000          NaN          NaN          NaN          NaN  0.00000E+00          NaN          NaN  0.10000E+01
 e,ep,th,sigb,sigqe=    5.01    2.05   27.73  0.1104E+04  0.3042E-02
   5.014 27.731  2.36    1.97    1.79   -2.61    1.46    0.00   -1.16  0.814
   2.053  0.425  4.07    0.00    0.00 -100.00    0.00    0.00 -100.00 1.104E+03

    5.0140   2.0525  27.7310   0.4254   2.3641  0.10727E+04  0.10727E+04  0.29573E-02  0.10908E+04  0.20671E-04  0.16058E+02  0.10747E+04  0.10287E+01
 e,ep,th,sigb,sigqe=    5.01    1.90   29.65  0.8301E+03 -0.2432E-02
   5.014 29.652  2.50    2.15    1.96   -2.23    1.58    0.00   -0.65  0.806
   1.900  0.427  4.23    0.00    0.00 -100.00    0.00    0.00 -100.00 8.301E+02

    5.0140   1.9000  29.6520   0.4270   2.4951  0.80475E+03  0.80476E+03 -0.23581E-02  0.82473E+03  0.15933E-04  0.13117E+02  0.81161E+03  0.10315E+01
 e,ep,th,sigb,sigqe=    5.01    1.73   31.59  0.6762E+03 -0.2745E-01
   5.014 31.587  2.57    2.47    2.28   -1.29    1.81    0.00    0.52  0.794
   1.728  0.416  4.48    0.00    0.00 -100.00    0.00    0.00 -100.00 6.762E+02

    5.0140   1.7276  31.5870   0.4162   2.5667  0.65425E+03  0.65427E+03 -0.26562E-01  0.67971E+03  0.21855E-04  0.12229E+02  0.66748E+03  0.10336E+01
 e,ep,th,sigb,sigqe=    5.01    1.55   33.33  0.6069E+03 -0.3819E-01
   5.014 33.332  2.56    2.97    2.80    0.23    2.18    0.00    2.41  0.777
   1.554  0.395  4.81    0.00    0.00 -100.00    0.00    0.00 -100.00 6.069E+02

    5.0140   1.5535  33.3319   0.3946   2.5626  0.58682E+03  0.58686E+03 -0.36922E-01  0.62155E+03  0.50900E-04  0.13227E+02  0.60832E+03  0.10342E+01
 e,ep,th,sigb,sigqe=    5.01    1.37   35.48  0.5319E+03 -0.2854E-01
   5.014 35.481  2.56    3.71    3.63    1.93    2.75    0.00    4.68  0.757
   1.374  0.375  5.15    0.00    0.00 -100.00    0.00    0.00 -100.00 5.319E+02

    5.0140   1.3743  35.4810   0.3747   2.5591  0.51362E+03  0.51365E+03 -0.27555E-01  0.55680E+03  0.11147E-03  0.14610E+02  0.54219E+03  0.10356E+01
 e,ep,th,sigb,sigqe=    5.01    1.03   41.51  0.3646E+03 -0.8139E-02
   5.014 41.510  2.60    6.21    6.72    5.63    4.77    0.00   10.40  0.710
   1.032  0.348  5.75    0.00    0.00 -100.00    0.00    0.00 -100.00 3.646E+02

    5.0140   1.0319  41.5100   0.3478   2.5990  0.34976E+03  0.34977E+03 -0.78077E-02  0.40251E+03  0.31083E-03  0.17393E+02  0.38512E+03  0.10424E+01
 e,ep,th,sigb,sigqe=    5.01    0.00    0.00         NaN         NaN
   5.014  0.000  0.00    0.00    0.00    0.00    0.00    0.00    0.00  1.000
   0.000  0.000 10.29    0.00    0.00    0.00    0.00    0.00    0.00       NaN

    5.0140   0.0000   0.0000   0.0000   0.0000          NaN          NaN          NaN          NaN  0.00000E+00          NaN          NaN  0.10000E+01
 e,ep,th,sigb,sigqe=    5.01    0.00    0.00         NaN         NaN
   5.014  0.000  0.00    0.00    0.00    0.00    0.00    0.00    0.00  1.000
   0.000  0.000 10.29    0.00    0.00    0.00    0.00    0.00    0.00       NaN

    5.0140   0.0000   0.0000   0.0000   0.0000          NaN          NaN          NaN          NaN  0.00000E+00          NaN          NaN  0.10000E+01
 e,ep,th,sigb,sigqe=    5.01    0.00    0.00         NaN         NaN
   5.014  0.000  0.00    0.00    0.00    0.00    0.00    0.00    0.00  1.000
   0.000  0.000 10.29    0.00    0.00    0.00    0.00    0.00    0.00       NaN

    5.0140   0.0000   0.0000   0.0000   0.0000          NaN          NaN          NaN          NaN  0.00000E+00          NaN          NaN  0.10000E+01
 e,ep,th,sigb,sigqe=    5.01    1.70   34.49  0.3587E+03  0.1792E+00
   5.014 34.494  3.00    2.39    2.17   -3.93    1.80    0.00   -2.13  0.826
   1.699  0.481  4.11    0.00    0.00 -100.00    0.00    0.00 -100.00 3.589E+02

    5.0140   1.6988  34.4940   0.4814   2.9951  0.34383E+03  0.34366E+03  0.17168E+00  0.35122E+03  0.89664E-06  0.64428E+01  0.34478E+03  0.10437E+01
 e,ep,th,sigb,sigqe=    5.01    1.55   36.89  0.2844E+03  0.1062E+00
   5.014 36.889  3.11    2.74    2.52   -3.42    2.05    0.00   -1.37  0.811
   1.548  0.478  4.28    0.00    0.00 -100.00    0.00    0.00 -100.00 2.845E+02

    5.0140   1.5481  36.8890   0.4779   3.1080  0.27161E+03  0.27151E+03  0.10138E+00  0.28058E+03  0.89146E-06  0.58216E+01  0.27476E+03  0.10474E+01
 e,ep,th,sigb,sigqe=    5.01    1.37   40.12  0.2175E+03  0.5545E-01
   5.014 40.115  3.23    3.32    3.14   -2.78    2.50    0.00   -0.27  0.798
   1.371  0.473  4.48    0.00    0.00 -100.00    0.00    0.00 -100.00 2.176E+02

    5.0140   1.3706  40.1151   0.4729   3.2333  0.20667E+03  0.20662E+03  0.52662E-01  0.21700E+03  0.93200E-06  0.54499E+01  0.21155E+03  0.10528E+01
 e,ep,th,sigb,sigqe=    5.01    1.10   45.01  0.1781E+03  0.1964E-02
   5.014 45.014  3.24    4.91    5.00   -0.37    3.79    0.00    3.42  0.758
   1.102  0.441  4.98    0.00    0.00 -100.00    0.00    0.00 -100.00 1.781E+02

    5.0140   1.1024  45.0140   0.4414   3.2398  0.16814E+03  0.16814E+03  0.18542E-02  0.18414E+03  0.34414E-05  0.67462E+01  0.17739E+03  0.10590E+01
