EXTERNAL/TSAI:  VERSION OF 8/8/96

RUNPLAN for CLAS hadronization experiment                               
 inclusive:                                                             
                                                                        
CLAS Carbon                                                             
                                                                        

----*----1----*----2----*----3----*----4----*----5----*----6----*----7--
                                                                        

TARGET (iZ,iA) = (  6, 12);   avgA =  12.000; amuM= 12.002; avgM= 11.180
 targ= ordina; ttarg(rl)=0.01561; twall=0.00000; tbeam=0.00000; tspec=0.00761
         Nseg  =   2
 MODELS: P elastc(ikk)=14; deut elastic=13; inelastc=206; Pauli Supresion= 1
 NUCLEAR METHOD= 1;   NUCLEAR_MODEL= 1

    E1    TH    Q2 COS_K         SMR     NUC          INT-SMR
    EP     X    W2 QE-PK  INELA  Q-ELA  ELAST   TOTAL  MODEL

   5.014 21.840  1.55    2.89    4.98    2.13    0.00    7.11  0.774
   2.147  0.287  4.71    0.00 -100.00    0.00    0.00 -100.00 2.402E+02

   5.014 27.180  1.71    4.78    9.78    3.55    0.01   13.35  0.732
   1.540  0.262  5.69    0.00 -100.00    0.00    0.00 -100.00 1.110E+02

   5.014 33.090  1.67    9.99   18.13    7.73    0.08   25.93  0.667
   1.027  0.223  6.69    0.00 -100.00    0.00    0.00 -100.00 6.567E+01

  0.000 0.000  0.000 .000  0.00  0.00  0.00  0.00  0.00  0.00 0.000
                           0.00  0.00  0.00  0.00  0.00  0.00 0.000E+00

