 Enter the input file name (in INP directory)
 filename=INP/clasC12.inp                                                      
input files for EXTERNAL: runplan/target/output                         
RUNPLAN/clas_kin.inp                                                            
TARG/targ.C12                                                                   
OUT/clasC12_details.out                                                         
 got here
 Reading parameters for Ioana's model
 Pauli suppression factors
  1.00 0.05 1.00 0.63 1.00 0.61 0.83 0.68 0.63 1.00 0.61 0.83
 Pauli suppression factors
  1.00 0.10 1.00 0.83 1.00 0.79 0.92 0.84 0.83 1.00 0.79 0.92
 Pauli suppression factors
  1.00 0.15 1.00 0.94 1.00 0.87 0.96 0.91 0.94 1.00 0.87 0.96
 Pauli suppression factors
  1.00 0.20 1.00 0.99 1.00 0.89 0.97 0.94 0.99 1.00 0.89 0.97
 Pauli suppression factors
  1.00 0.25 1.00 1.00 1.00 1.00 0.98 0.96 1.00 1.00 1.00 0.98
 Pauli suppression factors
  2.00 0.05 1.00 0.63 1.00 0.62 0.83 0.68 0.63 1.00 0.62 0.83
 Pauli suppression factors
  2.00 0.10 1.00 0.83 1.00 0.80 0.92 0.84 0.83 1.00 0.80 0.92
 Pauli suppression factors
  2.00 0.15 1.00 0.94 1.00 0.90 0.96 0.91 0.94 1.00 0.90 0.96
 Pauli suppression factors
  2.00 0.20 1.00 0.99 1.00 0.94 0.97 0.94 0.99 1.00 0.94 0.97
 Pauli suppression factors
  2.00 0.25 1.00 1.00 1.00 1.00 0.98 0.96 1.00 1.00 1.00 0.98
 Pauli suppression factors
  3.00 0.05 1.00 0.63 1.00 0.62 0.83 0.68 0.63 1.00 0.62 0.83
 Pauli suppression factors
  3.00 0.10 1.00 0.83 1.00 0.81 0.92 0.84 0.83 1.00 0.81 0.92
 Pauli suppression factors
  3.00 0.15 1.00 0.94 1.00 0.91 0.96 0.91 0.94 1.00 0.91 0.96
 Pauli suppression factors
  3.00 0.20 1.00 0.99 1.00 0.95 0.97 0.94 0.99 1.00 0.95 0.97
 Pauli suppression factors
  3.00 0.25 1.00 1.00 1.00 1.00 0.98 0.96 1.00 1.00 1.00 0.98
 Pauli suppression factors
  4.00 0.05 1.00 0.63 1.00 0.62 0.83 0.68 0.63 1.00 0.62 0.83
 Pauli suppression factors
  4.00 0.10 1.00 0.83 1.00 0.81 0.92 0.84 0.83 1.00 0.81 0.92
 Pauli suppression factors
  4.00 0.15 1.00 0.94 1.00 0.91 0.96 0.91 0.94 1.00 0.91 0.96
 Pauli suppression factors
  4.00 0.20 1.00 0.99 1.00 0.96 0.97 0.94 0.99 1.00 0.96 0.97
 Pauli suppression factors
  4.00 0.25 1.00 1.00 1.00 1.00 0.98 0.96 1.00 1.00 1.00 0.98
 Pauli suppression factors
  5.00 0.05 1.00 0.63 1.00 0.62 0.83 0.68 0.63 1.00 0.62 0.83
 Pauli suppression factors
  5.00 0.10 1.00 0.83 1.00 0.81 0.92 0.84 0.83 1.00 0.81 0.92
 Pauli suppression factors
  5.00 0.15 1.00 0.94 1.00 0.92 0.96 0.91 0.94 1.00 0.92 0.96
 Pauli suppression factors
  5.00 0.20 1.00 0.99 1.00 0.97 0.97 0.94 0.99 1.00 0.97 0.97
 Pauli suppression factors
  5.00 0.25 1.00 1.00 1.00 1.00 0.98 0.96 1.00 1.00 1.00 0.98
 e,ep,th,sigb,sigqe=    5.01    2.15   21.84  0.2402E+03  0.2375E-01
   5.014 21.840  1.55    2.89    2.75    4.98    2.13    0.00    7.11  0.774
   2.147  0.287  4.71    0.00    0.00 -100.00    0.00    0.00 -100.00 2.402E+02

    5.0140   2.1473  21.8400   0.2873   1.5455  0.23981E+03  0.23978E+03  0.23711E-01  0.25726E+03  0.62529E-02  0.51093E+01  0.25214E+03  0.10016E+01
 e,ep,th,sigb,sigqe=    5.01    1.54   27.18  0.1110E+03  0.2650E-01
   5.014 27.180  1.71    4.78    4.85    9.78    3.55    0.01   13.35  0.732
   1.540  0.262  5.69    0.00    0.00 -100.00    0.00    0.00 -100.00 1.110E+02

    5.0140   1.5398  27.1800   0.2615   1.7051  0.11080E+03  0.11078E+03  0.26444E-01  0.12586E+03  0.11926E-01  0.39445E+01  0.12190E+03  0.10021E+01
 e,ep,th,sigb,sigqe=    5.01    1.03   33.09  0.6565E+02  0.2327E-01
   5.014 33.090  1.67    9.99   11.59   18.13    7.73    0.08   25.93  0.667
   1.027  0.223  6.69    0.00    0.00 -100.00    0.00    0.00 -100.00 6.567E+01

    5.0140   1.0273  33.0900   0.2233   1.6708  0.65497E+02  0.65474E+02  0.23204E-01  0.82704E+02  0.49347E-01  0.50773E+01  0.77578E+02  0.10027E+01
