EXTERNAL/TSAI:  VERSION OF 8/8/96

RUNPLAN for CLAS hadronization experiment                               
 inclusive:                                                             
                                                                        
CLAS Carbon                                                             
                                                                        

----*----1----*----2----*----3----*----4----*----5----*----6----*----7--
                                                                        

TARGET (iZ,iA) = (  6, 12);   avgA =  12.000; amuM= 12.002; avgM= 11.180
 targ= ordina; ttarg(rl)=0.01561; twall=0.00000; tbeam=0.00000; tspec=0.00761
         Nseg  =   2
 MODELS: P elastc(ikk)=14; deut elastic=13; inelastc=206; Pauli Supresion= 1
 NUCLEAR METHOD= 1;   NUCLEAR_MODEL= 1

    E1    TH    Q2 COS_K         SMR     NUC          INT-SMR
    EP     X    W2 QE-PK  INELA  Q-ELA  ELAST   TOTAL  MODEL

   5.014 19.026  1.21    3.51    7.52    2.59    0.02   10.14  0.759
   2.200  0.228  4.95    0.00 -100.00    0.00    0.00 -100.00 4.567E+02

   5.014 22.541  1.18    6.77   15.02    4.98    0.14   20.15  0.688
   1.536  0.180  6.23    0.00 -100.00    0.00    0.00 -100.00 2.522E+02

   5.014 27.832  1.18   13.49   23.71   10.25    0.59   34.54  0.627
   1.017  0.157  7.20    0.00 -100.00    0.00    0.00 -100.00 1.321E+02

   5.014 21.601  1.53    2.86    4.85    2.10    0.00    6.96  0.776
   2.173  0.287  4.68    0.00 -100.00    0.00    0.00 -100.00 2.514E+02

   5.014 25.776  1.54    5.24   11.18    3.88    0.02   15.08  0.721
   1.544  0.237  5.85    0.00 -100.00    0.00    0.00 -100.00 1.419E+02

   5.014 31.895  1.55   10.70   19.39    8.24    0.13   27.76  0.658
   1.024  0.207  6.82    0.00 -100.00    0.00    0.00 -100.00 7.697E+01

   5.014 25.963  2.06    2.48    2.30    1.83    0.00    4.13  0.804
   2.034  0.368  4.42    0.00 -100.00    0.00    0.00 -100.00 9.844E+01

   5.014 31.734  2.31    3.65    5.33    2.72    0.00    8.04  0.775
   1.539  0.354  5.09    0.00 -100.00    0.00    0.00 -100.00 4.866E+01

   5.014 38.969  2.32    7.44   12.11    5.84    0.00   17.95  0.715
   1.040  0.311  6.02    0.00 -100.00    0.00    0.00 -100.00 2.977E+01

  0.000 0.000  0.000 .000  0.00  0.00  0.00  0.00  0.00  0.00 0.000
                           0.00  0.00  0.00  0.00  0.00  0.00 0.000E+00

