 Enter the input file name (in INP directory)
 filename=INP/clasFe56.inp                                                     
input files for EXTERNAL: runplan/target/output                         
RUNPLAN/clas_kin.inp                                                            
TARG/targ.Fe56                                                                  
OUT/clasFe56_details.out                                                        
 got here
 Reading parameters for Ioana's model
 Pauli suppression factors
  1.00 0.05 1.00 0.63 1.00 0.61 0.83 0.68 0.63 1.00 0.61 0.83
 Pauli suppression factors
  1.00 0.10 1.00 0.83 1.00 0.79 0.92 0.84 0.83 1.00 0.79 0.92
 Pauli suppression factors
  1.00 0.15 1.00 0.94 1.00 0.87 0.96 0.91 0.94 1.00 0.87 0.96
 Pauli suppression factors
  1.00 0.20 1.00 0.99 1.00 0.89 0.97 0.94 0.99 1.00 0.89 0.97
 Pauli suppression factors
  1.00 0.25 1.00 1.00 1.00 1.00 0.98 0.96 1.00 1.00 1.00 0.98
 Pauli suppression factors
  2.00 0.05 1.00 0.63 1.00 0.62 0.83 0.68 0.63 1.00 0.62 0.83
 Pauli suppression factors
  2.00 0.10 1.00 0.83 1.00 0.80 0.92 0.84 0.83 1.00 0.80 0.92
 Pauli suppression factors
  2.00 0.15 1.00 0.94 1.00 0.90 0.96 0.91 0.94 1.00 0.90 0.96
 Pauli suppression factors
  2.00 0.20 1.00 0.99 1.00 0.94 0.97 0.94 0.99 1.00 0.94 0.97
 Pauli suppression factors
  2.00 0.25 1.00 1.00 1.00 1.00 0.98 0.96 1.00 1.00 1.00 0.98
 Pauli suppression factors
  3.00 0.05 1.00 0.63 1.00 0.62 0.83 0.68 0.63 1.00 0.62 0.83
 Pauli suppression factors
  3.00 0.10 1.00 0.83 1.00 0.81 0.92 0.84 0.83 1.00 0.81 0.92
 Pauli suppression factors
  3.00 0.15 1.00 0.94 1.00 0.91 0.96 0.91 0.94 1.00 0.91 0.96
 Pauli suppression factors
  3.00 0.20 1.00 0.99 1.00 0.95 0.97 0.94 0.99 1.00 0.95 0.97
 Pauli suppression factors
  3.00 0.25 1.00 1.00 1.00 1.00 0.98 0.96 1.00 1.00 1.00 0.98
 Pauli suppression factors
  4.00 0.05 1.00 0.63 1.00 0.62 0.83 0.68 0.63 1.00 0.62 0.83
 Pauli suppression factors
  4.00 0.10 1.00 0.83 1.00 0.81 0.92 0.84 0.83 1.00 0.81 0.92
 Pauli suppression factors
  4.00 0.15 1.00 0.94 1.00 0.91 0.96 0.91 0.94 1.00 0.91 0.96
 Pauli suppression factors
  4.00 0.20 1.00 0.99 1.00 0.96 0.97 0.94 0.99 1.00 0.96 0.97
 Pauli suppression factors
  4.00 0.25 1.00 1.00 1.00 1.00 0.98 0.96 1.00 1.00 1.00 0.98
 Pauli suppression factors
  5.00 0.05 1.00 0.63 1.00 0.62 0.83 0.68 0.63 1.00 0.62 0.83
 Pauli suppression factors
  5.00 0.10 1.00 0.83 1.00 0.81 0.92 0.84 0.83 1.00 0.81 0.92
 Pauli suppression factors
  5.00 0.15 1.00 0.94 1.00 0.92 0.96 0.91 0.94 1.00 0.92 0.96
 Pauli suppression factors
  5.00 0.20 1.00 0.99 1.00 0.97 0.97 0.94 0.99 1.00 0.97 0.97
 Pauli suppression factors
  5.00 0.25 1.00 1.00 1.00 1.00 0.98 0.96 1.00 1.00 1.00 0.98
 e,ep,th,sigb,sigqe=    5.01    2.39   17.27  0.3317E+04  0.2823E+01
   5.014 17.266  1.08    3.14    3.06    6.45    2.34    0.00    8.80  0.765
   2.394  0.220  4.72    0.00    0.00 -100.00    0.00    0.00 -100.00 3.320E+03

    5.0140   2.3935  17.2660   0.2199   1.0816  0.33119E+04  0.33091E+04  0.28160E+01  0.36120E+04  0.11130E+00  0.77802E+02  0.35341E+04  0.10024E+01
 e,ep,th,sigb,sigqe=    5.01    2.11   18.28  0.2633E+04  0.2467E+01
   5.014 18.277  1.07    3.95    3.95    9.35    2.90    0.01   12.26  0.736
   2.107  0.195  5.27    0.00    0.00 -100.00    0.00    0.00 -100.00 2.636E+03

    5.0140   2.1071  18.2770   0.1954   1.0660  0.26294E+04  0.26270E+04  0.24616E+01  0.29587E+04  0.16630E+00  0.76502E+02  0.28820E+04  0.10023E+01
 e,ep,th,sigb,sigqe=    5.01    1.91   19.17  0.2195E+04  0.2020E+01
   5.014 19.166  1.06    4.71    4.82   11.42    3.44    0.01   14.87  0.714
   1.910  0.182  5.64    0.00    0.00 -100.00    0.00    0.00 -100.00 2.197E+03

    5.0140   1.9095  19.1660   0.1822   1.0614  0.21919E+04  0.21899E+04  0.20147E+01  0.25240E+04  0.24463E+00  0.75611E+02  0.24481E+04  0.10024E+01
 e,ep,th,sigb,sigqe=    5.01    1.73   20.14  0.1831E+04  0.1614E+01
   5.014 20.143  1.06    5.64    5.92   13.49    4.13    0.02   17.64  0.697
   1.727  0.172  5.99    0.00    0.00 -100.00    0.00    0.00 -100.00 1.832E+03

    5.0140   1.7266  20.1430   0.1717   1.0590  0.18274E+04  0.18258E+04  0.16094E+01  0.21553E+04  0.37633E+00  0.75614E+02  0.20793E+04  0.10026E+01
 e,ep,th,sigb,sigqe=    5.01    1.55   21.25  0.1519E+04  0.1270E+01
   5.014 21.249  1.06    6.80    7.37   15.69    4.97    0.04   20.70  0.674
   1.552  0.163  6.32    0.00    0.00 -100.00    0.00    0.00 -100.00 1.520E+03

    5.0140   1.5516  21.2490   0.1628   1.0578  0.15156E+04  0.15144E+04  0.12664E+01  0.18346E+04  0.58061E+00  0.75546E+02  0.17584E+04  0.10028E+01
 e,ep,th,sigb,sigqe=    5.01    1.37   22.61  0.1234E+04  0.9726E+00
   5.014 22.610  1.06    8.42    9.45   18.29    6.18    0.07   24.54  0.654
   1.372  0.155  6.66    0.00    0.00 -100.00    0.00    0.00 -100.00 1.235E+03

    5.0140   1.3719  22.6100   0.1547   1.0574  0.12316E+04  0.12306E+04  0.96956E+00  0.15386E+04  0.89682E+00  0.76312E+02  0.14614E+04  0.10032E+01
 e,ep,th,sigb,sigqe=    5.01    1.02   26.52  0.7515E+03  0.5213E+00
   5.014 26.522  1.07   13.54   16.60   24.31   10.17    0.23   34.71  0.612
   1.016  0.143  7.31    0.00    0.00 -100.00    0.00    0.00 -100.00 7.520E+02

    5.0140   1.0163  26.5220   0.1430   1.0725  0.74864E+03  0.74813E+03  0.51894E+00  0.10130E+04  0.17203E+01  0.76464E+02  0.93484E+03  0.10045E+01
 e,ep,th,sigb,sigqe=    5.01    2.45   17.77  0.2900E+04  0.1681E+01
   5.014 17.770  1.17    2.82    2.72    4.96    2.10    0.00    7.07  0.774
   2.450  0.244  4.52    0.00    0.00 -100.00    0.00    0.00 -100.00 2.902E+03

    5.0140   2.4496  17.7700   0.2435   1.1720  0.28934E+04  0.28917E+04  0.16758E+01  0.31070E+04  0.70781E-01  0.61007E+02  0.30460E+04  0.10030E+01
 e,ep,th,sigb,sigqe=    5.01    2.11   19.11  0.2171E+04  0.1658E+01
   5.014 19.112  1.17    3.62    3.57    8.17    2.66    0.00   10.84  0.745
   2.112  0.214  5.16    0.00    0.00 -100.00    0.00    0.00 -100.00 2.172E+03

    5.0140   2.1123  19.1120   0.2144   1.1676  0.21659E+04  0.21642E+04  0.16528E+01  0.24076E+04  0.10317E+00  0.57873E+02  0.23497E+04  0.10029E+01
 e,ep,th,sigb,sigqe=    5.01    1.91   20.09  0.1802E+04  0.1415E+01
   5.014 20.087  1.17    4.31    4.36   10.18    3.16    0.01   13.35  0.725
   1.912  0.200  5.53    0.00    0.00 -100.00    0.00    0.00 -100.00 1.803E+03

    5.0140   1.9124  20.0870   0.2004   1.1665  0.17979E+04  0.17965E+04  0.14108E+01  0.20441E+04  0.12738E+00  0.57015E+02  0.19869E+04  0.10030E+01
 e,ep,th,sigb,sigqe=    5.01    1.73   21.15  0.1500E+04  0.1163E+01
   5.014 21.145  1.17    5.17    5.37   12.19    3.78    0.01   15.99  0.705
   1.728  0.189  5.88    0.00    0.00 -100.00    0.00    0.00 -100.00 1.501E+03

    5.0140   1.7276  21.1450   0.1891   1.1664  0.14967E+04  0.14955E+04  0.11594E+01  0.17416E+04  0.16456E+00  0.56816E+02  0.16846E+04  0.10032E+01
 e,ep,th,sigb,sigqe=    5.01    1.55   22.32  0.1248E+04  0.9391E+00
   5.014 22.315  1.17    6.25    6.69   14.33    4.58    0.02   18.94  0.685
   1.553  0.180  6.21    0.00    0.00 -100.00    0.00    0.00 -100.00 1.249E+03

    5.0140   1.5528  22.3150   0.1795   1.1661  0.12450E+04  0.12441E+04  0.93583E+00  0.14860E+04  0.22559E+00  0.57282E+02  0.14284E+04  0.10035E+01
 e,ep,th,sigb,sigqe=    5.01    1.37   23.75  0.1018E+04  0.7345E+00
   5.014 23.754  1.17    7.76    8.61   16.86    5.72    0.03   22.61  0.664
   1.373  0.171  6.55    0.00    0.00 -100.00    0.00    0.00 -100.00 1.019E+03

    5.0140   1.3726  23.7540   0.1706   1.1661  0.10149E+04  0.10142E+04  0.73165E+00  0.12493E+04  0.32940E+00  0.58256E+02  0.11907E+04  0.10039E+01
 e,ep,th,sigb,sigqe=    5.01    1.02   27.85  0.6254E+03  0.4052E+00
   5.014 27.852  1.18   12.52   15.18   23.00    9.45    0.10   32.55  0.622
   1.019  0.158  7.19    0.00    0.00 -100.00    0.00    0.00 -100.00 6.258E+02

    5.0140   1.0193  27.8520   0.1580   1.1841  0.62245E+03  0.62205E+03  0.40310E+00  0.82947E+03  0.62383E+00  0.59109E+02  0.76973E+03  0.10053E+01
 e,ep,th,sigb,sigqe=    5.01    2.44   18.60  0.2336E+04  0.7623E+00
   5.014 18.605  1.28    2.63    2.52    4.02    1.96    0.00    5.97  0.778
   2.437  0.264  4.44    0.00    0.00 -100.00    0.00    0.00 -100.00 2.336E+03

    5.0140   2.4373  18.6050   0.2642   1.2773  0.23279E+04  0.23272E+04  0.75952E+00  0.24759E+04  0.41336E-01  0.45700E+02  0.24302E+04  0.10036E+01
 e,ep,th,sigb,sigqe=    5.01    2.11   19.99  0.1775E+04  0.1014E+01
   5.014 19.986  1.28    3.33    3.26    7.04    2.46    0.00    9.49  0.753
   2.113  0.234  5.05    0.00    0.00 -100.00    0.00    0.00 -100.00 1.776E+03

    5.0140   2.1128  19.9860   0.2344   1.2760  0.17695E+04  0.17685E+04  0.10102E+01  0.19445E+04  0.67866E-01  0.43607E+02  0.19008E+04  0.10036E+01
 e,ep,th,sigb,sigqe=    5.01    1.91   21.02  0.1479E+04  0.9359E+00
   5.014 21.017  1.28    3.97    3.97    9.00    2.92    0.01   11.92  0.735
   1.913  0.219  5.42    0.00    0.00 -100.00    0.00    0.00 -100.00 1.480E+03

    5.0140   1.9126  21.0170   0.2192   1.2759  0.14742E+04  0.14733E+04  0.93243E+00  0.16561E+04  0.82695E-01  0.43178E+02  0.16128E+04  0.10037E+01
 e,ep,th,sigb,sigqe=    5.01    1.73   22.11  0.1239E+04  0.8114E+00
   5.014 22.115  1.28    4.77    4.90   10.97    3.50    0.01   14.48  0.715
   1.728  0.207  5.77    0.00    0.00 -100.00    0.00    0.00 -100.00 1.240E+03

    5.0140   1.7284  22.1150   0.2068   1.2751  0.12355E+04  0.12347E+04  0.80825E+00  0.14198E+04  0.98189E-01  0.43417E+02  0.13763E+04  0.10039E+01
 e,ep,th,sigb,sigqe=    5.01    1.55   23.35  0.1034E+04  0.6761E+00
   5.014 23.351  1.28    5.78    6.11   13.06    4.25    0.01   17.32  0.696
   1.553  0.196  6.10    0.00    0.00 -100.00    0.00    0.00 -100.00 1.035E+03

    5.0140   1.5531  23.3512   0.1964   1.2757  0.10304E+04  0.10297E+04  0.67328E+00  0.12139E+04  0.11832E+00  0.44001E+02  0.11698E+04  0.10041E+01
 e,ep,th,sigb,sigqe=    5.01    1.37   24.85  0.8480E+03  0.5445E+00
   5.014 24.851  1.28    7.19    7.89   15.53    5.32    0.02   20.87  0.675
   1.373  0.187  6.44    0.00    0.00 -100.00    0.00    0.00 -100.00 8.486E+02

    5.0140   1.3733  24.8510   0.1866   1.2752  0.84471E+03  0.84417E+03  0.54202E+00  0.10256E+04  0.15224E+00  0.45142E+02  0.98035E+03  0.10046E+01
 e,ep,th,sigb,sigqe=    5.01    1.02   29.18  0.5225E+03  0.3087E+00
   5.014 29.185  1.30   11.73   14.09   21.65    8.89    0.05   30.59  0.631
   1.018  0.173  7.08    0.00    0.00 -100.00    0.00    0.00 -100.00 5.228E+02

    5.0140   1.0177  29.1850   0.1728   1.2956  0.51963E+03  0.51932E+03  0.30684E+00  0.68279E+03  0.25518E+00  0.46479E+02  0.63606E+03  0.10062E+01
 e,ep,th,sigb,sigqe=    5.01    2.41   19.61  0.1808E+04  0.1657E+00
   5.014 19.613  1.40    2.48    2.35    3.13    1.83    0.00    4.97  0.780
   2.407  0.286  4.37    0.00    0.00 -100.00    0.00    0.00 -100.00 1.808E+03

    5.0140   2.4067  19.6126   0.2862   1.4002  0.17998E+04  0.17996E+04  0.16494E+00  0.18977E+04  0.20010E-01  0.33166E+02  0.18646E+04  0.10045E+01
 e,ep,th,sigb,sigqe=    5.01    2.11   20.93  0.1426E+04  0.5083E+00
   5.014 20.935  1.40    3.07    2.96    5.83    2.25    0.00    8.08  0.762
   2.114  0.257  4.92    0.00    0.00 -100.00    0.00    0.00 -100.00 1.426E+03

    5.0140   2.1138  20.9350   0.2571   1.3993  0.14200E+04  0.14195E+04  0.50610E+00  0.15415E+04  0.38696E-01  0.32153E+02  0.15093E+04  0.10044E+01
 e,ep,th,sigb,sigqe=    5.01    1.91   22.02  0.1195E+04  0.5460E+00
   5.014 22.020  1.40    3.65    3.60    7.75    2.68    0.00   10.43  0.744
   1.913  0.241  5.30    0.00    0.00 -100.00    0.00    0.00 -100.00 1.196E+03

    5.0140   1.9134  22.0200   0.2406   1.3997  0.11904E+04  0.11899E+04  0.54354E+00  0.13205E+04  0.51718E-01  0.32057E+02  0.12884E+04  0.10045E+01
 e,ep,th,sigb,sigqe=    5.01    1.73   23.18  0.1007E+04  0.5132E+00
   5.014 23.177  1.40    4.39    4.44    9.68    3.22    0.01   12.91  0.726
   1.729  0.227  5.65    0.00    0.00 -100.00    0.00    0.00 -100.00 1.007E+03

    5.0140   1.7287  23.1770   0.2269   1.3991  0.10026E+04  0.10021E+04  0.51081E+00  0.11372E+04  0.63392E-01  0.32477E+02  0.11047E+04  0.10046E+01
 e,ep,th,sigb,sigqe=    5.01    1.55   24.47  0.8449E+03  0.4511E+00
   5.014 24.469  1.40    5.32    5.56   11.71    3.93    0.01   15.64  0.707
   1.554  0.216  5.97    0.00    0.00 -100.00    0.00    0.00 -100.00 8.453E+02

    5.0140   1.5537  24.4690   0.2155   1.3994  0.84117E+03  0.84072E+03  0.44887E+00  0.97752E+03  0.74365E-01  0.33194E+02  0.94426E+03  0.10049E+01
 e,ep,th,sigb,sigqe=    5.01    1.37   26.06  0.6947E+03  0.3764E+00
   5.014 26.060  1.40    6.64    7.19   14.11    4.93    0.01   19.06  0.685
   1.373  0.205  6.31    0.00    0.00 -100.00    0.00    0.00 -100.00 6.951E+02

    5.0140   1.3732  26.0600   0.2049   1.4000  0.69138E+03  0.69100E+03  0.37439E+00  0.82755E+03  0.87538E-01  0.34274E+02  0.79319E+03  0.10054E+01
 e,ep,th,sigb,sigqe=    5.01    1.03   30.47  0.4378E+03  0.2273E+00
   5.014 30.468  1.42   10.80   12.80   19.95    8.22    0.03   28.19  0.642
   1.026  0.190  6.94    0.00    0.00 -100.00    0.00    0.00 -100.00 4.381E+02

    5.0140   1.0256  30.4680   0.1898   1.4202  0.43500E+03  0.43477E+03  0.22576E+00  0.56157E+03  0.12117E+00  0.35990E+02  0.52545E+03  0.10071E+01
 e,ep,th,sigb,sigqe=    5.01    2.37   20.71  0.1373E+04 -0.1062E+00
   5.014 20.709  1.54    2.35    2.21    2.24    1.74    0.00    3.98  0.789
   2.373  0.310  4.30    0.00    0.00 -100.00    0.00    0.00 -100.00 1.373E+03

    5.0140   2.3727  20.7090   0.3102   1.5373  0.13653E+04  0.13655E+04 -0.10558E+00  0.14275E+04  0.76805E-02  0.23891E+02  0.14036E+04  0.10055E+01
 e,ep,th,sigb,sigqe=    5.01    2.11   21.97  0.1122E+04  0.1528E+00
   5.014 21.968  1.54    2.82    2.69    4.57    2.07    0.00    6.64  0.769
   2.114  0.283  4.78    0.00    0.00 -100.00    0.00    0.00 -100.00 1.122E+03

    5.0140   2.1137  21.9680   0.2828   1.5390  0.11157E+04  0.11156E+04  0.15194E+00  0.11961E+04  0.17256E-01  0.23193E+02  0.11729E+04  0.10054E+01
 e,ep,th,sigb,sigqe=    5.01    1.91   23.10  0.9492E+03  0.2532E+00
   5.014 23.102  1.54    3.35    3.26    6.44    2.46    0.00    8.90  0.753
   1.914  0.265  5.16    0.00    0.00 -100.00    0.00    0.00 -100.00 9.495E+02

    5.0140   1.9138  23.1020   0.2645   1.5390  0.94439E+03  0.94414E+03  0.25184E+00  0.10340E+04  0.26900E-01  0.23336E+02  0.10106E+04  0.10054E+01
 e,ep,th,sigb,sigqe=    5.01    1.73   24.33  0.8040E+03  0.2790E+00
   5.014 24.327  1.54    4.03    4.02    8.31    2.96    0.00   11.28  0.736
   1.729  0.250  5.51    0.00    0.00 -100.00    0.00    0.00 -100.00 8.043E+02

    5.0140   1.7287  24.3266   0.2497   1.5392  0.79984E+03  0.79956E+03  0.27747E+00  0.89499E+03  0.36575E-01  0.23815E+02  0.87114E+03  0.10056E+01
 e,ep,th,sigb,sigqe=    5.01    1.55   25.69  0.6784E+03  0.2680E+00
   5.014 25.690  1.54    4.90    5.04   10.29    3.62    0.01   13.91  0.718
   1.553  0.237  5.83    0.00    0.00 -100.00    0.00    0.00 -100.00 6.786E+02

    5.0140   1.5533  25.6900   0.2371   1.5397  0.67468E+03  0.67441E+03  0.26646E+00  0.77302E+03  0.45803E-01  0.24536E+02  0.74844E+03  0.10059E+01
 e,ep,th,sigb,sigqe=    5.01    1.37   27.35  0.5621E+03  0.2387E+00
   5.014 27.351  1.54    6.12    6.54   12.62    4.55    0.01   17.18  0.697
   1.373  0.225  6.17    0.00    0.00 -100.00    0.00    0.00 -100.00 5.623E+02

    5.0140   1.3734  27.3510   0.2254   1.5396  0.55881E+03  0.55857E+03  0.23720E+00  0.65896E+03  0.55404E-01  0.25613E+02  0.63329E+03  0.10063E+01
 e,ep,th,sigb,sigqe=    5.01    1.03   32.03  0.3559E+03  0.1528E+00
   5.014 32.025  1.56   10.02   11.74   18.27    7.66    0.02   25.95  0.653
   1.025  0.209  6.80    0.00    0.00 -100.00    0.00    0.00 -100.00 3.561E+02

    5.0140   1.0253  32.0253   0.2090   1.5647  0.35321E+03  0.35306E+03  0.15157E+00  0.44851E+03  0.71459E-01  0.27275E+02  0.42116E+03  0.10082E+01
 e,ep,th,sigb,sigqe=    5.01    2.33   21.83  0.1041E+04 -0.1739E+00
   5.014 21.833  1.68    2.25    2.09    1.42    1.67    0.00    3.09  0.799
   2.335  0.334  4.23    0.00    0.00 -100.00    0.00    0.00 -100.00 1.040E+03

    5.0140   2.3348  21.8330   0.3340   1.6794  0.10336E+04  0.10337E+04 -0.17278E+00  0.10726E+04  0.25141E-02  0.17405E+02  0.10552E+04  0.10067E+01
 e,ep,th,sigb,sigqe=    5.01    2.11   22.99  0.8808E+03 -0.3025E-01
   5.014 22.994  1.68    2.62    2.46    3.35    1.92    0.00    5.27  0.779
   2.114  0.309  4.64    0.00    0.00 -100.00    0.00    0.00 -100.00 8.807E+02

    5.0140   2.1135  22.9940   0.3094   1.6840  0.87504E+03  0.87507E+03 -0.30052E-01  0.92714E+03  0.60915E-02  0.16894E+02  0.91024E+03  0.10065E+01
 e,ep,th,sigb,sigqe=    5.01    1.91   24.18  0.7527E+03  0.6839E-01
   5.014 24.182  1.68    3.10    2.98    5.18    2.27    0.00    7.45  0.762
   1.914  0.289  5.01    0.00    0.00 -100.00    0.00    0.00 -100.00 7.527E+02

    5.0140   1.9137  24.1820   0.2895   1.6840  0.74787E+03  0.74781E+03  0.67946E-01  0.80883E+03  0.11426E-01  0.17067E+02  0.79175E+03  0.10065E+01
 e,ep,th,sigb,sigqe=    5.01    1.73   25.46  0.6429E+03  0.1223E+00
   5.014 25.464  1.68    3.72    3.66    7.00    2.73    0.00    9.74  0.746
   1.729  0.273  5.36    0.00    0.00 -100.00    0.00    0.00 -100.00 6.430E+02

    5.0140   1.7285  25.4640   0.2731   1.6838  0.63877E+03  0.63865E+03  0.12150E+00  0.70562E+03  0.17891E-01  0.17569E+02  0.68803E+03  0.10066E+01
 e,ep,th,sigb,sigqe=    5.01    1.55   26.89  0.5465E+03  0.1407E+00
   5.014 26.889  1.68    4.52    4.59    8.92    3.34    0.00   12.26  0.728
   1.553  0.259  5.69    0.00    0.00 -100.00    0.00    0.00 -100.00 5.467E+02

    5.0140   1.5533  26.8890   0.2593   1.6841  0.54293E+03  0.54279E+03  0.13972E+00  0.61371E+03  0.24945E-01  0.18268E+02  0.59542E+03  0.10069E+01
 e,ep,th,sigb,sigqe=    5.01    1.37   28.63  0.4556E+03  0.1387E+00
   5.014 28.632  1.68    5.66    5.96   11.17    4.22    0.01   15.39  0.708
   1.374  0.247  6.03    0.00    0.00 -100.00    0.00    0.00 -100.00 4.557E+02

    5.0140   1.3737  28.6319   0.2466   1.6845  0.45240E+03  0.45226E+03  0.13772E+00  0.52590E+03  0.32774E-01  0.19233E+02  0.50664E+03  0.10074E+01
 e,ep,th,sigb,sigqe=    5.01    1.02   33.62  0.2895E+03  0.9766E-01
   5.014 33.623  1.71    9.42   10.93   16.77    7.24    0.02   24.02  0.662
   1.020  0.228  6.66    0.00    0.00 -100.00    0.00    0.00 -100.00 2.896E+02

    5.0140   1.0200  33.6230   0.2283   1.7112  0.28691E+03  0.28681E+03  0.96749E-01  0.35918E+03  0.45878E-01  0.20960E+02  0.33818E+03  0.10094E+01
 e,ep,th,sigb,sigqe=    5.01    2.28   23.36  0.7195E+03 -0.1428E+00
   5.014 23.356  1.88    2.15    1.98    0.41    1.61    0.00    2.02  0.811
   2.282  0.366  4.13    0.00    0.00 -100.00    0.00    0.00 -100.00 7.194E+02

    5.0140   2.2824  23.3560   0.3659   1.8755  0.71350E+03  0.71364E+03 -0.14161E+00  0.73393E+03  0.54965E-03  0.11571E+02  0.72235E+03  0.10083E+01
 e,ep,th,sigb,sigqe=    5.01    2.11   25.03  0.5381E+03 -0.8551E-01
   5.014 25.032  1.99    2.32    2.14    1.12    1.72    0.00    2.84  0.803
   2.109  0.365  4.34    0.00    0.00 -100.00    0.00    0.00 -100.00 5.381E+02

    5.0140   2.1094  25.0320   0.3645   1.9869  0.53321E+03  0.53330E+03 -0.84742E-01  0.55334E+03  0.48463E-03  0.92372E+01  0.54411E+03  0.10091E+01
 e,ep,th,sigb,sigqe=    5.01    1.91   26.39  0.4626E+03 -0.4679E-01
   5.014 26.388  2.00    2.70    2.52    2.75    1.98    0.00    4.73  0.785
   1.914  0.344  4.70    0.00    0.00 -100.00    0.00    0.00 -100.00 4.625E+02

    5.0140   1.9137  26.3880   0.3437   1.9996  0.45836E+03  0.45840E+03 -0.46367E-01  0.48440E+03  0.10068E-02  0.91623E+01  0.47523E+03  0.10091E+01
 e,ep,th,sigb,sigqe=    5.01    1.73   27.74  0.4066E+03 -0.1603E-01
   5.014 27.743  1.99    3.23    3.09    4.50    2.37    0.00    6.87  0.767
   1.729  0.323  5.05    0.00    0.00 -100.00    0.00    0.00 -100.00 4.066E+02

    5.0140   1.7290  27.7430   0.3233   1.9931  0.40291E+03  0.40292E+03 -0.15889E-01  0.43452E+03  0.22611E-02  0.96290E+01  0.42489E+03  0.10091E+01
 e,ep,th,sigb,sigqe=    5.01    1.55   29.31  0.3509E+03  0.3276E-02
   5.014 29.307  1.99    3.91    3.85    6.27    2.89    0.00    9.16  0.749
   1.554  0.307  5.38    0.00    0.00 -100.00    0.00    0.00 -100.00 3.509E+02

    5.0140   1.5538  29.3070   0.3071   1.9943  0.34763E+03  0.34763E+03  0.32456E-02  0.38306E+03  0.41269E-02  0.10130E+02  0.37292E+03  0.10095E+01
 e,ep,th,sigb,sigqe=    5.01    1.37   31.30  0.2931E+03  0.2089E-01
   5.014 31.297  2.00    4.89    4.99    8.28    3.65    0.00   11.93  0.730
   1.374  0.293  5.71    0.00    0.00 -100.00    0.00    0.00 -100.00 2.931E+02

    5.0140   1.3736  31.2970   0.2934   2.0044  0.29021E+03  0.29019E+03  0.20681E-01  0.32811E+03  0.65435E-02  0.10690E+02  0.31741E+03  0.10100E+01
 e,ep,th,sigb,sigqe=    5.01    1.03   36.47  0.1958E+03  0.2942E-01
   5.014 36.475  2.03    8.09    9.12   13.35    6.25    0.01   19.61  0.686
   1.032  0.271  6.33    0.00    0.00 -100.00    0.00    0.00 -100.00 1.959E+02

    5.0140   1.0318  36.4750   0.2712   2.0268  0.19351E+03  0.19349E+03  0.29066E-01  0.23429E+03  0.12859E-01  0.12251E+02  0.22202E+03  0.10122E+01
 e,ep,th,sigb,sigqe=    5.01    0.00    0.00         NaN         NaN
   5.014  0.000  0.00    0.00    0.00    0.00    0.00    0.00    0.00  1.000
   0.000  0.000 10.29    0.00    0.00    0.00    0.00    0.00    0.00       NaN

    5.0140   0.0000   0.0000   0.0000   0.0000          NaN          NaN          NaN          NaN  0.00000E+00          NaN          NaN  0.10000E+01
 e,ep,th,sigb,sigqe=    5.01    2.05   27.73  0.2888E+03  0.8618E-03
   5.014 27.731  2.36    2.17    1.97   -0.82    1.62    0.00    0.81  0.822
   2.053  0.425  4.07    0.00    0.00 -100.00    0.00    0.00 -100.00 2.888E+02

    5.0140   2.0525  27.7310   0.4254   2.3641  0.28526E+03  0.28525E+03  0.85130E-03  0.29112E+03  0.12293E-03  0.46835E+01  0.28643E+03  0.10124E+01
 e,ep,th,sigb,sigqe=    5.01    1.90   29.65  0.2191E+03 -0.6912E-03
   5.014 29.652  2.50    2.36    2.14   -0.31    1.75    0.00    1.44  0.816
   1.900  0.427  4.23    0.00    0.00 -100.00    0.00    0.00 -100.00 2.191E+02

    5.0140   1.9000  29.6520   0.4270   2.4951  0.21617E+03  0.21617E+03 -0.68183E-03  0.22227E+03  0.10367E-03  0.38343E+01  0.21844E+03  0.10137E+01
 e,ep,th,sigb,sigqe=    5.01    1.73   31.59  0.1795E+03 -0.7801E-02
   5.014 31.587  2.57    2.69    2.48    0.74    2.00    0.00    2.73  0.806
   1.728  0.416  4.48    0.00    0.00 -100.00    0.00    0.00 -100.00 1.795E+02

    5.0140   1.7276  31.5870   0.4162   2.5667  0.17690E+03  0.17691E+03 -0.76895E-02  0.18438E+03  0.11142E-03  0.35869E+01  0.18079E+03  0.10145E+01
 e,ep,th,sigb,sigqe=    5.01    1.55   33.33  0.1614E+03 -0.1085E-01
   5.014 33.332  2.56    3.23    3.05    2.32    2.41    0.00    4.73  0.789
   1.554  0.395  4.81    0.00    0.00 -100.00    0.00    0.00 -100.00 1.614E+02

    5.0140   1.5535  33.3319   0.3946   2.5626  0.15903E+03  0.15904E+03 -0.10687E-01  0.16903E+03  0.14412E-03  0.38831E+01  0.16515E+03  0.10149E+01
 e,ep,th,sigb,sigqe=    5.01    1.37   35.48  0.1418E+03 -0.8102E-02
   5.014 35.481  2.56    4.03    3.95    4.15    3.03    0.00    7.19  0.769
   1.374  0.375  5.15    0.00    0.00 -100.00    0.00    0.00 -100.00 1.418E+02

    5.0140   1.3743  35.4810   0.3747   2.5591  0.13963E+03  0.13964E+03 -0.79785E-02  0.15199E+03  0.19679E-03  0.43022E+01  0.14769E+03  0.10155E+01
 e,ep,th,sigb,sigqe=    5.01    1.03   41.51  0.9793E+02 -0.2310E-02
   5.014 41.510  2.60    6.72    7.27    8.45    5.27    0.00   13.72  0.725
   1.032  0.348  5.75    0.00    0.00 -100.00    0.00    0.00 -100.00 9.793E+01

    5.0140   1.0319  41.5100   0.3478   2.5990  0.96150E+02  0.96152E+02 -0.22682E-02  0.11137E+03  0.41888E-03  0.51631E+01  0.10621E+03  0.10185E+01
 e,ep,th,sigb,sigqe=    5.01    0.00    0.00         NaN         NaN
   5.014  0.000  0.00    0.00    0.00    0.00    0.00    0.00    0.00  1.000
   0.000  0.000 10.29    0.00    0.00    0.00    0.00    0.00    0.00       NaN

    5.0140   0.0000   0.0000   0.0000   0.0000          NaN          NaN          NaN          NaN  0.00000E+00          NaN          NaN  0.10000E+01
 e,ep,th,sigb,sigqe=    5.01    0.00    0.00         NaN         NaN
   5.014  0.000  0.00    0.00    0.00    0.00    0.00    0.00    0.00  1.000
   0.000  0.000 10.29    0.00    0.00    0.00    0.00    0.00    0.00       NaN

    5.0140   0.0000   0.0000   0.0000   0.0000          NaN          NaN          NaN          NaN  0.00000E+00          NaN          NaN  0.10000E+01
 e,ep,th,sigb,sigqe=    5.01    0.00    0.00         NaN         NaN
   5.014  0.000  0.00    0.00    0.00    0.00    0.00    0.00    0.00  1.000
   0.000  0.000 10.29    0.00    0.00    0.00    0.00    0.00    0.00       NaN

    5.0140   0.0000   0.0000   0.0000   0.0000          NaN          NaN          NaN          NaN  0.00000E+00          NaN          NaN  0.10000E+01
 e,ep,th,sigb,sigqe=    5.01    1.70   34.49  0.9732E+02  0.5095E-01
   5.014 34.494  3.00    2.54    2.31   -1.44    1.94    0.00    0.50  0.841
   1.699  0.481  4.11    0.00    0.00 -100.00    0.00    0.00 -100.00 9.737E+01

    5.0140   1.6988  34.4940   0.4814   2.9951  0.95560E+02  0.95510E+02  0.50008E-01  0.97852E+02  0.81019E-05  0.18901E+01  0.95961E+02  0.10189E+01
 e,ep,th,sigb,sigqe=    5.01    1.55   36.89  0.7761E+02  0.3020E-01
   5.014 36.889  3.11    2.89    2.66   -0.74    2.21    0.00    1.46  0.829
   1.548  0.478  4.28    0.00    0.00 -100.00    0.00    0.00 -100.00 7.764E+01

    5.0140   1.5481  36.8890   0.4779   3.1080  0.76072E+02  0.76042E+02  0.29590E-01  0.78779E+02  0.85440E-05  0.17137E+01  0.77065E+02  0.10207E+01
 e,ep,th,sigb,sigqe=    5.01    1.37   40.12  0.5975E+02  0.1577E-01
   5.014 40.115  3.23    3.48    3.29    0.20    2.70    0.00    2.90  0.819
   1.371  0.473  4.48    0.00    0.00 -100.00    0.00    0.00 -100.00 5.976E+01

    5.0140   1.3706  40.1151   0.4729   3.2333  0.58418E+02  0.58403E+02  0.15418E-01  0.61496E+02  0.95539E-05  0.16109E+01  0.59885E+02  0.10230E+01
 e,ep,th,sigb,sigqe=    5.01    1.10   45.01  0.4900E+02  0.5580E-03
   5.014 45.014  3.24    5.15    5.24    3.08    4.09    0.00    7.17  0.780
   1.102  0.441  4.98    0.00    0.00 -100.00    0.00    0.00 -100.00 4.900E+01

    5.0140   1.1024  45.0140   0.4414   3.2398  0.47772E+02  0.47772E+02  0.54399E-03  0.52511E+02  0.35211E-04  0.20034E+01  0.50507E+02  0.10257E+01
