 Enter the input file name (in INP directory)
 filename=INP/clasd2.inp                                                       
input files for EXTERNAL: runplan/target/output                         
RUNPLAN/clas_kin.inp                                                            
TARG/targ.D2tuna                                                                
OUT/clasd2_details.out                                                          
 got here
 Reading parameters for Ioana's model
 Pauli suppression factors
  1.00 0.05 1.00 0.63 1.00 0.61 0.83 0.68 0.63 1.00 0.61 0.83
 Pauli suppression factors
  1.00 0.10 1.00 0.83 1.00 0.79 0.92 0.84 0.83 1.00 0.79 0.92
 Pauli suppression factors
  1.00 0.15 1.00 0.94 1.00 0.87 0.96 0.91 0.94 1.00 0.87 0.96
 Pauli suppression factors
  1.00 0.20 1.00 0.99 1.00 0.89 0.97 0.94 0.99 1.00 0.89 0.97
 Pauli suppression factors
  1.00 0.25 1.00 1.00 1.00 1.00 0.98 0.96 1.00 1.00 1.00 0.98
 Pauli suppression factors
  2.00 0.05 1.00 0.63 1.00 0.62 0.83 0.68 0.63 1.00 0.62 0.83
 Pauli suppression factors
  2.00 0.10 1.00 0.83 1.00 0.80 0.92 0.84 0.83 1.00 0.80 0.92
 Pauli suppression factors
  2.00 0.15 1.00 0.94 1.00 0.90 0.96 0.91 0.94 1.00 0.90 0.96
 Pauli suppression factors
  2.00 0.20 1.00 0.99 1.00 0.94 0.97 0.94 0.99 1.00 0.94 0.97
 Pauli suppression factors
  2.00 0.25 1.00 1.00 1.00 1.00 0.98 0.96 1.00 1.00 1.00 0.98
 Pauli suppression factors
  3.00 0.05 1.00 0.63 1.00 0.62 0.83 0.68 0.63 1.00 0.62 0.83
 Pauli suppression factors
  3.00 0.10 1.00 0.83 1.00 0.81 0.92 0.84 0.83 1.00 0.81 0.92
 Pauli suppression factors
  3.00 0.15 1.00 0.94 1.00 0.91 0.96 0.91 0.94 1.00 0.91 0.96
 Pauli suppression factors
  3.00 0.20 1.00 0.99 1.00 0.95 0.97 0.94 0.99 1.00 0.95 0.97
 Pauli suppression factors
  3.00 0.25 1.00 1.00 1.00 1.00 0.98 0.96 1.00 1.00 1.00 0.98
 Pauli suppression factors
  4.00 0.05 1.00 0.63 1.00 0.62 0.83 0.68 0.63 1.00 0.62 0.83
 Pauli suppression factors
  4.00 0.10 1.00 0.83 1.00 0.81 0.92 0.84 0.83 1.00 0.81 0.92
 Pauli suppression factors
  4.00 0.15 1.00 0.94 1.00 0.91 0.96 0.91 0.94 1.00 0.91 0.96
 Pauli suppression factors
  4.00 0.20 1.00 0.99 1.00 0.96 0.97 0.94 0.99 1.00 0.96 0.97
 Pauli suppression factors
  4.00 0.25 1.00 1.00 1.00 1.00 0.98 0.96 1.00 1.00 1.00 0.98
 Pauli suppression factors
  5.00 0.05 1.00 0.63 1.00 0.62 0.83 0.68 0.63 1.00 0.62 0.83
 Pauli suppression factors
  5.00 0.10 1.00 0.83 1.00 0.81 0.92 0.84 0.83 1.00 0.81 0.92
 Pauli suppression factors
  5.00 0.15 1.00 0.94 1.00 0.92 0.96 0.91 0.94 1.00 0.92 0.96
 Pauli suppression factors
  5.00 0.20 1.00 0.99 1.00 0.97 0.97 0.94 0.99 1.00 0.97 0.97
 Pauli suppression factors
  5.00 0.25 1.00 1.00 1.00 1.00 0.98 0.96 1.00 1.00 1.00 0.98
 e,ep,th,sigb,sigqe=    5.01    2.39   17.27  0.1096E+03  0.7239E-02
   5.014 17.266  1.08    3.54    3.44    6.60    3.28    0.04    9.92  0.955
   2.394  0.220  4.72    0.00    0.00 -100.00    0.00    0.00 -100.00 1.096E+02

    5.0140   2.3935  17.2660   0.2199   1.0816  0.10957E+03  0.10957E+03  0.72387E-02  0.12045E+03  0.41785E-01  0.35953E+01  0.11681E+03  0.10000E+01
 e,ep,th,sigb,sigqe=    5.01    2.11   18.28  0.8807E+02  0.3403E-02
   5.014 18.277  1.07    4.41    4.37    8.99    4.13    0.07   13.19  0.945
   2.107  0.195  5.27    0.00    0.00 -100.00    0.00    0.00 -100.00 8.807E+01

    5.0140   2.1071  18.2770   0.1954   1.0660  0.88069E+02  0.88066E+02  0.34026E-02  0.99682E+02  0.62286E-01  0.36367E+01  0.95983E+02  0.10000E+01
 e,ep,th,sigb,sigqe=    5.01    1.91   19.17  0.7391E+02  0.2079E-02
   5.014 19.166  1.06    5.24    5.30   10.73    4.98    0.11   15.81  0.939
   1.910  0.182  5.64    0.00    0.00 -100.00    0.00    0.00 -100.00 7.391E+01

    5.0140   1.9095  19.1660   0.1822   1.0614  0.73908E+02  0.73906E+02  0.20792E-02  0.85596E+02  0.78803E-01  0.36787E+01  0.81839E+02  0.10000E+01
 e,ep,th,sigb,sigqe=    5.01    1.73   20.14  0.6194E+02  0.1319E-02
   5.014 20.143  1.06    6.25    6.48   12.49    6.06    0.16   18.71  0.936
   1.727  0.172  5.99    0.00    0.00 -100.00    0.00    0.00 -100.00 6.194E+01

    5.0140   1.7266  20.1430   0.1717   1.0590  0.61940E+02  0.61938E+02  0.13193E-02  0.73528E+02  0.96524E-01  0.37562E+01  0.69675E+02  0.10000E+01
 e,ep,th,sigb,sigqe=    5.01    1.55   21.25  0.5162E+02  0.8612E-03
   5.014 21.249  1.06    7.53    8.02   14.35    7.48    0.23   22.06  0.933
   1.552  0.163  6.32    0.00    0.00 -100.00    0.00    0.00 -100.00 5.162E+01

    5.0140   1.5516  21.2490   0.1628   1.0578  0.51623E+02  0.51622E+02  0.86122E-03  0.63011E+02  0.11753E+00  0.38639E+01  0.59030E+02  0.10000E+01
 e,ep,th,sigb,sigqe=    5.01    1.37   22.61  0.4217E+02  0.5737E-03
   5.014 22.610  1.06    9.28   10.22   16.50    9.48    0.34   26.32  0.928
   1.372  0.155  6.66    0.00    0.00 -100.00    0.00    0.00 -100.00 4.217E+01

    5.0140   1.3719  22.6100   0.1547   1.0574  0.42169E+02  0.42169E+02  0.57373E-03  0.53269E+02  0.14366E+00  0.39989E+01  0.49127E+02  0.10000E+01
 e,ep,th,sigb,sigqe=    5.01    1.02   26.52  0.2595E+02  0.2451E-03
   5.014 26.522  1.07   14.81   17.68   21.55   16.43    0.81   38.79  0.929
   1.016  0.143  7.31    0.00    0.00 -100.00    0.00    0.00 -100.00 2.595E+01

    5.0140   1.0163  26.5220   0.1430   1.0725  0.25955E+02  0.25954E+02  0.24509E-03  0.36023E+02  0.21097E+00  0.42648E+01  0.31547E+02  0.10000E+01
 e,ep,th,sigb,sigqe=    5.01    2.45   17.77  0.9602E+02  0.8067E-02
   5.014 17.770  1.17    3.16    3.04    5.35    2.92    0.03    8.29  0.961
   2.450  0.244  4.52    0.00    0.00 -100.00    0.00    0.00 -100.00 9.603E+01

    5.0140   2.4496  17.7700   0.2435   1.1720  0.96030E+02  0.96022E+02  0.80668E-02  0.10399E+03  0.25076E-01  0.28025E+01  0.10116E+03  0.10000E+01
 e,ep,th,sigb,sigqe=    5.01    2.11   19.11  0.7273E+02  0.3299E-02
   5.014 19.112  1.17    4.02    3.95    8.02    3.75    0.05   11.83  0.949
   2.112  0.214  5.16    0.00    0.00 -100.00    0.00    0.00 -100.00 7.273E+01

    5.0140   2.1123  19.1120   0.2144   1.1676  0.72728E+02  0.72725E+02  0.32988E-02  0.81331E+02  0.38274E-01  0.27280E+01  0.78565E+02  0.10000E+01
 e,ep,th,sigb,sigqe=    5.01    1.91   20.09  0.6084E+02  0.1999E-02
   5.014 20.087  1.17    4.77    4.78    9.71    4.51    0.08   14.29  0.942
   1.912  0.200  5.53    0.00    0.00 -100.00    0.00    0.00 -100.00 6.084E+01

    5.0140   1.9124  20.0870   0.2004   1.1665  0.60844E+02  0.60842E+02  0.19987E-02  0.69539E+02  0.48142E-01  0.27411E+01  0.66749E+02  0.10000E+01
 e,ep,th,sigb,sigqe=    5.01    1.73   21.15  0.5093E+02  0.1277E-02
   5.014 21.145  1.17    5.70    5.86   11.42    5.48    0.12   17.02  0.935
   1.728  0.189  5.88    0.00    0.00 -100.00    0.00    0.00 -100.00 5.093E+01

    5.0140   1.7276  21.1450   0.1891   1.1664  0.50931E+02  0.50930E+02  0.12774E-02  0.59597E+02  0.59150E-01  0.27900E+01  0.56748E+02  0.10000E+01
 e,ep,th,sigb,sigqe=    5.01    1.55   22.32  0.4257E+02  0.8288E-03
   5.014 22.315  1.17    6.87    7.26   13.22    6.77    0.17   20.16  0.933
   1.553  0.180  6.21    0.00    0.00 -100.00    0.00    0.00 -100.00 4.257E+01

    5.0140   1.5528  22.3150   0.1795   1.1661  0.42573E+02  0.42572E+02  0.82880E-03  0.51157E+02  0.71841E-01  0.28842E+01  0.48201E+02  0.10000E+01
 e,ep,th,sigb,sigqe=    5.01    1.37   23.75  0.3488E+02  0.5414E-03
   5.014 23.754  1.17    8.51    9.29   15.33    8.61    0.25   24.20  0.927
   1.373  0.171  6.55    0.00    0.00 -100.00    0.00    0.00 -100.00 3.488E+01

    5.0140   1.3726  23.7540   0.1706   1.1661  0.34881E+02  0.34881E+02  0.54141E-03  0.43323E+02  0.88854E-01  0.30039E+01  0.40230E+02  0.10000E+01
 e,ep,th,sigb,sigqe=    5.01    1.02   27.85  0.2164E+02  0.2327E-03
   5.014 27.852  1.18   13.63   16.16   20.39   14.93    0.61   35.93  0.924
   1.019  0.158  7.19    0.00    0.00 -100.00    0.00    0.00 -100.00 2.165E+01

    5.0140   1.0193  27.8520   0.1580   1.1841  0.21645E+02  0.21645E+02  0.23268E-03  0.29422E+02  0.13108E+00  0.32320E+01  0.26059E+02  0.10000E+01
 e,ep,th,sigb,sigqe=    5.01    2.44   18.60  0.7791E+02  0.7498E-02
   5.014 18.605  1.28    2.93    2.79    4.49    2.69    0.02    7.20  0.965
   2.437  0.264  4.44    0.00    0.00 -100.00    0.00    0.00 -100.00 7.792E+01

    5.0140   2.4373  18.6050   0.2642   1.2773  0.77920E+02  0.77912E+02  0.74978E-02  0.83532E+02  0.15577E-01  0.20984E+01  0.81418E+02  0.10000E+01
 e,ep,th,sigb,sigqe=    5.01    2.11   19.99  0.5959E+02  0.3145E-02
   5.014 19.986  1.28    3.70    3.59    7.12    3.43    0.04   10.59  0.953
   2.113  0.234  5.05    0.00    0.00 -100.00    0.00    0.00 -100.00 5.959E+01

    5.0140   2.1128  19.9860   0.2344   1.2760  0.59589E+02  0.59586E+02  0.31447E-02  0.65898E+02  0.23438E-01  0.20415E+01  0.63833E+02  0.10000E+01
 e,ep,th,sigb,sigqe=    5.01    1.91   21.02  0.5006E+02  0.1893E-02
   5.014 21.017  1.28    4.38    4.34    8.75    4.11    0.06   12.92  0.946
   1.913  0.219  5.42    0.00    0.00 -100.00    0.00    0.00 -100.00 5.006E+01

    5.0140   1.9126  21.0170   0.2192   1.2759  0.50065E+02  0.50063E+02  0.18934E-02  0.56534E+02  0.29733E-01  0.20575E+01  0.54447E+02  0.10000E+01
 e,ep,th,sigb,sigqe=    5.01    1.73   22.11  0.4221E+02  0.1216E-02
   5.014 22.115  1.28    5.23    5.32   10.43    5.00    0.09   15.51  0.939
   1.728  0.207  5.77    0.00    0.00 -100.00    0.00    0.00 -100.00 4.221E+01

    5.0140   1.7284  22.1150   0.2068   1.2751  0.42207E+02  0.42205E+02  0.12155E-02  0.48754E+02  0.36910E-01  0.21102E+01  0.46607E+02  0.10000E+01
 e,ep,th,sigb,sigqe=    5.01    1.55   23.35  0.3537E+02  0.7916E-03
   5.014 23.351  1.28    6.32    6.61   12.18    6.18    0.13   18.49  0.934
   1.553  0.196  6.10    0.00    0.00 -100.00    0.00    0.00 -100.00 3.537E+01

    5.0140   1.5531  23.3512   0.1964   1.2757  0.35374E+02  0.35373E+02  0.79164E-03  0.41914E+02  0.45161E-01  0.21853E+01  0.39684E+02  0.10000E+01
 e,ep,th,sigb,sigqe=    5.01    1.37   24.85  0.2914E+02  0.5183E-03
   5.014 24.851  1.28    7.84    8.49   14.24    7.88    0.19   22.32  0.928
   1.373  0.187  6.44    0.00    0.00 -100.00    0.00    0.00 -100.00 2.914E+01

    5.0140   1.3733  24.8510   0.1866   1.2752  0.29143E+02  0.29143E+02  0.51832E-03  0.35647E+02  0.56059E-01  0.22966E+01  0.33294E+02  0.10000E+01
 e,ep,th,sigb,sigqe=    5.01    1.02   29.18  0.1813E+02  0.2188E-03
   5.014 29.185  1.30   12.70   14.98   19.25   13.77    0.46   33.49  0.920
   1.018  0.173  7.08    0.00    0.00 -100.00    0.00    0.00 -100.00 1.813E+01

    5.0140   1.0177  29.1850   0.1728   1.2956  0.18135E+02  0.18134E+02  0.21881E-03  0.24208E+02  0.83628E-01  0.24980E+01  0.21626E+02  0.10000E+01
 e,ep,th,sigb,sigqe=    5.01    2.41   19.61  0.6087E+02  0.6550E-02
   5.014 19.613  1.40    2.73    2.58    3.67    2.50    0.02    6.19  0.970
   2.407  0.286  4.37    0.00    0.00 -100.00    0.00    0.00 -100.00 6.088E+01

    5.0140   2.4067  19.6126   0.2862   1.4002  0.60878E+02  0.60872E+02  0.65496E-02  0.64648E+02  0.94364E-02  0.15238E+01  0.63115E+02  0.10000E+01
 e,ep,th,sigb,sigqe=    5.01    2.11   20.93  0.4799E+02  0.2993E-02
   5.014 20.935  1.40    3.38    3.25    6.18    3.11    0.03    9.32  0.957
   2.114  0.257  4.92    0.00    0.00 -100.00    0.00    0.00 -100.00 4.800E+01

    5.0140   2.1138  20.9350   0.2571   1.3993  0.47997E+02  0.47994E+02  0.29929E-02  0.52471E+02  0.13824E-01  0.14943E+01  0.50963E+02  0.10000E+01
 e,ep,th,sigb,sigqe=    5.01    1.91   22.02  0.4058E+02  0.1806E-02
   5.014 22.020  1.40    4.00    3.93    7.76    3.73    0.04   11.54  0.950
   1.913  0.241  5.30    0.00    0.00 -100.00    0.00    0.00 -100.00 4.058E+01

    5.0140   1.9134  22.0200   0.2406   1.3997  0.40579E+02  0.40577E+02  0.18064E-02  0.45261E+02  0.17666E-01  0.15149E+01  0.43729E+02  0.10000E+01
 e,ep,th,sigb,sigqe=    5.01    1.73   23.18  0.3440E+02  0.1153E-02
   5.014 23.177  1.40    4.79    4.82    9.38    4.54    0.06   13.99  0.943
   1.729  0.227  5.65    0.00    0.00 -100.00    0.00    0.00 -100.00 3.440E+01

    5.0140   1.7287  23.1770   0.2269   1.3991  0.34398E+02  0.34397E+02  0.11527E-02  0.39209E+02  0.22179E-01  0.15615E+01  0.37625E+02  0.10000E+01
 e,ep,th,sigb,sigqe=    5.01    1.55   24.47  0.2900E+02  0.7577E-03
   5.014 24.469  1.40    5.79    5.99   11.10    5.61    0.09   16.80  0.936
   1.554  0.216  5.97    0.00    0.00 -100.00    0.00    0.00 -100.00 2.900E+01

    5.0140   1.5537  24.4690   0.2155   1.3994  0.29005E+02  0.29004E+02  0.75774E-03  0.33879E+02  0.27376E-01  0.16264E+01  0.32225E+02  0.10000E+01
 e,ep,th,sigb,sigqe=    5.01    1.37   26.06  0.2396E+02  0.4889E-03
   5.014 26.060  1.40    7.20    7.72   13.10    7.18    0.14   20.42  0.930
   1.373  0.205  6.31    0.00    0.00 -100.00    0.00    0.00 -100.00 2.396E+01

    5.0140   1.3732  26.0600   0.2049   1.4000  0.23958E+02  0.23957E+02  0.48891E-03  0.28850E+02  0.34174E-01  0.17192E+01  0.27096E+02  0.10000E+01
 e,ep,th,sigb,sigqe=    5.01    1.03   30.47  0.1524E+02  0.2105E-03
   5.014 30.468  1.42   11.63   13.58   17.89   12.47    0.34   30.70  0.918
   1.026  0.190  6.94    0.00    0.00 -100.00    0.00    0.00 -100.00 1.524E+01

    5.0140   1.0256  30.4680   0.1898   1.4202  0.15239E+02  0.15239E+02  0.21053E-03  0.19917E+02  0.51481E-01  0.19009E+01  0.17965E+02  0.10000E+01
 e,ep,th,sigb,sigqe=    5.01    2.37   20.71  0.4645E+02  0.5591E-02
   5.014 20.709  1.54    2.57    2.41    3.01    2.34    0.01    5.37  0.973
   2.373  0.310  4.30    0.00    0.00 -100.00    0.00    0.00 -100.00 4.646E+01

    5.0140   2.3727  20.7090   0.3102   1.5373  0.46459E+02  0.46453E+02  0.55905E-02  0.48953E+02  0.55670E-02  0.10891E+01  0.47858E+02  0.10000E+01
 e,ep,th,sigb,sigqe=    5.01    2.11   21.97  0.3794E+02  0.2844E-02
   5.014 21.968  1.54    3.09    2.94    5.21    2.83    0.02    8.05  0.962
   2.114  0.283  4.78    0.00    0.00 -100.00    0.00    0.00 -100.00 3.795E+01

    5.0140   2.1137  21.9680   0.2828   1.5390  0.37947E+02  0.37944E+02  0.28442E-02  0.41004E+02  0.78503E-02  0.10726E+01  0.39923E+02  0.10000E+01
 e,ep,th,sigb,sigqe=    5.01    1.91   23.10  0.3234E+02  0.1705E-02
   5.014 23.102  1.54    3.65    3.54    6.75    3.38    0.03   10.16  0.953
   1.914  0.265  5.16    0.00    0.00 -100.00    0.00    0.00 -100.00 3.234E+01

    5.0140   1.9138  23.1020   0.2645   1.5390  0.32340E+02  0.32338E+02  0.17052E-02  0.35626E+02  0.10155E-01  0.10920E+01  0.34524E+02  0.10000E+01
 e,ep,th,sigb,sigqe=    5.01    1.73   24.33  0.2757E+02  0.1088E-02
   5.014 24.327  1.54    4.37    4.34    8.32    4.11    0.05   12.48  0.947
   1.729  0.250  5.51    0.00    0.00 -100.00    0.00    0.00 -100.00 2.757E+01

    5.0140   1.7287  24.3266   0.2497   1.5392  0.27574E+02  0.27573E+02  0.10884E-02  0.31014E+02  0.12817E-01  0.11331E+01  0.29869E+02  0.10000E+01
 e,ep,th,sigb,sigqe=    5.01    1.55   25.69  0.2338E+02  0.7123E-03
   5.014 25.690  1.54    5.29    5.41    9.98    5.08    0.07   15.13  0.940
   1.553  0.237  5.83    0.00    0.00 -100.00    0.00    0.00 -100.00 2.338E+01

    5.0140   1.5533  25.6900   0.2371   1.5397  0.23381E+02  0.23380E+02  0.71235E-03  0.26920E+02  0.15992E-01  0.11887E+01  0.25715E+02  0.10000E+01
 e,ep,th,sigb,sigqe=    5.01    1.37   27.35  0.1946E+02  0.4600E-03
   5.014 27.351  1.54    6.59    6.99   11.93    6.51    0.10   18.54  0.931
   1.373  0.225  6.17    0.00    0.00 -100.00    0.00    0.00 -100.00 1.946E+01

    5.0140   1.3734  27.3510   0.2254   1.5396  0.19458E+02  0.19457E+02  0.45996E-03  0.23066E+02  0.20195E-01  0.12663E+01  0.21779E+02  0.10000E+01
 e,ep,th,sigb,sigqe=    5.01    1.03   32.03  0.1243E+02  0.2001E-03
   5.014 32.025  1.56   10.72   12.42   16.56   11.43    0.25   28.24  0.920
   1.025  0.209  6.80    0.00    0.00 -100.00    0.00    0.00 -100.00 1.243E+01

    5.0140   1.0253  32.0253   0.2090   1.5647  0.12431E+02  0.12431E+02  0.20006E-03  0.15941E+02  0.30573E-01  0.14206E+01  0.14490E+02  0.10000E+01
 e,ep,th,sigb,sigqe=    5.01    2.33   21.83  0.3537E+02  0.4769E-02
   5.014 21.833  1.68    2.44    2.28    2.50    2.22    0.01    4.73  0.976
   2.335  0.334  4.23    0.00    0.00 -100.00    0.00    0.00 -100.00 3.537E+01

    5.0140   2.3348  21.8330   0.3340   1.6794  0.35372E+02  0.35367E+02  0.47694E-02  0.37046E+02  0.33272E-02  0.78612E+00  0.36257E+02  0.10000E+01
 e,ep,th,sigb,sigqe=    5.01    2.11   22.99  0.3010E+02  0.2680E-02
   5.014 22.994  1.68    2.83    2.66    4.19    2.58    0.01    6.79  0.967
   2.114  0.309  4.64    0.00    0.00 -100.00    0.00    0.00 -100.00 3.010E+01

    5.0140   2.1135  22.9940   0.3094   1.6840  0.30104E+02  0.30101E+02  0.26802E-02  0.32146E+02  0.44902E-02  0.77535E+00  0.31366E+02  0.10000E+01
 e,ep,th,sigb,sigqe=    5.01    1.91   24.18  0.2576E+02  0.1614E-02
   5.014 24.182  1.68    3.36    3.21    5.80    3.08    0.02    8.90  0.957
   1.914  0.289  5.01    0.00    0.00 -100.00    0.00    0.00 -100.00 2.576E+01

    5.0140   1.9137  24.1820   0.2895   1.6840  0.25763E+02  0.25761E+02  0.16140E-02  0.28056E+02  0.58774E-02  0.79266E+00  0.27258E+02  0.10000E+01
 e,ep,th,sigb,sigqe=    5.01    1.73   25.46  0.2214E+02  0.1020E-02
   5.014 25.464  1.68    4.01    3.93    7.32    3.74    0.03   11.09  0.951
   1.729  0.273  5.36    0.00    0.00 -100.00    0.00    0.00 -100.00 2.214E+01

    5.0140   1.7285  25.4640   0.2731   1.6838  0.22142E+02  0.22141E+02  0.10199E-02  0.24597E+02  0.74992E-02  0.82799E+00  0.23762E+02  0.10000E+01
 e,ep,th,sigb,sigqe=    5.01    1.55   26.89  0.1892E+02  0.6738E-03
   5.014 26.889  1.68    4.86    4.90    8.92    4.62    0.05   13.60  0.942
   1.553  0.259  5.69    0.00    0.00 -100.00    0.00    0.00 -100.00 1.892E+01

    5.0140   1.5533  26.8890   0.2593   1.6841  0.18917E+02  0.18916E+02  0.67381E-03  0.21489E+02  0.94279E-02  0.87424E+00  0.20605E+02  0.10000E+01
 e,ep,th,sigb,sigqe=    5.01    1.37   28.63  0.1584E+02  0.4344E-03
   5.014 28.632  1.68    6.06    6.35   10.81    5.94    0.08   16.83  0.936
   1.374  0.247  6.03    0.00    0.00 -100.00    0.00    0.00 -100.00 1.584E+01

    5.0140   1.3737  28.6319   0.2466   1.6845  0.15836E+02  0.15835E+02  0.43436E-03  0.18501E+02  0.11998E-01  0.94042E+00  0.17548E+02  0.10000E+01
 e,ep,th,sigb,sigqe=    5.01    1.02   33.62  0.1015E+02  0.1853E-03
   5.014 33.623  1.71   10.02   11.52   15.40   10.59    0.18   26.18  0.920
   1.020  0.228  6.66    0.00    0.00 -100.00    0.00    0.00 -100.00 1.015E+01

    5.0140   1.0200  33.6230   0.2283   1.7112  0.10148E+02  0.10148E+02  0.18535E-03  0.12804E+02  0.18561E-01  0.10752E+01  0.11711E+02  0.10000E+01
 e,ep,th,sigb,sigqe=    5.01    2.28   23.36  0.2477E+02  0.3871E-02
   5.014 23.356  1.88    2.31    2.13    1.80    2.09    0.01    3.90  0.980
   2.282  0.366  4.13    0.00    0.00 -100.00    0.00    0.00 -100.00 2.477E+01

    5.0140   2.2824  23.3560   0.3659   1.8755  0.24769E+02  0.24765E+02  0.38714E-02  0.25734E+02  0.17063E-02  0.51683E+00  0.25215E+02  0.10000E+01
 e,ep,th,sigb,sigqe=    5.01    2.11   25.03  0.1871E+02  0.2344E-02
   5.014 25.032  1.99    2.46    2.27    2.43    2.21    0.01    4.65  0.975
   2.109  0.365  4.34    0.00    0.00 -100.00    0.00    0.00 -100.00 1.871E+01

    5.0140   2.1094  25.0320   0.3645   1.9869  0.18711E+02  0.18709E+02  0.23442E-02  0.19582E+02  0.14951E-02  0.41415E+00  0.19166E+02  0.10000E+01
 e,ep,th,sigb,sigqe=    5.01    1.91   26.39  0.1618E+02  0.1439E-02
   5.014 26.388  2.00    2.85    2.66    3.83    2.57    0.01    6.41  0.967
   1.914  0.344  4.70    0.00    0.00 -100.00    0.00    0.00 -100.00 1.618E+01

    5.0140   1.9137  26.3880   0.3437   1.9996  0.16182E+02  0.16180E+02  0.14393E-02  0.17219E+02  0.19261E-02  0.41667E+00  0.16801E+02  0.10000E+01
 e,ep,th,sigb,sigqe=    5.01    1.73   27.74  0.1418E+02  0.9149E-03
   5.014 27.743  1.99    3.42    3.27    5.44    3.14    0.02    8.60  0.959
   1.729  0.323  5.05    0.00    0.00 -100.00    0.00    0.00 -100.00 1.418E+01

    5.0140   1.7290  27.7430   0.3233   1.9931  0.14182E+02  0.14181E+02  0.91487E-03  0.15401E+02  0.25719E-02  0.44477E+00  0.14954E+02  0.10000E+01
 e,ep,th,sigb,sigqe=    5.01    1.55   29.31  0.1228E+02  0.5976E-03
   5.014 29.307  1.99    4.13    4.07    6.94    3.87    0.03   10.83  0.950
   1.554  0.307  5.38    0.00    0.00 -100.00    0.00    0.00 -100.00 1.228E+01

    5.0140   1.5538  29.3070   0.3071   1.9943  0.12283E+02  0.12283E+02  0.59759E-03  0.13613E+02  0.32761E-02  0.47488E+00  0.13135E+02  0.10000E+01
 e,ep,th,sigb,sigqe=    5.01    1.37   31.30  0.1030E+02  0.3846E-03
   5.014 31.297  2.00    5.15    5.25    8.63    4.95    0.04   13.62  0.942
   1.374  0.293  5.71    0.00    0.00 -100.00    0.00    0.00 -100.00 1.030E+01

    5.0140   1.3736  31.2970   0.2934   2.0044  0.10298E+02  0.10298E+02  0.38458E-03  0.11701E+02  0.41091E-02  0.50990E+00  0.11187E+02  0.10000E+01
 e,ep,th,sigb,sigqe=    5.01    1.03   36.47  0.6922E+01  0.1686E-03
   5.014 36.475  2.03    8.49    9.53   12.83    8.81    0.10   21.73  0.924
   1.032  0.271  6.33    0.00    0.00 -100.00    0.00    0.00 -100.00 6.922E+00

    5.0140   1.0318  36.4750   0.2712   2.0268  0.69224E+01  0.69222E+01  0.16860E-03  0.84268E+01  0.66162E-02  0.60993E+00  0.78103E+01  0.10000E+01
 e,ep,th,sigb,sigqe=    5.01    0.00    0.00         NaN         NaN
   5.014  0.000  0.00    0.00    0.00    0.00    0.00    0.00    0.00  1.000
   0.000  0.000 10.29    0.00    0.00    0.00    0.00    0.00    0.00       NaN

    5.0140   0.0000   0.0000   0.0000   0.0000          NaN          NaN          NaN          NaN  0.00000E+00          NaN          NaN  0.10000E+01
 e,ep,th,sigb,sigqe=    5.01    2.05   27.73  0.1036E+02  0.1779E-02
   5.014 27.731  2.36    2.23    2.03    0.97    1.99    0.00    2.96  0.980
   2.053  0.425  4.07    0.00    0.00 -100.00    0.00    0.00 -100.00 1.036E+01

    5.0140   2.0525  27.7310   0.4254   2.3641  0.10357E+02  0.10355E+02  0.17792E-02  0.10664E+02  0.46349E-03  0.20581E+00  0.10458E+02  0.10000E+01
 e,ep,th,sigb,sigqe=    5.01    1.90   29.65  0.7901E+01  0.1167E-02
   5.014 29.652  2.50    2.41    2.19    1.55    2.14    0.01    3.69  0.976
   1.900  0.427  4.23    0.00    0.00 -100.00    0.00    0.00 -100.00 7.902E+00

    5.0140   1.9000  29.6520   0.4270   2.4951  0.79020E+01  0.79009E+01  0.11672E-02  0.81939E+01  0.39684E-03  0.16907E+00  0.80244E+01  0.10000E+01
 e,ep,th,sigb,sigqe=    5.01    1.73   31.59  0.6496E+01  0.7424E-03
   5.014 31.587  2.57    2.74    2.53    2.51    2.45    0.01    4.96  0.968
   1.728  0.416  4.48    0.00    0.00 -100.00    0.00    0.00 -100.00 6.497E+00

    5.0140   1.7276  31.5870   0.4162   2.5667  0.64972E+01  0.64965E+01  0.74242E-03  0.68197E+01  0.42579E-03  0.15887E+00  0.66604E+01  0.10000E+01
 e,ep,th,sigb,sigqe=    5.01    1.55   33.33  0.5881E+01  0.4878E-03
   5.014 33.332  2.56    3.27    3.09    3.80    2.98    0.01    6.79  0.963
   1.554  0.395  4.81    0.00    0.00 -100.00    0.00    0.00 -100.00 5.881E+00

    5.0140   1.5535  33.3319   0.3946   2.5626  0.58811E+01  0.58806E+01  0.48781E-03  0.62802E+01  0.57571E-03  0.17499E+00  0.61046E+01  0.10000E+01
 e,ep,th,sigb,sigqe=    5.01    1.37   35.48  0.5129E+01  0.3179E-03
   5.014 35.481  2.56    4.11    4.03    5.62    3.85    0.02    9.48  0.957
   1.374  0.375  5.15    0.00    0.00 -100.00    0.00    0.00 -100.00 5.129E+00

    5.0140   1.3743  35.4810   0.3747   2.5591  0.51293E+01  0.51290E+01  0.31790E-03  0.56156E+01  0.78269E-03  0.19755E+00  0.54173E+01  0.10000E+01
 e,ep,th,sigb,sigqe=    5.01    1.03   41.51  0.3547E+01  0.1357E-03
   5.014 41.510  2.60    6.84    7.41    9.31    6.94    0.04   16.29  0.936
   1.032  0.348  5.75    0.00    0.00 -100.00    0.00    0.00 -100.00 3.547E+00

    5.0140   1.0319  41.5100   0.3478   2.5990  0.35473E+01  0.35472E+01  0.13568E-03  0.41251E+01  0.12674E-02  0.24616E+00  0.38777E+01  0.10000E+01
 e,ep,th,sigb,sigqe=    5.01    0.00    0.00         NaN         NaN
   5.014  0.000  0.00    0.00    0.00    0.00    0.00    0.00    0.00  1.000
   0.000  0.000 10.29    0.00    0.00    0.00    0.00    0.00    0.00       NaN

    5.0140   0.0000   0.0000   0.0000   0.0000          NaN          NaN          NaN          NaN  0.00000E+00          NaN          NaN  0.10000E+01
 e,ep,th,sigb,sigqe=    5.01    0.00    0.00         NaN         NaN
   5.014  0.000  0.00    0.00    0.00    0.00    0.00    0.00    0.00  1.000
   0.000  0.000 10.29    0.00    0.00    0.00    0.00    0.00    0.00       NaN

    5.0140   0.0000   0.0000   0.0000   0.0000          NaN          NaN          NaN          NaN  0.00000E+00          NaN          NaN  0.10000E+01
 e,ep,th,sigb,sigqe=    5.01    0.00    0.00         NaN         NaN
   5.014  0.000  0.00    0.00    0.00    0.00    0.00    0.00    0.00  1.000
   0.000  0.000 10.29    0.00    0.00    0.00    0.00    0.00    0.00       NaN

    5.0140   0.0000   0.0000   0.0000   0.0000          NaN          NaN          NaN          NaN  0.00000E+00          NaN          NaN  0.10000E+01
 e,ep,th,sigb,sigqe=    5.01    1.70   34.49  0.3651E+01  0.6180E-03
   5.014 34.494  3.00    2.50    2.27    0.77    2.20    0.00    2.97  0.970
   1.699  0.481  4.11    0.00    0.00 -100.00    0.00    0.00 -100.00 3.652E+00

    5.0140   1.6988  34.4940   0.4814   2.9951  0.36519E+01  0.36513E+01  0.61804E-03  0.37604E+01  0.13407E-03  0.80326E-01  0.36799E+01  0.10000E+01
 e,ep,th,sigb,sigqe=    5.01    1.55   36.89  0.2920E+01  0.4118E-03
   5.014 36.889  3.11    2.83    2.61    1.61    2.52    0.00    4.14  0.968
   1.548  0.478  4.28    0.00    0.00 -100.00    0.00    0.00 -100.00 2.921E+00

    5.0140   1.5481  36.8890   0.4779   3.1080  0.29209E+01  0.29205E+01  0.41184E-03  0.30417E+01  0.12970E-03  0.73726E-01  0.29679E+01  0.10000E+01
 e,ep,th,sigb,sigqe=    5.01    1.37   40.12  0.2253E+01  0.2585E-03
   5.014 40.115  3.23    3.40    3.22    2.71    3.10    0.01    5.82  0.964
   1.371  0.473  4.48    0.00    0.00 -100.00    0.00    0.00 -100.00 2.253E+00

    5.0140   1.3706  40.1151   0.4729   3.2333  0.22531E+01  0.22528E+01  0.25848E-03  0.23841E+01  0.12994E-03  0.69851E-01  0.23142E+01  0.10000E+01
 e,ep,th,sigb,sigqe=    5.01    1.10   45.01  0.1857E+01  0.1336E-03
   5.014 45.014  3.24    5.00    5.10    5.19    4.86    0.01   10.06  0.953
   1.102  0.441  4.98    0.00    0.00 -100.00    0.00    0.00 -100.00 1.857E+00

    5.0140   1.1024  45.0140   0.4414   3.2398  0.18569E+01  0.18568E+01  0.13357E-03  0.20438E+01  0.21820E-03  0.90292E-01  0.19532E+01  0.10000E+01
