                                           ************ internal ***************  +++++++ internal  + external ++++++++
    E        Ep      Th       s_born       s_rad        s_elas       s_dis        s_rad        s_elas       s_dis
    5.0140   2.3935  17.2660  0.33119E+04  0.36120E+04  0.11130E+00  0.35341E+04  0.36120E+04  0.11130E+00  0.35341E+04
    5.0140   2.1071  18.2770  0.26294E+04  0.29587E+04  0.16630E+00  0.28820E+04  0.29587E+04  0.16630E+00  0.28820E+04
    5.0140   1.9095  19.1660  0.21919E+04  0.25240E+04  0.24463E+00  0.24481E+04  0.25240E+04  0.24463E+00  0.24481E+04
    5.0140   1.7266  20.1430  0.18274E+04  0.21553E+04  0.37633E+00  0.20793E+04  0.21553E+04  0.37633E+00  0.20793E+04
    5.0140   1.5516  21.2490  0.15156E+04  0.18346E+04  0.58061E+00  0.17584E+04  0.18346E+04  0.58061E+00  0.17584E+04
    5.0140   1.3719  22.6100  0.12316E+04  0.15386E+04  0.89682E+00  0.14614E+04  0.15386E+04  0.89682E+00  0.14614E+04
    5.0140   1.0163  26.5220  0.74864E+03  0.10130E+04  0.17203E+01  0.93484E+03  0.10130E+04  0.17203E+01  0.93484E+03
    5.0140   2.4496  17.7700  0.28934E+04  0.31070E+04  0.70781E-01  0.30460E+04  0.31070E+04  0.70781E-01  0.30460E+04
    5.0140   2.1123  19.1120  0.21659E+04  0.24076E+04  0.10317E+00  0.23497E+04  0.24076E+04  0.10317E+00  0.23497E+04
    5.0140   1.9124  20.0870  0.17979E+04  0.20441E+04  0.12738E+00  0.19869E+04  0.20441E+04  0.12738E+00  0.19869E+04
    5.0140   1.7276  21.1450  0.14967E+04  0.17416E+04  0.16456E+00  0.16846E+04  0.17416E+04  0.16456E+00  0.16846E+04
    5.0140   1.5528  22.3150  0.12450E+04  0.14860E+04  0.22559E+00  0.14284E+04  0.14860E+04  0.22559E+00  0.14284E+04
    5.0140   1.3726  23.7540  0.10149E+04  0.12493E+04  0.32940E+00  0.11907E+04  0.12493E+04  0.32940E+00  0.11907E+04
    5.0140   1.0193  27.8520  0.62245E+03  0.82947E+03  0.62383E+00  0.76973E+03  0.82947E+03  0.62383E+00  0.76973E+03
    5.0140   2.4373  18.6050  0.23279E+04  0.24759E+04  0.41336E-01  0.24302E+04  0.24759E+04  0.41336E-01  0.24302E+04
    5.0140   2.1128  19.9860  0.17695E+04  0.19445E+04  0.67866E-01  0.19008E+04  0.19445E+04  0.67866E-01  0.19008E+04
    5.0140   1.9126  21.0170  0.14742E+04  0.16561E+04  0.82695E-01  0.16128E+04  0.16561E+04  0.82695E-01  0.16128E+04
    5.0140   1.7284  22.1150  0.12355E+04  0.14198E+04  0.98189E-01  0.13763E+04  0.14198E+04  0.98189E-01  0.13763E+04
    5.0140   1.5531  23.3512  0.10304E+04  0.12139E+04  0.11832E+00  0.11698E+04  0.12139E+04  0.11832E+00  0.11698E+04
    5.0140   1.3733  24.8510  0.84471E+03  0.10256E+04  0.15224E+00  0.98035E+03  0.10256E+04  0.15224E+00  0.98035E+03
    5.0140   1.0177  29.1850  0.51963E+03  0.68279E+03  0.25518E+00  0.63606E+03  0.68279E+03  0.25518E+00  0.63606E+03
    5.0140   2.4067  19.6126  0.17998E+04  0.18977E+04  0.20010E-01  0.18646E+04  0.18977E+04  0.20010E-01  0.18646E+04
    5.0140   2.1138  20.9350  0.14200E+04  0.15415E+04  0.38696E-01  0.15093E+04  0.15415E+04  0.38696E-01  0.15093E+04
    5.0140   1.9134  22.0200  0.11904E+04  0.13205E+04  0.51718E-01  0.12884E+04  0.13205E+04  0.51718E-01  0.12884E+04
    5.0140   1.7287  23.1770  0.10026E+04  0.11372E+04  0.63392E-01  0.11047E+04  0.11372E+04  0.63392E-01  0.11047E+04
    5.0140   1.5537  24.4690  0.84117E+03  0.97752E+03  0.74365E-01  0.94426E+03  0.97752E+03  0.74365E-01  0.94426E+03
    5.0140   1.3732  26.0600  0.69138E+03  0.82755E+03  0.87538E-01  0.79319E+03  0.82755E+03  0.87538E-01  0.79319E+03
    5.0140   1.0256  30.4680  0.43500E+03  0.56157E+03  0.12117E+00  0.52545E+03  0.56157E+03  0.12117E+00  0.52545E+03
    5.0140   2.3727  20.7090  0.13653E+04  0.14275E+04  0.76805E-02  0.14036E+04  0.14275E+04  0.76805E-02  0.14036E+04
    5.0140   2.1137  21.9680  0.11157E+04  0.11961E+04  0.17256E-01  0.11729E+04  0.11961E+04  0.17256E-01  0.11729E+04
    5.0140   1.9138  23.1020  0.94439E+03  0.10340E+04  0.26900E-01  0.10106E+04  0.10340E+04  0.26900E-01  0.10106E+04
    5.0140   1.7287  24.3266  0.79984E+03  0.89499E+03  0.36575E-01  0.87114E+03  0.89499E+03  0.36575E-01  0.87114E+03
    5.0140   1.5533  25.6900  0.67468E+03  0.77302E+03  0.45803E-01  0.74844E+03  0.77302E+03  0.45803E-01  0.74844E+03
    5.0140   1.3734  27.3510  0.55881E+03  0.65896E+03  0.55404E-01  0.63329E+03  0.65896E+03  0.55404E-01  0.63329E+03
    5.0140   1.0253  32.0253  0.35321E+03  0.44851E+03  0.71459E-01  0.42116E+03  0.44851E+03  0.71459E-01  0.42116E+03
    5.0140   2.3348  21.8330  0.10336E+04  0.10726E+04  0.25141E-02  0.10552E+04  0.10726E+04  0.25141E-02  0.10552E+04
    5.0140   2.1135  22.9940  0.87504E+03  0.92714E+03  0.60915E-02  0.91024E+03  0.92714E+03  0.60915E-02  0.91024E+03
    5.0140   1.9137  24.1820  0.74787E+03  0.80883E+03  0.11426E-01  0.79175E+03  0.80883E+03  0.11426E-01  0.79175E+03
    5.0140   1.7285  25.4640  0.63877E+03  0.70562E+03  0.17891E-01  0.68803E+03  0.70562E+03  0.17891E-01  0.68803E+03
    5.0140   1.5533  26.8890  0.54293E+03  0.61371E+03  0.24945E-01  0.59542E+03  0.61371E+03  0.24945E-01  0.59542E+03
    5.0140   1.3737  28.6319  0.45240E+03  0.52590E+03  0.32774E-01  0.50664E+03  0.52590E+03  0.32774E-01  0.50664E+03
    5.0140   1.0200  33.6230  0.28691E+03  0.35918E+03  0.45878E-01  0.33818E+03  0.35918E+03  0.45878E-01  0.33818E+03
    5.0140   2.2824  23.3560  0.71350E+03  0.73393E+03  0.54965E-03  0.72235E+03  0.73393E+03  0.54965E-03  0.72235E+03
    5.0140   2.1094  25.0320  0.53321E+03  0.55334E+03  0.48463E-03  0.54411E+03  0.55334E+03  0.48463E-03  0.54411E+03
    5.0140   1.9137  26.3880  0.45836E+03  0.48440E+03  0.10068E-02  0.47523E+03  0.48440E+03  0.10068E-02  0.47523E+03
    5.0140   1.7290  27.7430  0.40291E+03  0.43452E+03  0.22611E-02  0.42489E+03  0.43452E+03  0.22611E-02  0.42489E+03
    5.0140   1.5538  29.3070  0.34763E+03  0.38306E+03  0.41269E-02  0.37292E+03  0.38306E+03  0.41269E-02  0.37292E+03
    5.0140   1.3736  31.2970  0.29021E+03  0.32811E+03  0.65435E-02  0.31741E+03  0.32811E+03  0.65435E-02  0.31741E+03
    5.0140   1.0318  36.4750  0.19351E+03  0.23429E+03  0.12859E-01  0.22202E+03  0.23429E+03  0.12859E-01  0.22202E+03
    5.0140   0.0000   0.0000          NaN          NaN  0.00000E+00          NaN          NaN  0.00000E+00          NaN
    5.0140   2.0525  27.7310  0.28526E+03  0.29112E+03  0.12293E-03  0.28643E+03  0.29112E+03  0.12293E-03  0.28643E+03
    5.0140   1.9000  29.6520  0.21617E+03  0.22227E+03  0.10367E-03  0.21844E+03  0.22227E+03  0.10367E-03  0.21844E+03
    5.0140   1.7276  31.5870  0.17690E+03  0.18438E+03  0.11142E-03  0.18079E+03  0.18438E+03  0.11142E-03  0.18079E+03
    5.0140   1.5535  33.3319  0.15903E+03  0.16903E+03  0.14412E-03  0.16515E+03  0.16903E+03  0.14412E-03  0.16515E+03
    5.0140   1.3743  35.4810  0.13963E+03  0.15199E+03  0.19679E-03  0.14769E+03  0.15199E+03  0.19679E-03  0.14769E+03
    5.0140   1.0319  41.5100  0.96150E+02  0.11137E+03  0.41888E-03  0.10621E+03  0.11137E+03  0.41888E-03  0.10621E+03
    5.0140   0.0000   0.0000          NaN          NaN  0.00000E+00          NaN          NaN  0.00000E+00          NaN
    5.0140   0.0000   0.0000          NaN          NaN  0.00000E+00          NaN          NaN  0.00000E+00          NaN
    5.0140   0.0000   0.0000          NaN          NaN  0.00000E+00          NaN          NaN  0.00000E+00          NaN
    5.0140   1.6988  34.4940  0.95560E+02  0.97852E+02  0.81019E-05  0.95961E+02  0.97852E+02  0.81019E-05  0.95961E+02
    5.0140   1.5481  36.8890  0.76072E+02  0.78779E+02  0.85440E-05  0.77065E+02  0.78779E+02  0.85440E-05  0.77065E+02
    5.0140   1.3706  40.1151  0.58418E+02  0.61496E+02  0.95539E-05  0.59885E+02  0.61496E+02  0.95539E-05  0.59885E+02
    5.0140   1.1024  45.0140  0.47772E+02  0.52511E+02  0.35211E-04  0.50507E+02  0.52511E+02  0.35211E-04  0.50507E+02
