EXTERNAL/TSAI:  VERSION OF 8/8/96

RUNPLAN for CLAS hadronization experiment                               
 inclusive:                                                             
                                                                        
CLAS Iron                                                               
                                                                        

----*----1----*----2----*----3----*----4----*----5----*----6----*----7--
                                                                        

TARGET (iZ,iA) = ( 26, 56);   avgA =  56.000; amuM= 55.930; avgM= 52.099
 targ= ordina; ttarg(rl)=0.01561; twall=0.00000; tbeam=0.00000; tspec=0.00761
         Nseg  =   2
 MODELS: P elastc(ikk)=14; deut elastic=13; inelastc=206; Pauli Supresion= 1
 NUCLEAR METHOD= 1;   NUCLEAR_MODEL= 1

    E1    TH    Q2 COS_K         SMR     NUC          INT-SMR
    EP     X    W2 QE-PK  INELA  Q-ELA  ELAST   TOTAL  MODEL

   5.014 19.026  1.21    3.27    7.33    2.44    0.00    9.78  0.764
   2.200  0.228  4.95    0.00 -100.00    0.00    0.00 -100.00 2.188E+03

   5.014 22.541  1.18    6.32   14.91    4.69    0.02   19.62  0.693
   1.536  0.180  6.23    0.00 -100.00    0.00    0.00 -100.00 1.204E+03

   5.014 27.832  1.18   12.59   23.80    9.62    0.10   33.52  0.630
   1.017  0.157  7.20    0.00 -100.00    0.00    0.00 -100.00 6.281E+02

   5.014 21.601  1.53    2.71    4.72    2.01    0.00    6.73  0.783
   2.173  0.287  4.68    0.00 -100.00    0.00    0.00 -100.00 1.193E+03

   5.014 25.776  1.54    4.95   11.14    3.71    0.01   14.85  0.728
   1.544  0.237  5.85    0.00 -100.00    0.00    0.00 -100.00 6.715E+02

   5.014 31.895  1.55   10.12   19.55    7.87    0.02   27.44  0.663
   1.024  0.207  6.82    0.00 -100.00    0.00    0.00 -100.00 3.627E+02

   5.014 25.963  2.06    2.40    2.33    1.80    0.00    4.12  0.815
   2.034  0.368  4.42    0.00 -100.00    0.00    0.00 -100.00 4.583E+02

   5.014 31.734  2.31    3.54    5.48    2.69    0.00    8.16  0.789
   1.539  0.354  5.09    0.00 -100.00    0.00    0.00 -100.00 2.253E+02

   5.014 38.969  2.32    7.20   12.32    5.75    0.00   18.07  0.727
   1.040  0.311  6.02    0.00 -100.00    0.00    0.00 -100.00 1.380E+02

  0.000 0.000  0.000 .000  0.00  0.00  0.00  0.00  0.00  0.00 0.000
                           0.00  0.00  0.00  0.00  0.00  0.00 0.000E+00

