EXTERNAL/TSAI:  VERSION OF 8/8/96

RUNPLAN for CLAS hadronization experiment                               
 inclusive:                                                             
                                                                        
CLAS LEAD                                                               
                                                                        

----*----1----*----2----*----3----*----4----*----5----*----6----*----7--
                                                                        

TARGET (iZ,iA) = ( 82,208);   avgA = 208.000; amuM=207.964; avgM=193.719
 targ= ordina; ttarg(rl)=0.01561; twall=0.00000; tbeam=0.00000; tspec=0.00761
         Nseg  =   2
 MODELS: P elastc(ikk)=14; deut elastic=13; inelastc=206; Pauli Supresion= 1
 NUCLEAR METHOD= 1;   NUCLEAR_MODEL= 1

    E1    TH    Q2 COS_K         SMR     NUC          INT-SMR
    EP     X    W2 QE-PK  INELA  Q-ELA  ELAST   TOTAL  MODEL

   5.014 19.026  1.21    2.73    7.04    2.07    0.00    9.12  0.775
   2.200  0.228  4.95    0.00 -100.00    0.00    0.00 -100.00 8.914E+03

   5.014 22.541  1.18    5.32   14.58    4.03    0.03   18.64  0.704
   1.536  0.180  6.23    0.00 -100.00    0.00    0.00 -100.00 4.815E+03

   5.014 27.832  1.18   10.70   23.40    8.35    0.14   31.89  0.643
   1.017  0.157  7.20    0.00 -100.00    0.00    0.00 -100.00 2.467E+03

   5.014 21.601  1.53    2.31    4.50    1.74    0.00    6.24  0.793
   2.173  0.287  4.68    0.00 -100.00    0.00    0.00 -100.00 4.786E+03

   5.014 25.776  1.54    4.27   10.97    3.26    0.00   14.23  0.739
   1.544  0.237  5.85    0.00 -100.00    0.00    0.00 -100.00 2.641E+03

   5.014 31.895  1.55    8.82   19.30    6.99    0.02   26.31  0.675
   1.024  0.207  6.82    0.00 -100.00    0.00    0.00 -100.00 1.402E+03

   5.014 25.963  2.06    2.12    2.17    1.61    0.00    3.78  0.825
   2.034  0.368  4.42    0.00 -100.00    0.00    0.00 -100.00 1.782E+03

   5.014 31.734  2.31    3.21    5.41    2.47    0.00    7.87  0.799
   1.539  0.354  5.09    0.00 -100.00    0.00    0.00 -100.00 8.572E+02

   5.014 38.969  2.32    6.55   12.26    5.31    0.00   17.57  0.738
   1.040  0.311  6.02    0.00 -100.00    0.00    0.00 -100.00 5.190E+02

  0.000 0.000  0.000 .000  0.00  0.00  0.00  0.00  0.00  0.00 0.000
                           0.00  0.00  0.00  0.00  0.00  0.00 0.000E+00

