 Enter the input file name (in INP directory)
 filename=INP/50degh2.inp                                                      
input files for EXTERNAL: runplan/target/output                         
50deg.inp                                                                       
targ.H2tuna                                                                     
50deg_h2.out                                                                    
 got here
 Reading parameters for Ioana's model
 Pauli suppression factors
  1.00 0.05 1.00 0.63 1.00 0.61 0.83 0.68 0.63 1.00 0.61 0.83
 Pauli suppression factors
  1.00 0.10 1.00 0.83 1.00 0.79 0.92 0.84 0.83 1.00 0.79 0.92
 Pauli suppression factors
  1.00 0.15 1.00 0.94 1.00 0.87 0.96 0.91 0.94 1.00 0.87 0.96
 Pauli suppression factors
  1.00 0.20 1.00 0.99 1.00 0.89 0.97 0.94 0.99 1.00 0.89 0.97
 Pauli suppression factors
  1.00 0.25 1.00 1.00 1.00 1.00 0.98 0.96 1.00 1.00 1.00 0.98
 Pauli suppression factors
  2.00 0.05 1.00 0.63 1.00 0.62 0.83 0.68 0.63 1.00 0.62 0.83
 Pauli suppression factors
  2.00 0.10 1.00 0.83 1.00 0.80 0.92 0.84 0.83 1.00 0.80 0.92
 Pauli suppression factors
  2.00 0.15 1.00 0.94 1.00 0.90 0.96 0.91 0.94 1.00 0.90 0.96
 Pauli suppression factors
  2.00 0.20 1.00 0.99 1.00 0.94 0.97 0.94 0.99 1.00 0.94 0.97
 Pauli suppression factors
  2.00 0.25 1.00 1.00 1.00 1.00 0.98 0.96 1.00 1.00 1.00 0.98
 Pauli suppression factors
  3.00 0.05 1.00 0.63 1.00 0.62 0.83 0.68 0.63 1.00 0.62 0.83
 Pauli suppression factors
  3.00 0.10 1.00 0.83 1.00 0.81 0.92 0.84 0.83 1.00 0.81 0.92
 Pauli suppression factors
  3.00 0.15 1.00 0.94 1.00 0.91 0.96 0.91 0.94 1.00 0.91 0.96
 Pauli suppression factors
  3.00 0.20 1.00 0.99 1.00 0.95 0.97 0.94 0.99 1.00 0.95 0.97
 Pauli suppression factors
  3.00 0.25 1.00 1.00 1.00 1.00 0.98 0.96 1.00 1.00 1.00 0.98
 Pauli suppression factors
  4.00 0.05 1.00 0.63 1.00 0.62 0.83 0.68 0.63 1.00 0.62 0.83
 Pauli suppression factors
  4.00 0.10 1.00 0.83 1.00 0.81 0.92 0.84 0.83 1.00 0.81 0.92
 Pauli suppression factors
  4.00 0.15 1.00 0.94 1.00 0.91 0.96 0.91 0.94 1.00 0.91 0.96
 Pauli suppression factors
  4.00 0.20 1.00 0.99 1.00 0.96 0.97 0.94 0.99 1.00 0.96 0.97
 Pauli suppression factors
  4.00 0.25 1.00 1.00 1.00 1.00 0.98 0.96 1.00 1.00 1.00 0.98
 Pauli suppression factors
  5.00 0.05 1.00 0.63 1.00 0.62 0.83 0.68 0.63 1.00 0.62 0.83
 Pauli suppression factors
  5.00 0.10 1.00 0.83 1.00 0.82 0.92 0.84 0.83 1.00 0.82 0.92
 Pauli suppression factors
  5.00 0.15 1.00 0.94 1.00 0.92 0.96 0.91 0.94 1.00 0.92 0.96
 Pauli suppression factors
  5.00 0.20 1.00 0.99 1.00 0.97 0.97 0.94 0.99 1.00 0.97 0.97
 Pauli suppression factors
  5.00 0.25 1.00 1.00 1.00 1.00 0.98 0.96 1.00 1.00 1.00 0.98
 e,ep,th,sigb,sigqe=    5.77    0.51   50.00  0.1543E+01  0.0000E+00
 TUNA rad len=  -1.97990   0.00143   0.00000   0.00297   0.00979   2.54547   0.01936
 TUNA rad len=  -0.99000   0.00143   0.00115   0.00288   0.00913   2.46536   0.01352
 TUNA rad len=   0.99000   0.00143   0.00346   0.00139   0.00913   1.19264   0.01352
 TUNA rad len=   0.00000   0.00143   0.00231   0.00231   0.00901   1.98000   0.01250
 TUNA rad len=   1.97990   0.00143   0.00462   0.00000   0.00979   0.00010   0.01940
 TUNA rad len=  -1.97990   0.00143   0.00000   0.00297   0.00979   2.54547   0.01936
   5.766 50.000  2.12   46.35    0.00   28.29    0.00   46.35   74.64  1.000
   0.514  0.215  8.62   56.70    0.00   31.00    0.00   56.69   87.69 1.543E+00

    5.7660   0.5144  50.0000   0.2150   2.1190  0.15434E+01  0.15434E+01  0.00000E+00  0.00000E+00  0.28969E+01  0.87503E+00  0.00000E+00  0.20218E+01  0.10000E+01
 e,ep,th,sigb,sigqe=    5.77    0.52   50.00  0.1519E+01  0.0000E+00
   5.766 50.000  2.16   44.26    0.00   27.69    0.00   44.26   71.95  1.000
   0.524  0.220  8.56   54.08    0.00   30.28    0.00   54.08   84.36 1.519E+00

    5.7660   0.5244  50.0000   0.2196   2.1602  0.15188E+01  0.15188E+01  0.00000E+00  0.00000E+00  0.28000E+01  0.82134E+00  0.00000E+00  0.19786E+01  0.10000E+01
 e,ep,th,sigb,sigqe=    5.77    0.53   50.00  0.1494E+01  0.0000E+00
   5.766 50.000  2.20   42.29    0.00   27.09    0.00   42.29   69.38  1.000
   0.534  0.224  8.50   51.60    0.00   29.56    0.00   51.60   81.16 1.494E+00

    5.7660   0.5344  50.0000   0.2242   2.2014  0.14943E+01  0.14943E+01  0.00000E+00  0.00000E+00  0.27072E+01  0.77113E+00  0.00000E+00  0.19361E+01  0.10000E+01
 e,ep,th,sigb,sigqe=    5.77    0.54   50.00  0.1470E+01  0.0000E+00
   5.766 50.000  2.24   40.41    0.00   26.50    0.00   40.41   66.91  1.000
   0.544  0.229  8.44   49.26    0.00   28.84    0.00   49.26   78.10 1.470E+00

    5.7660   0.5444  50.0000   0.2289   2.2426  0.14701E+01  0.14701E+01  0.00000E+00  0.00000E+00  0.26183E+01  0.72417E+00  0.00000E+00  0.18942E+01  0.10000E+01
 e,ep,th,sigb,sigqe=    5.77    0.55   50.00  0.1446E+01  0.0000E+00
   5.766 50.000  2.28   38.64    0.00   25.91    0.00   38.64   64.55  1.000
   0.554  0.234  8.38   47.04    0.00   28.14    0.00   47.04   75.18 1.446E+00

    5.7660   0.5544  50.0000   0.2335   2.2838  0.14461E+01  0.14461E+01  0.00000E+00  0.00000E+00  0.25332E+01  0.68020E+00  0.00000E+00  0.18530E+01  0.10000E+01
 e,ep,th,sigb,sigqe=    5.77    0.56   50.00  0.1422E+01  0.0000E+00
   5.766 50.000  2.32   36.95    0.00   25.33    0.00   36.95   62.28  1.000
   0.564  0.238  8.32   44.93    0.00   27.44    0.00   44.93   72.37 1.422E+00

    5.7660   0.5644  50.0000   0.2382   2.3250  0.14222E+01  0.14222E+01  0.00000E+00  0.00000E+00  0.24516E+01  0.63903E+00  0.00000E+00  0.18125E+01  0.10000E+01
 e,ep,th,sigb,sigqe=    5.77    0.57   50.00  0.1399E+01  0.0000E+00
   5.766 50.000  2.37   35.35    0.00   24.75    0.00   35.35   60.10  1.000
   0.574  0.243  8.26   42.93    0.00   26.75    0.00   42.93   69.69 1.399E+00

    5.7660   0.5744  50.0000   0.2429   2.3662  0.13986E+01  0.13986E+01  0.00000E+00  0.00000E+00  0.23732E+01  0.60045E+00  0.00000E+00  0.17728E+01  0.10000E+01
 e,ep,th,sigb,sigqe=    5.77    0.58   50.00  0.1375E+01  0.0000E+00
   5.766 50.000  2.41   33.83    0.00   24.18    0.00   33.83   58.01  1.000
   0.584  0.248  8.20   41.04    0.00   26.07    0.00   41.03   67.11 1.375E+00

    5.7660   0.5844  50.0000   0.2476   2.4074  0.13752E+01  0.13752E+01  0.00000E+00  0.00000E+00  0.22980E+01  0.56430E+00  0.00000E+00  0.17337E+01  0.10000E+01
 e,ep,th,sigb,sigqe=    5.77    0.59   50.00  0.1352E+01  0.0000E+00
   5.766 50.000  2.45   32.38    0.00   23.62    0.00   32.38   56.00  1.000
   0.594  0.252  8.14   39.23    0.00   25.40    0.00   39.23   64.64 1.352E+00

    5.7660   0.5944  50.0000   0.2523   2.4486  0.13519E+01  0.13519E+01  0.00000E+00  0.00000E+00  0.22257E+01  0.53040E+00  0.00000E+00  0.16953E+01  0.10000E+01
 e,ep,th,sigb,sigqe=    5.77    0.60   50.00  0.1329E+01  0.0000E+00
   5.766 50.000  2.49   31.01    0.00   23.07    0.00   31.01   54.07  1.000
   0.604  0.257  8.08   37.52    0.00   24.74    0.00   37.52   62.26 1.329E+00

    5.7660   0.6044  50.0000   0.2570   2.4897  0.13288E+01  0.13288E+01  0.00000E+00  0.00000E+00  0.21562E+01  0.49860E+00  0.00000E+00  0.16576E+01  0.10000E+01
 e,ep,th,sigb,sigqe=    5.77    0.61   50.00  0.1306E+01  0.0000E+00
   5.766 50.000  2.53   29.70    0.00   22.52    0.00   29.70   52.22  1.000
   0.614  0.262  8.02   35.90    0.00   24.08    0.00   35.90   59.98 1.306E+00

    5.7660   0.6144  50.0000   0.2618   2.5309  0.13059E+01  0.13059E+01  0.00000E+00  0.00000E+00  0.20892E+01  0.46877E+00  0.00000E+00  0.16205E+01  0.10000E+01
 e,ep,th,sigb,sigqe=    5.77    0.62   50.00  0.1283E+01  0.0000E+00
   5.766 50.000  2.57   28.45    0.00   21.95    0.00   28.45   50.40  1.000
   0.624  0.267  7.96   34.35    0.00   23.41    0.00   34.35   57.76 1.283E+00

    5.7660   0.6244  50.0000   0.2666   2.5721  0.12832E+01  0.12832E+01  0.00000E+00  0.00000E+00  0.20244E+01  0.44077E+00  0.00000E+00  0.15837E+01  0.10000E+01
 e,ep,th,sigb,sigqe=    5.77    0.63   50.00  0.1261E+01  0.0000E+00
   5.766 50.000  2.61   27.27    0.00   21.44    0.00   27.27   48.71  1.000
   0.634  0.271  7.90   32.88    0.00   22.80    0.00   32.88   55.68 1.261E+00

    5.7660   0.6344  50.0000   0.2714   2.6133  0.12607E+01  0.12607E+01  0.00000E+00  0.00000E+00  0.19626E+01  0.41449E+00  0.00000E+00  0.15481E+01  0.10000E+01
 e,ep,th,sigb,sigqe=    5.77    0.64   50.00  0.1238E+01  0.0000E+00
   5.766 50.000  2.65   26.14    0.00   20.91    0.00   26.14   47.05  1.000
   0.644  0.276  7.84   31.48    0.00   22.17    0.00   31.48   53.65 1.238E+00

    5.7660   0.6444  50.0000   0.2762   2.6545  0.12384E+01  0.12384E+01  0.00000E+00  0.00000E+00  0.19028E+01  0.38981E+00  0.00000E+00  0.15129E+01  0.10000E+01
 e,ep,th,sigb,sigqe=    5.77    0.65   50.00  0.1216E+01  0.0000E+00
   5.766 50.000  2.70   25.06    0.00   20.39    0.00   25.06   45.45  1.000
   0.654  0.281  7.78   30.15    0.00   21.55    0.00   30.14   51.70 1.216E+00

    5.7660   0.6544  50.0000   0.2810   2.6957  0.12162E+01  0.12162E+01  0.00000E+00  0.00000E+00  0.18450E+01  0.36663E+00  0.00000E+00  0.14783E+01  0.10000E+01
 e,ep,th,sigb,sigqe=    5.77    0.66   50.00  0.1194E+01  0.0000E+00
   5.766 50.000  2.74   24.04    0.00   19.88    0.00   24.04   43.92  1.000
   0.664  0.286  7.72   28.88    0.00   20.94    0.00   28.88   49.82 1.194E+00

    5.7660   0.6644  50.0000   0.2859   2.7369  0.11942E+01  0.11942E+01  0.00000E+00  0.00000E+00  0.17892E+01  0.34485E+00  0.00000E+00  0.14443E+01  0.10000E+01
 e,ep,th,sigb,sigqe=    5.77    0.67   50.00  0.1172E+01  0.0000E+00
   5.766 50.000  2.78   23.06    0.00   19.37    0.00   23.06   42.43  1.000
   0.674  0.291  7.66   27.67    0.00   20.34    0.00   27.67   48.01 1.172E+00

    5.7660   0.6744  50.0000   0.2908   2.7781  0.11724E+01  0.11724E+01  0.00000E+00  0.00000E+00  0.17353E+01  0.32439E+00  0.00000E+00  0.14109E+01  0.10000E+01
 e,ep,th,sigb,sigqe=    5.77    0.68   50.00  0.1151E+01  0.0000E+00
   5.766 50.000  2.82   22.13    0.00   18.87    0.00   22.13   41.00  1.000
   0.684  0.296  7.60   26.52    0.00   19.75    0.00   26.52   46.27 1.151E+00

    5.7660   0.6844  50.0000   0.2957   2.8193  0.11508E+01  0.11508E+01  0.00000E+00  0.00000E+00  0.16833E+01  0.30516E+00  0.00000E+00  0.13781E+01  0.10000E+01
 e,ep,th,sigb,sigqe=    5.77    0.69   50.00  0.1129E+01  0.0000E+00
   5.766 50.000  2.86   21.24    0.00   18.39    0.00   21.24   39.63  1.000
   0.694  0.301  7.54   25.42    0.00   19.17    0.00   25.42   44.59 1.129E+00

    5.7660   0.6944  50.0000   0.3006   2.8605  0.11294E+01  0.11294E+01  0.00000E+00  0.00000E+00  0.16330E+01  0.28709E+00  0.00000E+00  0.13459E+01  0.10000E+01
 e,ep,th,sigb,sigqe=    5.77    0.70   50.00  0.1108E+01  0.0000E+00
   5.766 50.000  2.90   20.39    0.00   17.90    0.00   20.39   38.29  1.000
   0.704  0.305  7.48   24.37    0.00   18.60    0.00   24.37   42.97 1.108E+00

    5.7660   0.7044  50.0000   0.3055   2.9017  0.11081E+01  0.11081E+01  0.00000E+00  0.00000E+00  0.15843E+01  0.27010E+00  0.00000E+00  0.13142E+01  0.10000E+01
 e,ep,th,sigb,sigqe=    5.77    0.71   50.00  0.1087E+01  0.0000E+00
   5.766 50.000  2.94   19.58    0.00   17.43    0.00   19.58   37.01  1.000
   0.714  0.310  7.42   23.38    0.00   18.03    0.00   23.38   41.41 1.087E+00

    5.7660   0.7144  50.0000   0.3104   2.9429  0.10870E+01  0.10870E+01  0.00000E+00  0.00000E+00  0.15372E+01  0.25412E+00  0.00000E+00  0.12831E+01  0.10000E+01
 e,ep,th,sigb,sigqe=    5.77    0.72   50.00  0.1066E+01  0.0000E+00
   5.766 50.000  2.98   18.81    0.00   16.96    0.00   18.81   35.77  1.000
   0.724  0.315  7.36   22.43    0.00   17.48    0.00   22.43   39.91 1.066E+00

    5.7660   0.7244  50.0000   0.3154   2.9841  0.10661E+01  0.10661E+01  0.00000E+00  0.00000E+00  0.14916E+01  0.23910E+00  0.00000E+00  0.12525E+01  0.10000E+01
 e,ep,th,sigb,sigqe=    5.77    0.73   50.00  0.1045E+01  0.0000E+00
   5.766 50.000  3.03   18.07    0.00   16.50    0.00   18.07   34.57  1.000
   0.734  0.320  7.30   21.52    0.00   16.93    0.00   21.52   38.45 1.045E+00

    5.7660   0.7344  50.0000   0.3204   3.0253  0.10454E+01  0.10454E+01  0.00000E+00  0.00000E+00  0.14474E+01  0.22497E+00  0.00000E+00  0.12224E+01  0.10000E+01
 e,ep,th,sigb,sigqe=    5.77    0.74   50.00  0.1025E+01  0.0000E+00
   5.766 50.000  3.07   17.36    0.00   16.05    0.00   17.36   33.41  1.000
   0.744  0.325  7.24   20.66    0.00   16.40    0.00   20.65   37.05 1.025E+00

    5.7660   0.7444  50.0000   0.3254   3.0665  0.10249E+01  0.10249E+01  0.00000E+00  0.00000E+00  0.14046E+01  0.21169E+00  0.00000E+00  0.11929E+01  0.10000E+01
 e,ep,th,sigb,sigqe=    5.77    0.75   50.00  0.1005E+01  0.0000E+00
   5.766 50.000  3.11   16.69    0.00   15.60    0.00   16.69   32.29  1.000
   0.754  0.330  7.18   19.83    0.00   15.87    0.00   19.83   35.70 1.005E+00

    5.7660   0.7544  50.0000   0.3304   3.1077  0.10045E+01  0.10045E+01  0.00000E+00  0.00000E+00  0.13631E+01  0.19919E+00  0.00000E+00  0.11639E+01  0.10000E+01
 e,ep,th,sigb,sigqe=    5.77    0.76   50.00  0.9843E+00  0.0000E+00
   5.766 50.000  3.15   16.05    0.00   15.16    0.00   16.05   31.21  1.000
   0.764  0.335  7.12   19.04    0.00   15.35    0.00   19.04   34.39 9.843E-01

    5.7660   0.7644  50.0000   0.3355   3.1488  0.98435E+00  0.98435E+00  0.00000E+00  0.00000E+00  0.13229E+01  0.18743E+00  0.00000E+00  0.11355E+01  0.10000E+01
 e,ep,th,sigb,sigqe=    5.77    0.77   50.00  0.9643E+00  0.0000E+00
   5.766 50.000  3.19   15.43    0.00   14.73    0.00   15.43   30.17  1.000
   0.774  0.341  7.06   18.29    0.00   14.84    0.00   18.29   33.13 9.643E-01

    5.7660   0.7744  50.0000   0.3406   3.1900  0.96435E+00  0.96435E+00  0.00000E+00  0.00000E+00  0.12838E+01  0.17637E+00  0.00000E+00  0.11075E+01  0.10000E+01
 e,ep,th,sigb,sigqe=    5.77    0.78   50.00  0.9445E+00  0.0000E+00
   5.766 50.000  3.23   14.85    0.00   14.31    0.00   14.85   29.15  1.000
   0.784  0.346  7.00   17.57    0.00   14.34    0.00   17.57   31.91 9.445E-01

    5.7660   0.7844  50.0000   0.3457   3.2312  0.94454E+00  0.94454E+00  0.00000E+00  0.00000E+00  0.12459E+01  0.16597E+00  0.00000E+00  0.10800E+01  0.10000E+01
 e,ep,th,sigb,sigqe=    5.77    0.79   50.00  0.9249E+00  0.0000E+00
   5.766 50.000  3.27   14.28    0.00   13.89    0.00   14.28   28.17  1.000
   0.794  0.351  6.94   16.89    0.00   13.84    0.00   16.89   30.73 9.249E-01

    5.7660   0.7944  50.0000   0.3508   3.2724  0.92491E+00  0.92491E+00  0.00000E+00  0.00000E+00  0.12091E+01  0.15617E+00  0.00000E+00  0.10529E+01  0.10000E+01
 e,ep,th,sigb,sigqe=    5.77    0.80   50.00  0.9055E+00  0.0000E+00
   5.766 50.000  3.31   13.75    0.00   13.49    0.00   13.75   27.23  1.000
   0.804  0.356  6.88   16.23    0.00   13.36    0.00   16.23   29.59 9.055E-01

    5.7660   0.8044  50.0000   0.3559   3.3136  0.90546E+00  0.90546E+00  0.00000E+00  0.00000E+00  0.11734E+01  0.14696E+00  0.00000E+00  0.10265E+01  0.10000E+01
 e,ep,th,sigb,sigqe=    5.77    0.81   50.00  0.8862E+00  0.0000E+00
   5.766 50.000  3.35   13.23    0.00   13.08    0.00   13.23   26.31  1.000
   0.814  0.361  6.82   15.61    0.00   12.88    0.00   15.60   28.49 8.862E-01

    5.7660   0.8144  50.0000   0.3610   3.3548  0.88620E+00  0.88620E+00  0.00000E+00  0.00000E+00  0.11387E+01  0.13829E+00  0.00000E+00  0.10004E+01  0.10000E+01
 e,ep,th,sigb,sigqe=    5.77    0.82   50.00  0.8671E+00  0.0000E+00
   5.766 50.000  3.40   12.74    0.00   12.69    0.00   12.74   25.43  1.000
   0.824  0.366  6.76   15.01    0.00   12.42    0.00   15.01   27.42 8.671E-01

    5.7660   0.8244  50.0000   0.3662   3.3960  0.86713E+00  0.86713E+00  0.00000E+00  0.00000E+00  0.11049E+01  0.13013E+00  0.00000E+00  0.97481E+00  0.10000E+01
 e,ep,th,sigb,sigqe=    5.77    0.83   50.00  0.8482E+00  0.0000E+00
   5.766 50.000  3.44   12.27    0.00   12.30    0.00   12.27   24.57  1.000
   0.834  0.371  6.70   14.44    0.00   11.96    0.00   14.44   26.39 8.482E-01

    5.7660   0.8344  50.0000   0.3714   3.4372  0.84824E+00  0.84824E+00  0.00000E+00  0.00000E+00  0.10721E+01  0.12245E+00  0.00000E+00  0.94967E+00  0.10000E+01
 e,ep,th,sigb,sigqe=    5.77    0.84   50.00  0.8295E+00  0.0000E+00
   5.766 50.000  3.48   11.82    0.00   11.92    0.00   11.82   23.74  1.000
   0.844  0.377  6.64   13.89    0.00   11.51    0.00   13.89   25.40 8.295E-01

    5.7660   0.8444  50.0000   0.3766   3.4784  0.82955E+00  0.82955E+00  0.00000E+00  0.00000E+00  0.10402E+01  0.11522E+00  0.00000E+00  0.92499E+00  0.10000E+01
 e,ep,th,sigb,sigqe=    5.77    0.85   50.00  0.8110E+00  0.0000E+00
   5.766 50.000  3.52   11.39    0.00   11.54    0.00   11.39   22.93  1.000
   0.854  0.382  6.58   13.37    0.00   11.06    0.00   13.37   24.43 8.110E-01

    5.7660   0.8544  50.0000   0.3819   3.5196  0.81104E+00  0.81104E+00  0.00000E+00  0.00000E+00  0.10092E+01  0.10842E+00  0.00000E+00  0.90075E+00  0.10000E+01
 e,ep,th,sigb,sigqe=    5.77    0.86   50.00  0.7927E+00  0.0000E+00
   5.766 50.000  3.56   10.98    0.00   11.17    0.00   10.98   22.15  1.000
   0.864  0.387  6.52   12.87    0.00   10.62    0.00   12.87   23.49 7.927E-01

    5.7660   0.8644  50.0000   0.3871   3.5608  0.79272E+00  0.79272E+00  0.00000E+00  0.00000E+00  0.97895E+00  0.10202E+00  0.00000E+00  0.87694E+00  0.10000E+01
 e,ep,th,sigb,sigqe=    5.77    0.87   50.00  0.7746E+00  0.0000E+00
   5.766 50.000  3.60   10.59    0.00   10.81    0.00   10.59   21.40  1.000
   0.874  0.392  6.46   12.39    0.00   10.19    0.00   12.39   22.59 7.746E-01

    5.7660   0.8744  50.0000   0.3924   3.6020  0.77460E+00  0.77460E+00  0.00000E+00  0.00000E+00  0.94954E+00  0.95988E-01  0.00000E+00  0.85356E+00  0.10000E+01
 e,ep,th,sigb,sigqe=    5.77    0.88   50.00  0.7567E+00  0.0000E+00
   5.766 50.000  3.64   10.21    0.00   10.46    0.00   10.21   20.66  1.000
   0.884  0.398  6.40   11.94    0.00    9.77    0.00   11.94   21.71 7.567E-01

    5.7660   0.8844  50.0000   0.3977   3.6432  0.75667E+00  0.75667E+00  0.00000E+00  0.00000E+00  0.92092E+00  0.90315E-01  0.00000E+00  0.83061E+00  0.10000E+01
 e,ep,th,sigb,sigqe=    5.77    0.89   50.00  0.7389E+00  0.0000E+00
   5.766 50.000  3.68    9.85    0.00   10.10    0.00    9.85   19.95  1.000
   0.894  0.403  6.34   11.50    0.00    9.35    0.00   11.50   20.85 7.389E-01

    5.7660   0.8944  50.0000   0.4030   3.6844  0.73893E+00  0.73893E+00  0.00000E+00  0.00000E+00  0.89303E+00  0.84975E-01  0.00000E+00  0.80805E+00  0.10000E+01
 e,ep,th,sigb,sigqe=    5.77    0.90   50.00  0.7214E+00  0.0000E+00
   5.766 50.000  3.73    9.50    0.00    9.76    0.00    9.50   19.26  1.000
   0.904  0.408  6.28   11.08    0.00    8.95    0.00   11.08   20.03 7.214E-01

    5.7660   0.9044  50.0000   0.4084   3.7256  0.72139E+00  0.72139E+00  0.00000E+00  0.00000E+00  0.86587E+00  0.79949E-01  0.00000E+00  0.78593E+00  0.10000E+01
 e,ep,th,sigb,sigqe=    5.77    0.91   50.00  0.7040E+00  0.0000E+00
   5.766 50.000  3.77    9.17    0.00    9.42    0.00    9.17   18.59  1.000
   0.914  0.414  6.22   10.68    0.00    8.54    0.00   10.68   19.23 7.040E-01

    5.7660   0.9144  50.0000   0.4137   3.7668  0.70405E+00  0.70405E+00  0.00000E+00  0.00000E+00  0.83941E+00  0.75217E-01  0.00000E+00  0.76419E+00  0.10000E+01
 e,ep,th,sigb,sigqe=    5.77    0.92   50.00  0.6869E+00  0.0000E+00
   5.766 50.000  3.81    8.85    0.00    9.09    0.00    8.85   17.94  1.000
   0.924  0.419  6.16   10.30    0.00    8.15    0.00   10.30   18.45 6.869E-01

    5.7660   0.9244  50.0000   0.4191   3.8079  0.68690E+00  0.68690E+00  0.00000E+00  0.00000E+00  0.81363E+00  0.70763E-01  0.00000E+00  0.74287E+00  0.10000E+01
 e,ep,th,sigb,sigqe=    5.77    0.93   50.00  0.6700E+00  0.0000E+00
   5.766 50.000  3.85    8.55    0.00    8.76    0.00    8.55   17.31  1.000
   0.934  0.425  6.10    9.94    0.00    7.76    0.00    9.94   17.69 6.700E-01

    5.7660   0.9344  50.0000   0.4245   3.8491  0.66996E+00  0.66996E+00  0.00000E+00  0.00000E+00  0.78850E+00  0.66570E-01  0.00000E+00  0.72193E+00  0.10000E+01
 e,ep,th,sigb,sigqe=    5.77    0.94   50.00  0.6532E+00  0.0000E+00
   5.766 50.000  3.89    8.26    0.00    8.43    0.00    8.26   16.69  1.000
   0.944  0.430  6.04    9.59    0.00    7.37    0.00    9.59   16.96 6.532E-01

    5.7660   0.9444  50.0000   0.4300   3.8903  0.65322E+00  0.65322E+00  0.00000E+00  0.00000E+00  0.76401E+00  0.62623E-01  0.00000E+00  0.70139E+00  0.10000E+01
 e,ep,th,sigb,sigqe=    5.77    0.95   50.00  0.6367E+00  0.0000E+00
   5.766 50.000  3.93    7.98    0.00    8.12    0.00    7.98   16.10  1.000
   0.954  0.435  5.98    9.25    0.00    7.00    0.00    9.25   16.25 6.367E-01

    5.7660   0.9544  50.0000   0.4354   3.9315  0.63668E+00  0.63668E+00  0.00000E+00  0.00000E+00  0.74014E+00  0.58908E-01  0.00000E+00  0.68123E+00  0.10000E+01
 e,ep,th,sigb,sigqe=    5.77    0.96   50.00  0.6204E+00  0.0000E+00
   5.766 50.000  3.97    7.71    0.00    7.81    0.00    7.71   15.52  1.000
   0.964  0.441  5.92    8.93    0.00    6.63    0.00    8.93   15.56 6.204E-01

    5.7660   0.9644  50.0000   0.4409   3.9727  0.62035E+00  0.62035E+00  0.00000E+00  0.00000E+00  0.71687E+00  0.55411E-01  0.00000E+00  0.66146E+00  0.10000E+01
 e,ep,th,sigb,sigqe=    5.77    0.97   50.00  0.6042E+00  0.0000E+00
   5.766 50.000  4.01    7.46    0.00    7.49    0.00    7.45   14.95  1.000
   0.974  0.446  5.86    8.63    0.00    6.26    0.00    8.63   14.88 6.042E-01

    5.7660   0.9744  50.0000   0.4464   4.0139  0.60423E+00  0.60423E+00  0.00000E+00  0.00000E+00  0.69415E+00  0.52118E-01  0.00000E+00  0.64203E+00  0.10000E+01
 e,ep,th,sigb,sigqe=    5.77    0.98   50.00  0.5883E+00  0.0000E+00
   5.766 50.000  4.06    7.21    0.00    7.19    0.00    7.21   14.40  1.000
   0.984  0.452  5.80    8.33    0.00    5.89    0.00    8.33   14.23 5.883E-01

    5.7660   0.9844  50.0000   0.4519   4.0551  0.58831E+00  0.58831E+00  0.00000E+00  0.00000E+00  0.67201E+00  0.49019E-01  0.00000E+00  0.62299E+00  0.10000E+01
 e,ep,th,sigb,sigqe=    5.77    0.99   50.00  0.5726E+00  0.0000E+00
   5.766 50.000  4.10    6.97    0.00    6.91    0.00    6.97   13.88  1.000
   0.994  0.457  5.74    8.05    0.00    5.56    0.00    8.05   13.61 5.726E-01

    5.7660   0.9944  50.0000   0.4575   4.0963  0.57260E+00  0.57260E+00  0.00000E+00  0.00000E+00  0.65053E+00  0.46102E-01  0.00000E+00  0.60443E+00  0.10000E+01
 e,ep,th,sigb,sigqe=    5.77    1.00   50.00  0.5571E+00  0.0000E+00
   5.766 50.000  4.14    6.75    0.00    6.60    0.00    6.75   13.35  1.000
   1.004  0.463  5.68    7.78    0.00    5.20    0.00    7.78   12.98 5.571E-01

    5.7660   1.0044  50.0000   0.4630   4.1375  0.55711E+00  0.55711E+00  0.00000E+00  0.00000E+00  0.62943E+00  0.43356E-01  0.00000E+00  0.58607E+00  0.10000E+01
 e,ep,th,sigb,sigqe=    5.77    1.01   50.00  0.5418E+00  0.0000E+00
   5.766 50.000  4.18    6.53    0.00    6.31    0.00    6.53   12.84  1.000
   1.014  0.469  5.62    7.53    0.00    4.84    0.00    7.52   12.37 5.418E-01

    5.7660   1.0144  50.0000   0.4686   4.1787  0.54183E+00  0.54183E+00  0.00000E+00  0.00000E+00  0.60885E+00  0.40772E-01  0.00000E+00  0.56808E+00  0.10000E+01
 e,ep,th,sigb,sigqe=    5.77    1.02   50.00  0.5268E+00  0.0000E+00
   5.766 50.000  4.22    6.33    0.00    6.02    0.00    6.33   12.35  1.000
   1.024  0.474  5.56    7.28    0.00    4.51    0.00    7.28   11.79 5.268E-01

    5.7660   1.0244  50.0000   0.4743   4.2199  0.52676E+00  0.52676E+00  0.00000E+00  0.00000E+00  0.58884E+00  0.38339E-01  0.00000E+00  0.55050E+00  0.10000E+01
 e,ep,th,sigb,sigqe=    5.77    1.03   50.00  0.5119E+00  0.0000E+00
   5.766 50.000  4.26    6.13    0.00    5.75    0.00    6.13   11.88  1.000
   1.034  0.480  5.50    7.04    0.00    4.18    0.00    7.04   11.22 5.119E-01

    5.7660   1.0344  50.0000   0.4799   4.2611  0.51191E+00  0.51191E+00  0.00000E+00  0.00000E+00  0.56937E+00  0.36050E-01  0.00000E+00  0.53332E+00  0.10000E+01
 e,ep,th,sigb,sigqe=    5.77    1.04   50.00  0.4973E+00  0.0000E+00
   5.766 50.000  4.30    5.94    0.00    5.47    0.00    5.94   11.41  1.000
   1.044  0.486  5.44    6.82    0.00    3.85    0.00    6.82   10.67 4.973E-01

    5.7660   1.0444  50.0000   0.4856   4.3023  0.49728E+00  0.49728E+00  0.00000E+00  0.00000E+00  0.55034E+00  0.33895E-01  0.00000E+00  0.51644E+00  0.10000E+01
 e,ep,th,sigb,sigqe=    5.77    1.05   50.00  0.4829E+00  0.0000E+00
   5.766 50.000  4.34    5.75    0.00    5.20    0.00    5.75   10.95  1.000
   1.054  0.491  5.38    6.60    0.00    3.53    0.00    6.60   10.13 4.829E-01

    5.7660   1.0544  50.0000   0.4913   4.3435  0.48287E+00  0.48287E+00  0.00000E+00  0.00000E+00  0.53178E+00  0.31867E-01  0.00000E+00  0.49992E+00  0.10000E+01
 e,ep,th,sigb,sigqe=    5.77    1.06   50.00  0.4687E+00  0.0000E+00
   5.766 50.000  4.38    5.58    0.00    4.94    0.00    5.58   10.51  1.000
   1.064  0.497  5.32    6.39    0.00    3.21    0.00    6.39    9.60 4.687E-01

    5.7660   1.0644  50.0000   0.4970   4.3847  0.46869E+00  0.46869E+00  0.00000E+00  0.00000E+00  0.51370E+00  0.29959E-01  0.00000E+00  0.48374E+00  0.10000E+01
 e,ep,th,sigb,sigqe=    5.77    1.07   50.00  0.4547E+00  0.0000E+00
   5.766 50.000  4.43    5.41    0.00    4.67    0.00    5.41   10.08  1.000
   1.074  0.503  5.26    6.19    0.00    2.89    0.00    6.19    9.09 4.547E-01

    5.7660   1.0744  50.0000   0.5027   4.4259  0.45473E+00  0.45473E+00  0.00000E+00  0.00000E+00  0.49605E+00  0.28163E-01  0.00000E+00  0.46789E+00  0.10000E+01
 e,ep,th,sigb,sigqe=    5.77    1.08   50.00  0.4410E+00  0.0000E+00
   5.766 50.000  4.47    5.25    0.00    4.41    0.00    5.25    9.66  1.000
   1.084  0.508  5.20    6.00    0.00    2.58    0.00    6.00    8.59 4.410E-01

    5.7660   1.0844  50.0000   0.5085   4.4670  0.44100E+00  0.44100E+00  0.00000E+00  0.00000E+00  0.47886E+00  0.26474E-01  0.00000E+00  0.45238E+00  0.10000E+01
 e,ep,th,sigb,sigqe=    5.77    1.09   50.00  0.4275E+00  0.0000E+00
   5.766 50.000  4.51    5.10    0.00    4.15    0.00    5.10    9.24  1.000
   1.094  0.514  5.14    5.82    0.00    2.27    0.00    5.82    8.10 4.275E-01

    5.7660   1.0944  50.0000   0.5143   4.5082  0.42749E+00  0.42749E+00  0.00000E+00  0.00000E+00  0.46210E+00  0.24884E-01  0.00000E+00  0.43722E+00  0.10000E+01
 e,ep,th,sigb,sigqe=    5.77    1.10   50.00  0.4142E+00  0.0000E+00
   5.766 50.000  4.55    4.95    0.00    3.89    0.00    4.95    8.84  1.000
   1.104  0.520  5.08    5.65    0.00    1.97    0.00    5.65    7.62 4.142E-01

    5.7660   1.1044  50.0000   0.5201   4.5494  0.41422E+00  0.41422E+00  0.00000E+00  0.00000E+00  0.44577E+00  0.23388E-01  0.00000E+00  0.42239E+00  0.10000E+01
 e,ep,th,sigb,sigqe=    5.77    1.11   50.00  0.4012E+00  0.0000E+00
   5.766 50.000  4.59    4.81    0.00    3.64    0.00    4.81    8.45  1.000
   1.114  0.526  5.02    5.48    0.00    1.67    0.00    5.48    7.15 4.012E-01

    5.7660   1.1144  50.0000   0.5259   4.5906  0.40118E+00  0.40118E+00  0.00000E+00  0.00000E+00  0.42987E+00  0.21981E-01  0.00000E+00  0.40789E+00  0.10000E+01
 e,ep,th,sigb,sigqe=    5.77    1.12   50.00  0.3884E+00  0.0000E+00
   5.766 50.000  4.63    4.67    0.00    3.40    0.00    4.67    8.07  1.000
   1.124  0.532  4.96    5.32    0.00    1.38    0.00    5.32    6.70 3.884E-01

    5.7660   1.1244  50.0000   0.5318   4.6318  0.38838E+00  0.38838E+00  0.00000E+00  0.00000E+00  0.41441E+00  0.20658E-01  0.00000E+00  0.39375E+00  0.10000E+01
 e,ep,th,sigb,sigqe=    5.77    1.13   50.00  0.3758E+00  0.0000E+00
   5.766 50.000  4.67    4.54    0.00    3.15    0.00    4.54    7.69  1.000
   1.134  0.538  4.90    5.17    0.00    1.08    0.00    5.17    6.25 3.758E-01

    5.7660   1.1344  50.0000   0.5377   4.6730  0.37582E+00  0.37582E+00  0.00000E+00  0.00000E+00  0.39929E+00  0.19413E-01  0.00000E+00  0.37988E+00  0.10000E+01
 e,ep,th,sigb,sigqe=    5.77    1.14   50.00  0.3635E+00  0.0000E+00
   5.766 50.000  4.71    4.41    0.00    2.90    0.00    4.41    7.32  1.000
   1.144  0.544  4.84    5.02    0.00    0.79    0.00    5.02    5.81 3.635E-01

    5.7660   1.1444  50.0000   0.5436   4.7142  0.36350E+00  0.36350E+00  0.00000E+00  0.00000E+00  0.38461E+00  0.18241E-01  0.00000E+00  0.36637E+00  0.10000E+01
 e,ep,th,sigb,sigqe=    5.77    1.15   50.00  0.3514E+00  0.0000E+00
   5.766 50.000  4.76    4.29    0.00    2.66    0.00    4.29    6.96  1.000
   1.154  0.550  4.78    4.88    0.00    0.50    0.00    4.88    5.38 3.514E-01

    5.7660   1.1544  50.0000   0.5495   4.7554  0.35143E+00  0.35143E+00  0.00000E+00  0.00000E+00  0.37033E+00  0.17140E-01  0.00000E+00  0.35319E+00  0.10000E+01
 e,ep,th,sigb,sigqe=    5.77    1.16   50.00  0.3396E+00  0.0000E+00
   5.766 50.000  4.80    4.18    0.00    2.42    0.00    4.18    6.60  1.000
   1.164  0.555  4.72    4.74    0.00    0.22    0.00    4.74    4.96 3.396E-01

    5.7660   1.1644  50.0000   0.5555   4.7966  0.33960E+00  0.33960E+00  0.00000E+00  0.00000E+00  0.35644E+00  0.16104E-01  0.00000E+00  0.34033E+00  0.10000E+01
 e,ep,th,sigb,sigqe=    5.77    1.17   50.00  0.3280E+00  0.0000E+00
   5.766 50.000  4.84    4.07    0.00    2.20    0.00    4.07    6.27  1.000
   1.174  0.561  4.66    4.61    0.00   -0.05    0.00    4.61    4.56 3.280E-01

    5.7660   1.1744  50.0000   0.5615   4.8378  0.32803E+00  0.32803E+00  0.00000E+00  0.00000E+00  0.34300E+00  0.15130E-01  0.00000E+00  0.32787E+00  0.10000E+01
 e,ep,th,sigb,sigqe=    5.77    1.18   50.00  0.3167E+00  0.0000E+00
   5.766 50.000  4.88    3.96    0.00    1.93    0.00    3.96    5.89  1.000
   1.184  0.567  4.60    4.49    0.00   -0.37    0.00    4.49    4.12 3.167E-01

    5.7660   1.1844  50.0000   0.5675   4.8790  0.31670E+00  0.31670E+00  0.00000E+00  0.00000E+00  0.32975E+00  0.14214E-01  0.00000E+00  0.31553E+00  0.10000E+01
 e,ep,th,sigb,sigqe=    5.77    1.19   50.00  0.3056E+00  0.0000E+00
   5.766 50.000  4.92    3.86    0.00    1.71    0.00    3.86    5.57  1.000
   1.194  0.574  4.54    4.37    0.00   -0.63    0.00    4.37    3.74 3.056E-01

    5.7660   1.1944  50.0000   0.5735   4.9202  0.30564E+00  0.30564E+00  0.00000E+00  0.00000E+00  0.31706E+00  0.13354E-01  0.00000E+00  0.30371E+00  0.10000E+01
 e,ep,th,sigb,sigqe=    5.77    1.20   50.00  0.2948E+00  0.0000E+00
   5.766 50.000  4.96    3.76    0.00    1.48    0.00    3.76    5.24  1.000
   1.204  0.580  4.48    4.26    0.00   -0.91    0.00    4.25    3.35 2.948E-01

    5.7660   1.2044  50.0000   0.5796   4.9614  0.29483E+00  0.29483E+00  0.00000E+00  0.00000E+00  0.30470E+00  0.12545E-01  0.00000E+00  0.29215E+00  0.10000E+01
 e,ep,th,sigb,sigqe=    5.77    1.21   50.00  0.2843E+00  0.0000E+00
   5.766 50.000  5.00    3.67    0.00    1.24    0.00    3.67    4.91  1.000
   1.214  0.586  4.42    4.15    0.00   -1.20    0.00    4.15    2.95 2.843E-01

    5.7660   1.2144  50.0000   0.5857   5.0026  0.28429E+00  0.28429E+00  0.00000E+00  0.00000E+00  0.29267E+00  0.11784E-01  0.00000E+00  0.28089E+00  0.10000E+01
 e,ep,th,sigb,sigqe=    5.77    1.22   50.00  0.2740E+00  0.0000E+00
   5.766 50.000  5.04    3.58    0.00    1.01    0.00    3.58    4.58  1.000
   1.224  0.592  4.36    4.04    0.00   -1.48    0.00    4.04    2.56 2.740E-01

    5.7660   1.2244  50.0000   0.5918   5.0438  0.27400E+00  0.27400E+00  0.00000E+00  0.00000E+00  0.28102E+00  0.11070E-01  0.00000E+00  0.26995E+00  0.10000E+01
 e,ep,th,sigb,sigqe=    5.77    1.23   50.00  0.2640E+00  0.0000E+00
   5.766 50.000  5.08    3.49    0.00    0.77    0.00    3.49    4.26  1.000
   1.234  0.598  4.30    3.94    0.00   -1.76    0.00    3.94    2.17 2.640E-01

    5.7660   1.2344  50.0000   0.5980   5.0850  0.26399E+00  0.26399E+00  0.00000E+00  0.00000E+00  0.26973E+00  0.10399E-01  0.00000E+00  0.25933E+00  0.10000E+01
 e,ep,th,sigb,sigqe=    5.77    1.24   50.00  0.2542E+00  0.0000E+00
   5.766 50.000  5.13    3.40    0.00    0.52    0.00    3.40    3.92  1.000
   1.244  0.604  4.24    3.84    0.00   -2.05    0.00    3.84    1.78 2.542E-01

    5.7660   1.2444  50.0000   0.6041   5.1261  0.25423E+00  0.25423E+00  0.00000E+00  0.00000E+00  0.25876E+00  0.97512E-02  0.00000E+00  0.24901E+00  0.10000E+01
 e,ep,th,sigb,sigqe=    5.77    1.25   50.00  0.2447E+00  0.0000E+00
   5.766 50.000  5.17    3.32    0.00    0.28    0.00    3.32    3.60  1.000
   1.254  0.610  4.18    3.74    0.00   -2.35    0.00    3.74    1.39 2.447E-01

    5.7660   1.2544  50.0000   0.6103   5.1673  0.24474E+00  0.24474E+00  0.00000E+00  0.00000E+00  0.24815E+00  0.91585E-02  0.00000E+00  0.23899E+00  0.10000E+01
 e,ep,th,sigb,sigqe=    5.77    1.26   50.00  0.2355E+00  0.0000E+00
   5.766 50.000  5.21    3.24    0.00    0.03    0.00    3.24    3.27  1.000
   1.264  0.617  4.12    3.65    0.00   -2.64    0.00    3.65    1.01 2.355E-01

    5.7660   1.2644  50.0000   0.6166   5.2085  0.23549E+00  0.23549E+00  0.00000E+00  0.00000E+00  0.23787E+00  0.86018E-02  0.00000E+00  0.22927E+00  0.10000E+01
 e,ep,th,sigb,sigqe=    5.77    1.27   50.00  0.2265E+00  0.0000E+00
   5.766 50.000  5.25    3.17    0.00   -0.22    0.00    3.17    2.94  1.000
   1.274  0.623  4.06    3.57    0.00   -2.95    0.00    3.57    0.62 2.265E-01

    5.7660   1.2744  50.0000   0.6228   5.2497  0.22649E+00  0.22649E+00  0.00000E+00  0.00000E+00  0.22789E+00  0.80792E-02  0.00000E+00  0.21982E+00  0.10000E+01
 e,ep,th,sigb,sigqe=    5.77    1.28   50.00  0.2177E+00  0.0000E+00
   5.766 50.000  5.29    3.09    0.00   -0.48    0.00    3.09    2.61  1.000
   1.284  0.629  4.00    3.48    0.00   -3.26    0.00    3.48    0.23 2.177E-01

    5.7660   1.2844  50.0000   0.6291   5.2909  0.21772E+00  0.21772E+00  0.00000E+00  0.00000E+00  0.21821E+00  0.75799E-02  0.00000E+00  0.21063E+00  0.10000E+01
 e,ep,th,sigb,sigqe=    5.77    1.29   50.00  0.2092E+00  0.0000E+00
   5.766 50.000  5.33    3.03    0.00   -0.74    0.00    3.03    2.28  1.000
   1.294  0.635  3.94    3.40    0.00   -3.57    0.00    3.40   -0.16 2.092E-01

    5.7660   1.2944  50.0000   0.6354   5.3321  0.20916E+00  0.20916E+00  0.00000E+00  0.00000E+00  0.20882E+00  0.71191E-02  0.00000E+00  0.20170E+00  0.10000E+01
 e,ep,th,sigb,sigqe=    5.77    1.30   50.00  0.2008E+00  0.0000E+00
   5.766 50.000  5.37    2.96    0.00   -1.00    0.00    2.96    1.96  1.000
   1.304  0.642  3.88    3.33    0.00   -3.88    0.00    3.33   -0.55 2.008E-01

    5.7660   1.3044  50.0000   0.6418   5.3733  0.20078E+00  0.20078E+00  0.00000E+00  0.00000E+00  0.19968E+00  0.66867E-02  0.00000E+00  0.19299E+00  0.10000E+01
 e,ep,th,sigb,sigqe=    5.77    1.31   50.00  0.1926E+00  0.0000E+00
   5.766 50.000  5.41    2.90    0.00   -1.26    0.00    2.90    1.64  1.000
   1.314  0.648  3.82    3.26    0.00   -4.19    0.00    3.26   -0.93 1.926E-01

    5.7660   1.3144  50.0000   0.6482   5.4145  0.19255E+00  0.19255E+00  0.00000E+00  0.00000E+00  0.19076E+00  0.62810E-02  0.00000E+00  0.18448E+00  0.10000E+01
 e,ep,th,sigb,sigqe=    5.77    1.32   50.00  0.1845E+00  0.0000E+00
   5.766 50.000  5.46    2.85    0.00   -1.52    0.00    2.85    1.32  1.000
   1.324  0.655  3.76    3.20    0.00   -4.50    0.00    3.20   -1.30 1.845E-01

    5.7660   1.3244  50.0000   0.6546   5.4557  0.18446E+00  0.18446E+00  0.00000E+00  0.00000E+00  0.18205E+00  0.58966E-02  0.00000E+00  0.17616E+00  0.10000E+01
 e,ep,th,sigb,sigqe=    5.77    1.33   50.00  0.1765E+00  0.0000E+00
   5.766 50.000  5.50    2.80    0.00   -1.77    0.00    2.80    1.03  1.000
   1.334  0.661  3.70    3.14    0.00   -4.79    0.00    3.14   -1.65 1.765E-01

    5.7660   1.3344  50.0000   0.6610   5.4969  0.17646E+00  0.17646E+00  0.00000E+00  0.00000E+00  0.17354E+00  0.55396E-02  0.00000E+00  0.16800E+00  0.10000E+01
 e,ep,th,sigb,sigqe=    5.77    1.34   50.00  0.1685E+00  0.0000E+00
   5.766 50.000  5.54    2.75    0.00   -2.00    0.00    2.75    0.75  1.000
   1.344  0.667  3.64    3.09    0.00   -5.07    0.00    3.09   -1.99 1.685E-01

    5.7660   1.3444  50.0000   0.6674   5.5381  0.16855E+00  0.16855E+00  0.00000E+00  0.00000E+00  0.16520E+00  0.52053E-02  0.00000E+00  0.16000E+00  0.10000E+01
 e,ep,th,sigb,sigqe=    5.77    1.35   50.00  0.1607E+00  0.0000E+00
   5.766 50.000  5.58    2.71    0.00   -2.22    0.00    2.71    0.50  1.000
   1.354  0.674  3.58    3.04    0.00   -5.33    0.00    3.04   -2.29 1.607E-01

    5.7660   1.3544  50.0000   0.6739   5.5793  0.16072E+00  0.16072E+00  0.00000E+00  0.00000E+00  0.15705E+00  0.48911E-02  0.00000E+00  0.15216E+00  0.10000E+01
 e,ep,th,sigb,sigqe=    5.77    1.36   50.00  0.1530E+00  0.0000E+00
   5.766 50.000  5.62    2.68    0.00   -2.41    0.00    2.68    0.27  1.000
   1.364  0.680  3.52    3.01    0.00   -5.57    0.00    3.00   -2.56 1.530E-01

    5.7660   1.3644  50.0000   0.6805   5.6205  0.15299E+00  0.15299E+00  0.00000E+00  0.00000E+00  0.14907E+00  0.45972E-02  0.00000E+00  0.14448E+00  0.10000E+01
 e,ep,th,sigb,sigqe=    5.77    1.37   50.00  0.1454E+00  0.0000E+00
   5.766 50.000  5.66    2.65    0.00   -2.58    0.00    2.65    0.07  1.000
   1.374  0.687  3.46    2.97    0.00   -5.77    0.00    2.97   -2.79 1.454E-01

    5.7660   1.3744  50.0000   0.6870   5.6617  0.14541E+00  0.14541E+00  0.00000E+00  0.00000E+00  0.14134E+00  0.43218E-02  0.00000E+00  0.13702E+00  0.10000E+01
 e,ep,th,sigb,sigqe=    5.77    1.38   50.00  0.1380E+00  0.0000E+00
   5.766 50.000  5.70    2.63    0.00   -2.74    0.00    2.63   -0.11  1.000
   1.384  0.694  3.40    2.94    0.00   -5.95    0.00    2.94   -3.01 1.380E-01

    5.7660   1.3844  50.0000   0.6936   5.7029  0.13801E+00  0.13801E+00  0.00000E+00  0.00000E+00  0.13386E+00  0.40628E-02  0.00000E+00  0.12980E+00  0.10000E+01
 e,ep,th,sigb,sigqe=    5.77    1.39   50.00  0.1309E+00  0.0000E+00
   5.766 50.000  5.74    2.60    0.00   -2.86    0.00    2.60   -0.25  1.000
   1.394  0.700  3.34    2.92    0.00   -6.10    0.00    2.92   -3.18 1.309E-01

    5.7660   1.3944  50.0000   0.7002   5.7441  0.13089E+00  0.13089E+00  0.00000E+00  0.00000E+00  0.12673E+00  0.38215E-02  0.00000E+00  0.12291E+00  0.10000E+01
 e,ep,th,sigb,sigqe=    5.77    1.40   50.00  0.1242E+00  0.0000E+00
   5.766 50.000  5.79    2.58    0.00   -2.98    0.00    2.58   -0.40  1.000
   1.404  0.707  3.28    2.90    0.00   -6.25    0.00    2.90   -3.35 1.242E-01

    5.7660   1.4044  50.0000   0.7068   5.7852  0.12415E+00  0.12415E+00  0.00000E+00  0.00000E+00  0.11999E+00  0.35956E-02  0.00000E+00  0.11639E+00  0.10000E+01
 e,ep,th,sigb,sigqe=    5.77    1.41   50.00  0.1179E+00  0.0000E+00
   5.766 50.000  5.83    2.56    0.00   -3.12    0.00    2.56   -0.56  1.000
   1.414  0.713  3.22    2.87    0.00   -6.42    0.00    2.87   -3.55 1.179E-01

    5.7660   1.4144  50.0000   0.7135   5.8264  0.11792E+00  0.11792E+00  0.00000E+00  0.00000E+00  0.11373E+00  0.33844E-02  0.00000E+00  0.11035E+00  0.10000E+01
 e,ep,th,sigb,sigqe=    5.77    1.42   50.00  0.1124E+00  0.0000E+00
   5.766 50.000  5.87    2.53    0.00   -3.33    0.00    2.53   -0.80  1.000
   1.424  0.720  3.16    2.84    0.00   -6.67    0.00    2.84   -3.83 1.124E-01

    5.7660   1.4244  50.0000   0.7202   5.8676  0.11239E+00  0.11239E+00  0.00000E+00  0.00000E+00  0.10808E+00  0.31870E-02  0.00000E+00  0.10489E+00  0.10000E+01
 e,ep,th,sigb,sigqe=    5.77    1.43   50.00  0.1078E+00  0.0000E+00
   5.766 50.000  5.91    2.48    0.00   -3.68    0.00    2.48   -1.19  1.000
   1.434  0.727  3.10    2.79    0.00   -7.08    0.00    2.78   -4.29 1.078E-01

    5.7660   1.4344  50.0000   0.7269   5.9088  0.10782E+00  0.10782E+00  0.00000E+00  0.00000E+00  0.10319E+00  0.30026E-02  0.00000E+00  0.10019E+00  0.10000E+01
 e,ep,th,sigb,sigqe=    5.77    1.44   50.00  0.1046E+00  0.0000E+00
   5.766 50.000  5.95    2.41    0.00   -4.30    0.00    2.41   -1.89  1.000
   1.444  0.734  3.04    2.71    0.00   -7.82    0.00    2.71   -5.11 1.046E-01

    5.7660   1.4444  50.0000   0.7337   5.9500  0.10457E+00  0.10457E+00  0.00000E+00  0.00000E+00  0.99224E-01  0.28304E-02  0.00000E+00  0.96394E-01  0.10000E+01
 e,ep,th,sigb,sigqe=    5.77    1.45   50.00  0.1028E+00  0.0000E+00
   5.766 50.000  5.99    2.32    0.00   -5.33    0.00    2.31   -3.02  1.000
   1.454  0.740  2.98    2.60    0.00   -9.04    0.00    2.60   -6.44 1.028E-01

    5.7660   1.4544  50.0000   0.7405   5.9912  0.10282E+00  0.10282E+00  0.00000E+00  0.00000E+00  0.96200E-01  0.26697E-02  0.00000E+00  0.93530E-01  0.10000E+01
 e,ep,th,sigb,sigqe=    5.77    1.46   50.00  0.1015E+00  0.0000E+00
   5.766 50.000  6.03    2.20    0.00   -6.60    0.00    2.20   -4.40  1.000
   1.464  0.747  2.92    2.47    0.00  -10.53    0.00    2.47   -8.06 1.015E-01

    5.7660   1.4644  50.0000   0.7473   6.0324  0.10145E+00  0.10145E+00  0.00000E+00  0.00000E+00  0.93274E-01  0.25044E-02  0.00000E+00  0.90769E-01  0.10000E+01
 e,ep,th,sigb,sigqe=    5.77    1.47   50.00  0.9693E-01  0.0000E+00
   5.766 50.000  6.07    2.19    0.00   -7.41    0.00    2.19   -5.22  1.000
   1.474  0.754  2.86    2.46    0.00  -11.50    0.00    2.46   -9.04 9.693E-02

    5.7660   1.4744  50.0000   0.7542   6.0736  0.96927E-01  0.96927E-01  0.00000E+00  0.00000E+00  0.88164E-01  0.23808E-02  0.00000E+00  0.85783E-01  0.10000E+01
 e,ep,th,sigb,sigqe=    5.77    1.48   50.00  0.8766E-01  0.0000E+00
   5.766 50.000  6.11    2.29    0.00   -7.35    0.00    2.29   -5.06  1.000
   1.484  0.761  2.80    2.57    0.00  -11.43    0.00    2.57   -8.86 8.766E-02

    5.7660   1.4844  50.0000   0.7611   6.1148  0.87660E-01  0.87660E-01  0.00000E+00  0.00000E+00  0.79894E-01  0.22510E-02  0.00000E+00  0.77643E-01  0.10000E+01
 e,ep,th,sigb,sigqe=    5.77    1.49   50.00  0.7742E-01  0.0000E+00
   5.766 50.000  6.16    2.45    0.00   -6.79    0.00    2.45   -4.34  1.000
   1.494  0.768  2.74    2.75    0.00  -10.78    0.00    2.75   -8.02 7.742E-02

    5.7660   1.4944  50.0000   0.7680   6.1560  0.77416E-01  0.77416E-01  0.00000E+00  0.00000E+00  0.71205E-01  0.21303E-02  0.00000E+00  0.69074E-01  0.10000E+01
 e,ep,th,sigb,sigqe=    5.77    1.50   50.00  0.6895E-01  0.0000E+00
   5.766 50.000  6.20    2.60    0.00   -6.23    0.00    2.60   -3.63  1.000
   1.504  0.775  2.68    2.93    0.00  -10.12    0.00    2.93   -7.19 6.895E-02

    5.7660   1.5044  50.0000   0.7749   6.1972  0.68955E-01  0.68955E-01  0.00000E+00  0.00000E+00  0.63997E-01  0.20183E-02  0.00000E+00  0.61979E-01  0.10000E+01
 e,ep,th,sigb,sigqe=    5.77    1.51   50.00  0.6246E-01  0.0000E+00
   5.766 50.000  6.24    2.72    0.00   -5.83    0.00    2.72   -3.10  1.000
   1.514  0.782  2.62    3.07    0.00   -9.64    0.00    3.06   -6.57 6.246E-02

    5.7660   1.5144  50.0000   0.7819   6.2384  0.62462E-01  0.62462E-01  0.00000E+00  0.00000E+00  0.58358E-01  0.19144E-02  0.00000E+00  0.56443E-01  0.10000E+01
 e,ep,th,sigb,sigqe=    5.77    1.52   50.00  0.5753E-01  0.0000E+00
   5.766 50.000  6.28    2.81    0.00   -5.60    0.00    2.81   -2.79  1.000
   1.524  0.789  2.56    3.16    0.00   -9.37    0.00    3.16   -6.21 5.753E-02

    5.7660   1.5244  50.0000   0.7889   6.2796  0.57532E-01  0.57532E-01  0.00000E+00  0.00000E+00  0.53961E-01  0.18184E-02  0.00000E+00  0.52142E-01  0.10000E+01
 e,ep,th,sigb,sigqe=    5.77    1.53   50.00  0.5395E-01  0.0000E+00
   5.766 50.000  6.32    2.84    0.00   -5.61    0.00    2.84   -2.76  1.000
   1.534  0.796  2.50    3.21    0.00   -9.38    0.00    3.21   -6.17 5.395E-02

    5.7660   1.5344  50.0000   0.7960   6.3208  0.53950E-01  0.53950E-01  0.00000E+00  0.00000E+00  0.50619E-01  0.17297E-02  0.00000E+00  0.48890E-01  0.10000E+01
 e,ep,th,sigb,sigqe=    5.77    1.54   50.00  0.5184E-01  0.0000E+00
   5.766 50.000  6.36    2.82    0.00   -6.05    0.00    2.82   -3.23  1.000
   1.544  0.803  2.44    3.18    0.00   -9.90    0.00    3.18   -6.72 5.184E-02

    5.7660   1.5444  50.0000   0.8031   6.3620  0.51836E-01  0.51836E-01  0.00000E+00  0.00000E+00  0.48354E-01  0.16480E-02  0.00000E+00  0.46706E-01  0.10000E+01
 e,ep,th,sigb,sigqe=    5.77    1.55   50.00  0.5166E-01  0.0000E+00
   5.766 50.000  6.40    2.70    0.00   -7.28    0.00    2.70   -4.59  1.000
   1.554  0.810  2.38    3.05    0.00  -11.35    0.00    3.05   -8.31 5.166E-02

    5.7660   1.5544  50.0000   0.8102   6.4032  0.51655E-01  0.51655E-01  0.00000E+00  0.00000E+00  0.47364E-01  0.15730E-02  0.00000E+00  0.45791E-01  0.10000E+01
 e,ep,th,sigb,sigqe=    5.77    1.56   50.00  0.5361E-01  0.0000E+00
   5.766 50.000  6.44    2.48    0.00   -9.49    0.00    2.48   -7.01  1.000
   1.564  0.817  2.32    2.81    0.00  -13.97    0.00    2.81  -11.16 5.361E-02

    5.7660   1.5644  50.0000   0.8173   6.4443  0.53611E-01  0.53611E-01  0.00000E+00  0.00000E+00  0.47627E-01  0.15045E-02  0.00000E+00  0.46123E-01  0.10000E+01
 e,ep,th,sigb,sigqe=    5.77    1.57   50.00  0.5425E-01  0.0000E+00
   5.766 50.000  6.49    2.35    0.00  -11.49    0.00    2.35   -9.14  1.000
   1.574  0.825  2.26    2.66    0.00  -16.35    0.00    2.66  -13.69 5.425E-02

    5.7660   1.5744  50.0000   0.8245   6.4855  0.54250E-01  0.54250E-01  0.00000E+00  0.00000E+00  0.46824E-01  0.14421E-02  0.00000E+00  0.45382E-01  0.10000E+01
 e,ep,th,sigb,sigqe=    5.77    1.58   50.00  0.4773E-01  0.0000E+00
   5.766 50.000  6.53    2.56    0.00  -11.79    0.00    2.56   -9.23  1.000
   1.584  0.832  2.20    2.90    0.00  -16.70    0.00    2.90  -13.80 4.773E-02

    5.7660   1.5844  50.0000   0.8317   6.5267  0.47730E-01  0.47730E-01  0.00000E+00  0.00000E+00  0.41143E-01  0.13857E-02  0.00000E+00  0.39757E-01  0.10000E+01
 e,ep,th,sigb,sigqe=    5.77    1.59   50.00  0.3904E-01  0.0000E+00
   5.766 50.000  6.57    3.01    0.00  -11.13    0.00    3.01   -8.12  1.000
   1.594  0.839  2.14    3.42    0.00  -15.93    0.00    3.42  -12.51 3.904E-02

    5.7660   1.5944  50.0000   0.8390   6.5679  0.39043E-01  0.39043E-01  0.00000E+00  0.00000E+00  0.34160E-01  0.13352E-02  0.00000E+00  0.32825E-01  0.10000E+01
 e,ep,th,sigb,sigqe=    5.77    1.60   50.00  0.3291E-01  0.0000E+00
   5.766 50.000  6.61    3.44    0.00  -10.67    0.00    3.44   -7.22  1.000
   1.604  0.846  2.08    3.92    0.00  -15.39    0.00    3.92  -11.47 3.291E-02

    5.7660   1.6044  50.0000   0.8463   6.6091  0.32907E-01  0.32907E-01  0.00000E+00  0.00000E+00  0.29133E-01  0.12903E-02  0.00000E+00  0.27843E-01  0.10000E+01
 e,ep,th,sigb,sigqe=    5.77    1.61   50.00  0.2886E-01  0.0000E+00
   5.766 50.000  6.65    3.80    0.00  -10.66    0.00    3.80   -6.86  1.000
   1.614  0.854  2.02    4.33    0.00  -15.38    0.00    4.33  -11.05 2.886E-02

    5.7660   1.6144  50.0000   0.8536   6.6503  0.28865E-01  0.28865E-01  0.00000E+00  0.00000E+00  0.25675E-01  0.12511E-02  0.00000E+00  0.24424E-01  0.10000E+01
 e,ep,th,sigb,sigqe=    5.77    1.62   50.00  0.2592E-01  0.0000E+00
   5.766 50.000  6.69    4.11    0.00  -11.00    0.00    4.11   -6.89  1.000
   1.624  0.861  1.96    4.70    0.00  -15.78    0.00    4.70  -11.09 2.592E-02

    5.7660   1.6244  50.0000   0.8610   6.6915  0.25915E-01  0.25915E-01  0.00000E+00  0.00000E+00  0.23042E-01  0.12175E-02  0.00000E+00  0.21825E-01  0.10000E+01
 e,ep,th,sigb,sigqe=    5.77    1.63   50.00  0.2343E-01  0.0000E+00
   5.766 50.000  6.73    4.43    0.00  -11.51    0.00    4.43   -7.08  1.000
   1.634  0.868  1.90    5.08    0.00  -16.40    0.00    5.08  -11.32 2.343E-02

    5.7660   1.6344  50.0000   0.8684   6.7327  0.23426E-01  0.23426E-01  0.00000E+00  0.00000E+00  0.20774E-01  0.11897E-02  0.00000E+00  0.19585E-01  0.10000E+01
 e,ep,th,sigb,sigqe=    5.77    1.64   50.00  0.2102E-01  0.0000E+00
   5.766 50.000  6.77    4.84    0.00  -12.04    0.00    4.84   -7.20  1.000
   1.644  0.876  1.84    5.55    0.00  -17.03    0.00    5.56  -11.47 2.102E-02

    5.7660   1.6444  50.0000   0.8758   6.7739  0.21021E-01  0.21021E-01  0.00000E+00  0.00000E+00  0.18609E-01  0.11678E-02  0.00000E+00  0.17442E-01  0.10000E+01
 e,ep,th,sigb,sigqe=    5.77    1.65   50.00  0.1854E-01  0.0000E+00
   5.766 50.000  6.82    5.40    0.00  -12.44    0.00    5.40   -7.05  1.000
   1.654  0.883  1.78    6.21    0.00  -17.51    0.00    6.21  -11.30 1.854E-02

    5.7660   1.6544  50.0000   0.8833   6.8151  0.18540E-01  0.18540E-01  0.00000E+00  0.00000E+00  0.16446E-01  0.11521E-02  0.00000E+00  0.15294E-01  0.10000E+01
 e,ep,th,sigb,sigqe=    5.77    1.66   50.00  0.1607E-01  0.0000E+00
   5.766 50.000  6.86    6.16    0.00  -12.69    0.00    6.16   -6.53  1.000
   1.664  0.891  1.72    7.11    0.00  -17.80    0.00    7.11  -10.69 1.607E-02

    5.7660   1.6644  50.0000   0.8908   6.8563  0.16075E-01  0.16075E-01  0.00000E+00  0.00000E+00  0.14356E-01  0.11431E-02  0.00000E+00  0.13213E-01  0.10000E+01
 e,ep,th,sigb,sigqe=    5.77    1.67   50.00  0.1394E-01  0.0000E+00
   5.766 50.000  6.90    7.07    0.00  -12.97    0.00    7.07   -5.90  1.000
   1.674  0.898  1.66    8.19    0.00  -18.14    0.00    8.19   -9.96 1.394E-02

    5.7660   1.6744  50.0000   0.8983   6.8975  0.13938E-01  0.13938E-01  0.00000E+00  0.00000E+00  0.12551E-01  0.11414E-02  0.00000E+00  0.11409E-01  0.10000E+01
 e,ep,th,sigb,sigqe=    5.77    1.68   50.00  0.1251E-01  0.0000E+00
   5.766 50.000  6.94    7.90    0.00  -13.84    0.00    7.90   -5.94  1.000
   1.684  0.906  1.60    9.17    0.00  -19.17    0.00    9.18   -9.99 1.251E-02

    5.7660   1.6844  50.0000   0.9059   6.9387  0.12511E-01  0.12511E-01  0.00000E+00  0.00000E+00  0.11261E-01  0.11480E-02  0.00000E+00  0.10113E-01  0.10000E+01
 e,ep,th,sigb,sigqe=    5.77    1.69   50.00  0.1191E-01  0.0000E+00
   5.766 50.000  6.98    8.39    0.00  -15.77    0.00    8.39   -7.38  1.000
   1.694  0.914  1.54    9.77    0.00  -21.45    0.00    9.77  -11.68 1.191E-02

    5.7660   1.6944  50.0000   0.9135   6.9799  0.11912E-01  0.11912E-01  0.00000E+00  0.00000E+00  0.10521E-01  0.11643E-02  0.00000E+00  0.93563E-02  0.10000E+01
 e,ep,th,sigb,sigqe=    5.77    1.70   50.00  0.1125E-01  0.0000E+00
   5.766 50.000  7.02    9.09    0.00  -18.08    0.00    9.10   -8.98  1.000
   1.704  0.921  1.48   10.62    0.00  -24.19    0.00   10.63  -13.57 1.125E-02

    5.7660   1.7044  50.0000   0.9212   7.0211  0.11249E-01  0.11249E-01  0.00000E+00  0.00000E+00  0.97229E-02  0.11955E-02  0.00000E+00  0.85274E-02  0.10000E+01
 e,ep,th,sigb,sigqe=    5.77    1.71   50.00  0.8728E-02  0.0000E+00
   5.766 50.000  7.06   12.10    0.00  -19.59    0.00   12.10   -7.49  1.000
   1.714  0.929  1.42   14.18    0.00  -25.99    0.00   14.19  -11.80 8.728E-03

    5.7660   1.7144  50.0000   0.9289   7.0623  0.87281E-02  0.87281E-02  0.00000E+00  0.00000E+00  0.76978E-02  0.12385E-02  0.00000E+00  0.64594E-02  0.10000E+01
 e,ep,th,sigb,sigqe=    5.77    1.72   50.00  0.5110E-02  0.0000E+00
   5.766 50.000  7.10   21.63    0.00  -20.43    0.00   21.64    1.20  1.000
   1.724  0.937  1.36   25.44    0.00  -27.00    0.00   25.45   -1.55 5.110E-03

    5.7660   1.7244  50.0000   0.9366   7.1034  0.51100E-02  0.51100E-02  0.00000E+00  0.00000E+00  0.50310E-02  0.13006E-02  0.00000E+00  0.37304E-02  0.10000E+01
 e,ep,th,sigb,sigqe=    5.77    1.73   50.00  0.2417E-02  0.0000E+00
   5.766 50.000  7.14   48.65    0.00  -21.18    0.00   48.68   27.50  1.000
   1.734  0.944  1.30   57.43    0.00  -27.89    0.00   57.46   29.57 2.417E-03

    5.7660   1.7344  50.0000   0.9444   7.1446  0.24174E-02  0.24174E-02  0.00000E+00  0.00000E+00  0.31323E-02  0.13891E-02  0.00000E+00  0.17432E-02  0.10000E+01
 e,ep,th,sigb,sigqe=    5.77    1.74   50.00  0.8817E-03  0.0000E+00
   5.766 50.000  7.19  144.99    0.00  -21.94    0.00  145.09  123.15  1.000
   1.744  0.952  1.24  171.77    0.00  -28.80    0.00  171.90  143.10 8.817E-04

    5.7660   1.7444  50.0000   0.9522   7.1858  0.88169E-03  0.88169E-03  0.00000E+00  0.00000E+00  0.21434E-02  0.15156E-02  0.00000E+00  0.62776E-03  0.10000E+01
 e,ep,th,sigb,sigqe=    5.77    1.75   50.00  0.1342E-03  0.0000E+00
   5.766 50.000  7.23 1064.66    0.00  -22.17    0.00 1065.67 1043.50  1.000
   1.754  0.960  1.18 1266.27    0.00  -29.03    0.00 1267.50 1238.47 1.342E-04

    5.7660   1.7544  50.0000   0.9600   7.2270  0.13425E-03  0.13425E-03  0.00000E+00  0.00000E+00  0.17969E-02  0.17016E-02  0.00000E+00  0.95272E-04  0.10000E+01
 e,ep,th,sigb,sigqe=    5.77    1.76   50.00  0.0000E+00  0.0000E+00
   5.766 50.000  7.27    0.00    0.00    0.00    0.00    0.00    0.00  1.000
   1.764  0.968  1.12    0.00    0.00    0.00    0.00    0.00    0.00 0.000E+00

    5.7660   1.7644  50.0000   0.9679   7.2682  0.00000E+00  0.00000E+00  0.00000E+00  0.00000E+00  0.00000E+00  0.19893E-02  0.00000E+00  0.00000E+00  0.10000E+01
 e,ep,th,sigb,sigqe=    5.77    1.77   50.00  0.0000E+00  0.0000E+00
   5.766 50.000  7.31    0.00    0.00    0.00    0.00    0.00    0.00  1.000
   1.774  0.976  1.06    0.00    0.00    0.00    0.00    0.00    0.00 0.000E+00

    5.7660   1.7744  50.0000   0.9758   7.3094  0.00000E+00  0.00000E+00  0.00000E+00  0.00000E+00  0.00000E+00  0.24769E-02  0.00000E+00  0.00000E+00  0.10000E+01
 e,ep,th,sigb,sigqe=    5.77    1.78   50.00  0.0000E+00  0.0000E+00
   5.766 50.000  7.35    0.00    0.00    0.00    0.00    0.00    0.00  1.000
   1.784  0.984  1.00    0.00    0.00    0.00    0.00    0.00    0.00 0.000E+00

    5.7660   1.7844  50.0000   0.9838   7.3506  0.00000E+00  0.00000E+00  0.00000E+00  0.00000E+00  0.00000E+00  0.34578E-02  0.00000E+00  0.00000E+00  0.10000E+01
 e,ep,th,sigb,sigqe=    5.77    1.79   50.00  0.0000E+00  0.0000E+00
   5.766 50.000  7.39    0.00    0.00    0.00    0.00    0.00    0.00  1.000
   1.794  0.992  0.94    0.00    0.00    0.00    0.00    0.00    0.00 0.000E+00

    5.7660   1.7944  50.0000   0.9918   7.3918  0.00000E+00  0.00000E+00  0.00000E+00  0.00000E+00  0.00000E+00  0.64080E-02  0.00000E+00  0.00000E+00  0.10000E+01
 e,ep,th,sigb,sigqe=    5.77    1.80   50.00  0.0000E+00  0.0000E+00
   5.766 50.000  7.43    0.00    0.00    0.00    0.00    0.00    0.00  1.000
   1.804  1.000  0.88    0.00    0.00    0.00    0.00    0.00    0.00 0.000E+00

    5.7660   1.8044  50.0000   0.9998   7.4330  0.00000E+00  0.00000E+00  0.00000E+00  0.00000E+00  0.00000E+00  0.52943E+00  0.00000E+00  0.00000E+00  0.10000E+01
 e,ep,th,sigb,sigqe=    5.77    1.81   50.00  0.0000E+00  0.0000E+00
   5.766 50.000  7.47    0.00    0.00    0.00    0.00    0.00    0.00  1.000
   1.814  1.008  0.82    0.00    0.00    0.00    0.00    0.00    0.00 0.000E+00

    5.7660   1.8144  50.0000   1.0079   7.4742  0.00000E+00  0.00000E+00  0.00000E+00  0.00000E+00  0.00000E+00  0.00000E+00  0.00000E+00  0.00000E+00  0.10000E+01
 e,ep,th,sigb,sigqe=    5.77    1.82   50.00  0.0000E+00  0.0000E+00
   5.766 50.000  7.52    0.00    0.00    0.00    0.00    0.00    0.00  1.000
   1.824  1.016  0.76    0.00    0.00    0.00    0.00    0.00    0.00 0.000E+00

    5.7660   1.8244  50.0000   1.0161   7.5154  0.00000E+00  0.00000E+00  0.00000E+00  0.00000E+00  0.00000E+00  0.00000E+00  0.00000E+00  0.00000E+00  0.10000E+01
 e,ep,th,sigb,sigqe=    5.77    1.83   50.00  0.0000E+00  0.0000E+00
   5.766 50.000  7.56    0.00    0.00    0.00    0.00    0.00    0.00  1.000
   1.834  1.024  0.70    0.00    0.00    0.00    0.00    0.00    0.00 0.000E+00

    5.7660   1.8344  50.0000   1.0242   7.5566  0.00000E+00  0.00000E+00  0.00000E+00  0.00000E+00  0.00000E+00  0.00000E+00  0.00000E+00  0.00000E+00  0.10000E+01
 e,ep,th,sigb,sigqe=    5.77    1.84   50.00  0.0000E+00  0.0000E+00
   5.766 50.000  7.60    0.00    0.00    0.00    0.00    0.00    0.00  1.000
   1.844  1.032  0.64    0.00    0.00    0.00    0.00    0.00    0.00 0.000E+00

    5.7660   1.8444  50.0000   1.0324   7.5978  0.00000E+00  0.00000E+00  0.00000E+00  0.00000E+00  0.00000E+00  0.00000E+00  0.00000E+00  0.00000E+00  0.10000E+01
 e,ep,th,sigb,sigqe=    5.77    1.85   50.00  0.0000E+00  0.0000E+00
   5.766 50.000  7.64    0.00    0.00    0.00    0.00    0.00    0.00  1.000
   1.854  1.041  0.58    0.00    0.00    0.00    0.00    0.00    0.00 0.000E+00

    5.7660   1.8544  50.0000   1.0407   7.6390  0.00000E+00  0.00000E+00  0.00000E+00  0.00000E+00  0.00000E+00  0.00000E+00  0.00000E+00  0.00000E+00  0.10000E+01
 e,ep,th,sigb,sigqe=    5.77    1.86   50.00  0.0000E+00  0.0000E+00
   5.766 50.000  7.68    0.00    0.00    0.00    0.00    0.00    0.00  1.000
   1.864  1.049  0.52    0.00    0.00    0.00    0.00    0.00    0.00 0.000E+00

    5.7660   1.8644  50.0000   1.0490   7.6802  0.00000E+00  0.00000E+00  0.00000E+00  0.00000E+00  0.00000E+00  0.00000E+00  0.00000E+00  0.00000E+00  0.10000E+01
 e,ep,th,sigb,sigqe=    5.77    1.87   50.00  0.0000E+00  0.0000E+00
   5.766 50.000  7.72    0.00    0.00    0.00    0.00    0.00    0.00  1.000
   1.874  1.057  0.46    0.00    0.00    0.00    0.00    0.00    0.00 0.000E+00

    5.7660   1.8744  50.0000   1.0573   7.7214  0.00000E+00  0.00000E+00  0.00000E+00  0.00000E+00  0.00000E+00  0.00000E+00  0.00000E+00  0.00000E+00  0.10000E+01
 e,ep,th,sigb,sigqe=    5.77    1.88   50.00  0.0000E+00  0.0000E+00
   5.766 50.000  7.76    0.00    0.00    0.00    0.00    0.00    0.00  1.000
   1.884  1.066  0.40    0.00    0.00    0.00    0.00    0.00    0.00 0.000E+00

    5.7660   1.8844  50.0000   1.0657   7.7625  0.00000E+00  0.00000E+00  0.00000E+00  0.00000E+00  0.00000E+00  0.00000E+00  0.00000E+00  0.00000E+00  0.10000E+01
 e,ep,th,sigb,sigqe=    5.77    1.89   50.00  0.0000E+00  0.0000E+00
   5.766 50.000  7.80    0.00    0.00    0.00    0.00    0.00    0.00  1.000
   1.894  1.074  0.34    0.00    0.00    0.00    0.00    0.00    0.00 0.000E+00

    5.7660   1.8944  50.0000   1.0741   7.8037  0.00000E+00  0.00000E+00  0.00000E+00  0.00000E+00  0.00000E+00  0.00000E+00  0.00000E+00  0.00000E+00  0.10000E+01
 e,ep,th,sigb,sigqe=    5.77    1.90   50.00  0.0000E+00  0.0000E+00
   5.766 50.000  7.84    0.00    0.00    0.00    0.00    0.00    0.00  1.000
   1.904  1.083  0.28    0.00    0.00    0.00    0.00    0.00    0.00 0.000E+00

    5.7660   1.9044  50.0000   1.0826   7.8449  0.00000E+00  0.00000E+00  0.00000E+00  0.00000E+00  0.00000E+00  0.00000E+00  0.00000E+00  0.00000E+00  0.10000E+01
 e,ep,th,sigb,sigqe=    5.77    1.91   50.00  0.0000E+00  0.0000E+00
   5.766 50.000  7.89    0.00    0.00    0.00    0.00    0.00    0.00  1.000
   1.914  1.091  0.22    0.00    0.00    0.00    0.00    0.00    0.00 0.000E+00

    5.7660   1.9144  50.0000   1.0911   7.8861  0.00000E+00  0.00000E+00  0.00000E+00  0.00000E+00  0.00000E+00  0.00000E+00  0.00000E+00  0.00000E+00  0.10000E+01
 e,ep,th,sigb,sigqe=    5.77    1.92   50.00  0.0000E+00  0.0000E+00
   5.766 50.000  7.93    0.00    0.00    0.00    0.00    0.00    0.00  1.000
   1.924  1.100  0.16    0.00    0.00    0.00    0.00    0.00    0.00 0.000E+00

    5.7660   1.9244  50.0000   1.0996   7.9273  0.00000E+00  0.00000E+00  0.00000E+00  0.00000E+00  0.00000E+00  0.00000E+00  0.00000E+00  0.00000E+00  0.10000E+01
 e,ep,th,sigb,sigqe=    5.77    1.93   50.00  0.0000E+00  0.0000E+00
   5.766 50.000  7.97    0.00    0.00    0.00    0.00    0.00    0.00  1.000
   1.934  1.108  0.10    0.00    0.00    0.00    0.00    0.00    0.00 0.000E+00

    5.7660   1.9344  50.0000   1.1082   7.9685  0.00000E+00  0.00000E+00  0.00000E+00  0.00000E+00  0.00000E+00  0.00000E+00  0.00000E+00  0.00000E+00  0.10000E+01
 e,ep,th,sigb,sigqe=    5.77    1.94   50.00  0.0000E+00  0.0000E+00
   5.766 50.000  8.01    0.00    0.00    0.00    0.00    0.00    0.00  1.000
   1.944  1.117  0.04    0.00    0.00    0.00    0.00    0.00    0.00 0.000E+00

    5.7660   1.9444  50.0000   1.1169   8.0097  0.00000E+00  0.00000E+00  0.00000E+00  0.00000E+00  0.00000E+00  0.00000E+00  0.00000E+00  0.00000E+00  0.10000E+01
 e,ep,th,sigb,sigqe=    5.77    1.95   50.00  0.0000E+00  0.0000E+00
   5.766 50.000  8.05    0.00    0.00    0.00    0.00    0.00    0.00  1.000
   1.954  1.126 -0.02    0.00    0.00    0.00    0.00    0.00    0.00 0.000E+00

    5.7660   1.9544  50.0000   1.1256   8.0509  0.00000E+00  0.00000E+00  0.00000E+00  0.00000E+00  0.00000E+00  0.00000E+00  0.00000E+00  0.00000E+00  0.10000E+01
 e,ep,th,sigb,sigqe=    5.77    1.96   50.00  0.0000E+00  0.0000E+00
   5.766 50.000  8.09    0.00    0.00    0.00    0.00    0.00    0.00  1.000
   1.964  1.134 -0.08    0.00    0.00    0.00    0.00    0.00    0.00 0.000E+00

    5.7660   1.9644  50.0000   1.1343   8.0921  0.00000E+00  0.00000E+00  0.00000E+00  0.00000E+00  0.00000E+00  0.00000E+00  0.00000E+00  0.00000E+00  0.10000E+01
 e,ep,th,sigb,sigqe=    5.77    1.97   50.00  0.0000E+00  0.0000E+00
   5.766 50.000  8.13    0.00    0.00    0.00    0.00    0.00    0.00  1.000
   1.974  1.143 -0.14    0.00    0.00    0.00    0.00    0.00    0.00 0.000E+00

    5.7660   1.9744  50.0000   1.1431   8.1333  0.00000E+00  0.00000E+00  0.00000E+00  0.00000E+00  0.00000E+00  0.00000E+00  0.00000E+00  0.00000E+00  0.10000E+01
 e,ep,th,sigb,sigqe=    5.77    1.98   50.00  0.0000E+00  0.0000E+00
   5.766 50.000  8.17    0.00    0.00    0.00    0.00    0.00    0.00  1.000
   1.984  1.152 -0.20    0.00    0.00    0.00    0.00    0.00    0.00 0.000E+00

    5.7660   1.9844  50.0000   1.1519   8.1745  0.00000E+00  0.00000E+00  0.00000E+00  0.00000E+00  0.00000E+00  0.00000E+00  0.00000E+00  0.00000E+00  0.10000E+01
 e,ep,th,sigb,sigqe=    5.77    1.99   50.00  0.0000E+00  0.0000E+00
   5.766 50.000  8.22    0.00    0.00    0.00    0.00    0.00    0.00  1.000
   1.994  1.161 -0.26    0.00    0.00    0.00    0.00    0.00    0.00 0.000E+00

    5.7660   1.9944  50.0000   1.1608   8.2157  0.00000E+00  0.00000E+00  0.00000E+00  0.00000E+00  0.00000E+00  0.00000E+00  0.00000E+00  0.00000E+00  0.10000E+01
 e,ep,th,sigb,sigqe=    5.77    2.00   50.00  0.0000E+00  0.0000E+00
   5.766 50.000  8.26    0.00    0.00    0.00    0.00    0.00    0.00  1.000
   2.004  1.170 -0.32    0.00    0.00    0.00    0.00    0.00    0.00 0.000E+00

    5.7660   2.0044  50.0000   1.1697   8.2569  0.00000E+00  0.00000E+00  0.00000E+00  0.00000E+00  0.00000E+00  0.00000E+00  0.00000E+00  0.00000E+00  0.10000E+01
 e,ep,th,sigb,sigqe=    5.77    2.01   50.00  0.0000E+00  0.0000E+00
   5.766 50.000  8.30    0.00    0.00    0.00    0.00    0.00    0.00  1.000
   2.014  1.179 -0.38    0.00    0.00    0.00    0.00    0.00    0.00 0.000E+00

    5.7660   2.0144  50.0000   1.1787   8.2981  0.00000E+00  0.00000E+00  0.00000E+00  0.00000E+00  0.00000E+00  0.00000E+00  0.00000E+00  0.00000E+00  0.10000E+01
 e,ep,th,sigb,sigqe=    5.77    2.02   50.00  0.0000E+00  0.0000E+00
   5.766 50.000  8.34    0.00    0.00    0.00    0.00    0.00    0.00  1.000
   2.024  1.188 -0.44    0.00    0.00    0.00    0.00    0.00    0.00 0.000E+00

    5.7660   2.0244  50.0000   1.1877   8.3393  0.00000E+00  0.00000E+00  0.00000E+00  0.00000E+00  0.00000E+00  0.00000E+00  0.00000E+00  0.00000E+00  0.10000E+01
 e,ep,th,sigb,sigqe=    5.77    2.03   50.00  0.0000E+00  0.0000E+00
   5.766 50.000  8.38    0.00    0.00    0.00    0.00    0.00    0.00  1.000
   2.034  1.197 -0.50    0.00    0.00    0.00    0.00    0.00    0.00 0.000E+00

    5.7660   2.0344  50.0000   1.1968   8.3805  0.00000E+00  0.00000E+00  0.00000E+00  0.00000E+00  0.00000E+00  0.00000E+00  0.00000E+00  0.00000E+00  0.10000E+01
 e,ep,th,sigb,sigqe=    5.77    2.04   50.00  0.0000E+00  0.0000E+00
   5.766 50.000  8.42    0.00    0.00    0.00    0.00    0.00    0.00  1.000
   2.044  1.206 -0.56    0.00    0.00    0.00    0.00    0.00    0.00 0.000E+00

    5.7660   2.0444  50.0000   1.2059   8.4216  0.00000E+00  0.00000E+00  0.00000E+00  0.00000E+00  0.00000E+00  0.00000E+00  0.00000E+00  0.00000E+00  0.10000E+01
 e,ep,th,sigb,sigqe=    5.77    2.05   50.00  0.0000E+00  0.0000E+00
   5.766 50.000  8.46    0.00    0.00    0.00    0.00    0.00    0.00  1.000
   2.054  1.215 -0.62    0.00    0.00    0.00    0.00    0.00    0.00 0.000E+00

    5.7660   2.0544  50.0000   1.2150   8.4628  0.00000E+00  0.00000E+00  0.00000E+00  0.00000E+00  0.00000E+00  0.00000E+00  0.00000E+00  0.00000E+00  0.10000E+01
 e,ep,th,sigb,sigqe=    5.77    2.06   50.00  0.0000E+00  0.0000E+00
   5.766 50.000  8.50    0.00    0.00    0.00    0.00    0.00    0.00  1.000
   2.064  1.224 -0.68    0.00    0.00    0.00    0.00    0.00    0.00 0.000E+00

    5.7660   2.0644  50.0000   1.2243   8.5040  0.00000E+00  0.00000E+00  0.00000E+00  0.00000E+00  0.00000E+00  0.00000E+00  0.00000E+00  0.00000E+00  0.10000E+01
 e,ep,th,sigb,sigqe=    5.77    2.07   50.00  0.0000E+00  0.0000E+00
   5.766 50.000  8.55    0.00    0.00    0.00    0.00    0.00    0.00  1.000
   2.074  1.234 -0.74    0.00    0.00    0.00    0.00    0.00    0.00 0.000E+00

    5.7660   2.0744  50.0000   1.2335   8.5452  0.00000E+00  0.00000E+00  0.00000E+00  0.00000E+00  0.00000E+00  0.00000E+00  0.00000E+00  0.00000E+00  0.10000E+01
 e,ep,th,sigb,sigqe=    5.77    2.08   50.00  0.0000E+00  0.0000E+00
   5.766 50.000  8.59    0.00    0.00    0.00    0.00    0.00    0.00  1.000
   2.084  1.243 -0.80    0.00    0.00    0.00    0.00    0.00    0.00 0.000E+00

    5.7660   2.0844  50.0000   1.2428   8.5864  0.00000E+00  0.00000E+00  0.00000E+00  0.00000E+00  0.00000E+00  0.00000E+00  0.00000E+00  0.00000E+00  0.10000E+01
 e,ep,th,sigb,sigqe=    5.77    2.09   50.00  0.0000E+00  0.0000E+00
   5.766 50.000  8.63    0.00    0.00    0.00    0.00    0.00    0.00  1.000
   2.094  1.252 -0.86    0.00    0.00    0.00    0.00    0.00    0.00 0.000E+00

    5.7660   2.0944  50.0000   1.2522   8.6276  0.00000E+00  0.00000E+00  0.00000E+00  0.00000E+00  0.00000E+00  0.00000E+00  0.00000E+00  0.00000E+00  0.10000E+01
 e,ep,th,sigb,sigqe=    5.77    2.10   50.00  0.0000E+00  0.0000E+00
   5.766 50.000  8.67    0.00    0.00    0.00    0.00    0.00    0.00  1.000
   2.104  1.262 -0.92    0.00    0.00    0.00    0.00    0.00    0.00 0.000E+00

    5.7660   2.1044  50.0000   1.2616   8.6688  0.00000E+00  0.00000E+00  0.00000E+00  0.00000E+00  0.00000E+00  0.00000E+00  0.00000E+00  0.00000E+00  0.10000E+01
 e,ep,th,sigb,sigqe=    5.77    2.11   50.00  0.0000E+00  0.0000E+00
   5.766 50.000  8.71    0.00    0.00    0.00    0.00    0.00    0.00  1.000
   2.114  1.271 -0.98    0.00    0.00    0.00    0.00    0.00    0.00 0.000E+00

    5.7660   2.1144  50.0000   1.2711   8.7100  0.00000E+00  0.00000E+00  0.00000E+00  0.00000E+00  0.00000E+00  0.00000E+00  0.00000E+00  0.00000E+00  0.10000E+01
 e,ep,th,sigb,sigqe=    5.77    2.12   50.00  0.0000E+00  0.0000E+00
   5.766 50.000  8.75    0.00    0.00    0.00    0.00    0.00    0.00  1.000
   2.124  1.281 -1.04    0.00    0.00    0.00    0.00    0.00    0.00 0.000E+00

    5.7660   2.1244  50.0000   1.2806   8.7512  0.00000E+00  0.00000E+00  0.00000E+00  0.00000E+00  0.00000E+00  0.00000E+00  0.00000E+00  0.00000E+00  0.10000E+01
 e,ep,th,sigb,sigqe=    5.77    2.13   50.00  0.0000E+00  0.0000E+00
   5.766 50.000  8.79    0.00    0.00    0.00    0.00    0.00    0.00  1.000
   2.134  1.290 -1.10    0.00    0.00    0.00    0.00    0.00    0.00 0.000E+00

    5.7660   2.1344  50.0000   1.2902   8.7924  0.00000E+00  0.00000E+00  0.00000E+00  0.00000E+00  0.00000E+00  0.00000E+00  0.00000E+00  0.00000E+00  0.10000E+01
 e,ep,th,sigb,sigqe=    5.77    2.14   50.00  0.0000E+00  0.0000E+00
   5.766 50.000  8.83    0.00    0.00    0.00    0.00    0.00    0.00  1.000
   2.144  1.300 -1.16    0.00    0.00    0.00    0.00    0.00    0.00 0.000E+00

    5.7660   2.1444  50.0000   1.2998   8.8336  0.00000E+00  0.00000E+00  0.00000E+00  0.00000E+00  0.00000E+00  0.00000E+00  0.00000E+00  0.00000E+00  0.10000E+01
 e,ep,th,sigb,sigqe=    5.77    2.15   50.00  0.0000E+00  0.0000E+00
   5.766 50.000  8.87    0.00    0.00    0.00    0.00    0.00    0.00  1.000
   2.154  1.309 -1.22    0.00    0.00    0.00    0.00    0.00    0.00 0.000E+00

    5.7660   2.1544  50.0000   1.3095   8.8748  0.00000E+00  0.00000E+00  0.00000E+00  0.00000E+00  0.00000E+00  0.00000E+00  0.00000E+00  0.00000E+00  0.10000E+01
 e,ep,th,sigb,sigqe=    5.77    2.16   50.00  0.0000E+00  0.0000E+00
   5.766 50.000  8.92    0.00    0.00    0.00    0.00    0.00    0.00  1.000
   2.164  1.319 -1.28    0.00    0.00    0.00    0.00    0.00    0.00 0.000E+00

    5.7660   2.1644  50.0000   1.3192   8.9160  0.00000E+00  0.00000E+00  0.00000E+00  0.00000E+00  0.00000E+00  0.00000E+00  0.00000E+00  0.00000E+00  0.10000E+01
 e,ep,th,sigb,sigqe=    5.77    2.17   50.00  0.0000E+00  0.0000E+00
   5.766 50.000  8.96    0.00    0.00    0.00    0.00    0.00    0.00  1.000
   2.174  1.329 -1.34    0.00    0.00    0.00    0.00    0.00    0.00 0.000E+00

    5.7660   2.1744  50.0000   1.3290   8.9572  0.00000E+00  0.00000E+00  0.00000E+00  0.00000E+00  0.00000E+00  0.00000E+00  0.00000E+00  0.00000E+00  0.10000E+01
 e,ep,th,sigb,sigqe=    5.77    2.18   50.00  0.0000E+00  0.0000E+00
   5.766 50.000  9.00    0.00    0.00    0.00    0.00    0.00    0.00  1.000
   2.184  1.339 -1.40    0.00    0.00    0.00    0.00    0.00    0.00 0.000E+00

    5.7660   2.1844  50.0000   1.3388   8.9984  0.00000E+00  0.00000E+00  0.00000E+00  0.00000E+00  0.00000E+00  0.00000E+00  0.00000E+00  0.00000E+00  0.10000E+01
 e,ep,th,sigb,sigqe=    5.77    2.19   50.00  0.0000E+00  0.0000E+00
   5.766 50.000  9.04    0.00    0.00    0.00    0.00    0.00    0.00  1.000
   2.194  1.349 -1.46    0.00    0.00    0.00    0.00    0.00    0.00 0.000E+00

    5.7660   2.1944  50.0000   1.3487   9.0396  0.00000E+00  0.00000E+00  0.00000E+00  0.00000E+00  0.00000E+00  0.00000E+00  0.00000E+00  0.00000E+00  0.10000E+01
 e,ep,th,sigb,sigqe=    5.77    2.20   50.00  0.0000E+00  0.0000E+00
   5.766 50.000  9.08    0.00    0.00    0.00    0.00    0.00    0.00  1.000
   2.204  1.359 -1.52    0.00    0.00    0.00    0.00    0.00    0.00 0.000E+00

    5.7660   2.2044  50.0000   1.3587   9.0807  0.00000E+00  0.00000E+00  0.00000E+00  0.00000E+00  0.00000E+00  0.00000E+00  0.00000E+00  0.00000E+00  0.10000E+01
 e,ep,th,sigb,sigqe=    5.77    2.21   50.00  0.0000E+00  0.0000E+00
   5.766 50.000  9.12    0.00    0.00    0.00    0.00    0.00    0.00  1.000
   2.214  1.369 -1.58    0.00    0.00    0.00    0.00    0.00    0.00 0.000E+00

    5.7660   2.2144  50.0000   1.3687   9.1219  0.00000E+00  0.00000E+00  0.00000E+00  0.00000E+00  0.00000E+00  0.00000E+00  0.00000E+00  0.00000E+00  0.10000E+01
 e,ep,th,sigb,sigqe=    5.77    2.22   50.00  0.0000E+00  0.0000E+00
   5.766 50.000  9.16    0.00    0.00    0.00    0.00    0.00    0.00  1.000
   2.224  1.379 -1.64    0.00    0.00    0.00    0.00    0.00    0.00 0.000E+00

    5.7660   2.2244  50.0000   1.3787   9.1631  0.00000E+00  0.00000E+00  0.00000E+00  0.00000E+00  0.00000E+00  0.00000E+00  0.00000E+00  0.00000E+00  0.10000E+01
 e,ep,th,sigb,sigqe=    5.77    2.23   50.00  0.0000E+00  0.0000E+00
   5.766 50.000  9.20    0.00    0.00    0.00    0.00    0.00    0.00  1.000
   2.234  1.389 -1.70    0.00    0.00    0.00    0.00    0.00    0.00 0.000E+00

    5.7660   2.2344  50.0000   1.3889   9.2043  0.00000E+00  0.00000E+00  0.00000E+00  0.00000E+00  0.00000E+00  0.00000E+00  0.00000E+00  0.00000E+00  0.10000E+01
 e,ep,th,sigb,sigqe=    5.77    2.24   50.00  0.0000E+00  0.0000E+00
   5.766 50.000  9.25    0.00    0.00    0.00    0.00    0.00    0.00  1.000
   2.244  1.399 -1.76    0.00    0.00    0.00    0.00    0.00    0.00 0.000E+00

    5.7660   2.2444  50.0000   1.3990   9.2455  0.00000E+00  0.00000E+00  0.00000E+00  0.00000E+00  0.00000E+00  0.00000E+00  0.00000E+00  0.00000E+00  0.10000E+01
 e,ep,th,sigb,sigqe=    5.77    2.25   50.00  0.0000E+00  0.0000E+00
   5.766 50.000  9.29    0.00    0.00    0.00    0.00    0.00    0.00  1.000
   2.254  1.409 -1.82    0.00    0.00    0.00    0.00    0.00    0.00 0.000E+00

    5.7660   2.2544  50.0000   1.4093   9.2867  0.00000E+00  0.00000E+00  0.00000E+00  0.00000E+00  0.00000E+00  0.00000E+00  0.00000E+00  0.00000E+00  0.10000E+01
 e,ep,th,sigb,sigqe=    5.77    2.26   50.00  0.0000E+00  0.0000E+00
   5.766 50.000  9.33    0.00    0.00    0.00    0.00    0.00    0.00  1.000
   2.264  1.420 -1.88    0.00    0.00    0.00    0.00    0.00    0.00 0.000E+00

    5.7660   2.2644  50.0000   1.4196   9.3279  0.00000E+00  0.00000E+00  0.00000E+00  0.00000E+00  0.00000E+00  0.00000E+00  0.00000E+00  0.00000E+00  0.10000E+01
 e,ep,th,sigb,sigqe=    5.77    2.27   50.00  0.0000E+00  0.0000E+00
   5.766 50.000  9.37    0.00    0.00    0.00    0.00    0.00    0.00  1.000
   2.274  1.430 -1.94    0.00    0.00    0.00    0.00    0.00    0.00 0.000E+00

    5.7660   2.2744  50.0000   1.4299   9.3691  0.00000E+00  0.00000E+00  0.00000E+00  0.00000E+00  0.00000E+00  0.00000E+00  0.00000E+00  0.00000E+00  0.10000E+01
 e,ep,th,sigb,sigqe=    5.77    2.28   50.00  0.0000E+00  0.0000E+00
   5.766 50.000  9.41    0.00    0.00    0.00    0.00    0.00    0.00  1.000
   2.284  1.440 -2.00    0.00    0.00    0.00    0.00    0.00    0.00 0.000E+00

    5.7660   2.2844  50.0000   1.4403   9.4103  0.00000E+00  0.00000E+00  0.00000E+00  0.00000E+00  0.00000E+00  0.00000E+00  0.00000E+00  0.00000E+00  0.10000E+01
 e,ep,th,sigb,sigqe=    5.77    2.29   50.00  0.0000E+00  0.0000E+00
   5.766 50.000  9.45    0.00    0.00    0.00    0.00    0.00    0.00  1.000
   2.294  1.451 -2.06    0.00    0.00    0.00    0.00    0.00    0.00 0.000E+00

    5.7660   2.2944  50.0000   1.4508   9.4515  0.00000E+00  0.00000E+00  0.00000E+00  0.00000E+00  0.00000E+00  0.00000E+00  0.00000E+00  0.00000E+00  0.10000E+01
 e,ep,th,sigb,sigqe=    5.77    2.30   50.00  0.0000E+00  0.0000E+00
   5.766 50.000  9.49    0.00    0.00    0.00    0.00    0.00    0.00  1.000
   2.304  1.461 -2.12    0.00    0.00    0.00    0.00    0.00    0.00 0.000E+00

    5.7660   2.3044  50.0000   1.4613   9.4927  0.00000E+00  0.00000E+00  0.00000E+00  0.00000E+00  0.00000E+00  0.00000E+00  0.00000E+00  0.00000E+00  0.10000E+01
 e,ep,th,sigb,sigqe=    5.77    2.31   50.00  0.0000E+00  0.0000E+00
   5.766 50.000  9.53    0.00    0.00    0.00    0.00    0.00    0.00  1.000
   2.314  1.472 -2.18    0.00    0.00    0.00    0.00    0.00    0.00 0.000E+00

    5.7660   2.3144  50.0000   1.4719   9.5339  0.00000E+00  0.00000E+00  0.00000E+00  0.00000E+00  0.00000E+00  0.00000E+00  0.00000E+00  0.00000E+00  0.10000E+01
 e,ep,th,sigb,sigqe=    5.77    2.32   50.00  0.0000E+00  0.0000E+00
   5.766 50.000  9.58    0.00    0.00    0.00    0.00    0.00    0.00  1.000
   2.324  1.483 -2.24    0.00    0.00    0.00    0.00    0.00    0.00 0.000E+00

    5.7660   2.3244  50.0000   1.4826   9.5751  0.00000E+00  0.00000E+00  0.00000E+00  0.00000E+00  0.00000E+00  0.00000E+00  0.00000E+00  0.00000E+00  0.10000E+01
 e,ep,th,sigb,sigqe=    5.77    2.33   50.00  0.0000E+00  0.0000E+00
   5.766 50.000  9.62    0.00    0.00    0.00    0.00    0.00    0.00  1.000
   2.334  1.493 -2.30    0.00    0.00    0.00    0.00    0.00    0.00 0.000E+00

    5.7660   2.3344  50.0000   1.4933   9.6163  0.00000E+00  0.00000E+00  0.00000E+00  0.00000E+00  0.00000E+00  0.00000E+00  0.00000E+00  0.00000E+00  0.10000E+01
 e,ep,th,sigb,sigqe=    5.77    2.34   50.00  0.0000E+00  0.0000E+00
   5.766 50.000  9.66    0.00    0.00    0.00    0.00    0.00    0.00  1.000
   2.344  1.504 -2.36    0.00    0.00    0.00    0.00    0.00    0.00 0.000E+00

    5.7660   2.3444  50.0000   1.5041   9.6575  0.00000E+00  0.00000E+00  0.00000E+00  0.00000E+00  0.00000E+00  0.00000E+00  0.00000E+00  0.00000E+00  0.10000E+01
 e,ep,th,sigb,sigqe=    5.77    2.35   50.00  0.0000E+00  0.0000E+00
   5.766 50.000  9.70    0.00    0.00    0.00    0.00    0.00    0.00  1.000
   2.354  1.515 -2.42    0.00    0.00    0.00    0.00    0.00    0.00 0.000E+00

    5.7660   2.3544  50.0000   1.5149   9.6987  0.00000E+00  0.00000E+00  0.00000E+00  0.00000E+00  0.00000E+00  0.00000E+00  0.00000E+00  0.00000E+00  0.10000E+01
 e,ep,th,sigb,sigqe=    5.77    2.36   50.00  0.0000E+00  0.0000E+00
   5.766 50.000  9.74    0.00    0.00    0.00    0.00    0.00    0.00  1.000
   2.364  1.526 -2.48    0.00    0.00    0.00    0.00    0.00    0.00 0.000E+00

    5.7660   2.3644  50.0000   1.5258   9.7398  0.00000E+00  0.00000E+00  0.00000E+00  0.00000E+00  0.00000E+00  0.00000E+00  0.00000E+00  0.00000E+00  0.10000E+01
 e,ep,th,sigb,sigqe=    5.77    2.37   50.00  0.0000E+00  0.0000E+00
   5.766 50.000  9.78    0.00    0.00    0.00    0.00    0.00    0.00  1.000
   2.374  1.537 -2.54    0.00    0.00    0.00    0.00    0.00    0.00 0.000E+00

    5.7660   2.3744  50.0000   1.5368   9.7810  0.00000E+00  0.00000E+00  0.00000E+00  0.00000E+00  0.00000E+00  0.00000E+00  0.00000E+00  0.00000E+00  0.10000E+01
 e,ep,th,sigb,sigqe=    5.77    2.38   50.00  0.0000E+00  0.0000E+00
   5.766 50.000  9.82    0.00    0.00    0.00    0.00    0.00    0.00  1.000
   2.384  1.548 -2.60    0.00    0.00    0.00    0.00    0.00    0.00 0.000E+00

    5.7660   2.3844  50.0000   1.5478   9.8222  0.00000E+00  0.00000E+00  0.00000E+00  0.00000E+00  0.00000E+00  0.00000E+00  0.00000E+00  0.00000E+00  0.10000E+01
 e,ep,th,sigb,sigqe=    5.77    2.39   50.00  0.0000E+00  0.0000E+00
   5.766 50.000  9.86    0.00    0.00    0.00    0.00    0.00    0.00  1.000
   2.394  1.559 -2.66    0.00    0.00    0.00    0.00    0.00    0.00 0.000E+00

    5.7660   2.3944  50.0000   1.5589   9.8634  0.00000E+00  0.00000E+00  0.00000E+00  0.00000E+00  0.00000E+00  0.00000E+00  0.00000E+00  0.00000E+00  0.10000E+01
 e,ep,th,sigb,sigqe=    5.77    2.40   50.00  0.0000E+00  0.0000E+00
   5.766 50.000  9.90    0.00    0.00    0.00    0.00    0.00    0.00  1.000
   2.404  1.570 -2.72    0.00    0.00    0.00    0.00    0.00    0.00 0.000E+00

    5.7660   2.4044  50.0000   1.5701   9.9046  0.00000E+00  0.00000E+00  0.00000E+00  0.00000E+00  0.00000E+00  0.00000E+00  0.00000E+00  0.00000E+00  0.10000E+01
 e,ep,th,sigb,sigqe=    5.77    2.41   50.00  0.0000E+00  0.0000E+00
   5.766 50.000  9.95    0.00    0.00    0.00    0.00    0.00    0.00  1.000
   2.414  1.581 -2.78    0.00    0.00    0.00    0.00    0.00    0.00 0.000E+00

    5.7660   2.4144  50.0000   1.5813   9.9458  0.00000E+00  0.00000E+00  0.00000E+00  0.00000E+00  0.00000E+00  0.00000E+00  0.00000E+00  0.00000E+00  0.10000E+01
 e,ep,th,sigb,sigqe=    5.77    2.42   50.00  0.0000E+00  0.0000E+00
   5.766 50.000  9.99    0.00    0.00    0.00    0.00    0.00    0.00  1.000
   2.424  1.593 -2.84    0.00    0.00    0.00    0.00    0.00    0.00 0.000E+00

    5.7660   2.4244  50.0000   1.5926   9.9870  0.00000E+00  0.00000E+00  0.00000E+00  0.00000E+00  0.00000E+00  0.00000E+00  0.00000E+00  0.00000E+00  0.10000E+01
 e,ep,th,sigb,sigqe=    5.77    2.43   50.00  0.0000E+00  0.0000E+00
   5.766 50.000 10.03    0.00    0.00    0.00    0.00    0.00    0.00  1.000
   2.434  1.604 -2.90    0.00    0.00    0.00    0.00    0.00    0.00 0.000E+00

    5.7660   2.4344  50.0000   1.6040  10.0282  0.00000E+00  0.00000E+00  0.00000E+00  0.00000E+00  0.00000E+00  0.00000E+00  0.00000E+00  0.00000E+00  0.10000E+01
 e,ep,th,sigb,sigqe=    5.77    2.44   50.00  0.0000E+00  0.0000E+00
   5.766 50.000 10.07    0.00    0.00    0.00    0.00    0.00    0.00  1.000
   2.444  1.615 -2.96    0.00    0.00    0.00    0.00    0.00    0.00 0.000E+00

    5.7660   2.4444  50.0000   1.6155  10.0694  0.00000E+00  0.00000E+00  0.00000E+00  0.00000E+00  0.00000E+00  0.00000E+00  0.00000E+00  0.00000E+00  0.10000E+01
 e,ep,th,sigb,sigqe=    5.77    2.45   50.00  0.0000E+00  0.0000E+00
   5.766 50.000 10.11    0.00    0.00    0.00    0.00    0.00    0.00  1.000
   2.454  1.627 -3.02    0.00    0.00    0.00    0.00    0.00    0.00 0.000E+00

    5.7660   2.4544  50.0000   1.6270  10.1106  0.00000E+00  0.00000E+00  0.00000E+00  0.00000E+00  0.00000E+00  0.00000E+00  0.00000E+00  0.00000E+00  0.10000E+01
 e,ep,th,sigb,sigqe=    5.77    2.46   50.00  0.0000E+00  0.0000E+00
   5.766 50.000 10.15    0.00    0.00    0.00    0.00    0.00    0.00  1.000
   2.464  1.639 -3.08    0.00    0.00    0.00    0.00    0.00    0.00 0.000E+00

    5.7660   2.4644  50.0000   1.6385  10.1518  0.00000E+00  0.00000E+00  0.00000E+00  0.00000E+00  0.00000E+00  0.00000E+00  0.00000E+00  0.00000E+00  0.10000E+01
 e,ep,th,sigb,sigqe=    5.77    2.47   50.00  0.0000E+00  0.0000E+00
   5.766 50.000 10.19    0.00    0.00    0.00    0.00    0.00    0.00  1.000
   2.474  1.650 -3.14    0.00    0.00    0.00    0.00    0.00    0.00 0.000E+00

    5.7660   2.4744  50.0000   1.6502  10.1930  0.00000E+00  0.00000E+00  0.00000E+00  0.00000E+00  0.00000E+00  0.00000E+00  0.00000E+00  0.00000E+00  0.10000E+01
 e,ep,th,sigb,sigqe=    5.77    2.48   50.00  0.0000E+00  0.0000E+00
   5.766 50.000 10.23    0.00    0.00    0.00    0.00    0.00    0.00  1.000
   2.484  1.662 -3.20    0.00    0.00    0.00    0.00    0.00    0.00 0.000E+00

    5.7660   2.4844  50.0000   1.6619  10.2342  0.00000E+00  0.00000E+00  0.00000E+00  0.00000E+00  0.00000E+00  0.00000E+00  0.00000E+00  0.00000E+00  0.10000E+01
 e,ep,th,sigb,sigqe=    5.77    2.49   50.00  0.0000E+00  0.0000E+00
   5.766 50.000 10.28    0.00    0.00    0.00    0.00    0.00    0.00  1.000
   2.494  1.674 -3.26    0.00    0.00    0.00    0.00    0.00    0.00 0.000E+00

    5.7660   2.4944  50.0000   1.6737  10.2754  0.00000E+00  0.00000E+00  0.00000E+00  0.00000E+00  0.00000E+00  0.00000E+00  0.00000E+00          NaN  0.10000E+01
 e,ep,th,sigb,sigqe=    5.77    2.50   50.00  0.0000E+00  0.0000E+00
   5.766 50.000 10.32    0.00    0.00    0.00    0.00    0.00    0.00  1.000
   2.504  1.686 -3.32    0.00    0.00    0.00    0.00    0.00    0.00 0.000E+00

    5.7660   2.5044  50.0000   1.6856  10.3166  0.00000E+00  0.00000E+00  0.00000E+00  0.00000E+00  0.00000E+00  0.00000E+00  0.00000E+00          NaN  0.10000E+01
 e,ep,th,sigb,sigqe=    5.77    2.51   50.00  0.0000E+00  0.0000E+00
   5.766 50.000 10.36    0.00    0.00    0.00    0.00    0.00    0.00  1.000
   2.514  1.697 -3.38    0.00    0.00    0.00    0.00    0.00    0.00 0.000E+00

    5.7660   2.5144  50.0000   1.6975  10.3578  0.00000E+00  0.00000E+00  0.00000E+00  0.00000E+00  0.00000E+00  0.00000E+00  0.00000E+00          NaN  0.10000E+01
 e,ep,th,sigb,sigqe=    5.77    2.52   50.00  0.0000E+00  0.0000E+00
   5.766 50.000 10.40    0.00    0.00    0.00    0.00    0.00    0.00  1.000
   2.524  1.709 -3.44    0.00    0.00    0.00    0.00    0.00    0.00 0.000E+00

    5.7660   2.5244  50.0000   1.7095  10.3989  0.00000E+00  0.00000E+00  0.00000E+00  0.00000E+00  0.00000E+00  0.00000E+00  0.00000E+00          NaN  0.10000E+01
 e,ep,th,sigb,sigqe=    5.77    2.53   50.00  0.0000E+00  0.0000E+00
   5.766 50.000 10.44    0.00    0.00    0.00    0.00    0.00    0.00  1.000
   2.534  1.722 -3.50    0.00    0.00    0.00    0.00    0.00    0.00 0.000E+00

    5.7660   2.5344  50.0000   1.7216  10.4401  0.00000E+00  0.00000E+00  0.00000E+00  0.00000E+00  0.00000E+00  0.00000E+00  0.00000E+00          NaN  0.10000E+01
 e,ep,th,sigb,sigqe=    5.77    2.54   50.00  0.0000E+00  0.0000E+00
   5.766 50.000 10.48    0.00    0.00    0.00    0.00    0.00    0.00  1.000
   2.544  1.734 -3.56    0.00    0.00    0.00    0.00    0.00    0.00 0.000E+00

    5.7660   2.5444  50.0000   1.7337  10.4813  0.00000E+00  0.00000E+00  0.00000E+00  0.00000E+00  0.00000E+00  0.00000E+00  0.00000E+00          NaN  0.10000E+01
 e,ep,th,sigb,sigqe=    5.77    2.55   50.00  0.0000E+00  0.0000E+00
   5.766 50.000 10.52    0.00    0.00    0.00    0.00    0.00    0.00  1.000
   2.554  1.746 -3.62    0.00    0.00    0.00    0.00    0.00    0.00 0.000E+00

    5.7660   2.5544  50.0000   1.7460  10.5225  0.00000E+00  0.00000E+00  0.00000E+00  0.00000E+00  0.00000E+00  0.00000E+00  0.00000E+00          NaN  0.10000E+01
 e,ep,th,sigb,sigqe=    5.77    2.56   50.00  0.0000E+00  0.0000E+00
   5.766 50.000 10.56    0.00    0.00    0.00    0.00    0.00    0.00  1.000
   2.564  1.758 -3.68    0.00    0.00    0.00    0.00    0.00    0.00 0.000E+00

    5.7660   2.5644  50.0000   1.7583  10.5637  0.00000E+00  0.00000E+00  0.00000E+00  0.00000E+00  0.00000E+00  0.00000E+00  0.00000E+00          NaN  0.10000E+01
 e,ep,th,sigb,sigqe=    5.77    2.57   50.00  0.0000E+00  0.0000E+00
   5.766 50.000 10.60    0.00    0.00    0.00    0.00    0.00    0.00  1.000
   2.574  1.771 -3.74    0.00    0.00    0.00    0.00    0.00    0.00 0.000E+00

    5.7660   2.5744  50.0000   1.7707  10.6049  0.00000E+00  0.00000E+00  0.00000E+00  0.00000E+00  0.00000E+00  0.00000E+00  0.00000E+00          NaN  0.10000E+01
 e,ep,th,sigb,sigqe=    5.77    2.58   50.00  0.0000E+00  0.0000E+00
   5.766 50.000 10.65    0.00    0.00    0.00    0.00    0.00    0.00  1.000
   2.584  1.783 -3.80    0.00    0.00    0.00    0.00    0.00    0.00 0.000E+00

    5.7660   2.5844  50.0000   1.7831  10.6461  0.00000E+00  0.00000E+00  0.00000E+00  0.00000E+00  0.00000E+00  0.00000E+00  0.00000E+00          NaN  0.10000E+01
 e,ep,th,sigb,sigqe=    5.77    2.59   50.00  0.0000E+00  0.0000E+00
   5.766 50.000 10.69    0.00    0.00    0.00    0.00    0.00    0.00  1.000
   2.594  1.796 -3.86    0.00    0.00    0.00    0.00    0.00    0.00 0.000E+00

    5.7660   2.5944  50.0000   1.7957  10.6873  0.00000E+00  0.00000E+00  0.00000E+00  0.00000E+00  0.00000E+00  0.00000E+00  0.00000E+00          NaN  0.10000E+01
 e,ep,th,sigb,sigqe=    5.77    2.60   50.00  0.0000E+00  0.0000E+00
   5.766 50.000 10.73    0.00    0.00    0.00    0.00    0.00    0.00  1.000
   2.604  1.808 -3.92    0.00    0.00    0.00    0.00    0.00    0.00 0.000E+00

    5.7660   2.6044  50.0000   1.8083  10.7285  0.00000E+00  0.00000E+00  0.00000E+00  0.00000E+00  0.00000E+00  0.00000E+00  0.00000E+00          NaN  0.10000E+01
 e,ep,th,sigb,sigqe=    5.77    2.61   50.00  0.0000E+00  0.0000E+00
   5.766 50.000 10.77    0.00    0.00    0.00    0.00    0.00    0.00  1.000
   2.614  1.821 -3.98    0.00    0.00    0.00    0.00    0.00    0.00 0.000E+00

    5.7660   2.6144  50.0000   1.8210  10.7697  0.00000E+00  0.00000E+00  0.00000E+00  0.00000E+00  0.00000E+00  0.00000E+00  0.00000E+00          NaN  0.10000E+01
 e,ep,th,sigb,sigqe=    5.77    2.62   50.00  0.0000E+00  0.0000E+00
   5.766 50.000 10.81    0.00    0.00    0.00    0.00    0.00    0.00  1.000
   2.624  1.834 -4.04    0.00    0.00    0.00    0.00    0.00    0.00 0.000E+00

    5.7660   2.6244  50.0000   1.8338  10.8109  0.00000E+00  0.00000E+00  0.00000E+00  0.00000E+00  0.00000E+00  0.00000E+00  0.00000E+00          NaN  0.10000E+01
 e,ep,th,sigb,sigqe=    5.77    2.63   50.00  0.0000E+00  0.0000E+00
   5.766 50.000 10.85    0.00    0.00    0.00    0.00    0.00    0.00  1.000
   2.634  1.847 -4.10    0.00    0.00    0.00    0.00    0.00    0.00 0.000E+00

    5.7660   2.6344  50.0000   1.8466  10.8521  0.00000E+00  0.00000E+00  0.00000E+00  0.00000E+00  0.00000E+00  0.00000E+00  0.00000E+00          NaN  0.10000E+01
 e,ep,th,sigb,sigqe=    5.77    2.64   50.00  0.0000E+00  0.0000E+00
   5.766 50.000 10.89    0.00    0.00    0.00    0.00    0.00    0.00  1.000
   2.644  1.860 -4.16    0.00    0.00    0.00    0.00    0.00    0.00 0.000E+00

    5.7660   2.6444  50.0000   1.8596  10.8933  0.00000E+00  0.00000E+00  0.00000E+00  0.00000E+00  0.00000E+00  0.00000E+00  0.00000E+00          NaN  0.10000E+01
 e,ep,th,sigb,sigqe=    5.77    2.65   50.00  0.0000E+00  0.0000E+00
   5.766 50.000 10.93    0.00    0.00    0.00    0.00    0.00    0.00  1.000
   2.654  1.873 -4.21    0.00    0.00    0.00    0.00    0.00    0.00 0.000E+00

    5.7660   2.6544  50.0000   1.8726  10.9345  0.00000E+00  0.00000E+00  0.00000E+00  0.00000E+00  0.00000E+00  0.00000E+00  0.00000E+00          NaN  0.10000E+01
 e,ep,th,sigb,sigqe=    5.77    2.66   50.00  0.0000E+00  0.0000E+00
   5.766 50.000 10.98    0.00    0.00    0.00    0.00    0.00    0.00  1.000
   2.664  1.886 -4.27    0.00    0.00    0.00    0.00    0.00    0.00 0.000E+00

    5.7660   2.6644  50.0000   1.8857  10.9757  0.00000E+00  0.00000E+00  0.00000E+00  0.00000E+00  0.00000E+00  0.00000E+00  0.00000E+00          NaN  0.10000E+01
 e,ep,th,sigb,sigqe=    5.77    2.67   50.00  0.0000E+00  0.0000E+00
   5.766 50.000 11.02    0.00    0.00    0.00    0.00    0.00    0.00  1.000
   2.674  1.899 -4.33    0.00    0.00    0.00    0.00    0.00    0.00 0.000E+00

    5.7660   2.6744  50.0000   1.8989  11.0169  0.00000E+00  0.00000E+00  0.00000E+00  0.00000E+00  0.00000E+00  0.00000E+00  0.00000E+00          NaN  0.10000E+01
 e,ep,th,sigb,sigqe=    5.77    2.68   50.00  0.0000E+00  0.0000E+00
   5.766 50.000 11.06    0.00    0.00    0.00    0.00    0.00    0.00  1.000
   2.684  1.912 -4.39    0.00    0.00    0.00    0.00    0.00    0.00 0.000E+00

    5.7660   2.6844  50.0000   1.9122  11.0580  0.00000E+00  0.00000E+00  0.00000E+00  0.00000E+00  0.00000E+00  0.00000E+00  0.00000E+00          NaN  0.10000E+01
 e,ep,th,sigb,sigqe=    5.77    2.69   50.00  0.0000E+00  0.0000E+00
   5.766 50.000 11.10    0.00    0.00    0.00    0.00    0.00    0.00  1.000
   2.694  1.926 -4.45    0.00    0.00    0.00    0.00    0.00    0.00 0.000E+00

    5.7660   2.6944  50.0000   1.9256  11.0992  0.00000E+00  0.00000E+00  0.00000E+00  0.00000E+00  0.00000E+00  0.00000E+00  0.00000E+00          NaN  0.10000E+01
 e,ep,th,sigb,sigqe=    5.77    2.70   50.00  0.0000E+00  0.0000E+00
   5.766 50.000 11.14    0.00    0.00    0.00    0.00    0.00    0.00  1.000
   2.704  1.939 -4.51    0.00    0.00    0.00    0.00    0.00    0.00 0.000E+00

    5.7660   2.7044  50.0000   1.9391  11.1404  0.00000E+00  0.00000E+00  0.00000E+00  0.00000E+00  0.00000E+00  0.00000E+00  0.00000E+00          NaN  0.10000E+01
 e,ep,th,sigb,sigqe=    5.77    2.71   50.00  0.0000E+00  0.0000E+00
   5.766 50.000 11.18    0.00    0.00    0.00    0.00    0.00    0.00  1.000
   2.714  1.953 -4.57    0.00    0.00    0.00    0.00    0.00    0.00 0.000E+00

    5.7660   2.7144  50.0000   1.9526  11.1816  0.00000E+00  0.00000E+00  0.00000E+00  0.00000E+00  0.00000E+00  0.00000E+00  0.00000E+00          NaN  0.10000E+01
 e,ep,th,sigb,sigqe=    5.77    2.72   50.00  0.0000E+00  0.0000E+00
   5.766 50.000 11.22    0.00    0.00    0.00    0.00    0.00    0.00  1.000
   2.724  1.966 -4.63    0.00    0.00    0.00    0.00    0.00    0.00 0.000E+00

    5.7660   2.7244  50.0000   1.9662  11.2228  0.00000E+00  0.00000E+00  0.00000E+00  0.00000E+00  0.00000E+00  0.00000E+00  0.00000E+00          NaN  0.10000E+01
 e,ep,th,sigb,sigqe=    5.77    2.73   50.00  0.0000E+00  0.0000E+00
   5.766 50.000 11.26    0.00    0.00    0.00    0.00    0.00    0.00  1.000
   2.734  1.980 -4.69    0.00    0.00    0.00    0.00    0.00    0.00 0.000E+00

    5.7660   2.7344  50.0000   1.9800  11.2640  0.00000E+00  0.00000E+00  0.00000E+00  0.00000E+00  0.00000E+00  0.00000E+00  0.00000E+00          NaN  0.10000E+01
 e,ep,th,sigb,sigqe=    5.77    2.74   50.00  0.0000E+00  0.0000E+00
   5.766 50.000 11.31    0.00    0.00    0.00    0.00    0.00    0.00  1.000
   2.744  1.994 -4.75    0.00    0.00    0.00    0.00    0.00    0.00 0.000E+00

    5.7660   2.7444  50.0000   1.9938  11.3052  0.00000E+00  0.00000E+00  0.00000E+00  0.00000E+00  0.00000E+00  0.00000E+00  0.00000E+00          NaN  0.10000E+01
 e,ep,th,sigb,sigqe=    5.77    2.75   50.00  0.0000E+00  0.0000E+00
   5.766 50.000 11.35    0.00    0.00    0.00    0.00    0.00    0.00  1.000
   2.754  2.008 -4.81    0.00    0.00    0.00    0.00    0.00    0.00 0.000E+00

    5.7660   2.7544  50.0000   2.0077  11.3464  0.00000E+00  0.00000E+00  0.00000E+00  0.00000E+00  0.00000E+00  0.00000E+00  0.00000E+00          NaN  0.10000E+01
 e,ep,th,sigb,sigqe=    5.77    2.76   50.00  0.0000E+00  0.0000E+00
   5.766 50.000 11.39    0.00    0.00    0.00    0.00    0.00    0.00  1.000
   2.764  2.022 -4.87    0.00    0.00    0.00    0.00    0.00    0.00 0.000E+00

    5.7660   2.7644  50.0000   2.0217  11.3876  0.00000E+00  0.00000E+00  0.00000E+00  0.00000E+00  0.00000E+00  0.00000E+00  0.00000E+00          NaN  0.10000E+01
 e,ep,th,sigb,sigqe=    5.77    2.77   50.00  0.0000E+00  0.0000E+00
   5.766 50.000 11.43    0.00    0.00    0.00    0.00    0.00    0.00  1.000
   2.774  2.036 -4.93    0.00    0.00    0.00    0.00    0.00    0.00 0.000E+00

    5.7660   2.7744  50.0000   2.0358  11.4288  0.00000E+00  0.00000E+00  0.00000E+00  0.00000E+00  0.00000E+00  0.00000E+00  0.00000E+00          NaN  0.10000E+01
 e,ep,th,sigb,sigqe=    5.77    2.78   50.00  0.0000E+00  0.0000E+00
   5.766 50.000 11.47    0.00    0.00    0.00    0.00    0.00    0.00  1.000
   2.784  2.050 -4.99    0.00    0.00    0.00    0.00    0.00    0.00 0.000E+00

    5.7660   2.7844  50.0000   2.0500  11.4700  0.00000E+00  0.00000E+00  0.00000E+00  0.00000E+00  0.00000E+00  0.00000E+00  0.00000E+00          NaN  0.10000E+01
 e,ep,th,sigb,sigqe=    5.77    2.79   50.00  0.0000E+00  0.0000E+00
   5.766 50.000 11.51    0.00    0.00    0.00    0.00    0.00    0.00  1.000
   2.794  2.064 -5.05    0.00    0.00    0.00    0.00    0.00    0.00 0.000E+00

    5.7660   2.7944  50.0000   2.0643  11.5112  0.00000E+00  0.00000E+00  0.00000E+00  0.00000E+00  0.00000E+00  0.00000E+00  0.00000E+00          NaN  0.10000E+01
 e,ep,th,sigb,sigqe=    5.77    2.80   50.00  0.0000E+00  0.0000E+00
   5.766 50.000 11.55    0.00    0.00    0.00    0.00    0.00    0.00  1.000
   2.804  2.079 -5.11    0.00    0.00    0.00    0.00    0.00    0.00 0.000E+00

    5.7660   2.8044  50.0000   2.0787  11.5524  0.00000E+00  0.00000E+00  0.00000E+00  0.00000E+00  0.00000E+00  0.00000E+00  0.00000E+00          NaN  0.10000E+01
