 Enter the input file name (in INP directory)
 filename=INP/40degd2.inp                                                      
input files for EXTERNAL: runplan/target/output                         
RUNPLAN/40deg_short.inp                                                         
TARG/targ.D2tuna                                                                
OUT/40deg_details_d2.out                                                        
 got here
 Reading parameters for Ioana's model
 Pauli suppression factors
  1.00 0.05 1.00 0.63 1.00 0.61 0.83 0.68 0.63 1.00 0.61 0.83
 Pauli suppression factors
  1.00 0.10 1.00 0.83 1.00 0.79 0.92 0.84 0.83 1.00 0.79 0.92
 Pauli suppression factors
  1.00 0.15 1.00 0.94 1.00 0.87 0.96 0.91 0.94 1.00 0.87 0.96
 Pauli suppression factors
  1.00 0.20 1.00 0.99 1.00 0.89 0.97 0.94 0.99 1.00 0.89 0.97
 Pauli suppression factors
  1.00 0.25 1.00 1.00 1.00 1.00 0.98 0.96 1.00 1.00 1.00 0.98
 Pauli suppression factors
  2.00 0.05 1.00 0.63 1.00 0.62 0.83 0.68 0.63 1.00 0.62 0.83
 Pauli suppression factors
  2.00 0.10 1.00 0.83 1.00 0.80 0.92 0.84 0.83 1.00 0.80 0.92
 Pauli suppression factors
  2.00 0.15 1.00 0.94 1.00 0.90 0.96 0.91 0.94 1.00 0.90 0.96
 Pauli suppression factors
  2.00 0.20 1.00 0.99 1.00 0.94 0.97 0.94 0.99 1.00 0.94 0.97
 Pauli suppression factors
  2.00 0.25 1.00 1.00 1.00 1.00 0.98 0.96 1.00 1.00 1.00 0.98
 Pauli suppression factors
  3.00 0.05 1.00 0.63 1.00 0.62 0.83 0.68 0.63 1.00 0.62 0.83
 Pauli suppression factors
  3.00 0.10 1.00 0.83 1.00 0.81 0.92 0.84 0.83 1.00 0.81 0.92
 Pauli suppression factors
  3.00 0.15 1.00 0.94 1.00 0.91 0.96 0.91 0.94 1.00 0.91 0.96
 Pauli suppression factors
  3.00 0.20 1.00 0.99 1.00 0.95 0.97 0.94 0.99 1.00 0.95 0.97
 Pauli suppression factors
  3.00 0.25 1.00 1.00 1.00 1.00 0.98 0.96 1.00 1.00 1.00 0.98
 Pauli suppression factors
  4.00 0.05 1.00 0.63 1.00 0.62 0.83 0.68 0.63 1.00 0.62 0.83
 Pauli suppression factors
  4.00 0.10 1.00 0.83 1.00 0.81 0.92 0.84 0.83 1.00 0.81 0.92
 Pauli suppression factors
  4.00 0.15 1.00 0.94 1.00 0.91 0.96 0.91 0.94 1.00 0.91 0.96
 Pauli suppression factors
  4.00 0.20 1.00 0.99 1.00 0.96 0.97 0.94 0.99 1.00 0.96 0.97
 Pauli suppression factors
  4.00 0.25 1.00 1.00 1.00 1.00 0.98 0.96 1.00 1.00 1.00 0.98
 Pauli suppression factors
  5.00 0.05 1.00 0.63 1.00 0.62 0.83 0.68 0.63 1.00 0.62 0.83
 Pauli suppression factors
  5.00 0.10 1.00 0.83 1.00 0.81 0.92 0.84 0.83 1.00 0.81 0.92
 Pauli suppression factors
  5.00 0.15 1.00 0.94 1.00 0.92 0.96 0.91 0.94 1.00 0.92 0.96
 Pauli suppression factors
  5.00 0.20 1.00 0.99 1.00 0.97 0.97 0.94 0.99 1.00 0.97 0.97
 Pauli suppression factors
  5.00 0.25 1.00 1.00 1.00 1.00 0.98 0.96 1.00 1.00 1.00 0.98
 e,ep,th,sigb,sigqe=    5.77    0.67   40.00  0.5009E+01  0.3279E-04
 TUNA rad len=  -1.97990   0.00143   0.00000   0.00408   0.00944   3.03351   0.01628
 TUNA rad len=  -0.99000   0.00143   0.00133   0.00354   0.00909   2.63334   0.01320
 TUNA rad len=   0.99000   0.00143   0.00400   0.00150   0.00909   1.11657   0.01320
 TUNA rad len=   0.00000   0.00143   0.00267   0.00267   0.00901   1.98000   0.01250
 TUNA rad len=   1.97990   0.00143   0.00533   0.00000   0.00944   0.00010   0.01631
 TUNA rad len=  -1.97990   0.00143   0.00000   0.00408   0.00944   3.03351   0.01628
   5.766 40.000  1.81   24.55   32.63   29.32   29.79    1.04   60.15  0.913
   0.671  0.189  8.63   30.30   37.51   32.56   34.23    1.20   67.99 5.009E+00

    5.7660   0.6706  40.0000   0.1892   1.8093  0.50092E+01  0.50092E+01  0.32786E-04  0.84148E+01  0.59925E-01  0.17148E+01  0.66401E+01  0.10000E+01
 e,ep,th,sigb,sigqe=    5.77    0.68   40.00  0.4951E+01  0.3348E-04
   5.766 40.000  1.84   23.78   31.46   28.74   28.72    0.95   58.42  0.913
   0.681  0.192  8.59   29.31   36.14   31.86   32.99    1.09   65.94 4.951E+00

    5.7660   0.6806  40.0000   0.1924   1.8362  0.49512E+01  0.49512E+01  0.33480E-04  0.82161E+01  0.54119E-01  0.16333E+01  0.65287E+01  0.10000E+01
