 Enter the input file name (in INP directory)
 filename=INP/clasd2.inp                                                       
input files for EXTERNAL: runplan/target/output                         
RUNPLAN/clas_kin.inp                                                            
TARG/targ.D2tuna                                                                
OUT/clasd2_details.out                                                          
 got here
 Reading parameters for Ioana's model
 Pauli suppression factors
  1.00 0.05 1.00 0.63 1.00 0.61 0.83 0.68 0.63 1.00 0.61 0.83
 Pauli suppression factors
  1.00 0.10 1.00 0.83 1.00 0.79 0.92 0.84 0.83 1.00 0.79 0.92
 Pauli suppression factors
  1.00 0.15 1.00 0.94 1.00 0.87 0.96 0.91 0.94 1.00 0.87 0.96
 Pauli suppression factors
  1.00 0.20 1.00 0.99 1.00 0.89 0.97 0.94 0.99 1.00 0.89 0.97
 Pauli suppression factors
  1.00 0.25 1.00 1.00 1.00 1.00 0.98 0.96 1.00 1.00 1.00 0.98
 Pauli suppression factors
  2.00 0.05 1.00 0.63 1.00 0.62 0.83 0.68 0.63 1.00 0.62 0.83
 Pauli suppression factors
  2.00 0.10 1.00 0.83 1.00 0.80 0.92 0.84 0.83 1.00 0.80 0.92
 Pauli suppression factors
  2.00 0.15 1.00 0.94 1.00 0.90 0.96 0.91 0.94 1.00 0.90 0.96
 Pauli suppression factors
  2.00 0.20 1.00 0.99 1.00 0.94 0.97 0.94 0.99 1.00 0.94 0.97
 Pauli suppression factors
  2.00 0.25 1.00 1.00 1.00 1.00 0.98 0.96 1.00 1.00 1.00 0.98
 Pauli suppression factors
  3.00 0.05 1.00 0.63 1.00 0.62 0.83 0.68 0.63 1.00 0.62 0.83
 Pauli suppression factors
  3.00 0.10 1.00 0.83 1.00 0.81 0.92 0.84 0.83 1.00 0.81 0.92
 Pauli suppression factors
  3.00 0.15 1.00 0.94 1.00 0.91 0.96 0.91 0.94 1.00 0.91 0.96
 Pauli suppression factors
  3.00 0.20 1.00 0.99 1.00 0.95 0.97 0.94 0.99 1.00 0.95 0.97
 Pauli suppression factors
  3.00 0.25 1.00 1.00 1.00 1.00 0.98 0.96 1.00 1.00 1.00 0.98
 Pauli suppression factors
  4.00 0.05 1.00 0.63 1.00 0.62 0.83 0.68 0.63 1.00 0.62 0.83
 Pauli suppression factors
  4.00 0.10 1.00 0.83 1.00 0.81 0.92 0.84 0.83 1.00 0.81 0.92
 Pauli suppression factors
  4.00 0.15 1.00 0.94 1.00 0.91 0.96 0.91 0.94 1.00 0.91 0.96
 Pauli suppression factors
  4.00 0.20 1.00 0.99 1.00 0.96 0.97 0.94 0.99 1.00 0.96 0.97
 Pauli suppression factors
  4.00 0.25 1.00 1.00 1.00 1.00 0.98 0.96 1.00 1.00 1.00 0.98
 Pauli suppression factors
  5.00 0.05 1.00 0.63 1.00 0.62 0.83 0.68 0.63 1.00 0.62 0.83
 Pauli suppression factors
  5.00 0.10 1.00 0.83 1.00 0.81 0.92 0.84 0.83 1.00 0.81 0.92
 Pauli suppression factors
  5.00 0.15 1.00 0.94 1.00 0.92 0.96 0.91 0.94 1.00 0.92 0.96
 Pauli suppression factors
  5.00 0.20 1.00 0.99 1.00 0.97 0.97 0.94 0.99 1.00 0.97 0.97
 Pauli suppression factors
  5.00 0.25 1.00 1.00 1.00 1.00 0.98 0.96 1.00 1.00 1.00 0.98
 e,ep,th,sigb,sigqe=    5.01    2.15   21.84  0.3855E+02  0.3090E-02
   5.014 21.840  1.55    3.00    2.84    4.90    2.74    0.02    7.66  0.965
   2.147  0.287  4.71    0.00    0.00 -100.00    0.00    0.00 -100.00 3.855E+01

    5.0140   2.1473  21.8400   0.2873   1.5455  0.38552E+02  0.38548E+02  0.30899E-02  0.41503E+02  0.73224E-02  0.10573E+01  0.40439E+02  0.10000E+01
 e,ep,th,sigb,sigqe=    5.01    1.54   27.18  0.1812E+02  0.6486E-03
   5.014 27.180  1.71    4.87    4.93    8.91    4.65    0.05   13.61  0.943
   1.540  0.262  5.69    0.00    0.00 -100.00    0.00    0.00 -100.00 1.812E+01

    5.0140   1.5398  27.1800   0.2615   1.7051  0.18124E+02  0.18123E+02  0.64861E-03  0.20590E+02  0.89074E-02  0.84228E+00  0.19739E+02  0.10000E+01
 e,ep,th,sigb,sigqe=    5.01    1.03   33.09  0.1080E+02  0.1909E-03
   5.014 33.090  1.67   10.10   11.62   15.62   10.69    0.19   26.50  0.920
   1.027  0.223  6.69    0.00    0.00 -100.00    0.00    0.00 -100.00 1.080E+01

    5.0140   1.0273  33.0900   0.2233   1.6708  0.10805E+02  0.10805E+02  0.19093E-03  0.13668E+02  0.21043E-01  0.11548E+01  0.12492E+02  0.10000E+01
