    5.0140   2.3935  17.2660   0.2199   1.0816  0.68918E+03  0.68859E+03  0.58842E+00  0.75562E+03  0.13120E+00  0.17400E+02  0.73809E+03  0.10007E+01
    5.0140   2.1071  18.2770   0.1954   1.0660  0.54786E+03  0.54734E+03  0.51343E+00  0.61992E+03  0.27968E+00  0.17145E+02  0.60249E+03  0.10007E+01
    5.0140   1.9095  19.1660   0.1822   1.0614  0.45729E+03  0.45687E+03  0.41977E+00  0.52972E+03  0.41702E+00  0.16976E+02  0.51233E+03  0.10007E+01
    5.0140   1.7266  20.1430   0.1717   1.0590  0.38172E+03  0.38138E+03  0.33502E+00  0.45313E+03  0.57349E+00  0.16938E+02  0.43562E+03  0.10008E+01
    5.0140   1.5516  21.2490   0.1628   1.0578  0.31701E+03  0.31674E+03  0.26341E+00  0.38661E+03  0.75310E+00  0.17030E+02  0.36883E+03  0.10008E+01
    5.0140   1.3719  22.6100   0.1547   1.0574  0.25801E+03  0.25781E+03  0.20153E+00  0.32516E+03  0.97276E+00  0.17244E+02  0.30694E+03  0.10009E+01
    5.0140   1.0163  26.5220   0.1430   1.0725  0.15759E+03  0.15748E+03  0.10778E+00  0.21588E+03  0.14155E+01  0.17430E+02  0.19704E+03  0.10013E+01
    5.0140   2.4496  17.7700   0.2435   1.1720  0.60367E+03  0.60332E+03  0.35069E+00  0.65161E+03  0.53122E-01  0.13637E+02  0.63792E+03  0.10009E+01
    5.0140   2.1123  19.1120   0.2144   1.1676  0.45268E+03  0.45233E+03  0.34517E+00  0.50583E+03  0.13079E+00  0.12959E+02  0.49274E+03  0.10009E+01
    5.0140   1.9124  20.0870   0.2004   1.1665  0.37635E+03  0.37605E+03  0.29434E+00  0.43021E+03  0.20026E+00  0.12789E+02  0.41722E+03  0.10009E+01
    5.0140   1.7276  21.1450   0.1891   1.1664  0.31372E+03  0.31348E+03  0.24170E+00  0.36721E+03  0.28240E+00  0.12769E+02  0.35416E+03  0.10009E+01
    5.0140   1.5528  22.3150   0.1795   1.1661  0.26132E+03  0.26113E+03  0.19495E+00  0.31395E+03  0.38008E+00  0.12899E+02  0.30068E+03  0.10010E+01
    5.0140   1.3726  23.7540   0.1706   1.1661  0.21336E+03  0.21321E+03  0.15231E+00  0.26463E+03  0.50417E+00  0.13150E+02  0.25097E+03  0.10011E+01
    5.0140   1.0193  27.8520   0.1580   1.1841  0.13146E+03  0.13137E+03  0.83869E-01  0.17701E+03  0.76004E+00  0.13416E+02  0.16283E+03  0.10016E+01
    5.0140   2.4373  18.6050   0.2642   1.2773  0.48742E+03  0.48726E+03  0.15914E+00  0.52102E+03  0.22305E-01  0.10211E+02  0.51079E+03  0.10010E+01
    5.0140   2.1128  19.9860   0.2344   1.2760  0.37110E+03  0.37089E+03  0.21126E+00  0.40981E+03  0.57877E-01  0.97618E+01  0.39999E+03  0.10010E+01
    5.0140   1.9126  21.0170   0.2192   1.2759  0.30960E+03  0.30941E+03  0.19480E+00  0.34956E+03  0.93039E-01  0.96775E+01  0.33979E+03  0.10011E+01
    5.0140   1.7284  22.1150   0.2068   1.2751  0.25983E+03  0.25967E+03  0.16872E+00  0.30022E+03  0.13737E+00  0.97484E+01  0.29033E+03  0.10011E+01
    5.0140   1.5531  23.3512   0.1964   1.2757  0.21700E+03  0.21686E+03  0.14045E+00  0.25717E+03  0.19043E+00  0.98995E+01  0.24708E+03  0.10012E+01
    5.0140   1.3733  24.8510   0.1866   1.2752  0.17817E+03  0.17806E+03  0.11300E+00  0.21779E+03  0.26093E+00  0.10179E+02  0.20735E+03  0.10013E+01
    5.0140   1.0177  29.1850   0.1728   1.2956  0.11011E+03  0.11004E+03  0.63948E-01  0.14599E+03  0.41198E+00  0.10539E+02  0.13504E+03  0.10018E+01
    5.0140   2.4067  19.6126   0.2862   1.4002  0.37859E+03  0.37856E+03  0.34612E-01  0.40115E+03  0.84706E-02  0.74084E+01  0.39374E+03  0.10013E+01
    5.0140   2.1138  20.9350   0.2571   1.3993  0.29898E+03  0.29887E+03  0.10601E+00  0.32608E+03  0.22310E-01  0.71904E+01  0.31887E+03  0.10013E+01
    5.0140   1.9134  22.0200   0.2406   1.3997  0.25093E+03  0.25081E+03  0.11374E+00  0.27967E+03  0.38342E-01  0.71789E+01  0.27246E+03  0.10013E+01
    5.0140   1.7287  23.1770   0.2269   1.3991  0.21162E+03  0.21152E+03  0.10680E+00  0.24125E+03  0.59712E-01  0.72851E+01  0.23391E+03  0.10014E+01
    5.0140   1.5537  24.4690   0.2155   1.3994  0.17780E+03  0.17771E+03  0.93791E-01  0.20774E+03  0.86506E-01  0.74605E+01  0.20019E+03  0.10015E+01
    5.0140   1.3732  26.0600   0.2049   1.4000  0.14637E+03  0.14629E+03  0.78185E-01  0.17621E+03  0.12244E+00  0.77213E+01  0.16837E+03  0.10016E+01
    5.0140   1.0256  30.4680   0.1898   1.4202  0.92493E+02  0.92446E+02  0.47135E-01  0.12034E+03  0.20396E+00  0.81518E+01  0.11198E+03  0.10021E+01
    5.0140   2.3727  20.7090   0.3102   1.5373  0.28885E+03  0.28888E+03 -0.22219E-01  0.30343E+03  0.29610E-02  0.53300E+01  0.29810E+03  0.10016E+01
    5.0140   2.1137  21.9680   0.2828   1.5390  0.23603E+03  0.23600E+03  0.31886E-01  0.25419E+03  0.73787E-02  0.51835E+01  0.24900E+03  0.10016E+01
    5.0140   1.9138  23.1020   0.2645   1.5390  0.19995E+03  0.19990E+03  0.52795E-01  0.21992E+03  0.13743E-01  0.52215E+01  0.21469E+03  0.10016E+01
    5.0140   1.7287  24.3266   0.2497   1.5392  0.16952E+03  0.16946E+03  0.58120E-01  0.19059E+03  0.22759E-01  0.53369E+01  0.18523E+03  0.10016E+01
    5.0140   1.5533  25.6900   0.2371   1.5397  0.14319E+03  0.14313E+03  0.55780E-01  0.16488E+03  0.34776E-01  0.55088E+01  0.15934E+03  0.10017E+01
    5.0140   1.3734  27.3510   0.2254   1.5396  0.11877E+03  0.11872E+03  0.49629E-01  0.14083E+03  0.51784E-01  0.57641E+01  0.13501E+03  0.10019E+01
    5.0140   1.0253  32.0253   0.2090   1.5647  0.75400E+02  0.75369E+02  0.31710E-01  0.96402E+02  0.90735E-01  0.61720E+01  0.90139E+02  0.10024E+01
    5.0140   2.3348  21.8330   0.3340   1.6794  0.22007E+03  0.22011E+03 -0.36432E-01  0.22941E+03  0.11555E-02  0.38797E+01  0.22553E+03  0.10019E+01
    5.0140   2.1135  22.9940   0.3094   1.6840  0.18613E+03  0.18614E+03 -0.63284E-02  0.19808E+03  0.23625E-02  0.37706E+01  0.19431E+03  0.10019E+01
    5.0140   1.9137  24.1820   0.2895   1.6840  0.15913E+03  0.15911E+03  0.14273E-01  0.17285E+03  0.46260E-02  0.38153E+01  0.16903E+03  0.10019E+01
    5.0140   1.7285  25.4640   0.2731   1.6838  0.13600E+03  0.13598E+03  0.25501E-01  0.15092E+03  0.81794E-02  0.39335E+01  0.14698E+03  0.10020E+01
    5.0140   1.5533  26.8890   0.2593   1.6841  0.11571E+03  0.11568E+03  0.29304E-01  0.13142E+03  0.13264E-01  0.40976E+01  0.12731E+03  0.10020E+01
    5.0140   1.3737  28.6319   0.2466   1.6845  0.96547E+02  0.96518E+02  0.28872E-01  0.11281E+03  0.20756E-01  0.43238E+01  0.10847E+03  0.10022E+01
    5.0140   1.0200  33.6230   0.2283   1.7112  0.61490E+02  0.61470E+02  0.20284E-01  0.77465E+02  0.39729E-01  0.47392E+01  0.72686E+02  0.10028E+01
    5.0140   2.2824  23.3560   0.3659   1.8755  0.15336E+03  0.15339E+03 -0.29940E-01  0.15840E+03  0.49488E-03  0.25766E+01  0.15582E+03  0.10024E+01
    5.0140   2.1094  25.0320   0.3645   1.9869  0.11501E+03  0.11503E+03 -0.17927E-01  0.11981E+03  0.44225E-03  0.20574E+01  0.11776E+03  0.10026E+01
    5.0140   1.9137  26.3880   0.3437   1.9996  0.98747E+02  0.98757E+02 -0.97987E-02  0.10477E+03  0.60144E-03  0.20433E+01  0.10273E+03  0.10027E+01
    5.0140   1.7290  27.7430   0.3233   1.9931  0.86728E+02  0.86731E+02 -0.33547E-02  0.93920E+02  0.99362E-03  0.21510E+01  0.91768E+02  0.10027E+01
    5.0140   1.5538  29.3070   0.3071   1.9943  0.74842E+02  0.74841E+02  0.68379E-03  0.82829E+02  0.16417E-02  0.22675E+01  0.80560E+02  0.10028E+01
    5.0140   1.3736  31.2970   0.2934   2.0044  0.62531E+02  0.62527E+02  0.43555E-02  0.71031E+02  0.26128E-02  0.23982E+01  0.68631E+02  0.10030E+01
    5.0140   1.0318  36.4750   0.2712   2.0268  0.41827E+02  0.41820E+02  0.61221E-02  0.50926E+02  0.59580E-02  0.27645E+01  0.48156E+02  0.10036E+01
    5.0140   0.0000   0.0000   0.0000   0.0000          0.          0.          0.          0.  0.00000E+00          0.          0.  0.10000E+01
    5.0140   2.0525  27.7310   0.4254   2.3641  0.62672E+02  0.62672E+02  0.18100E-03  0.64169E+02  0.19138E-03  0.10445E+01  0.63124E+02  0.10036E+01
    5.0140   1.9000  29.6520   0.4270   2.4951  0.47677E+02  0.47677E+02 -0.14526E-03  0.49176E+02  0.16724E-03  0.85530E+00  0.48320E+02  0.10040E+01
    5.0140   1.7276  31.5870   0.4162   2.5667  0.39048E+02  0.39050E+02 -0.16383E-02  0.40824E+02  0.17241E-03  0.79835E+00  0.40025E+02  0.10042E+01
    5.0140   1.5535  33.3319   0.3946   2.5626  0.35030E+02  0.35033E+02 -0.22748E-02  0.37357E+02  0.20676E-03  0.86583E+00  0.36491E+02  0.10044E+01
    5.0140   1.3743  35.4810   0.3747   2.5591  0.30715E+02  0.30716E+02 -0.16973E-02  0.33556E+02  0.24893E-03  0.96140E+00  0.32595E+02  0.10045E+01
    5.0140   1.0319  41.5100   0.3478   2.5990  0.21178E+02  0.21178E+02 -0.48295E-03  0.24645E+02  0.36364E-03  0.11612E+01  0.23484E+02  0.10054E+01
    5.0140   0.0000   0.0000   0.0000   0.0000          0.          0.          0.          0.  0.00000E+00          0.          0.  0.10000E+01
    5.0140   0.0000   0.0000   0.0000   0.0000          0.          0.          0.          0.  0.00000E+00          0.          0.  0.10000E+01
    5.0140   0.0000   0.0000   0.0000   0.0000          0.          0.          0.          0.  0.00000E+00          0.          0.  0.10000E+01
    5.0140   1.6988  34.4940   0.4814   2.9951  0.21504E+02  0.21494E+02  0.10729E-01  0.22073E+02  0.58259E-04  0.42147E+00  0.21651E+02  0.10055E+01
    5.0140   1.5481  36.8890   0.4779   3.1080  0.17162E+02  0.17156E+02  0.63547E-02  0.17814E+02  0.55640E-04  0.38240E+00  0.17431E+02  0.10061E+01
    5.0140   1.3706  40.1151   0.4729   3.2333  0.13219E+02  0.13215E+02  0.33157E-02  0.13945E+02  0.54296E-04  0.35812E+00  0.13587E+02  0.10067E+01
    5.0140   1.1024  45.0140   0.4414   3.2398  0.10792E+02  0.10792E+02  0.11693E-03  0.11894E+02  0.85308E-04  0.44772E+00  0.11447E+02  0.10075E+01
