    5.0140   2.3935  17.2660   0.2199   1.0816  0.33119E+04  0.33091E+04  0.28160E+01  0.36120E+04  0.11130E+00  0.77802E+02  0.35341E+04  0.10024E+01
    5.0140   2.1071  18.2770   0.1954   1.0660  0.26294E+04  0.26270E+04  0.24616E+01  0.29587E+04  0.16630E+00  0.76502E+02  0.28820E+04  0.10023E+01
    5.0140   1.9095  19.1660   0.1822   1.0614  0.21919E+04  0.21899E+04  0.20147E+01  0.25240E+04  0.24463E+00  0.75611E+02  0.24481E+04  0.10024E+01
    5.0140   1.7266  20.1430   0.1717   1.0590  0.18274E+04  0.18258E+04  0.16094E+01  0.21553E+04  0.37633E+00  0.75614E+02  0.20793E+04  0.10026E+01
    5.0140   1.5516  21.2490   0.1628   1.0578  0.15156E+04  0.15144E+04  0.12664E+01  0.18346E+04  0.58061E+00  0.75546E+02  0.17584E+04  0.10028E+01
    5.0140   1.3719  22.6100   0.1547   1.0574  0.12316E+04  0.12306E+04  0.96956E+00  0.15386E+04  0.89682E+00  0.76312E+02  0.14614E+04  0.10032E+01
    5.0140   1.0163  26.5220   0.1430   1.0725  0.74864E+03  0.74813E+03  0.51894E+00  0.10130E+04  0.17203E+01  0.76464E+02  0.93484E+03  0.10045E+01
    5.0140   2.4496  17.7700   0.2435   1.1720  0.28934E+04  0.28917E+04  0.16758E+01  0.31070E+04  0.70781E-01  0.61007E+02  0.30460E+04  0.10030E+01
    5.0140   2.1123  19.1120   0.2144   1.1676  0.21659E+04  0.21642E+04  0.16528E+01  0.24076E+04  0.10317E+00  0.57873E+02  0.23497E+04  0.10029E+01
    5.0140   1.9124  20.0870   0.2004   1.1665  0.17979E+04  0.17965E+04  0.14108E+01  0.20441E+04  0.12738E+00  0.57015E+02  0.19869E+04  0.10030E+01
    5.0140   1.7276  21.1450   0.1891   1.1664  0.14967E+04  0.14955E+04  0.11594E+01  0.17416E+04  0.16456E+00  0.56816E+02  0.16846E+04  0.10032E+01
    5.0140   1.5528  22.3150   0.1795   1.1661  0.12450E+04  0.12441E+04  0.93583E+00  0.14860E+04  0.22559E+00  0.57282E+02  0.14284E+04  0.10035E+01
    5.0140   1.3726  23.7540   0.1706   1.1661  0.10149E+04  0.10142E+04  0.73165E+00  0.12493E+04  0.32940E+00  0.58256E+02  0.11907E+04  0.10039E+01
    5.0140   1.0193  27.8520   0.1580   1.1841  0.62245E+03  0.62205E+03  0.40310E+00  0.82947E+03  0.62383E+00  0.59109E+02  0.76973E+03  0.10053E+01
    5.0140   2.4373  18.6050   0.2642   1.2773  0.23279E+04  0.23272E+04  0.75952E+00  0.24759E+04  0.41336E-01  0.45700E+02  0.24302E+04  0.10036E+01
    5.0140   2.1128  19.9860   0.2344   1.2760  0.17695E+04  0.17685E+04  0.10102E+01  0.19445E+04  0.67866E-01  0.43607E+02  0.19008E+04  0.10036E+01
    5.0140   1.9126  21.0170   0.2192   1.2759  0.14742E+04  0.14733E+04  0.93243E+00  0.16561E+04  0.82695E-01  0.43178E+02  0.16128E+04  0.10037E+01
    5.0140   1.7284  22.1150   0.2068   1.2751  0.12355E+04  0.12347E+04  0.80825E+00  0.14198E+04  0.98189E-01  0.43417E+02  0.13763E+04  0.10039E+01
    5.0140   1.5531  23.3512   0.1964   1.2757  0.10304E+04  0.10297E+04  0.67328E+00  0.12139E+04  0.11832E+00  0.44001E+02  0.11698E+04  0.10041E+01
    5.0140   1.3733  24.8510   0.1866   1.2752  0.84471E+03  0.84417E+03  0.54202E+00  0.10256E+04  0.15224E+00  0.45142E+02  0.98035E+03  0.10046E+01
    5.0140   1.0177  29.1850   0.1728   1.2956  0.51963E+03  0.51932E+03  0.30684E+00  0.68279E+03  0.25518E+00  0.46479E+02  0.63606E+03  0.10062E+01
    5.0140   2.4067  19.6126   0.2862   1.4002  0.17998E+04  0.17996E+04  0.16494E+00  0.18977E+04  0.20010E-01  0.33166E+02  0.18646E+04  0.10045E+01
    5.0140   2.1138  20.9350   0.2571   1.3993  0.14200E+04  0.14195E+04  0.50610E+00  0.15415E+04  0.38696E-01  0.32153E+02  0.15093E+04  0.10044E+01
    5.0140   1.9134  22.0200   0.2406   1.3997  0.11904E+04  0.11899E+04  0.54354E+00  0.13205E+04  0.51718E-01  0.32057E+02  0.12884E+04  0.10045E+01
    5.0140   1.7287  23.1770   0.2269   1.3991  0.10026E+04  0.10021E+04  0.51081E+00  0.11372E+04  0.63392E-01  0.32477E+02  0.11047E+04  0.10046E+01
    5.0140   1.5537  24.4690   0.2155   1.3994  0.84117E+03  0.84072E+03  0.44887E+00  0.97752E+03  0.74365E-01  0.33194E+02  0.94426E+03  0.10049E+01
    5.0140   1.3732  26.0600   0.2049   1.4000  0.69138E+03  0.69100E+03  0.37439E+00  0.82755E+03  0.87538E-01  0.34274E+02  0.79319E+03  0.10054E+01
    5.0140   1.0256  30.4680   0.1898   1.4202  0.43500E+03  0.43477E+03  0.22576E+00  0.56157E+03  0.12117E+00  0.35990E+02  0.52545E+03  0.10071E+01
    5.0140   2.3727  20.7090   0.3102   1.5373  0.13653E+04  0.13655E+04 -0.10558E+00  0.14275E+04  0.76805E-02  0.23891E+02  0.14036E+04  0.10055E+01
    5.0140   2.1137  21.9680   0.2828   1.5390  0.11157E+04  0.11156E+04  0.15194E+00  0.11961E+04  0.17256E-01  0.23193E+02  0.11729E+04  0.10054E+01
    5.0140   1.9138  23.1020   0.2645   1.5390  0.94439E+03  0.94414E+03  0.25184E+00  0.10340E+04  0.26900E-01  0.23336E+02  0.10106E+04  0.10054E+01
    5.0140   1.7287  24.3266   0.2497   1.5392  0.79984E+03  0.79956E+03  0.27747E+00  0.89499E+03  0.36575E-01  0.23815E+02  0.87114E+03  0.10056E+01
    5.0140   1.5533  25.6900   0.2371   1.5397  0.67468E+03  0.67441E+03  0.26646E+00  0.77302E+03  0.45803E-01  0.24536E+02  0.74844E+03  0.10059E+01
    5.0140   1.3734  27.3510   0.2254   1.5396  0.55881E+03  0.55857E+03  0.23720E+00  0.65896E+03  0.55404E-01  0.25613E+02  0.63329E+03  0.10063E+01
    5.0140   1.0253  32.0253   0.2090   1.5647  0.35321E+03  0.35306E+03  0.15157E+00  0.44851E+03  0.71459E-01  0.27275E+02  0.42116E+03  0.10082E+01
    5.0140   2.3348  21.8330   0.3340   1.6794  0.10336E+04  0.10337E+04 -0.17278E+00  0.10726E+04  0.25141E-02  0.17405E+02  0.10552E+04  0.10067E+01
    5.0140   2.1135  22.9940   0.3094   1.6840  0.87504E+03  0.87507E+03 -0.30052E-01  0.92714E+03  0.60915E-02  0.16894E+02  0.91024E+03  0.10065E+01
    5.0140   1.9137  24.1820   0.2895   1.6840  0.74787E+03  0.74781E+03  0.67946E-01  0.80883E+03  0.11426E-01  0.17067E+02  0.79175E+03  0.10065E+01
    5.0140   1.7285  25.4640   0.2731   1.6838  0.63877E+03  0.63865E+03  0.12150E+00  0.70562E+03  0.17891E-01  0.17569E+02  0.68803E+03  0.10066E+01
    5.0140   1.5533  26.8890   0.2593   1.6841  0.54293E+03  0.54279E+03  0.13972E+00  0.61371E+03  0.24945E-01  0.18268E+02  0.59542E+03  0.10069E+01
    5.0140   1.3737  28.6319   0.2466   1.6845  0.45240E+03  0.45226E+03  0.13772E+00  0.52590E+03  0.32774E-01  0.19233E+02  0.50664E+03  0.10074E+01
    5.0140   1.0200  33.6230   0.2283   1.7112  0.28691E+03  0.28681E+03  0.96749E-01  0.35918E+03  0.45878E-01  0.20960E+02  0.33818E+03  0.10094E+01
    5.0140   2.2824  23.3560   0.3659   1.8755  0.71350E+03  0.71364E+03 -0.14161E+00  0.73393E+03  0.54965E-03  0.11571E+02  0.72235E+03  0.10083E+01
    5.0140   2.1094  25.0320   0.3645   1.9869  0.53321E+03  0.53330E+03 -0.84742E-01  0.55334E+03  0.48463E-03  0.92372E+01  0.54411E+03  0.10091E+01
    5.0140   1.9137  26.3880   0.3437   1.9996  0.45836E+03  0.45840E+03 -0.46367E-01  0.48440E+03  0.10068E-02  0.91623E+01  0.47523E+03  0.10091E+01
    5.0140   1.7290  27.7430   0.3233   1.9931  0.40291E+03  0.40292E+03 -0.15889E-01  0.43452E+03  0.22611E-02  0.96290E+01  0.42489E+03  0.10091E+01
    5.0140   1.5538  29.3070   0.3071   1.9943  0.34763E+03  0.34763E+03  0.32456E-02  0.38306E+03  0.41269E-02  0.10130E+02  0.37292E+03  0.10095E+01
    5.0140   1.3736  31.2970   0.2934   2.0044  0.29021E+03  0.29019E+03  0.20681E-01  0.32811E+03  0.65435E-02  0.10690E+02  0.31741E+03  0.10100E+01
    5.0140   1.0318  36.4750   0.2712   2.0268  0.19351E+03  0.19349E+03  0.29066E-01  0.23429E+03  0.12859E-01  0.12251E+02  0.22202E+03  0.10122E+01
    5.0140   0.0000   0.0000   0.0000   0.0000          0.          0.          0.          0.  0.00000E+00          0.          0.  0.10000E+01
    5.0140   2.0525  27.7310   0.4254   2.3641  0.28526E+03  0.28525E+03  0.85130E-03  0.29112E+03  0.12293E-03  0.46835E+01  0.28643E+03  0.10124E+01
    5.0140   1.9000  29.6520   0.4270   2.4951  0.21617E+03  0.21617E+03 -0.68183E-03  0.22227E+03  0.10367E-03  0.38343E+01  0.21844E+03  0.10137E+01
    5.0140   1.7276  31.5870   0.4162   2.5667  0.17690E+03  0.17691E+03 -0.76895E-02  0.18438E+03  0.11142E-03  0.35869E+01  0.18079E+03  0.10145E+01
    5.0140   1.5535  33.3319   0.3946   2.5626  0.15903E+03  0.15904E+03 -0.10687E-01  0.16903E+03  0.14412E-03  0.38831E+01  0.16515E+03  0.10149E+01
    5.0140   1.3743  35.4810   0.3747   2.5591  0.13963E+03  0.13964E+03 -0.79785E-02  0.15199E+03  0.19679E-03  0.43022E+01  0.14769E+03  0.10155E+01
    5.0140   1.0319  41.5100   0.3478   2.5990  0.96150E+02  0.96152E+02 -0.22682E-02  0.11137E+03  0.41888E-03  0.51631E+01  0.10621E+03  0.10185E+01
    5.0140   0.0000   0.0000   0.0000   0.0000          0.          0.          0.          0.  0.00000E+00          0.          0.  0.10000E+01
    5.0140   0.0000   0.0000   0.0000   0.0000          0.          0.          0.          0.  0.00000E+00          0.          0.  0.10000E+01
    5.0140   0.0000   0.0000   0.0000   0.0000          0.          0.          0.          0.  0.00000E+00          0.          0.  0.10000E+01
    5.0140   1.6988  34.4940   0.4814   2.9951  0.95560E+02  0.95510E+02  0.50008E-01  0.97852E+02  0.81019E-05  0.18901E+01  0.95961E+02  0.10189E+01
    5.0140   1.5481  36.8890   0.4779   3.1080  0.76072E+02  0.76042E+02  0.29590E-01  0.78779E+02  0.85440E-05  0.17137E+01  0.77065E+02  0.10207E+01
    5.0140   1.3706  40.1151   0.4729   3.2333  0.58418E+02  0.58403E+02  0.15418E-01  0.61496E+02  0.95539E-05  0.16109E+01  0.59885E+02  0.10230E+01
    5.0140   1.1024  45.0140   0.4414   3.2398  0.47772E+02  0.47772E+02  0.54399E-03  0.52511E+02  0.35211E-04  0.20034E+01  0.50507E+02  0.10257E+01
