    5.0140   2.3935  17.2660   0.2199   1.0816  0.13607E+05  0.13597E+05  0.99639E+01  0.14725E+05  0.35393E+00  0.26624E+03  0.14458E+05  0.10055E+01
    5.0140   2.1071  18.2770   0.1954   1.0660  0.10718E+05  0.10709E+05  0.87240E+01  0.11964E+05  0.90110E+00  0.26103E+03  0.11702E+05  0.10054E+01
    5.0140   1.9095  19.1660   0.1822   1.0614  0.88855E+04  0.88783E+04  0.71475E+01  0.10144E+05  0.15056E+01  0.25738E+03  0.98851E+04  0.10057E+01
    5.0140   1.7266  20.1430   0.1717   1.0590  0.73700E+04  0.73643E+04  0.57150E+01  0.86087E+04  0.22859E+01  0.25566E+03  0.83508E+04  0.10060E+01
    5.0140   1.5516  21.2490   0.1628   1.0578  0.60803E+04  0.60758E+04  0.45008E+01  0.72824E+04  0.32786E+01  0.25588E+03  0.70232E+04  0.10065E+01
    5.0140   1.3719  22.6100   0.1547   1.0574  0.49109E+04  0.49074E+04  0.34485E+01  0.60621E+04  0.46039E+01  0.25773E+03  0.57998E+04  0.10072E+01
    5.0140   1.0163  26.5220   0.1430   1.0725  0.29385E+04  0.29366E+04  0.18471E+01  0.39184E+04  0.75747E+01  0.25656E+03  0.36542E+04  0.10101E+01
    5.0140   2.4496  17.7700   0.2435   1.1720  0.11854E+05  0.11848E+05  0.59233E+01  0.12635E+05  0.12558E+00  0.20901E+03  0.12426E+05  0.10068E+01
    5.0140   2.1123  19.1120   0.2144   1.1676  0.87803E+04  0.87744E+04  0.58523E+01  0.96901E+04  0.36292E+00  0.19766E+03  0.94921E+04  0.10067E+01
    5.0140   1.9124  20.0870   0.2004   1.1665  0.72450E+04  0.72400E+04  0.50002E+01  0.81736E+04  0.61368E+00  0.19429E+03  0.79787E+04  0.10070E+01
    5.0140   1.7276  21.1450   0.1891   1.1664  0.59977E+04  0.59936E+04  0.41125E+01  0.69203E+04  0.94680E+00  0.19314E+03  0.67262E+04  0.10074E+01
    5.0140   1.5528  22.3150   0.1795   1.1661  0.49625E+04  0.49592E+04  0.33218E+01  0.58671E+04  0.13838E+01  0.19424E+03  0.56715E+04  0.10080E+01
    5.0140   1.3726  23.7540   0.1706   1.1661  0.40209E+04  0.40183E+04  0.25986E+01  0.48964E+04  0.19877E+01  0.19698E+03  0.46974E+04  0.10089E+01
    5.0140   1.0193  27.8520   0.1580   1.1841  0.24281E+04  0.24267E+04  0.14322E+01  0.31915E+04  0.33459E+01  0.19858E+03  0.29896E+04  0.10121E+01
    5.0140   2.4373  18.6050   0.2642   1.2773  0.94799E+04  0.94772E+04  0.26818E+01  0.10013E+05  0.48704E-01  0.15665E+03  0.98562E+04  0.10084E+01
    5.0140   2.1128  19.9860   0.2344   1.2760  0.71322E+04  0.71286E+04  0.35732E+01  0.77858E+04  0.14196E+00  0.14906E+03  0.76366E+04  0.10082E+01
    5.0140   1.9126  21.0170   0.2192   1.2759  0.59049E+04  0.59016E+04  0.33011E+01  0.65874E+04  0.24809E+00  0.14728E+03  0.64398E+04  0.10084E+01
    5.0140   1.7284  22.1150   0.2068   1.2751  0.49206E+04  0.49177E+04  0.28635E+01  0.56122E+04  0.39717E+00  0.14774E+03  0.54640E+04  0.10089E+01
    5.0140   1.5531  23.3512   0.1964   1.2757  0.40812E+04  0.40788E+04  0.23867E+01  0.47672E+04  0.59358E+00  0.14935E+03  0.46173E+04  0.10095E+01
    5.0140   1.3733  24.8510   0.1866   1.2752  0.33257E+04  0.33238E+04  0.19224E+01  0.39989E+04  0.87681E+00  0.15279E+03  0.38453E+04  0.10104E+01
    5.0140   1.0177  29.1850   0.1728   1.2956  0.20145E+04  0.20134E+04  0.10882E+01  0.26130E+04  0.15293E+01  0.15627E+03  0.24552E+04  0.10140E+01
    5.0140   2.4067  19.6126   0.2862   1.4002  0.72723E+04  0.72717E+04  0.58165E+00  0.76190E+04  0.17531E-01  0.11376E+03  0.75052E+04  0.10104E+01
    5.0140   2.1138  20.9350   0.2571   1.3993  0.56863E+04  0.56845E+04  0.17875E+01  0.61357E+04  0.49573E-01  0.11000E+03  0.60256E+04  0.10100E+01
    5.0140   1.9134  22.0200   0.2406   1.3997  0.47366E+04  0.47346E+04  0.19215E+01  0.52214E+04  0.90682E-01  0.10943E+03  0.51118E+04  0.10102E+01
    5.0140   1.7287  23.1770   0.2269   1.3991  0.39663E+04  0.39645E+04  0.18070E+01  0.44686E+04  0.15084E+00  0.11061E+03  0.43578E+04  0.10106E+01
    5.0140   1.5537  24.4690   0.2155   1.3994  0.33092E+04  0.33076E+04  0.15887E+01  0.38166E+04  0.23317E+00  0.11277E+03  0.37036E+04  0.10113E+01
    5.0140   1.3732  26.0600   0.2049   1.4000  0.27035E+04  0.27021E+04  0.13256E+01  0.32077E+04  0.35260E+00  0.11611E+03  0.30912E+04  0.10122E+01
    5.0140   1.0256  30.4680   0.1898   1.4202  0.16760E+04  0.16752E+04  0.79910E+00  0.21382E+04  0.64046E+00  0.12112E+03  0.20164E+04  0.10160E+01
    5.0140   2.3727  20.7090   0.3102   1.5373  0.54659E+04  0.54663E+04 -0.37056E+00  0.56805E+04  0.57711E-02  0.82054E+02  0.55985E+04  0.10127E+01
    5.0140   2.1137  21.9680   0.2828   1.5390  0.44339E+04  0.44334E+04  0.53565E+00  0.47274E+04  0.15324E-01  0.79400E+02  0.46479E+04  0.10123E+01
    5.0140   1.9138  23.1020   0.2645   1.5390  0.37298E+04  0.37289E+04  0.88860E+00  0.40608E+04  0.29726E-01  0.79723E+02  0.39811E+04  0.10124E+01
    5.0140   1.7287  24.3266   0.2497   1.5392  0.31409E+04  0.31399E+04  0.97971E+00  0.34934E+04  0.51516E-01  0.81175E+02  0.34122E+04  0.10127E+01
    5.0140   1.5533  25.6900   0.2371   1.5397  0.26347E+04  0.26338E+04  0.94130E+00  0.29984E+04  0.82684E-01  0.83424E+02  0.29149E+04  0.10134E+01
    5.0140   1.3734  27.3510   0.2254   1.5396  0.21692E+04  0.21684E+04  0.83819E+00  0.25379E+04  0.12996E+00  0.86827E+02  0.24510E+04  0.10144E+01
    5.0140   1.0253  32.0253   0.2090   1.5647  0.13511E+04  0.13506E+04  0.53522E+00  0.16970E+04  0.24338E+00  0.91850E+02  0.16049E+04  0.10185E+01
    5.0140   2.3348  21.8330   0.3340   1.6794  0.40952E+04  0.40958E+04 -0.60521E+00  0.42264E+04  0.18973E-02  0.59800E+02  0.41666E+04  0.10155E+01
    5.0140   2.1135  22.9940   0.3094   1.6840  0.34486E+04  0.34487E+04 -0.10536E+00  0.36353E+04  0.45688E-02  0.57912E+02  0.35774E+04  0.10149E+01
    5.0140   1.9137  24.1820   0.2895   1.6840  0.29305E+04  0.29303E+04  0.23922E+00  0.31531E+04  0.94342E-02  0.58343E+02  0.30948E+04  0.10149E+01
    5.0140   1.7285  25.4640   0.2731   1.6838  0.24893E+04  0.24888E+04  0.42807E+00  0.27349E+04  0.17236E-01  0.59922E+02  0.26749E+04  0.10151E+01
    5.0140   1.5533  26.8890   0.2593   1.6841  0.21045E+04  0.21040E+04  0.49246E+00  0.23645E+04  0.28885E-01  0.62153E+02  0.23023E+04  0.10157E+01
    5.0140   1.3737  28.6319   0.2466   1.6845  0.17434E+04  0.17429E+04  0.48556E+00  0.20123E+04  0.46949E-01  0.65244E+02  0.19470E+04  0.10168E+01
    5.0140   1.0200  33.6230   0.2283   1.7112  0.10896E+04  0.10893E+04  0.34077E+00  0.13502E+04  0.94178E-01  0.70606E+02  0.12795E+04  0.10212E+01
    5.0140   2.2824  23.3560   0.3659   1.8755  0.27857E+04  0.27862E+04 -0.49459E+00  0.28511E+04  0.42474E-03  0.39757E+02  0.28114E+04  0.10192E+01
    5.0140   2.1094  25.0320   0.3645   1.9869  0.20604E+04  0.20607E+04 -0.29562E+00  0.21287E+04  0.37007E-03  0.31693E+02  0.20970E+04  0.10210E+01
    5.0140   1.9137  26.3880   0.3437   1.9996  0.17631E+04  0.17633E+04 -0.16181E+00  0.18552E+04  0.78316E-03  0.31368E+02  0.18239E+04  0.10210E+01
    5.0140   1.7290  27.7430   0.3233   1.9931  0.15436E+04  0.15437E+04 -0.55473E-01  0.16573E+04  0.16860E-02  0.32887E+02  0.16244E+04  0.10210E+01
    5.0140   1.5538  29.3070   0.3071   1.9943  0.13256E+04  0.13256E+04  0.11378E-01  0.14535E+04  0.30909E-02  0.34508E+02  0.14190E+04  0.10216E+01
    5.0140   1.3736  31.2970   0.2934   2.0044  0.11004E+04  0.11003E+04  0.72499E-01  0.12370E+04  0.51416E-02  0.36294E+02  0.12007E+04  0.10229E+01
    5.0140   1.0318  36.4750   0.2712   2.0268  0.72449E+03  0.72439E+03  0.10176E+00  0.86966E+03  0.11981E-01  0.41375E+02  0.82827E+03  0.10276E+01
    5.0140   0.0000   0.0000   0.0000   0.0000          0.          0.          0.          0.  0.00000E+00          0.          0.  0.10000E+01
    5.0140   2.0525  27.7310   0.4254   2.3641  0.10727E+04  0.10727E+04  0.29573E-02  0.10908E+04  0.20671E-04  0.16058E+02  0.10747E+04  0.10287E+01
    5.0140   1.9000  29.6520   0.4270   2.4951  0.80475E+03  0.80476E+03 -0.23581E-02  0.82473E+03  0.15933E-04  0.13117E+02  0.81161E+03  0.10315E+01
    5.0140   1.7276  31.5870   0.4162   2.5667  0.65425E+03  0.65427E+03 -0.26562E-01  0.67971E+03  0.21855E-04  0.12229E+02  0.66748E+03  0.10336E+01
    5.0140   1.5535  33.3319   0.3946   2.5626  0.58682E+03  0.58686E+03 -0.36922E-01  0.62155E+03  0.50900E-04  0.13227E+02  0.60832E+03  0.10342E+01
    5.0140   1.3743  35.4810   0.3747   2.5591  0.51362E+03  0.51365E+03 -0.27555E-01  0.55680E+03  0.11147E-03  0.14610E+02  0.54219E+03  0.10356E+01
    5.0140   1.0319  41.5100   0.3478   2.5990  0.34976E+03  0.34977E+03 -0.78077E-02  0.40251E+03  0.31083E-03  0.17393E+02  0.38512E+03  0.10424E+01
    5.0140   0.0000   0.0000   0.0000   0.0000          0.          0.          0.          0.  0.00000E+00          0.          0.  0.10000E+01
    5.0140   0.0000   0.0000   0.0000   0.0000          0.          0.          0.          0.  0.00000E+00          0.          0.  0.10000E+01
    5.0140   0.0000   0.0000   0.0000   0.0000          0.          0.          0.          0.  0.00000E+00          0.          0.  0.10000E+01
    5.0140   1.6988  34.4940   0.4814   2.9951  0.34383E+03  0.34366E+03  0.17168E+00  0.35122E+03  0.89664E-06  0.64428E+01  0.34478E+03  0.10437E+01
    5.0140   1.5481  36.8890   0.4779   3.1080  0.27161E+03  0.27151E+03  0.10138E+00  0.28058E+03  0.89146E-06  0.58216E+01  0.27476E+03  0.10474E+01
    5.0140   1.3706  40.1151   0.4729   3.2333  0.20667E+03  0.20662E+03  0.52662E-01  0.21700E+03  0.93200E-06  0.54499E+01  0.21155E+03  0.10528E+01
    5.0140   1.1024  45.0140   0.4414   3.2398  0.16814E+03  0.16814E+03  0.18542E-02  0.18414E+03  0.34414E-05  0.67462E+01  0.17739E+03  0.10590E+01
