    5.0140   2.3935  17.2660   0.2199   1.0816  0.10957E+03  0.10957E+03  0.72387E-02  0.12045E+03  0.41785E-01  0.35953E+01  0.11681E+03  0.10000E+01
    5.0140   2.1071  18.2770   0.1954   1.0660  0.88069E+02  0.88066E+02  0.34026E-02  0.99682E+02  0.62286E-01  0.36367E+01  0.95983E+02  0.10000E+01
    5.0140   1.9095  19.1660   0.1822   1.0614  0.73908E+02  0.73906E+02  0.20792E-02  0.85596E+02  0.78803E-01  0.36787E+01  0.81839E+02  0.10000E+01
    5.0140   1.7266  20.1430   0.1717   1.0590  0.61940E+02  0.61938E+02  0.13193E-02  0.73528E+02  0.96524E-01  0.37562E+01  0.69675E+02  0.10000E+01
    5.0140   1.5516  21.2490   0.1628   1.0578  0.51623E+02  0.51622E+02  0.86122E-03  0.63011E+02  0.11753E+00  0.38639E+01  0.59030E+02  0.10000E+01
    5.0140   1.3719  22.6100   0.1547   1.0574  0.42169E+02  0.42169E+02  0.57373E-03  0.53269E+02  0.14366E+00  0.39989E+01  0.49127E+02  0.10000E+01
    5.0140   1.0163  26.5220   0.1430   1.0725  0.25955E+02  0.25954E+02  0.24509E-03  0.36023E+02  0.21097E+00  0.42648E+01  0.31547E+02  0.10000E+01
    5.0140   2.4496  17.7700   0.2435   1.1720  0.96030E+02  0.96022E+02  0.80668E-02  0.10399E+03  0.25076E-01  0.28025E+01  0.10116E+03  0.10000E+01
    5.0140   2.1123  19.1120   0.2144   1.1676  0.72728E+02  0.72725E+02  0.32988E-02  0.81331E+02  0.38274E-01  0.27280E+01  0.78565E+02  0.10000E+01
    5.0140   1.9124  20.0870   0.2004   1.1665  0.60844E+02  0.60842E+02  0.19987E-02  0.69539E+02  0.48142E-01  0.27411E+01  0.66749E+02  0.10000E+01
    5.0140   1.7276  21.1450   0.1891   1.1664  0.50931E+02  0.50930E+02  0.12774E-02  0.59597E+02  0.59150E-01  0.27900E+01  0.56748E+02  0.10000E+01
    5.0140   1.5528  22.3150   0.1795   1.1661  0.42573E+02  0.42572E+02  0.82880E-03  0.51157E+02  0.71841E-01  0.28842E+01  0.48201E+02  0.10000E+01
    5.0140   1.3726  23.7540   0.1706   1.1661  0.34881E+02  0.34881E+02  0.54141E-03  0.43323E+02  0.88854E-01  0.30039E+01  0.40230E+02  0.10000E+01
    5.0140   1.0193  27.8520   0.1580   1.1841  0.21645E+02  0.21645E+02  0.23268E-03  0.29422E+02  0.13108E+00  0.32320E+01  0.26059E+02  0.10000E+01
    5.0140   2.4373  18.6050   0.2642   1.2773  0.77920E+02  0.77912E+02  0.74978E-02  0.83532E+02  0.15577E-01  0.20984E+01  0.81418E+02  0.10000E+01
    5.0140   2.1128  19.9860   0.2344   1.2760  0.59589E+02  0.59586E+02  0.31447E-02  0.65898E+02  0.23438E-01  0.20415E+01  0.63833E+02  0.10000E+01
    5.0140   1.9126  21.0170   0.2192   1.2759  0.50065E+02  0.50063E+02  0.18934E-02  0.56534E+02  0.29733E-01  0.20575E+01  0.54447E+02  0.10000E+01
    5.0140   1.7284  22.1150   0.2068   1.2751  0.42207E+02  0.42205E+02  0.12155E-02  0.48754E+02  0.36910E-01  0.21102E+01  0.46607E+02  0.10000E+01
    5.0140   1.5531  23.3512   0.1964   1.2757  0.35374E+02  0.35373E+02  0.79164E-03  0.41914E+02  0.45161E-01  0.21853E+01  0.39684E+02  0.10000E+01
    5.0140   1.3733  24.8510   0.1866   1.2752  0.29143E+02  0.29143E+02  0.51832E-03  0.35647E+02  0.56059E-01  0.22966E+01  0.33294E+02  0.10000E+01
    5.0140   1.0177  29.1850   0.1728   1.2956  0.18135E+02  0.18134E+02  0.21881E-03  0.24208E+02  0.83628E-01  0.24980E+01  0.21626E+02  0.10000E+01
    5.0140   2.4067  19.6126   0.2862   1.4002  0.60878E+02  0.60872E+02  0.65496E-02  0.64648E+02  0.94364E-02  0.15238E+01  0.63115E+02  0.10000E+01
    5.0140   2.1138  20.9350   0.2571   1.3993  0.47997E+02  0.47994E+02  0.29929E-02  0.52471E+02  0.13824E-01  0.14943E+01  0.50963E+02  0.10000E+01
    5.0140   1.9134  22.0200   0.2406   1.3997  0.40579E+02  0.40577E+02  0.18064E-02  0.45261E+02  0.17666E-01  0.15149E+01  0.43729E+02  0.10000E+01
    5.0140   1.7287  23.1770   0.2269   1.3991  0.34398E+02  0.34397E+02  0.11527E-02  0.39209E+02  0.22179E-01  0.15615E+01  0.37625E+02  0.10000E+01
    5.0140   1.5537  24.4690   0.2155   1.3994  0.29005E+02  0.29004E+02  0.75774E-03  0.33879E+02  0.27376E-01  0.16264E+01  0.32225E+02  0.10000E+01
    5.0140   1.3732  26.0600   0.2049   1.4000  0.23958E+02  0.23957E+02  0.48891E-03  0.28850E+02  0.34174E-01  0.17192E+01  0.27096E+02  0.10000E+01
    5.0140   1.0256  30.4680   0.1898   1.4202  0.15239E+02  0.15239E+02  0.21053E-03  0.19917E+02  0.51481E-01  0.19009E+01  0.17965E+02  0.10000E+01
    5.0140   2.3727  20.7090   0.3102   1.5373  0.46459E+02  0.46453E+02  0.55905E-02  0.48953E+02  0.55670E-02  0.10891E+01  0.47858E+02  0.10000E+01
    5.0140   2.1137  21.9680   0.2828   1.5390  0.37947E+02  0.37944E+02  0.28442E-02  0.41004E+02  0.78503E-02  0.10726E+01  0.39923E+02  0.10000E+01
    5.0140   1.9138  23.1020   0.2645   1.5390  0.32340E+02  0.32338E+02  0.17052E-02  0.35626E+02  0.10155E-01  0.10920E+01  0.34524E+02  0.10000E+01
    5.0140   1.7287  24.3266   0.2497   1.5392  0.27574E+02  0.27573E+02  0.10884E-02  0.31014E+02  0.12817E-01  0.11331E+01  0.29869E+02  0.10000E+01
    5.0140   1.5533  25.6900   0.2371   1.5397  0.23381E+02  0.23380E+02  0.71235E-03  0.26920E+02  0.15992E-01  0.11887E+01  0.25715E+02  0.10000E+01
    5.0140   1.3734  27.3510   0.2254   1.5396  0.19458E+02  0.19457E+02  0.45996E-03  0.23066E+02  0.20195E-01  0.12663E+01  0.21779E+02  0.10000E+01
    5.0140   1.0253  32.0253   0.2090   1.5647  0.12431E+02  0.12431E+02  0.20006E-03  0.15941E+02  0.30573E-01  0.14206E+01  0.14490E+02  0.10000E+01
    5.0140   2.3348  21.8330   0.3340   1.6794  0.35372E+02  0.35367E+02  0.47694E-02  0.37046E+02  0.33272E-02  0.78612E+00  0.36257E+02  0.10000E+01
    5.0140   2.1135  22.9940   0.3094   1.6840  0.30104E+02  0.30101E+02  0.26802E-02  0.32146E+02  0.44902E-02  0.77535E+00  0.31366E+02  0.10000E+01
    5.0140   1.9137  24.1820   0.2895   1.6840  0.25763E+02  0.25761E+02  0.16140E-02  0.28056E+02  0.58774E-02  0.79266E+00  0.27258E+02  0.10000E+01
    5.0140   1.7285  25.4640   0.2731   1.6838  0.22142E+02  0.22141E+02  0.10199E-02  0.24597E+02  0.74992E-02  0.82799E+00  0.23762E+02  0.10000E+01
    5.0140   1.5533  26.8890   0.2593   1.6841  0.18917E+02  0.18916E+02  0.67381E-03  0.21489E+02  0.94279E-02  0.87424E+00  0.20605E+02  0.10000E+01
    5.0140   1.3737  28.6319   0.2466   1.6845  0.15836E+02  0.15835E+02  0.43436E-03  0.18501E+02  0.11998E-01  0.94042E+00  0.17548E+02  0.10000E+01
    5.0140   1.0200  33.6230   0.2283   1.7112  0.10148E+02  0.10148E+02  0.18535E-03  0.12804E+02  0.18561E-01  0.10752E+01  0.11711E+02  0.10000E+01
    5.0140   2.2824  23.3560   0.3659   1.8755  0.24769E+02  0.24765E+02  0.38714E-02  0.25734E+02  0.17063E-02  0.51683E+00  0.25215E+02  0.10000E+01
    5.0140   2.1094  25.0320   0.3645   1.9869  0.18711E+02  0.18709E+02  0.23442E-02  0.19582E+02  0.14951E-02  0.41415E+00  0.19166E+02  0.10000E+01
    5.0140   1.9137  26.3880   0.3437   1.9996  0.16182E+02  0.16180E+02  0.14393E-02  0.17219E+02  0.19261E-02  0.41667E+00  0.16801E+02  0.10000E+01
    5.0140   1.7290  27.7430   0.3233   1.9931  0.14182E+02  0.14181E+02  0.91487E-03  0.15401E+02  0.25719E-02  0.44477E+00  0.14954E+02  0.10000E+01
    5.0140   1.5538  29.3070   0.3071   1.9943  0.12283E+02  0.12283E+02  0.59759E-03  0.13613E+02  0.32761E-02  0.47488E+00  0.13135E+02  0.10000E+01
    5.0140   1.3736  31.2970   0.2934   2.0044  0.10298E+02  0.10298E+02  0.38458E-03  0.11701E+02  0.41091E-02  0.50990E+00  0.11187E+02  0.10000E+01
    5.0140   1.0318  36.4750   0.2712   2.0268  0.69224E+01  0.69222E+01  0.16860E-03  0.84268E+01  0.66162E-02  0.60993E+00  0.78103E+01  0.10000E+01
    5.0140   0.0000   0.0000   0.0000   0.0000          0.          0.          0.          0.  0.00000E+00          0.          0.  0.10000E+01
    5.0140   2.0525  27.7310   0.4254   2.3641  0.10357E+02  0.10355E+02  0.17792E-02  0.10664E+02  0.46349E-03  0.20581E+00  0.10458E+02  0.10000E+01
    5.0140   1.9000  29.6520   0.4270   2.4951  0.79020E+01  0.79009E+01  0.11672E-02  0.81939E+01  0.39684E-03  0.16907E+00  0.80244E+01  0.10000E+01
    5.0140   1.7276  31.5870   0.4162   2.5667  0.64972E+01  0.64965E+01  0.74242E-03  0.68197E+01  0.42579E-03  0.15887E+00  0.66604E+01  0.10000E+01
    5.0140   1.5535  33.3319   0.3946   2.5626  0.58811E+01  0.58806E+01  0.48781E-03  0.62802E+01  0.57571E-03  0.17499E+00  0.61046E+01  0.10000E+01
    5.0140   1.3743  35.4810   0.3747   2.5591  0.51293E+01  0.51290E+01  0.31790E-03  0.56156E+01  0.78269E-03  0.19755E+00  0.54173E+01  0.10000E+01
    5.0140   1.0319  41.5100   0.3478   2.5990  0.35473E+01  0.35472E+01  0.13568E-03  0.41251E+01  0.12674E-02  0.24616E+00  0.38777E+01  0.10000E+01
    5.0140   0.0000   0.0000   0.0000   0.0000          0.          0.          0.          0.  0.00000E+00          0.          0.  0.10000E+01
    5.0140   0.0000   0.0000   0.0000   0.0000          0.          0.          0.          0.  0.00000E+00          0.          0.  0.10000E+01
    5.0140   0.0000   0.0000   0.0000   0.0000          0.          0.          0.          0.  0.00000E+00          0.          0.  0.10000E+01
    5.0140   1.6988  34.4940   0.4814   2.9951  0.36519E+01  0.36513E+01  0.61804E-03  0.37604E+01  0.13407E-03  0.80326E-01  0.36799E+01  0.10000E+01
    5.0140   1.5481  36.8890   0.4779   3.1080  0.29209E+01  0.29205E+01  0.41184E-03  0.30417E+01  0.12970E-03  0.73726E-01  0.29679E+01  0.10000E+01
    5.0140   1.3706  40.1151   0.4729   3.2333  0.22531E+01  0.22528E+01  0.25848E-03  0.23841E+01  0.12994E-03  0.69851E-01  0.23142E+01  0.10000E+01
    5.0140   1.1024  45.0140   0.4414   3.2398  0.18569E+01  0.18568E+01  0.13357E-03  0.20438E+01  0.21820E-03  0.90292E-01  0.19532E+01  0.10000E+01
